

     ************************************************************************
     *************** Dalton - An Electronic Structure Program ***************
     ************************************************************************

    This is output from DALTON release Dalton2022.0-dev (2022)
         ( Web site: http://daltonprogram.org )

   ----------------------------------------------------------------------------

    NOTE:
     
    Dalton is an experimental code for the evaluation of molecular
    properties using (MC)SCF, DFT, CI, and CC wave functions.
    The authors accept no responsibility for the performance of
    the code or for the correctness of the results.
     
    The code (in whole or part) is provided under a licence and
    is not to be reproduced for further distribution without
    the written permission of the authors or their representatives.
     
    See the home page "http://daltonprogram.org" for further information.
     
    If results obtained with this code are published,
    the appropriate citations would be both of:
     
       K. Aidas, C. Angeli, K. L. Bak, V. Bakken,
       R. Bast, L. Boman, O. Christiansen, R. Cimiraglia,
       S. Coriani, P. Dahle, E. K. Dalskov, U. Ekstroem,
       T. Enevoldsen, J. J. Eriksen, P. Ettenhuber, B. Fernandez,
       L. Ferrighi, H. Fliegl, L. Frediani, K. Hald, A. Halkier,
       C. Haettig, H. Heiberg, T. Helgaker, A. C. Hennum,
       H. Hettema, E. Hjertenaes, S. Hoest, I.-M. Hoeyvik,
       M. F. Iozzi, B. Jansik, H. J. Aa. Jensen, D. Jonsson,
       P. Joergensen, J. Kauczor, S. Kirpekar,
       T. Kjaergaard, W. Klopper, S. Knecht, R. Kobayashi, H. Koch,
       J. Kongsted, A. Krapp, K. Kristensen, A. Ligabue,
       O. B. Lutnaes, J. I. Melo, K. V. Mikkelsen, R. H. Myhre,
       C. Neiss, C. B. Nielsen, P. Norman, J. Olsen,
       J. M. H. Olsen, A. Osted, M. J. Packer, F. Pawlowski,
       T. B. Pedersen, P. F. Provasi, S. Reine, Z. Rinkevicius,
       T. A. Ruden, K. Ruud, V. Rybkin, P. Salek, C. C. M. Samson,
       A. Sanchez de Meras, T. Saue, S. P. A. Sauer,
       B. Schimmelpfennig, K. Sneskov, A. H. Steindal,
       K. O. Sylvester-Hvid, P. R. Taylor, A. M. Teale,
       E. I. Tellgren, D. P. Tew, A. J. Thorvaldsen, L. Thoegersen,
       O. Vahtras, M. A. Watson, D. J. D. Wilson, M. Ziolkowski
       and H. Agren,
       "The Dalton quantum chemistry program system",
       WIREs Comput. Mol. Sci. 2014, 4:269-284 (doi: 10.1002/wcms.1172)
     
    and
     
       Dalton, a molecular electronic structure program,
       Release Dalton2022.0-dev (2022), see http://daltonprogram.org
   ----------------------------------------------------------------------------

    Authors in alphabetical order (Major contribution(s) in parenthesis):

  Kestutis Aidas,              Vilnius University,        Lithuania   (QM/MM)
  Celestino Angeli,            University of Ferrara,     Italy       (NEVPT2)
  Juan J. Aucar,               Northeast National UniversiArgentina   (LRESC, Relativistic Effects on EFG)
  Keld L. Bak,                 UNI-C,                     Denmark     (AOSOPPA, non-adiabatic coupling, magnetic properties)
  Vebjoern Bakken,             University of Oslo,        Norway      (DALTON; geometry optimizer, symmetry detection)
  Radovan Bast,                UiT The Arctic U. of NorwayNorway      (DALTON installation and execution frameworks)
  Pablo Baudin,                University of Valencia,    Spain       (Cholesky excitation energies)
  Linus Boman,                 NTNU,                      Norway      (Cholesky decomposition and subsystems)
  Bruno N. Cabral Tenorio,     Technical Univ. of Denmark,Denmark     (Lanczos-based CC methods)
  Ove Christiansen,            Aarhus University,         Denmark     (CC module)
  Renzo Cimiraglia,            University of Ferrara,     Italy       (NEVPT2)
  Sonia Coriani,               Technical Univ. of Denmark,Denmark     (CC and RESPONS modules)
  Janusz Cukras,               University of Warsaw,      Poland      (MChD in RESPONS)
  Paal Dahle,                  University of Oslo,        Norway      (Parallelization)
  Erik K. Dalskov,             UNI-C,                     Denmark     (SOPPA)
  Thomas Enevoldsen,           Univ. of Southern Denmark, Denmark     (SOPPA)
  Janus J. Eriksen,            Aarhus University,         Denmark     (Polarizable embedding, TDA)
  Rasmus Faber,                Technical Univ. of Denmark,Denmark     (Vib.avg. NMR w. SOPPA, parallel AO-SOPPA, CVS-CC and EOMCC)
  Tobias Fahleson,             KTH Stockholm,             Sweden      (Damped cubic response)
  Berta Fernandez,             U. of Santiago de CompostelSpain       (Doublet spin, ESR in RESPONS)
  Lara Ferrighi,               Aarhus University,         Denmark     (PCM Cubic response)
  Heike Fliegl,                University of Oslo,        Norway      (CCSD(R12))
  Luca Frediani,               UiT The Arctic U. of NorwayNorway      (PCM)
  Emmanuel Fromager,           Univ. Strasbourg,          France      (MC-srDFT)
  Bin Gao,                     UiT The Arctic U. of NorwayNorway      (Gen1Int library)
  Andre S. P. Gomes,           CNRS/Universite de Lille,  France      (Frozen density embedding)
  Christof Haettig,            Ruhr-University Bochum,    Germany     (CC module)
  Kasper Hald,                 Aarhus University,         Denmark     (CC module)
  Asger Halkier,               Aarhus University,         Denmark     (CC module)
  Frederik Beyer Hansen,       University of Copenhagen,  Denmark     (Parallel AO-SOPPA)
  Erik D. Hedegaard,           Univ. of Southern Denmark, Denmark     (Polarizable embedding, QM/MM, and MC-srDFT)
  Hanne Heiberg,               University of Oslo,        Norway      (Geometry analysis, selected one-electron integrals)
  Trygve Helgaker,             University of Oslo,        Norway      (DALTON; ABACUS, ERI, DFT modules, London, and much more)
  Alf Christian Hennum,        University of Oslo,        Norway      (Parity violation)
  Hinne Hettema,               University of Auckland,    New Zealand (Quadratic response in RESPONS; SIRIUS supersymmetry)
  Andreas E. Hillers-Bendtsen, University of Copenhagen,  Denmark     (MP3)
  Eirik Hjertenaes,            NTNU,                      Norway      (Cholesky decomposition)
  Nicolai Machholdt Hoeyer,    Aarhus University,         Denmark     (MP3)
  Pi A. B. Haase,              University of Copenhagen,  Denmark     (Triplet AO-SOPPA)
  Maria Francesca Iozzi,       University of Oslo,        Norway      (RPA)
  Christoph Jacob,             TU Braunschweig            Germany     (Frozen density embedding)
  Brano Jansik,                Technical Univ. of Ostrava Czech Rep.  (DFT cubic response)
  Hans Joergen Aa. Jensen,     Univ. of Southern Denmark, Denmark     (DALTON; SIRIUS, RESPONS, ABACUS, MC-srDFT, and much more)
  Dan Jonsson,                 UiT The Arctic U. of NorwayNorway      (Cubic response in RESPONS module)
  Poul Joergensen,             Aarhus University,         Denmark     (RESPONS, ABACUS, and CC modules)
  Maciej Kaminski,             University of Warsaw,      Poland      (CPPh in RESPONS)
  Joanna Kauczor,              Linkoeping University,     Sweden      (Complex polarization propagator (CPP) module)
  Sheela Kirpekar,             Univ. of Southern Denmark, Denmark     (Mass-velocity & Darwin integrals)
  Frederik Oersted Kjeldal,    Technical Univ. of Denmark,Denmark     (MP3)
  Erik Kjellgren,              Univ. of Southern Denmark, Denmark     (MC-srDFT)
  Wim Klopper,                 KIT Karlsruhe,             Germany     (R12 code in CC, SIRIUS, and ABACUS modules)
  Stefan Knecht,               ETH Zurich,                Switzerland (Parallel CI and MCSCF, MC-srDFT)
  Rika Kobayashi,              Australian National Univ., Australia   (DIIS in CC, London in MCSCF)
  Henrik Koch,                 NTNU,                      Norway      (CC module, Cholesky decomposition)
  Jacob Kongsted,              Univ. of Southern Denmark, Denmark     (Polarizable embedding, polarizable density embedding, QM/MM)
  Andrea Ligabue,              University of Modena,      Italy       (CTOCD, AOSOPPA)
  Nanna H. List,               Univ. of Southern Denmark, Denmark     (Polarizable embedding)
  Ola B. Lutnaes,              University of Oslo,        Norway      (DFT Hessian)
  Juan I. Melo,                University of Buenos Aires,Argentina   (LRESC, Relativistic Effects on NMR Shieldings)
  Kurt V. Mikkelsen,           University of Copenhagen,  Denmark     (MC-SCRF, QM/MM, and MP3)
  Rolf H. Myhre,               NTNU,                      Norway      (Subsystems and CC3)
  Christian Neiss,             Univ. Erlangen-Nuernberg,  Germany     (CCSD(R12))
  Christian B. Nielsen,        University of Copenhagen,  Denmark     (QM/MM)
  Patrick Norman,              KTH Stockholm,             Sweden      (Cubic response and complex frequency response in RESPONS)
  Jeppe Olsen,                 Aarhus University,         Denmark     (SIRIUS CI/density modules)
  Jogvan Magnus H. Olsen,      Aarhus University,         Denmark     (Polarizable embedding and polarizable density embedding)
  Anders Osted,                Copenhagen University,     Denmark     (QM/MM)
  Martin J. Packer,            University of Sheffield,   UK          (SOPPA)
  Filip Pawlowski,             Kazimierz Wielki UniversityPoland      (CC3)
  Morten N. Pedersen,          Univ. of Southern Denmark, Denmark     (Polarizable embedding)
  Thomas B. Pedersen,          University of Oslo,        Norway      (Cholesky decomposition)
  Patricio F. Provasi,         University of Northeastern,Argentina   (Analysis of coupling constants in localized orbitals)
  Peter Reinholdt,             Univ. of Southern Denmark, Denmark     (Polarizable embedding and polarizable density embedding)
  Zilvinas Rinkevicius,        KTH Stockholm,             Sweden      (open-shell DFT, ESR)
  Elias Rudberg,               KTH Stockholm,             Sweden      (DFT grid and basis info)
  Torgeir A. Ruden,            University of Oslo,        Norway      (Numerical derivatives in ABACUS)
  Kenneth Ruud,                UiT The Arctic U. of NorwayNorway      (DALTON; ABACUS magnetic properties and much more)
  Pawel Salek,                 KTH Stockholm,             Sweden      (DALTON; DFT code)
  Claire C. M. Samson,         University of Karlsruhe    Germany     (Boys localization, r12 integrals in ERI)
  Alfredo Sanchez de Meras,    University of Valencia,    Spain       (CC module, Cholesky decomposition)
  Trond Saue,                  Paul Sabatier University,  France      (direct Fock matrix construction)
  Stephan P. A. Sauer,         University of Copenhagen,  Denmark     (SOPPA(CCSD), SOPPA prop., AOSOPPA, vibrational g-factors)
  Bernd Schimmelpfennig,       Forschungszentrum KarlsruheGermany     (AMFI module)
  Anna K. Schnack-Petersen,    University of Copenhagen,  Denmark     (RPA(D) and HRPA(D) properties in AOSOPPA)
  Kristian Sneskov,            Aarhus University,         Denmark     (Polarizable embedding, QM/MM)
  Arnfinn H. Steindal,         UiT The Arctic U. of NorwayNorway      (parallel QM/MM, polarizable embedding)
  Casper Steinmann,            Aalborg University,        Denmark     (QFIT, polarizable embedding)
  K. O. Sylvester-Hvid,        University of Copenhagen,  Denmark     (MC-SCRF)
  Peter R. Taylor,             VLSCI/Univ. of Melbourne,  Australia   (Symmetry handling ABACUS, integral transformation)
  Andrew M. Teale,             University of Nottingham,  England     (DFT-AC, DFT-D)
  David P. Tew,                University of Bristol,     England     (CCSD(R12))
  Julien Toulouse,             Sorbonne Univ.,            France      (MC-srDFT)
  Olav Vahtras,                KTH Stockholm,             Sweden      (Triplet response, spin-orbit, ESR, TDDFT, open-shell DFT)
  Lucas Visscher,              Vrije Universiteit AmsterdaNetherlands (Frozen density embedding)
  David J. Wilson,             La Trobe University,       Australia   (DFT Hessian and DFT magnetizabilities)
  Luna Zamok,                  University of Copenhagen,  Denmark     (Block Lanczos RPA solver in SOPPA module)
  Hans Agren,                  KTH Stockholm,             Sweden      (SIRIUS module, RESPONS, MC-SCRF solvation)
 --------------------------------------------------------------------------------

     Date and time (Linux)  : Fri Apr  7 16:46:08 2023
     Host name              : hapka                                   

 * Work memory size             :    12800000 =   97.66 megabytes.

 * Directories for basis set searches:
   1) /home/hapka/Programs/gammcor-testjobs/workshop/h2_h2/cas_2_2/1.0/MONOMER_A
   2) /home/hapka/Programs/dalton/build_intel/basis


Compilation information
-----------------------

 Who compiled             | hapka
 Host                     | hapka
 System                   | Linux-5.15.0-69-generic
 CMake generator          | Unix Makefiles
 Processor                | x86_64
 64-bit integers          | OFF
 MPI                      | OFF
 Fortran compiler         | /usr/bin/gfortran
 Fortran compiler version | GNU Fortran (Ubuntu 9.4.0-1ubuntu1~20.04.1) 9.4.0
 C compiler               | /usr/bin/gcc
 C compiler version       | gcc (Ubuntu 9.4.0-1ubuntu1~20.04.1) 9.4.0
 C++ compiler             | /usr/bin/g++
 C++ compiler version     | g++ (Ubuntu 9.4.0-1ubuntu1~20.04.1) 9.4.0
 BLAS                     | /opt/intel/oneapi/mkl/2023.0.0/lib/intel64/libmkl_
                          | gf_lp64.so;/opt/intel/oneapi/mkl/2023.0.0/lib/inte
                          | l64/libmkl_sequential.so;/opt/intel/oneapi/mkl/202
                          | 3.0.0/lib/intel64/libmkl_core.so;/usr/lib/x86_64-l
                          | inux-gnu/libpthread.so;/usr/lib/x86_64-linux-gnu/l
                          | ibm.so
 LAPACK                   | /opt/intel/oneapi/mkl/2023.0.0/lib/intel64/libmkl_
                          | lapack95_lp64.a;/opt/intel/oneapi/mkl/2023.0.0/lib
                          | /intel64/libmkl_gf_lp64.so
 Static linking           | OFF
 Last Git revision        | 4d6ac05be54d7f9c5fe49e0ac32a42491a6c6955
 Git branch               | master
 Configuration time       | 2023-04-03 19:38:25.142231


   Content of the .dal input file
 ----------------------------------

**DALTON INPUT
.RUN WAVE FUNCTIONS
.GAMMCOR
**WAVE FUNCTIONS
.HF
.MP2
.MCSCF
.INTERFACE
*CONFIGURATION INPUT
.SYMMETRY
 1
.SPIN MUL
 1
.INACTIVE
 0
.ELECTRONS
 2
.CAS SPACE
 2
*OPTIMI
.THRESH
 1.0D-7
.TRACI
**END OF DALTON INPUT



   Content of the .mol file
 ----------------------------

BASIS
aug-cc-pVDZ
H2 dimer : monomer A
for SAPT(CAS)
Atomtypes=2 Nosymmetry Bohr
 Charge=1.0   Atoms=2
H   0.00000000   0.0000000000    .71993880931
H   0.00000000   0.0000000000   -0.72006119069
 Charge=1.0   Atoms=2   Ghost
H   0.00000000   0.72006119069 -6.93000000000
H   0.00000000  -0.72006119069 -6.93000000000



       *******************************************************************
       *********** Output from DALTON general input processing ***********
       *******************************************************************

 --------------------------------------------------------------------------------
   Overall default print level:    0
   Print level for DALTON.STAT:    1

    HERMIT 1- and 2-electron integral sections will be executed
    "Old" integral transformation used (limited to max 255 basis functions)
    Wave function sections will be executed (SIRIUS module)
    Information for GammCor will be calculated and written to files.
 --------------------------------------------------------------------------------


   ****************************************************************************
   *************** Output of molecule and basis set information ***************
   ****************************************************************************


    The two title cards from your ".mol" input:
    --------------------------------------------------------------------------------
 1: H2 dimer : monomer A
 2: for SAPT(CAS)
    --------------------------------------------------------------------------------

  Atomic type no.    1
  --------------------
  Nuclear charge:   1.00000
  Number of symmetry independent centers:    2
  Number of basis sets to read;    2
  Basis set file used for this atomic type with Z =   1 :
     "/home/hapka/Programs/dalton/build_intel/basis/aug-cc-pVDZ"

  Atomic type no.    2
  --------------------
  Nuclear charge:   1.00000
  Number of symmetry independent centers:    2
  Number of basis sets to read;    2
  Basis set file used for this atomic type with Z =   1 :
     "/home/hapka/Programs/dalton/build_intel/basis/aug-cc-pVDZ"


                         SYMGRP: Point group information
                         -------------------------------

@    Point group: C1 


                                 Isotopic Masses
                                 ---------------

                           H           1.007825
                           H           1.007825
                           H           0.000000
                           H           0.000000

                       Total mass:     2.015650 amu
                       Natural abundance:   0.000 %

 Center-of-mass coordinates (a.u.):    0.000000    0.000000   -0.000061
 Center-of-mass coordinates (Angs):    0.000000    0.000000   -0.000032


  Atoms and basis sets
  --------------------

  Number of atom types :    2
  Total number of atoms:    4

  Basis set used is "aug-cc-pVDZ" from the basis set library.

  label    atoms   charge   prim   cont     basis
  ----------------------------------------------------------------------
  H           2    1.0000    11     9      [5s2p|3s2p]                                        
  H           2    0.0000    11     9      [5s2p|3s2p]                                        
  ----------------------------------------------------------------------
  total:      4    2.0000    44    36
  ----------------------------------------------------------------------

  Threshold for neglecting AO integrals:  1.00D-12


  Cartesian Coordinates (a.u.)
  ----------------------------

  Total number of coordinates:   12
  H       :     1  x   0.0000000000    2  y   0.0000000000    3  z   0.7199388093
  H       :     4  x   0.0000000000    5  y   0.0000000000    6  z  -0.7200611907
  H       :     7  x   0.0000000000    8  y   0.7200611907    9  z  -6.9300000000
  H       :    10  x   0.0000000000   11  y  -0.7200611907   12  z  -6.9300000000


   Interatomic separations (in Angstrom):
   --------------------------------------

            H           H           H           H     
            ------      ------      ------      ------
 H     :    0.000000
 H     :    0.762015    0.000000
 H     :    4.066067    3.308176    0.000000
 H     :    4.066067    3.308176    0.762080    0.000000


  Max    interatomic separation is    4.0661 Angstrom (    7.6838 Bohr)
  between atoms    3 and    1, "H     " and "H     ".

  Min HX interatomic separation is    0.7620 Angstrom (    1.4400 Bohr)

  Min YX interatomic separation is    0.7621 Angstrom (    1.4401 Bohr)

@ WARNING: Number of short HX and YX bond lengths:    0    1
@ WARNING: If not intentional, maybe your coordinates were in Angstrom,
@ WARNING: but "Angstrom" was not specified in .mol file


  Bond distances (Angstrom):
  --------------------------

                  atom 1     atom 2       distance
                  ------     ------       --------
  bond distance:  H          H            0.762015


  Bond angles (degrees):
  ----------------------

                  atom 1     atom 2     atom 3         angle
                  ------     ------     ------         -----
     No angles found




 Principal moments of inertia (u*A**2) and principal axes
 --------------------------------------------------------

   IA       0.000000          0.000000    0.000000    1.000000
   IB       0.292605          0.000000    1.000000    0.000000
   IC       0.292605          1.000000    0.000000    0.000000


 Rotational constants
 --------------------

@    The molecule is linear.

               B =      1727168.92 MHz     (   57.612154 cm-1)


@  Nuclear repulsion energy :    0.694444444444 Hartree

  Number of floating/multiple basis set orbitals :    2


                     .---------------------------------------.
                     | Starting in Integral Section (HERMIT) |
                     `---------------------------------------'



 ***************************************************************************************
 ****************** Output from **INTEGRALS input processing (HERMIT) ******************
 ***************************************************************************************


 - Using defaults, no **INTEGRALS input found

 Default print level:        1

 Calculation of one- and two-electron Hamiltonian integrals.

 Center of mass  (bohr):      0.000000000000      0.000000000000     -0.000061190690
 Operator center (bohr):      0.000000000000      0.000000000000      0.000000000000
 Gauge origin    (bohr):      0.000000000000      0.000000000000      0.000000000000
 Dipole origin   (bohr):      0.000000000000      0.000000000000      0.000000000000

Calculation of 2-electron integrals are postponed until they are needed.


     ************************************************************************
     ************************** Output from HERINT **************************
     ************************************************************************



                      Nuclear contribution to dipole moments
                      --------------------------------------

                 au               Debye          C m (/(10**-30)

      x      0.00000000         0.00000000         0.00000000
      y      0.00000000         0.00000000         0.00000000
      z     -0.00012238        -0.00031106        -0.00103759


  Total CPU  time used in HERMIT:   0.02 seconds
  Total wall time used in HERMIT:   0.02 seconds


                        .----------------------------------.
                        | End of Integral Section (HERMIT) |
                        `----------------------------------'



                   .--------------------------------------------.
                   | Starting in Wave Function Section (SIRIUS) |
                   `--------------------------------------------'


 CI program in use: SIRIUS-CI

 *** Output from Huckel module :

     Using EWMO model:          T
     Using EHT  model:          F
     Number of Huckel orbitals each symmetry:    4

 EWMO - Energy Weighted Maximum Overlap - is a Huckel type method,
        which normally is better than Extended Huckel Theory.
 Reference: Linderberg and Ohrn, Propagators in Quantum Chemistry (Wiley, 1973)

 Huckel EWMO eigenvalues for symmetry :  1
           -0.855465      -0.144535       0.000000       0.000000

 **********************************************************************
 *SIRIUS* a direct, restricted step, second order MCSCF program       *
 **********************************************************************

 
     Date and time (Linux)  : Fri Apr  7 16:46:08 2023
     Host name              : hapka                                   

 Title lines from ".mol" input file:
     H2 dimer : monomer A
     for SAPT(CAS)

 Print level on unit LUPRI =   2 is   0
 Print level on unit LUW4  =   2 is   5

@    MCSCF optimization.
@              Type: complete active space calculation (CAS).

@    This is a combination run starting with
@              a restricted, closed shell Hartree-Fock calculation
@              an MP2 calculation


 Initial molecular orbitals are obtained according to
 ".MOSTART EWMO  " input option

     Wave function specification
     ============================
@    Wave function type        --- MC-SCF ---
@    Number of closed shell electrons           0
@    Number of electrons in active shells       2
@    Total charge of the molecule               0

@    Spin multiplicity and 2 M_S                1         0
@    Total number of symmetries                 1 (point group: C1 )
@    Reference state symmetry                   1 (irrep name : A  )

     Orbital specifications
     ======================
@    Abelian symmetry species          All |    1
@                                          |  A  
                                       --- |  ---
@    Inactive orbitals                   0 |    0
@    Active orbitals                     2 |    2
@    Secondary orbitals                 34 |   34
@    Total number of orbitals           36 |   36
@    Number of basis functions          36 |   36

      -- Initial occupation of symmetries is determined from total charge (only one symmetry!)
      -- Initial occupation of symmetries is :
@    Occupied SCF orbitals               1 |    1

     Optimization information
     ========================
@    Number of configurations                 3
@    Number of orbital rotations             68
     ------------------------------------------
@    Total number of variables               71

     Maximum number of macro iterations      25
     Maximum number of micro iterations     600
     Threshold for MCSCF gradient      1.00D-07
     Number of initial trial vectors          1
     Number of initial CI iterations         -1
     Number of simultaneous trial vectors     1

@    This calculation converges to the lowest state for the specified symmetry and spin species.

     Maximum number of NEO/NR iterations  24


 ***********************************************
 ***** DIIS acceleration of SCF iterations *****
 ***********************************************

 C1-DIIS algorithm; max error vectors =    8

 Iter      Total energy        Error norm    Delta(E)  DIIS dim.
 -----------------------------------------------------------------------------

Calculating AOSUPINT

---> (Re)generating AOTWOINT


     ************************************************************************
     ************************** Output from HERINT **************************
     ************************************************************************


 Threshold for neglecting two-electron integrals:  1.00D-12
 HERMIT - Number of two-electron integrals written:      113329 ( 51.0% )
 HERMIT - Megabytes written:                              1.298

  Total CPU  time used in TWOINT:   0.03 seconds
  Total wall time used in TWOINT:   0.03 seconds
     (Precalculated AO two-electron integrals are transformed to P-supermatrix elements.
      Threshold for discarding integrals :  1.00D-12 )

@  1    -1.11367059585        3.90772D-01   -1.11D+00    1
      Virial theorem: -V/T =      2.216189
@    MULPOP   H      -0.01; H       0.01; 
   1  Level shift: doubly occupied orbital energies shifted by -2.00D-01
 -----------------------------------------------------------------------------
@  2    -1.12753072924        9.45978D-02   -1.39D-02    2
      Virial theorem: -V/T =      2.096248
@    MULPOP   H      -0.03; H       0.02; 
   2  Level shift: doubly occupied orbital energies shifted by -5.00D-02
 -----------------------------------------------------------------------------
@  3    -1.12867951760        1.06473D-02   -1.15D-03    3
      Virial theorem: -V/T =      2.052934
@    MULPOP   H      -0.02; H       0.01; 
   3  Level shift: doubly occupied orbital energies shifted by -1.25D-02
 -----------------------------------------------------------------------------
@  4    -1.12870225725        5.91939D-04   -2.27D-05    4
      Virial theorem: -V/T =      2.047931
@    MULPOP   H      -0.01; H       0.01; 
 -----------------------------------------------------------------------------
@  5    -1.12870233415        4.01979D-05   -7.69D-08    5
      Virial theorem: -V/T =      2.047894
@    MULPOP   H      -0.01; H       0.01; 
 -----------------------------------------------------------------------------
@  6    -1.12870233446        1.04151D-06   -3.19D-10    6
      Virial theorem: -V/T =      2.047887
@    MULPOP   H      -0.01; H       0.01; 
 -----------------------------------------------------------------------------
@  7    -1.12870233446        2.88723D-07   -1.49D-13    7

@ *** DIIS converged in   7 iterations !
@     Converged SCF energy, gradient:     -1.128702334464    2.89D-07
    - total time used in SIRFCK :              0.00 seconds

 --- Writing SIRIFC interface file

--------------------------------------------------------------------------------


     .--------------------------------------------------.
     | HF-SCF KT IPs [a.u. & eV] from Koopmans' theorem |
     `--------------------------------------------------'


     HF-SCF KT symmetry 1 ( A  ) in point group C1  -- 1 principal poles with pole strength 1

   ============
       0.586226
      15.952014
   ============

@ Summary of HF-SCF KT ionization potentials [eV]:

@ Symmetry 1 (A  ) :    15.952

  === End of HF-SCF KT output ===
--------------------------------------------------------------------------------


 CPU and wall time for SCF :       0.042       0.042


 ----- Output from SIRIUS MP2 module -----

 Reference: H.J.Aa.Jensen, P.Jørgensen, H.Ågren, and J.Olsen,
            J. Chem. Phys. 88, 3834 (1988); 89, 5354 (1988)

 Checking that the closed shell orbitals are canonical Hartree-Fock orbitals

    Number of electrons  :    2
    Closed shell orbitals:    1

 Generating Fock matrix

 Hartree-Fock electronic energy:          -1.823146778908
 Hartree-Fock total      energy:          -1.128702334464

 Hartree-Fock orbital energies, symmetry 1 ( A  ),    1 occupied SCF orbitals

        -0.58622575     0.04190854     0.06292372     0.06771716     0.09833210
         0.21487002     0.24842774     0.27870034     0.28684258     0.30322679
         0.33121650     0.36124352     0.42499950     0.47177691     0.47435250
         0.48279783     0.53178861     0.55404086     0.56757100     0.69031902
         0.77919230     1.21328639     1.49988254     1.60434208     1.61341786
         1.86924720     1.94453101     2.00044857     2.10977297     2.23380497
         2.24372307     2.47720970     2.51033045     2.52663548     3.59292828
         4.62871745

    E(LUMO) :     0.04190854   (in symmetry 1)
  - E(HOMO) :    -0.58622575   (in symmetry 1)
  --------------------------
    gap     :     0.62813429

 2-el. integral transformation level 5: Total CPU and WALL times (sec)       0.018       0.018

 MP2 move   0.019926 electrons to unoccupied HF orbitals


@   Hartree-Fock total energy   :            -1.1287023345
@   + MP2 contribution          :            -0.0275254832
@   = MP2 second order energy   :            -1.1562278176

 Natural orbital occupation numbers, symmetry 1 (irrep A  )
 Sum =     2.00000000; RHF =     2.00000000; Difference =     0.00000000

         1.98010411     0.00968429     0.00362745     0.00263807     0.00263483
         0.00030587     0.00024930     0.00024186     0.00024163     0.00009134
         0.00009099     0.00004036     0.00002639     0.00001057     0.00001049
         0.00000164     0.00000072     0.00000008     0.00000003     0.00000001
         0.00000000     0.00000000     0.00000000     0.00000000     0.00000000
         0.00000000     0.00000000     0.00000000     0.00000000     0.00000000
         0.00000000     0.00000000     0.00000000     0.00000000     0.00000000
        -0.00000000

 Time used for MP2 natural orbitals :       0.019 CPU seconds,       0.020 wall seconds.

 CPU and wall time for MP2 :       0.019       0.020


        SIRIUS MCSCF optimization (SIROPT)
 ================================================



 ----- Output from SIRIUS CI module (CICTL) -----




 2-el. integral transformation level 0: Total CPU and WALL times (sec)       0.010       0.009

 (CIST1) 3 lowest diagonal elements:

 Element no. Config.no.    Active energy      Total energy

         1 :          1     -1.8231071605     -1.1286627161
         2 :          3     -1.0935685530     -0.3991241085
         3 :          2     -0.3091093690      0.3853350754
First 1 elements used as separate start vectors.


 Convergence threshold for CI optimization :     0.01000000


 The requested root number is now converged.


 *** CI converged in  2 iterations.



@ Final CI energies and residuals in symmetry 1 (irrep A  )
@    1       -1.147351321504174       5.21D-06

   --- OUTPUT FROM SIRCNO     Keyword = ONLYFD



 --- MACRO ITERATION  1 ---
 --------------------------

 2-el. integral transformation level 3: Total CPU and WALL times (sec)       0.015       0.015

 Total MCSCF energy       :            -1.147351321504176  (MACRO    1)

 - Nuclear repulsion      :             0.694444444444444
 - Inactive energy        :             0.000000000000000
 - Active energy          :            -1.841795765948621

 Norm of total gradient   :             0.036854344982
 -    of CI gradient      :             0.000010429432
 -    of orbital gradient :             0.036854343506


 *** Label "NATOCC  " not found on SIRIUS.RST in SIRPOP

 WARNING, occupation of active orbitals not available
          population analysis aborted.
          Use ".TRACI" option.


 Residual norm when dim(red L) =   4
 NEO root     CSF        orbital          total
    1     0.00000316     0.00031928     0.00031930 converged

 (NEONEX) NEO vector is converged.

   --- OUTPUT FROM SIRCNO     Keyword = FD+NO 


 Occupations of CAS natural orbitals:

 Symmetry  1 ( irrep A   in C1  )

   1.974560473   0.025439527


 --- MACRO ITERATION  2 ---
 --------------------------

 2-el. integral transformation level 3: Total CPU and WALL times (sec)       0.018       0.017

 Total MCSCF energy       :            -1.147505553544921  (MACRO    2)

 - Nuclear repulsion      :             0.694444444444444
 - Inactive energy        :             0.000000000000000
 - Active energy          :            -1.841949997989365

 Norm of total gradient   :             0.000409151244
 -    of CI gradient      :             0.000231112263
 -    of orbital gradient :             0.000337626809
      Virial theorem: -V/T =      2.027675
@    MULPOP   H      -0.01; H       0.01; 

 Residual norm when dim(red L) =   8
 NEO root     CSF        orbital          total
    1     0.00000000     0.00000015     0.00000015 converged

 (NEONEX) NEO vector is converged.

   --- OUTPUT FROM SIRCNO     Keyword = FD+NO 


 Occupations of CAS natural orbitals:

 Symmetry  1 ( irrep A   in C1  )

   1.974625503   0.025374497


 --- MACRO ITERATION  3 ---
 --------------------------

 2-el. integral transformation level 3: Total CPU and WALL times (sec)       0.016       0.016

 Total MCSCF energy       :            -1.147505621366007  (MACRO    3)

 - Nuclear repulsion      :             0.694444444444444
 - Inactive energy        :             0.000000000000000
 - Active energy          :            -1.841950065810452

 Norm of total gradient   :             0.000000294667
 -    of CI gradient      :             0.000000159069
 -    of orbital gradient :             0.000000248044
      Virial theorem: -V/T =      2.027837
@    MULPOP   H      -0.01; H       0.01; 

 Residual norm when dim(red L) =   4
 NEO root     CSF        orbital          total
    1     0.00000002     0.00000002     0.00000003 converged

 (NEONEX) NEO vector is converged.

   --- OUTPUT FROM SIRCNO     Keyword = FD+NO 


 Occupations of CAS natural orbitals:

 Symmetry  1 ( irrep A   in C1  )

   1.974625579   0.025374421


 --- MACRO ITERATION  4 ---
 --------------------------

 2-el. integral transformation level 3: Total CPU and WALL times (sec)       0.015       0.016

 Total MCSCF energy       :            -1.147505621366175  (MACRO    4)

 - Nuclear repulsion      :             0.694444444444444
 - Inactive energy        :             0.000000000000000
 - Active energy          :            -1.841950065810619

 Norm of total gradient   :             0.000000028476
 -    of CI gradient      :             0.000000021182
 -    of orbital gradient :             0.000000019031
      Virial theorem: -V/T =      2.027837
@    MULPOP   H      -0.01; H       0.01; 

 (SIRSTP) Energy difference;
 actual, predicted and ratio:  -0.000000000000168  -0.000000000000168    1.001644
 Close to convergence, ratio set to one.

 *** Optimization control: MCSCF converged ***
     Number of macro iterations used            4
     Number of micro iterations used           11
     Total number of CPU seconds used         0.10
     Total WALL time used (seconds)           0.10

--------------------------------------------------------------------------------


     .---------------------------------------------------------------.
     | MCSCF EKT IPs [a.u. & eV], pole strengths, and Dyson orbitals |
     `---------------------------------------------------------------'


     MCSCF EKT symmetry 1 ( A  ) in point group C1  -- 1 principal poles

   ============  ============
       0.603295      1.321665
      16.416502     35.964329
   ------------  ------------
       0.987313      0.012687
   ============  ============
       0.993636      0.000033
      -0.000004      0.112638
   ============  ============

@ Summary of MCSCF EKT ionization potentials [eV] and pole strengths:

@ Symmetry 1 (A  ) :    16.417      35.964
@ Pole strengths   :     0.987       0.013

  === End of MCSCF EKT output ===
--------------------------------------------------------------------------------

 GammCor rdmfile: rdm2.dat    
 GammCor rdmfile: rdms2.dat   
 GammCor rdmfile: rdms201.dat 
 GammCor rdmfile: rdms210.dat 

 CPU and wall time for MCSCF :       0.103       0.102


                     .----------------------------------------.
                     | --- SIRIUS OPTIMIZATION STATISTICS --- |
                     `----------------------------------------'


 
     Date and time (Linux)  : Fri Apr  7 16:46:08 2023
     Host name              : hapka                                   


  ITER ITMIC     EMCSCF           GRDNRM        RATIO      STPLNG
 ---------------------------------------------------------------------
    1    3     -1.147351321504   0.0368543450  0.000000   0.0323472465
    2    6     -1.147505553545   0.0004091512  0.989857   0.0009650522
    3    2     -1.147505621366   0.0000002947  1.000879   0.0000017928
    4    0     -1.147505621366   0.0000000285  1.000000   0.0000000000


  ITER  INDGCM  GCIMAX      GCINRM     INDGOM  GOBMAX      GOBNRM      GRDNRM
 ------------------------------------------------------------------------------
    1      3   -0.000010    0.000010     27   -0.025189    0.036854    0.036854
    2      2   -0.000230    0.000231     19    0.000252    0.000338    0.000409
    3      2   -0.000000    0.000000     67   -0.000000    0.000000    0.000000
    4      3    0.000000    0.000000     27   -0.000000    0.000000    0.000000


  ITER ITMIC NCLIN NOLIN   TIMMAC    TIMITR    TIMMIC    TIMLIN    TIMMIC/ITMIC
 ------------------------------------------------------------------------------

    1     3     1     2      0.02      0.02      0.01      0.00      0.00
    2     6     2     5      0.03      0.02      0.01      0.01      0.00
    3     2     1     2      0.02      0.02      0.00      0.00      0.00
    4     0     0     0      0.02      0.02      0.00      0.00


 ITER         EMY                 EACTIV              EMCSCF

    1      0.000000000000     -1.841795765949     -1.147351321504
    2      0.000000000000     -1.841949997989     -1.147505553545
    3      0.000000000000     -1.841950065810     -1.147505621366
    4      0.000000000000     -1.841950065811     -1.147505621366


 ITER         DEPRED              DEACT               RATIO

    1      0.000000000000      0.000000000000      0.000000000000
    2     -0.000155812443     -0.000154232041      0.989857021688
    3     -0.000000067762     -0.000000067821      1.000878862642
    4     -0.000000000000     -0.000000000000      1.000000000000


 ITER    BETA           GAMMA             STPLNG              RTRUST

    1      0.20000000  1.00000000      0.032347246544      0.700000000000
    2      0.20000000  1.00000000      0.000965052206      0.700000000000
    3      0.20000000  1.00000000      0.000001792790      0.700000000000
    4      0.00000000  0.00000000      0.000000000000      0.700000000000


 Reduced L root no.  1
 ITER         EVAL              EVEC(1)           EVEC(2)           EVEC(3)
 ----------------------------------------------------------------------------
    1   -0.000012464474    0.999979073770   -0.006399703225   -0.000608867490
    2   -0.000000005421    0.999999981373   -0.000029044233   -0.000189127178
    3   -0.000000000000    1.000000000000   -0.000000034007   -0.000000364835
    4    0.000000000000    0.000000000000    0.000000000000    0.000000000000


                       .-----------------------------------.
                       | --- Final results from SIRIUS --- |
                       `-----------------------------------'


@    Spin multiplicity:           1
@    Spatial symmetry:            1 ( irrep  A   in C1  )
@    Total charge of molecule:    0

@    This was an MCSCF calculation.
@    State number:                1

@    Final MCSCF energy:           -1.147505621366                 
@    Nuclear repulsion:             0.694444444444
@    Electronic energy:            -1.841950065811

@    Final gradient norm:           0.000000028476

 
     Date and time (Linux)  : Fri Apr  7 16:46:08 2023
     Host name              : hapka                                   

 Occupancies of natural orbitals
 -------------------------------

 Symmetry 1  ( A  ) -- Total occupation in this symmetry is   2.000000000

   1.974625579   0.025374421

  Effective numbers of unpaired electrons this symmetry Eqs. 1) and 2):  0.10  0.01

  Total effective number of unpaired electrons :
  Eq. 1) sum(i) [(2 - n_i) n_i]    =  0.1002
  Eq. 2) sum(i) [(2 - n_i) n_i]**2 =  0.0050
 (Reference: M. Head-Gordon, Chemical Physics Letters 372 (2003) 508-511)

File label for MO orbitals:   7Apr23   (CNOORB)

 (Only coefficients > 0.0100 are printed.)

 Molecular orbitals for symmetry species 1  (A  )
 ------------------------------------------------

    Orbital         1        2        3        4        5        6        7
   1 H   :1s    -0.7000  -1.6325   0.0412   0.0000  -0.1217   0.0082   0.0245
   2 H   :1s     0.1688   0.4772   0.0942   0.0000  -2.7295  -2.8922  -2.5485
   3 H   :1s     0.0088   0.0402  -0.9853  -0.0000   3.7804   5.3444   0.6928
   6 H   :2pz    0.0177  -0.0234  -0.0073  -0.0000  -0.0028  -0.0204  -0.0044
   8 H   :2py    0.0000  -0.0000  -0.0000   0.0245   0.0000  -0.0000   0.0000
   9 H   :2pz    0.0021   0.0274   0.0277  -0.0000   0.5047   0.7218   0.8841
  10 H   :1s    -0.6999   1.6321   0.0805   0.0000  -0.0197   0.1135  -0.0774
  11 H   :1s     0.1997  -0.4758   0.0834  -0.0000   2.3136   3.3934   2.9166
  12 H   :1s    -0.0238  -0.0414   0.8583   0.0000  -2.7753  -6.8306  -0.7538
  15 H   :2pz   -0.0180  -0.0233   0.0046   0.0000  -0.0202  -0.0061   0.0079
  18 H   :2pz    0.0058   0.0256  -0.0594  -0.0000   0.5974   0.6527   0.3793
  19 H   :1s    -0.0006   0.0009  -0.0224   0.0059  -0.0100   0.0025  -0.1085
  20 H   :1s     0.0007  -0.0011   0.1455  -2.5864   0.0639  -0.0611   0.9131
  21 H   :1s     0.0023   0.0013  -0.6363   4.5956  -0.1229   0.6982  -0.4907
  23 H   :2py   -0.0000   0.0001  -0.0036  -0.0052  -0.0016   0.0017  -0.0177
  26 H   :2py   -0.0004   0.0007   0.0470   0.5963   0.0211  -0.0382   0.2951
  27 H   :2pz    0.0014  -0.0012  -0.0041   0.0033   0.0206   0.0442   0.0554
  28 H   :1s    -0.0006   0.0009  -0.0224  -0.0059  -0.0100   0.0025  -0.1085
  29 H   :1s     0.0007  -0.0011   0.1455   2.5864   0.0639  -0.0611   0.9131
  30 H   :1s     0.0023   0.0013  -0.6363  -4.5956  -0.1229   0.6982  -0.4907
  32 H   :2py    0.0000  -0.0001   0.0036  -0.0052   0.0016  -0.0017   0.0177
  35 H   :2py    0.0004  -0.0007  -0.0470   0.5963  -0.0211   0.0382  -0.2951
  36 H   :2pz    0.0014  -0.0012  -0.0041  -0.0033   0.0206   0.0442   0.0554

    Orbital         8        9       10       11       12
   1 H   :1s     0.0000  -0.0000   0.0000   0.0000   0.0312
   2 H   :1s     0.0000  -0.0000   0.0000   0.0000  -6.6613
   3 H   :1s     0.0000   0.0000  -0.0000   0.0000   2.0819
   4 H   :2px   -0.0098   0.0000   0.0000   0.0150   0.0000
   5 H   :2py    0.0000  -0.0125   0.0067   0.0000   0.0000
   6 H   :2pz    0.0000  -0.0000   0.0000   0.0000  -0.0115
   7 H   :2px    0.4012   0.0000   0.0000  -0.6122   0.0000
   8 H   :2py    0.0000   0.4947  -0.3009   0.0000  -0.0000
   9 H   :2pz    0.0000   0.0000  -0.0000   0.0000   2.2247
  10 H   :1s     0.0000   0.0000   0.0000   0.0000  -0.2152
  11 H   :1s     0.0000   0.0000  -0.0000   0.0000   7.4679
  12 H   :1s     0.0000  -0.0000   0.0000   0.0000  -2.9014
  13 H   :2px   -0.0157   0.0000   0.0000  -0.0118   0.0000
  14 H   :2py    0.0000  -0.0111  -0.0019   0.0000   0.0000
  16 H   :2px    0.5762   0.0000   0.0000   0.2372   0.0000
  17 H   :2py    0.0000   0.5180   0.0958   0.0000  -0.0000
  18 H   :2pz    0.0000   0.0000  -0.0000   0.0000   1.2582
  19 H   :1s     0.0000  -0.0036  -0.0257   0.0000   0.0238
  20 H   :1s     0.0000   4.0638  14.8335   0.0000  -0.2887
  21 H   :1s     0.0000  -1.4517  -2.9577   0.0000   0.4317
  22 H   :2px   -0.0190   0.0000   0.0000  -0.0487   0.0000
  23 H   :2py    0.0000   0.0105   0.0243   0.0000   0.0035
  24 H   :2pz    0.0000  -0.0115   0.0014   0.0000  -0.0400
  25 H   :2px    0.1708   0.0000   0.0000   0.4871   0.0000
  26 H   :2py    0.0000  -0.9545  -3.3557   0.0000  -0.0819
  27 H   :2pz    0.0000   0.2713  -0.0265   0.0000   0.4490
  28 H   :1s     0.0000   0.0036   0.0257   0.0000   0.0238
  29 H   :1s     0.0000  -4.0638 -14.8335   0.0000  -0.2887
  30 H   :1s     0.0000   1.4517   2.9577   0.0000   0.4317
  31 H   :2px   -0.0190   0.0000   0.0000  -0.0487   0.0000
  32 H   :2py    0.0000   0.0105   0.0243   0.0000  -0.0035
  33 H   :2pz    0.0000   0.0115  -0.0014   0.0000  -0.0400
  34 H   :2px    0.1708   0.0000   0.0000   0.4871   0.0000
  35 H   :2py    0.0000  -0.9545  -3.3557   0.0000   0.0819
  36 H   :2pz    0.0000  -0.2713   0.0265   0.0000   0.4490

 Printout of CI-coefficients abs greater than 0.05000 for root  1
 *** NOTE: this root is the reference state ***

 Printout of coefficients in interval  3.1623E-01 to  1.0000E+00
 ===============================================================

  Coefficient of CSF no.         1 is      0.99363615    9.93636145E-01
  Orbital          1
  Spin coupling    2

 Printout of coefficients in interval  1.0000E-01 to  3.1623E-01
 ===============================================================

  Coefficient of CSF no.         2 is     -0.11263752   -1.12637519E-01
  Orbital          2
  Spin coupling    2

 Printout of coefficients in interval  5.0000E-02 to  1.0000E-01
 ===============================================================
   ( no coefficients )

 Norm of printed CI vector ..      1.00000000

 Magnitude of CI coefficients
 ============================
 ( Ranges are relative to norm of vector :  1.00E+00 )

  10- 1 to 10- 0         2    0.10000000E+01      1.0000000000
  Number of coefficients less than 10^-11 times norm is            1

  Total CPU  time used in SIRIUS :   0.17 seconds
  Total wall time used in SIRIUS :   0.17 seconds

 
     Date and time (Linux)  : Fri Apr  7 16:46:08 2023
     Host name              : hapka                                   

 NOTE:    2 warnings have been issued.
 Check output, result, and error files for "WARNING".


                     .---------------------------------------.
                     | End of Wave Function Section (SIRIUS) |
                     `---------------------------------------'

  Total CPU  time used in DALTON:   0.20 seconds
  Total wall time used in DALTON:   0.20 seconds

 
     Date and time (Linux)  : Fri Apr  7 16:46:08 2023
     Host name              : hapka                                   
