Date: 11/04/2023 20:09:25
===============
Quantum Package
===============

Git Commit: Dev stable
Git Date  : Tue Apr 11 12:59:43 2023 +0200
Git SHA1  : 06be65745fb201a2002e9a49a96b0101f84f5b14
EZFIO Dir : A_19.0


Task server running : tcp://127.0.1.1:41279
 * mo_label          no_label
.. >>>>> [ IO READ: mo_guess_type ] <<<<< ..
 
.. >>>>> [ RES  MEM :          0.022 GB ] [ VIRT MEM :          0.164 GB ] <<<<< ..
.. >>>>> [ WALL TIME:           0.00  s ] [ CPU  TIME:           0.01  s ] <<<<< ..
 
.. >>>>> [ IO READ: lin_dep_cutoff ] <<<<< ..
 
.. >>>>> [ RES  MEM :          0.022 GB ] [ VIRT MEM :          0.164 GB ] <<<<< ..
.. >>>>> [ WALL TIME:           0.00  s ] [ CPU  TIME:           0.01  s ] <<<<< ..
 
* Linear dependencies cut-off                       0.1000000000000000E-05
.. >>>>> [ IO READ: io_ao_integrals_overlap ] <<<<< ..
 
.. >>>>> [ RES  MEM :          0.022 GB ] [ VIRT MEM :          0.164 GB ] <<<<< ..
.. >>>>> [ WALL TIME:           0.00  s ] [ CPU  TIME:           0.01  s ] <<<<< ..
 
 
.. >>>>> [ RES  MEM :          0.023 GB ] [ VIRT MEM :          0.164 GB ] <<<<< ..
.. >>>>> [ WALL TIME:           0.00  s ] [ CPU  TIME:           0.01  s ] <<<<< ..
 

Nuclear Coordinates (Angstroms)
===============================

================ ============ ============ ============ ============
      Atom          Charge          X            Y            Z 
================ ============ ============ ============ ============
He                   2.000000     0.000000     0.000000     0.000000
x                    0.000000     0.000000     0.381040   -10.054368
x                    0.000000     0.000000    -0.381040   -10.054368
================ ============ ============ ============ ============

Minimal interatomic distance found:       0.7621 Angstrom
* mo_num                                                        27
.. >>>>> [ IO READ: level_shift ] <<<<< ..
 
.. >>>>> [ RES  MEM :          0.028 GB ] [ VIRT MEM :          0.238 GB ] <<<<< ..
.. >>>>> [ WALL TIME:           0.05  s ] [ CPU  TIME:           0.02  s ] <<<<< ..
 
.. >>>>> [ IO READ: elec_alpha_num ] <<<<< ..
 
.. >>>>> [ RES  MEM :          0.028 GB ] [ VIRT MEM :          0.238 GB ] <<<<< ..
.. >>>>> [ WALL TIME:           0.05  s ] [ CPU  TIME:           0.02  s ] <<<<< ..
 
.. >>>>> [ IO READ: elec_beta_num ] <<<<< ..
 
.. >>>>> [ RES  MEM :          0.028 GB ] [ VIRT MEM :          0.238 GB ] <<<<< ..
.. >>>>> [ WALL TIME:           0.05  s ] [ CPU  TIME:           0.02  s ] <<<<< ..
 
.. >>>>> [ IO READ: no_oa_or_av_opt ] <<<<< ..
 
.. >>>>> [ RES  MEM :          0.028 GB ] [ VIRT MEM :          0.238 GB ] <<<<< ..
.. >>>>> [ WALL TIME:           0.05  s ] [ CPU  TIME:           0.02  s ] <<<<< ..
 
.. >>>>> [ IO READ: frozen_orb_scf ] <<<<< ..
 
.. >>>>> [ RES  MEM :          0.028 GB ] [ VIRT MEM :          0.238 GB ] <<<<< ..
.. >>>>> [ WALL TIME:           0.05  s ] [ CPU  TIME:           0.02  s ] <<<<< ..
 
.. >>>>> [ IO READ: io_ao_one_e_integrals ] <<<<< ..
 
.. >>>>> [ RES  MEM :          0.028 GB ] [ VIRT MEM :          0.238 GB ] <<<<< ..
.. >>>>> [ WALL TIME:           0.05  s ] [ CPU  TIME:           0.02  s ] <<<<< ..
 
.. >>>>> [ IO READ: io_ao_integrals_kinetic ] <<<<< ..
 
.. >>>>> [ RES  MEM :          0.028 GB ] [ VIRT MEM :          0.238 GB ] <<<<< ..
.. >>>>> [ WALL TIME:           0.05  s ] [ CPU  TIME:           0.02  s ] <<<<< ..
 
.. >>>>> [ IO READ: io_ao_integrals_n_e ] <<<<< ..
 
.. >>>>> [ RES  MEM :          0.028 GB ] [ VIRT MEM :          0.238 GB ] <<<<< ..
.. >>>>> [ WALL TIME:           0.05  s ] [ CPU  TIME:           0.02  s ] <<<<< ..
 
.. >>>>> [ IO READ: do_pseudo ] <<<<< ..
 
.. >>>>> [ RES  MEM :          0.028 GB ] [ VIRT MEM :          0.238 GB ] <<<<< ..
.. >>>>> [ WALL TIME:           0.05  s ] [ CPU  TIME:           0.02  s ] <<<<< ..
 
 AO map initialized :                  71631
 Providing the AO integrals
 Sorting the map
 AO integrals provided:
  Size of AO map :           0.169729232788086      MB
  Number of AO integrals :                 14628
  cpu  time :  7.267500000000000E-002 s
  wall time :  8.535003662109375E-002 s  ( x   0.851493483507643       )
 Read mo_occ
 
.. >>>>> [ RES  MEM :          0.032 GB ] [ VIRT MEM :          0.450 GB ] <<<<< ..
.. >>>>> [ WALL TIME:           0.15  s ] [ CPU  TIME:           0.11  s ] <<<<< ..
 
* Nuclear repulsion energy                           0.000000000000000    
.. >>>>> [ IO READ: n_it_scf_max ] <<<<< ..
 
.. >>>>> [ RES  MEM :          0.032 GB ] [ VIRT MEM :          0.450 GB ] <<<<< ..
.. >>>>> [ WALL TIME:           0.15  s ] [ CPU  TIME:           0.11  s ] <<<<< ..
 
.. >>>>> [ IO READ: scf_algorithm ] <<<<< ..
 
.. >>>>> [ RES  MEM :          0.032 GB ] [ VIRT MEM :          0.450 GB ] <<<<< ..
.. >>>>> [ WALL TIME:           0.15  s ] [ CPU  TIME:           0.11  s ] <<<<< ..
 
.. >>>>> [ IO READ: max_dim_diis ] <<<<< ..
 
.. >>>>> [ RES  MEM :          0.032 GB ] [ VIRT MEM :          0.450 GB ] <<<<< ..
.. >>>>> [ WALL TIME:           0.15  s ] [ CPU  TIME:           0.12  s ] <<<<< ..
 
.. >>>>> [ IO READ: threshold_diis ] <<<<< ..
 
.. >>>>> [ RES  MEM :          0.032 GB ] [ VIRT MEM :          0.450 GB ] <<<<< ..
.. >>>>> [ WALL TIME:           0.15  s ] [ CPU  TIME:           0.12  s ] <<<<< ..
 
.. >>>>> [ IO READ: thresh_scf ] <<<<< ..
 
.. >>>>> [ RES  MEM :          0.032 GB ] [ VIRT MEM :          0.450 GB ] <<<<< ..
.. >>>>> [ WALL TIME:           0.15  s ] [ CPU  TIME:           0.12  s ] <<<<< ..
 
 
.. >>>>> [ RES  MEM :          0.032 GB ] [ VIRT MEM :          0.450 GB ] <<<<< ..
.. >>>>> [ WALL TIME:           0.16  s ] [ CPU  TIME:           0.12  s ] <<<<< ..
 
 Energy of the guess =   -2.73042344809222     
==== ================ ================ ================ ================
  N          Energy      Energy diff       DIIS error     Level shift   
==== ================ ================ ================ ================
   1    -2.8550706154    -0.1246471673     0.0553418300     0.0000000000   1
   2    -2.8557036370    -0.0006330216     0.0011833196     0.0000000000   2
   3    -2.8557046662    -0.0000010292     0.0000619733     0.0000000000   3
   4    -2.8557046677    -0.0000000015     0.0000000202     0.0000000000   4
   5    -2.8557046677    -0.0000000000     0.0000000017     0.0000000000   5
==== ================ ================ ================ ================
 
 
.. >>>>> [ RES  MEM :          0.033 GB ] [ VIRT MEM :          0.450 GB ] <<<<< ..
.. >>>>> [ WALL TIME:           0.23  s ] [ CPU  TIME:           0.22  s ] <<<<< ..
 
MOs are now **Canonical**

Eigenvalues
-----------

======== ================
       1    -0.9171239851
       2     0.0399714121
       3     0.0683531184
       4     0.1743661280
       5     0.2412535803
       6     0.3053820808
       7     0.3324784602
       8     0.3324784602
       9     0.4752436611
      10     0.4752436611
      11     0.5073888319
      12     0.5303760880
      13     0.5303760881
      14     0.5303760881
      15     0.6655091376
      16     1.4451946580
      17     1.7134530249
      18     1.8616935674
      19     1.9426705497
      20     1.9426705497
      21     2.4729804515
      22     2.5116354542
      23     2.5116354542
      24     3.0248833334
      25     3.0248833335
      26     3.0248833337
      27     4.6284235719
======== ================

 
.. >>>>> [ RES  MEM :          0.033 GB ] [ VIRT MEM :          0.450 GB ] <<<<< ..
.. >>>>> [ WALL TIME:           0.23  s ] [ CPU  TIME:           0.22  s ] <<<<< ..
 
* SCF energy                                        -2.855704667723739    
 
.. >>>>> [ RES  MEM :          0.033 GB ] [ VIRT MEM :          0.450 GB ] <<<<< ..
.. >>>>> [ WALL TIME:           0.25  s ] [ CPU  TIME:           0.24  s ] <<<<< ..
 
Wall time: 0:00:02

Date: 11/04/2023 20:09:28
===============
Quantum Package
===============

Git Commit: Dev stable
Git Date  : Tue Apr 11 12:59:43 2023 +0200
Git SHA1  : 06be65745fb201a2002e9a49a96b0101f84f5b14
EZFIO Dir : A_19.0


Task server running : tcp://127.0.1.1:41279
.. >>>>> [ IO READ: io_mo_two_e_integrals ] <<<<< ..
 
.. >>>>> [ RES  MEM :          0.023 GB ] [ VIRT MEM :          0.166 GB ] <<<<< ..
.. >>>>> [ WALL TIME:           0.00  s ] [ CPU  TIME:           0.02  s ] <<<<< ..
 
* mo_num                                                        27
 MO map initialized:                  71631
.. >>>>> [ IO READ: no_vvvv_integrals ] <<<<< ..
 
.. >>>>> [ RES  MEM :          0.023 GB ] [ VIRT MEM :          0.166 GB ] <<<<< ..
.. >>>>> [ WALL TIME:           0.00  s ] [ CPU  TIME:           0.02  s ] <<<<< ..
 
.. >>>>> [ IO READ: mo_class ] <<<<< ..
* N_int                                                          1
 AO map initialized :                  71631
 Providing the AO integrals
 
.. >>>>> [ RES  MEM :          0.024 GB ] [ VIRT MEM :          0.315 GB ] <<<<< ..
.. >>>>> [ WALL TIME:           0.01  s ] [ CPU  TIME:           0.03  s ] <<<<< ..
 

Nuclear Coordinates (Angstroms)
===============================

================ ============ ============ ============ ============
      Atom          Charge          X            Y            Z 
================ ============ ============ ============ ============
He                   2.000000     0.000000     0.000000     0.000000
x                    0.000000     0.000000     0.381040   -10.054368
x                    0.000000     0.000000    -0.381040   -10.054368
================ ============ ============ ============ ============

Minimal interatomic distance found:       0.7621 Angstrom
 Sorting the map
 AO integrals provided:
  Size of AO map :           0.169729232788086      MB
  Number of AO integrals :                 14628
  cpu  time :  6.955400000000000E-002 s
  wall time :  8.198690414428711E-002 s  ( x   0.848354999203206       )
 
 AO -> MO integrals transformation
 ---------------------------------
 
* Target maximum memory (GB)                                  2000
.. >>>>> [ IO READ: mo_integrals_threshold ] <<<<< ..
 
.. >>>>> [ RES  MEM :          0.026 GB ] [ VIRT MEM :          0.377 GB ] <<<<< ..
.. >>>>> [ WALL TIME:           0.08  s ] [ CPU  TIME:           0.09  s ] <<<<< ..
 
 Read  mo_coef
 Getting AOs
.. >>>>> [ IO READ: io_ao_integrals_overlap ] <<<<< ..
 
.. >>>>> [ RES  MEM :          0.026 GB ] [ VIRT MEM :          0.381 GB ] <<<<< ..
.. >>>>> [ WALL TIME:           0.09  s ] [ CPU  TIME:           0.09  s ] <<<<< ..
 
.. >>>>> [ IO READ: ao_one_e_integrals_threshold ] <<<<< ..
 
.. >>>>> [ RES  MEM :          0.026 GB ] [ VIRT MEM :          0.381 GB ] <<<<< ..
.. >>>>> [ WALL TIME:           0.09  s ] [ CPU  TIME:           0.09  s ] <<<<< ..
 
 1st transformation
 2nd transformation
 3rd transformation
 4th transformation
 Molecular integrals provided:
  Size of MO map              1.28790283203125      MB
  Number of MO integrals:                  62215
  cpu  time :  0.173242000000000      s
  wall time :  9.663295745849609E-002 s  ( x    1.79278379298706      )
.. >>>>> [ IO READ: do_pt2 ] <<<<< ..
 
.. >>>>> [ RES  MEM :          0.045 GB ] [ VIRT MEM :          0.603 GB ] <<<<< ..
.. >>>>> [ WALL TIME:           0.18  s ] [ CPU  TIME:           0.26  s ] <<<<< ..
 
.. >>>>> [ IO READ: read_wf ] <<<<< ..
 
.. >>>>> [ RES  MEM :          0.045 GB ] [ VIRT MEM :          0.603 GB ] <<<<< ..
.. >>>>> [ WALL TIME:           0.18  s ] [ CPU  TIME:           0.26  s ] <<<<< ..
 
 * mo_label          Canonical
* Number of determinants                                         1
.. >>>>> [ IO READ: elec_beta_num ] <<<<< ..
 
.. >>>>> [ RES  MEM :          0.045 GB ] [ VIRT MEM :          0.603 GB ] <<<<< ..
.. >>>>> [ WALL TIME:           0.18  s ] [ CPU  TIME:           0.26  s ] <<<<< ..
 
.. >>>>> [ IO READ: elec_alpha_num ] <<<<< ..
 
.. >>>>> [ RES  MEM :          0.045 GB ] [ VIRT MEM :          0.603 GB ] <<<<< ..
.. >>>>> [ WALL TIME:           0.18  s ] [ CPU  TIME:           0.26  s ] <<<<< ..
 
.. >>>>> [ IO READ: n_states ] <<<<< ..
 
.. >>>>> [ RES  MEM :          0.045 GB ] [ VIRT MEM :          0.603 GB ] <<<<< ..
.. >>>>> [ WALL TIME:           0.18  s ] [ CPU  TIME:           0.27  s ] <<<<< ..
 
.. >>>>> [ IO READ: io_mo_integrals_n_e ] <<<<< ..
 
.. >>>>> [ RES  MEM :          0.053 GB ] [ VIRT MEM :          2.712 GB ] <<<<< ..
.. >>>>> [ WALL TIME:           0.24  s ] [ CPU  TIME:           0.37  s ] <<<<< ..
 
.. >>>>> [ IO READ: io_ao_integrals_n_e ] <<<<< ..
 
.. >>>>> [ RES  MEM :          0.053 GB ] [ VIRT MEM :          2.712 GB ] <<<<< ..
.. >>>>> [ WALL TIME:           0.24  s ] [ CPU  TIME:           0.37  s ] <<<<< ..
 
.. >>>>> [ IO READ: do_pseudo ] <<<<< ..
 
.. >>>>> [ RES  MEM :          0.053 GB ] [ VIRT MEM :          2.712 GB ] <<<<< ..
.. >>>>> [ WALL TIME:           0.24  s ] [ CPU  TIME:           0.37  s ] <<<<< ..
 
.. >>>>> [ IO READ: io_mo_integrals_kinetic ] <<<<< ..
 
.. >>>>> [ RES  MEM :          0.053 GB ] [ VIRT MEM :          2.712 GB ] <<<<< ..
.. >>>>> [ WALL TIME:           0.24  s ] [ CPU  TIME:           0.38  s ] <<<<< ..
 
.. >>>>> [ IO READ: io_ao_integrals_kinetic ] <<<<< ..
 
.. >>>>> [ RES  MEM :          0.053 GB ] [ VIRT MEM :          2.712 GB ] <<<<< ..
.. >>>>> [ WALL TIME:           0.24  s ] [ CPU  TIME:           0.38  s ] <<<<< ..
 
.. >>>>> [ IO READ: io_mo_one_e_integrals ] <<<<< ..
 
.. >>>>> [ RES  MEM :          0.053 GB ] [ VIRT MEM :          2.712 GB ] <<<<< ..
.. >>>>> [ WALL TIME:           0.24  s ] [ CPU  TIME:           0.38  s ] <<<<< ..
 
 Providing the one-electron integrals
 Providing the H_matrix_all_dets ...
 H_matrix_all_dets done 
 
.. >>>>> [ RES  MEM :          0.053 GB ] [ VIRT MEM :          2.712 GB ] <<<<< ..
.. >>>>> [ WALL TIME:           0.24  s ] [ CPU  TIME:           0.38  s ] <<<<< ..
 
* Nuclear repulsion energy                           0.000000000000000    
.. >>>>> [ IO READ: weight_one_e_dm ] <<<<< ..
 
.. >>>>> [ RES  MEM :          0.053 GB ] [ VIRT MEM :          2.712 GB ] <<<<< ..
.. >>>>> [ WALL TIME:           0.24  s ] [ CPU  TIME:           0.38  s ] <<<<< ..
 
.. >>>>> [ IO READ: save_wf_after_selection ] <<<<< ..
 
.. >>>>> [ RES  MEM :          0.053 GB ] [ VIRT MEM :          2.712 GB ] <<<<< ..
.. >>>>> [ WALL TIME:           0.24  s ] [ CPU  TIME:           0.38  s ] <<<<< ..
 
 
.. >>>>> [ RES  MEM :          0.054 GB ] [ VIRT MEM :          2.712 GB ] <<<<< ..
.. >>>>> [ WALL TIME:           0.24  s ] [ CPU  TIME:           0.38  s ] <<<<< ..
 
.. >>>>> [ IO READ: selection_factor ] <<<<< ..
 
.. >>>>> [ RES  MEM :          0.054 GB ] [ VIRT MEM :          2.712 GB ] <<<<< ..
.. >>>>> [ WALL TIME:           0.24  s ] [ CPU  TIME:           0.38  s ] <<<<< ..
 
.. >>>>> [ IO READ: n_det_max ] <<<<< ..
 
.. >>>>> [ RES  MEM :          0.054 GB ] [ VIRT MEM :          2.712 GB ] <<<<< ..
.. >>>>> [ WALL TIME:           0.24  s ] [ CPU  TIME:           0.38  s ] <<<<< ..
 
.. >>>>> [ IO READ: pt2_max ] <<<<< ..
 
.. >>>>> [ RES  MEM :          0.054 GB ] [ VIRT MEM :          2.712 GB ] <<<<< ..
.. >>>>> [ WALL TIME:           0.24  s ] [ CPU  TIME:           0.38  s ] <<<<< ..
 
.. >>>>> [ IO READ: variance_max ] <<<<< ..
 
.. >>>>> [ RES  MEM :          0.054 GB ] [ VIRT MEM :          2.712 GB ] <<<<< ..
.. >>>>> [ WALL TIME:           0.24  s ] [ CPU  TIME:           0.38  s ] <<<<< ..
 
.. >>>>> [ IO READ: correlation_energy_ratio_max ] <<<<< ..
 
.. >>>>> [ RES  MEM :          0.054 GB ] [ VIRT MEM :          2.712 GB ] <<<<< ..
.. >>>>> [ WALL TIME:           0.24  s ] [ CPU  TIME:           0.38  s ] <<<<< ..
 
.. >>>>> [ IO READ: s2_eig ] <<<<< ..
 
.. >>>>> [ RES  MEM :          0.054 GB ] [ VIRT MEM :          2.712 GB ] <<<<< ..
.. >>>>> [ WALL TIME:           0.24  s ] [ CPU  TIME:           0.38  s ] <<<<< ..
 
.. >>>>> [ IO READ: pt2_relative_error ] <<<<< ..
 
.. >>>>> [ RES  MEM :          0.054 GB ] [ VIRT MEM :          2.712 GB ] <<<<< ..
.. >>>>> [ WALL TIME:           0.24  s ] [ CPU  TIME:           0.38  s ] <<<<< ..
 
.. >>>>> [ IO READ: threshold_generators ] <<<<< ..
 
.. >>>>> [ RES  MEM :          0.054 GB ] [ VIRT MEM :          2.712 GB ] <<<<< ..
.. >>>>> [ WALL TIME:           0.24  s ] [ CPU  TIME:           0.38  s ] <<<<< ..
 
* Number of configurations                                       1
 
.. >>>>> [ RES  MEM :          0.055 GB ] [ VIRT MEM :          2.712 GB ] <<<<< ..
.. >>>>> [ WALL TIME:           0.24  s ] [ CPU  TIME:           0.38  s ] <<<<< ..
 
 Diagonalization of H using Lapack
 
.. >>>>> [ RES  MEM :          0.055 GB ] [ VIRT MEM :          2.712 GB ] <<<<< ..
.. >>>>> [ WALL TIME:           0.24  s ] [ CPU  TIME:           0.38  s ] <<<<< ..
 
* Energy of state    1                              -2.855704667723728    
* S^2 of state    1                                  0.000000000000000    
--------------------------------------------------------------------------------
 
.. >>>>> [ RES  MEM :          0.055 GB ] [ VIRT MEM :          2.712 GB ] <<<<< ..
.. >>>>> [ WALL TIME:           0.24  s ] [ CPU  TIME:           0.38  s ] <<<<< ..
 
* Number of generators                                           1
* Number of comb teeth                                           1
.. >>>>> [ IO READ: h0_type ] <<<<< ..
 
.. >>>>> [ RES  MEM :          0.055 GB ] [ VIRT MEM :          2.712 GB ] <<<<< ..
.. >>>>> [ WALL TIME:           0.24  s ] [ CPU  TIME:           0.39  s ] <<<<< ..
 
.. >>>>> [ IO READ: excitation_beta_max ] <<<<< ..
 
.. >>>>> [ RES  MEM :          0.055 GB ] [ VIRT MEM :          2.712 GB ] <<<<< ..
.. >>>>> [ WALL TIME:           0.24  s ] [ CPU  TIME:           0.39  s ] <<<<< ..
 
.. >>>>> [ IO READ: excitation_alpha_max ] <<<<< ..
 
.. >>>>> [ RES  MEM :          0.055 GB ] [ VIRT MEM :          2.712 GB ] <<<<< ..
.. >>>>> [ WALL TIME:           0.24  s ] [ CPU  TIME:           0.39  s ] <<<<< ..
 
.. >>>>> [ IO READ: excitation_max ] <<<<< ..
 
.. >>>>> [ RES  MEM :          0.055 GB ] [ VIRT MEM :          2.712 GB ] <<<<< ..
.. >>>>> [ WALL TIME:           0.24  s ] [ CPU  TIME:           0.39  s ] <<<<< ..
 
* Number of active   MOs                                        27
* Number of inactive MOs                                         0
* Number of core     MOs                                         0
* Number of virtual  MOs                                         0
* Number of deleted  MOs                                         0
.. >>>>> [ IO READ: seniority_max ] <<<<< ..
 
.. >>>>> [ RES  MEM :          0.055 GB ] [ VIRT MEM :          2.712 GB ] <<<<< ..
.. >>>>> [ WALL TIME:           0.24  s ] [ CPU  TIME:           0.39  s ] <<<<< ..
 
.. >>>>> [ IO READ: weight_selection ] <<<<< ..
 
.. >>>>> [ RES  MEM :          0.055 GB ] [ VIRT MEM :          2.712 GB ] <<<<< ..
.. >>>>> [ WALL TIME:           0.24  s ] [ CPU  TIME:           0.39  s ] <<<<< ..
 
 Using 1/c_max^2 weight in selection
 # Total weight   3.3333333E-21  0.3333333      0.3333333      0.3333333    
.. >>>>> [ IO READ: pseudo_sym ] <<<<< ..
 
.. >>>>> [ RES  MEM :          0.055 GB ] [ VIRT MEM :          2.712 GB ] <<<<< ..
.. >>>>> [ WALL TIME:           0.24  s ] [ CPU  TIME:           0.39  s ] <<<<< ..
 
* Number of unique beta determinants                             1
* Number of unique alpha determinants                            1
 
.. >>>>> [ RES  MEM :          0.055 GB ] [ VIRT MEM :          2.712 GB ] <<<<< ..
.. >>>>> [ WALL TIME:           0.24  s ] [ CPU  TIME:           0.39  s ] <<<<< ..
 
* Number of selectors                                            1
.. >>>>> [ IO READ: pt2_min_parallel_tasks ] <<<<< ..
 
.. >>>>> [ RES  MEM :          0.055 GB ] [ VIRT MEM :          2.713 GB ] <<<<< ..
.. >>>>> [ WALL TIME:           0.24  s ] [ CPU  TIME:           0.39  s ] <<<<< ..
 
* pt2_n_tasks_max                                                1
* PT2 Energy denominator                            -2.855704667723728    
* PT2 Energy denominator                             0.000000000000000    
* PT2 Energy denominator                             0.000000000000000    
* PT2 Energy denominator                             0.000000000000000    
* Estimated memory/thread (Gb)                      0.1043081283569336E-06
 Active MOs:
           1           2           3           4           5           6
           7           8           9          10          11          12
          13          14          15          16          17          18
          19          20          21          22          23          24
          25          26          27
.. >>>>> [ IO READ: twice_hierarchy_max ] <<<<< ..
 
.. >>>>> [ RES  MEM :          0.055 GB ] [ VIRT MEM :          2.713 GB ] <<<<< ..
.. >>>>> [ WALL TIME:           0.25  s ] [ CPU  TIME:           0.39  s ] <<<<< ..
 
 Overlap of perturbed states:
  7.994922482833757E-003  0.000000000000000E+000  0.000000000000000E+000
  0.000000000000000E+000
  0.000000000000000E+000  0.000000000000000E+000  0.000000000000000E+000
  0.000000000000000E+000
  0.000000000000000E+000  0.000000000000000E+000  0.000000000000000E+000
  0.000000000000000E+000
  0.000000000000000E+000  0.000000000000000E+000  0.000000000000000E+000
  0.000000000000000E+000
 -------
 Using 1/c_max^2 weight in selection
 # Total weight   3.3333333E-21  0.3333333      0.3333333      0.3333333    
* Correlation ratio                                -0.3600384370143933E-12
 
Summary at N_det =            1
-----------------------------------
 
# ============ =============================
                     State      1
# ============ =============================
# E              -2.85570467
# PT2            -0.03356939     0.00000000
# rPT2           -0.03330313     0.00000000
#
# E+PT2          -2.88927406     0.00000000
# E+rPT2         -2.88900780     0.00000000
# ============ =============================
 
 N_det             =            1
 N_states          =            4
 N_cfg             =            1
 N_csf             =            1
 
 * State            1
 < S^2 >         =   0.000000000000000E+000
 E               =   -2.85570466772373     
 Variance        =   0.155648406328802       +/-   0.000000000000000E+000
 PT norm         =   8.941433041092327E-002  +/-   0.000000000000000E+000
 PT2             =  -3.356939096281719E-002  +/-   0.000000000000000E+000
 rPT2            =  -3.330313498021503E-002  +/-   0.000000000000000E+000
 E+PT2           =   -2.88927405868655       +/-   0.000000000000000E+000
 E+rPT2          =   -2.88900780270394       +/-   0.000000000000000E+000
 
 -----
 Variational Energy difference (au | eV)
 -----
 Variational + perturbative Energy difference (au | eV)
 -----
 Variational + renormalized perturbative Energy difference (au | eV)
.. >>>>> [ IO READ: n_det_iterations ] <<<<< ..
 
.. >>>>> [ RES  MEM :          0.055 GB ] [ VIRT MEM :          2.713 GB ] <<<<< ..
.. >>>>> [ WALL TIME:           0.25  s ] [ CPU  TIME:           0.39  s ] <<<<< ..
 
.. >>>>> [ IO READ: pt2_iterations ] <<<<< ..
 
.. >>>>> [ RES  MEM :          0.055 GB ] [ VIRT MEM :          2.713 GB ] <<<<< ..
.. >>>>> [ WALL TIME:           0.25  s ] [ CPU  TIME:           0.40  s ] <<<<< ..
 
.. >>>>> [ IO READ: energy_iterations ] <<<<< ..
 
.. >>>>> [ RES  MEM :          0.055 GB ] [ VIRT MEM :          2.713 GB ] <<<<< ..
.. >>>>> [ WALL TIME:           0.25  s ] [ CPU  TIME:           0.40  s ] <<<<< ..
 
.. >>>>> [ IO READ: pruning ] <<<<< ..
 
.. >>>>> [ RES  MEM :          0.055 GB ] [ VIRT MEM :          2.713 GB ] <<<<< ..
.. >>>>> [ WALL TIME:           0.25  s ] [ CPU  TIME:           0.40  s ] <<<<< ..
 
 Providing the H_matrix_all_dets ...
 H_matrix_all_dets done 
 Diagonalization of H using Lapack
 
.. >>>>> [ RES  MEM :          0.057 GB ] [ VIRT MEM :          2.713 GB ] <<<<< ..
.. >>>>> [ WALL TIME:           0.25  s ] [ CPU  TIME:           0.40  s ] <<<<< ..
 
* Energy of state    1                              -2.886968091683047    
* S^2 of state    1                                 0.1232595164407830E-31
* Energy of state    2                             -0.7633285346481424    
* S^2 of state    2                                 0.3451266460341922E-30
* Energy of state    3                             -0.4622109865717744    
* S^2 of state    3                                 0.1910522504832138E-30
* Energy of state    4                             -0.4564055450730936    
* S^2 of state    4                                 0.1001483571081363E-30
* Saved determinants                                            17
--------------------------------------------------------------------------------
 
.. >>>>> [ RES  MEM :          0.057 GB ] [ VIRT MEM :          2.713 GB ] <<<<< ..
.. >>>>> [ WALL TIME:           0.25  s ] [ CPU  TIME:           0.40  s ] <<<<< ..
 
* Number of generators                                          17
* Number of comb teeth                                           1
 Using 1/c_max^2 weight in selection
 # Total weight   0.1799690      0.2050270      0.2554315      0.3595724    
* Number of unique beta determinants                             9
* Number of unique alpha determinants                            9
 
.. >>>>> [ RES  MEM :          0.057 GB ] [ VIRT MEM :          2.713 GB ] <<<<< ..
.. >>>>> [ WALL TIME:           0.25  s ] [ CPU  TIME:           0.40  s ] <<<<< ..
 
* Number of selectors                                           17
* pt2_n_tasks_max                                                1
* PT2 Energy denominator                            -2.886968091683047    
* PT2 Energy denominator                           -0.7633285346481424    
* PT2 Energy denominator                           -0.4622109865717744    
* PT2 Energy denominator                           -0.4564055450730936    
* Estimated memory/thread (Gb)                      0.1773238182067871E-05
 Overlap of perturbed states:
  6.446858196485589E-004 -5.318104591648176E-004 -3.388982394401107E-004
 -2.477947544864841E-006
 -5.318104591648176E-004  0.290413242134146       6.247516217899642E-003
 -9.966068940799451E-005
 -3.388982394401107E-004  6.247516217899642E-003   4.84855046518454     
 -2.496750298440795E-002
 -2.477947544864841E-006 -9.966068940799451E-005 -2.496750298440795E-002
  1.076907761485086E-002
 -------
 Using 1/c_max^2 weight in selection
 # Total weight   0.1799690      0.2050270      0.2554315      0.3595724    
* Correlation ratio                                 0.9224853374007442    
 
Summary at N_det =           17
-----------------------------------
 
# ============ ============================= ============================= ============================= =============================
                     State      1                  State      2                  State      3                  State      4
# ============ ============================= ============================= ============================= =============================
# E              -2.88696809                   -0.76332853                   -0.46221099                   -0.45640555
# Excit. (au)     0.00000000                    2.12363956                    2.42475711                    2.43056255
# Excit. (eV)     0.00000000                   57.78719831                   65.98102735                   66.13900152
# PT2            -0.00262870     0.00000000     1.22767434     0.00000000    -4.03482652     0.00000000    -1.23899434     0.00000000
# rPT2           -0.00262701     0.00000000     0.95138077     0.00000000    -0.68988488     0.00000000    -1.22579367     0.00000000
#
# E+PT2          -2.88959679     0.00000000     0.46434581     0.00000000    -4.49703750     0.00000000    -1.69539988     0.00000000
# E+rPT2         -2.88959510     0.00000000     0.18805223     0.00000000    -1.15209586     0.00000000    -1.68219921     0.00000000
# Excit. (au)     0.00000000     0.00000000     3.35394260     0.00000000    -1.60744071     0.00000000     1.19419691     0.00000000
# Excit. (eV)     0.00000000     0.00000000    91.26546231     0.00000000   -43.74070684     0.00000000    32.49576578     0.00000000
# ============ ============================= ============================= ============================= =============================
 
 N_det             =           17
 N_states          =            4
 N_cfg             =           13
 N_csf             =            9
 
 * State            1
 < S^2 >         =   1.232595164407830E-032
 E               =   -2.88696809168305     
 Variance        =   1.111902810829586E-002  +/-   0.000000000000000E+000
 PT norm         =   2.539066402535702E-002  +/-   0.000000000000000E+000
 PT2             =  -2.628698773071592E-003  +/-   0.000000000000000E+000
 rPT2            =  -2.627005180083848E-003  +/-   0.000000000000000E+000
 E+PT2           =   -2.88959679045612       +/-   0.000000000000000E+000
 E+rPT2          =   -2.88959509686313       +/-   0.000000000000000E+000
 
 * State            2
 < S^2 >         =   3.451266460341922E-031
 E               =  -0.763328534648142     
 Variance        =   6.097174500840114E-002  +/-   0.000000000000000E+000
 PT norm         =   0.538900029814571       +/-   0.000000000000000E+000
 PT2             =    1.22767434082131       +/-   0.000000000000000E+000
 rPT2            =   0.951380767598857       +/-   0.000000000000000E+000
 E+PT2           =   0.464345806173171       +/-   0.000000000000000E+000
 E+rPT2          =   0.188052232950715       +/-   0.000000000000000E+000
 
 * State            3
 < S^2 >         =   1.910522504832138E-031
 E               =  -0.462210986571774     
 Variance        =   2.666300589484830E-002  +/-   0.000000000000000E+000
 PT norm         =    2.20194243003411       +/-   0.000000000000000E+000
 PT2             =   -4.03482651758326       +/-   0.000000000000000E+000
 rPT2            =  -0.689884876877085       +/-   0.000000000000000E+000
 E+PT2           =   -4.49703750415503       +/-   0.000000000000000E+000
 E+rPT2          =   -1.15209586344886       +/-   0.000000000000000E+000
 
 * State            4
 < S^2 >         =   1.001483571081363E-031
 E               =  -0.456405545073094     
 Variance        =   3.725527663512555E-002  +/-   0.000000000000000E+000
 PT norm         =   0.103774166413664       +/-   0.000000000000000E+000
 PT2             =   -1.23899433559465       +/-   0.000000000000000E+000
 rPT2            =   -1.22579366843943       +/-   0.000000000000000E+000
 E+PT2           =   -1.69539988066774       +/-   0.000000000000000E+000
 E+rPT2          =   -1.68219921351253       +/-   0.000000000000000E+000
 
 -----
 Variational Energy difference (au | eV)
 Delta E =    2.12363955703490        57.7871983096484     
 Delta E =    2.42475710511127        65.9810273460126     
 Delta E =    2.43056254660995        66.1390015173111     
 -----
 Variational + perturbative Energy difference (au | eV)
 Delta E =    3.35394259662929        91.2654623090581     
 Delta E =   -1.60744071369891       -43.7407068378483     
 Delta E =    1.19419690978837        32.4957657800758     
 -----
 Variational + renormalized perturbative Energy difference (au | eV)
 Delta E =    3.07764732981385        83.7470822136270     
 Delta E =    1.73749923341427        47.2797808044043     
 Delta E =    1.20739588335060        32.8549282849357     

Extrapolated energies
------------------------

 
 State            1
 
 =========== ===================
 minimum PT2 Extrapolated energy
 =========== ===================
    -0.0333         -2.88964539
 =========== ===================
 
 State            2
 
 =========== =================== =================== ===================
 minimum PT2 Extrapolated energy   Excitation (a.u)    Excitation (eV)  
 =========== =================== =================== ===================
     0.0000          0.00000000         2.88964539        78.63128688
 =========== =================== =================== ===================
 
 State            3
 
 =========== =================== =================== ===================
 minimum PT2 Extrapolated energy   Excitation (a.u)    Excitation (eV)  
 =========== =================== =================== ===================
     0.0000          0.00000000         2.88964539        78.63128688
 =========== =================== =================== ===================
 
 State            4
 
 =========== =================== =================== ===================
 minimum PT2 Extrapolated energy   Excitation (a.u)    Excitation (eV)  
 =========== =================== =================== ===================
    -0.4063          0.22632012         3.11596551        84.78977336
 =========== =================== =================== ===================
 
 Providing the H_matrix_all_dets ...
 H_matrix_all_dets done 
 Diagonalization of H using Lapack
 
.. >>>>> [ RES  MEM :          0.058 GB ] [ VIRT MEM :          2.717 GB ] <<<<< ..
.. >>>>> [ WALL TIME:           0.26  s ] [ CPU  TIME:           0.41  s ] <<<<< ..
 
* Energy of state    1                              -2.889548379798363    
* S^2 of state    1                                 0.5061343893849667E-30
* Energy of state    2                              -2.095603484452001    
* S^2 of state    2                                 0.2465190328815664E-29
* Energy of state    3                              -1.763507985581468    
* S^2 of state    3                                 0.7937912858786424E-29
* Energy of state    4                             -0.7628211688458081    
* S^2 of state    4                                 0.7494178599599612E-29
* Saved determinants                                            51
--------------------------------------------------------------------------------
 
.. >>>>> [ RES  MEM :          0.058 GB ] [ VIRT MEM :          2.717 GB ] <<<<< ..
.. >>>>> [ WALL TIME:           0.26  s ] [ CPU  TIME:           0.42  s ] <<<<< ..
 
* Number of generators                                          39
* Number of comb teeth                                           1
 Using 1/c_max^2 weight in selection
 # Total weight   0.1432015      0.2957910      0.2866053      0.2744022    
* Number of unique beta determinants                            12
* Number of unique alpha determinants                           12
 
.. >>>>> [ RES  MEM :          0.058 GB ] [ VIRT MEM :          2.717 GB ] <<<<< ..
.. >>>>> [ WALL TIME:           0.26  s ] [ CPU  TIME:           0.42  s ] <<<<< ..
 
* Number of selectors                                           39
* pt2_n_tasks_max                                                1
* PT2 Energy denominator                            -2.889548379798363    
* PT2 Energy denominator                            -2.095603484452001    
* PT2 Energy denominator                            -1.763507985581468    
* PT2 Energy denominator                           -0.7628211688458081    
* Estimated memory/thread (Gb)                      0.5319714546203613E-05
 Overlap of perturbed states:
  2.982985352707431E-008  2.926833178665409E-008 -2.077978264739255E-005
 -1.658643037863525E-007
  2.926833178665409E-008  7.091601072654665E-006 -4.254063513030989E-005
  2.163109929708447E-007
 -2.077978264739255E-005 -4.254063513030989E-005  1.936611659354519E-002
  1.109570673444680E-004
 -1.658643037863525E-007  2.163109929708447E-007  1.109570673444680E-004
  2.148412309700651E-006
 -------
 Using 1/c_max^2 weight in selection
 # Total weight   0.1432015      0.2957910      0.2866053      0.2744022    
* Correlation ratio                                 0.9999969442965786    
 
Summary at N_det =           51
-----------------------------------
 
# ============ ============================= ============================= ============================= =============================
                     State      1                  State      2                  State      3                  State      4
# ============ ============================= ============================= ============================= =============================
# E              -2.88954838                   -2.09560348                   -1.76350799                   -0.76282117
# Excit. (au)     0.00000000                    0.79394490                    1.12604039                    2.12672721
# Excit. (eV)     0.00000000                   21.60434946                   30.64113180                   57.87121769
# PT2            -0.00000010     0.00000000    -0.00000130     0.00000000     1.95923877     0.00000000    -2.37685105     0.00000000
# rPT2           -0.00000010     0.00000000    -0.00000130     0.00000000     1.92201676     0.00000000    -2.37684595     0.00000000
#
# E+PT2          -2.88954848     0.00000000    -2.09560478     0.00000000     0.19573078     0.00000000    -3.13967222     0.00000000
# E+rPT2         -2.88954848     0.00000000    -2.09560478     0.00000000     0.15850878     0.00000000    -3.13966711     0.00000000
# Excit. (au)     0.00000000     0.00000000     0.79394370     0.00000000     3.08527926     0.00000000    -0.25012374     0.00000000
# Excit. (eV)     0.00000000     0.00000000    21.60431690     0.00000000    83.95475777     0.00000000    -6.80621623     0.00000000
# ============ ============================= ============================= ============================= =============================
 
 N_det             =           51
 N_states          =            4
 N_cfg             =           30
 N_csf             =            9
 
 * State            1
 < S^2 >         =   5.061343893849667E-031
 E               =   -2.88954837979836     
 Variance        =   3.573889895031493E-007  +/-   0.000000000000000E+000
 PT norm         =   1.727132117907438E-004  +/-   0.000000000000000E+000
 PT2             =  -1.034166656754820E-007  +/-   0.000000000000000E+000
 rPT2            =  -1.034166625905781E-007  +/-   0.000000000000000E+000
 E+PT2           =   -2.88954848321503       +/-   0.000000000000000E+000
 E+rPT2          =   -2.88954848321503       +/-   0.000000000000000E+000
 
 * State            2
 < S^2 >         =   2.465190328815664E-030
 E               =   -2.09560348445200     
 Variance        =   8.546969197409733E-007  +/-   0.000000000000000E+000
 PT norm         =   2.663006021896057E-003  +/-   0.000000000000000E+000
 PT2             =  -1.299856855485615E-006  +/-   0.000000000000000E+000
 rPT2            =  -1.299847637484715E-006  +/-   0.000000000000000E+000
 E+PT2           =   -2.09560478430886       +/-   0.000000000000000E+000
 E+rPT2          =   -2.09560478429964       +/-   0.000000000000000E+000
 
 * State            3
 < S^2 >         =   7.937912858786424E-030
 E               =   -1.76350798558147     
 Variance        =   9.305039002344605E-002  +/-   0.000000000000000E+000
 PT norm         =   0.139162195274238       +/-   0.000000000000000E+000
 PT2             =    1.95923876534405       +/-   0.000000000000000E+000
 rPT2            =    1.92201676458632       +/-   0.000000000000000E+000
 E+PT2           =   0.195730779762579       +/-   0.000000000000000E+000
 E+rPT2          =   0.158508779004852       +/-   0.000000000000000E+000
 
 * State            4
 < S^2 >         =   7.494178599599612E-030
 E               =  -0.762821168845808     
 Variance        =   1.575774148510974E-006  +/-   0.000000000000000E+000
 PT norm         =   1.465746331975847E-003  +/-   0.000000000000000E+000
 PT2             =   -2.37685105203223       +/-   0.000000000000000E+000
 rPT2            =   -2.37684594558714       +/-   0.000000000000000E+000
 E+PT2           =   -3.13967222087803       +/-   0.000000000000000E+000
 E+rPT2          =   -3.13966711443295       +/-   0.000000000000000E+000
 
 -----
 Variational Energy difference (au | eV)
 Delta E =   0.793944895346362        21.6043494586116     
 Delta E =    1.12604039421689        30.6411318011707     
 Delta E =    2.12672721095255        57.8712176850927     
 -----
 Variational + perturbative Energy difference (au | eV)
 Delta E =   0.793943698906172        21.6043169018030     
 Delta E =    3.08527926297761        83.9547577740861     
 Delta E =  -0.250123737663007       -6.80621623495454     
 -----
 Variational + renormalized perturbative Energy difference (au | eV)
 Delta E =   0.793943698915387        21.6043169020538     
 Delta E =    3.04805726221988        82.9418951476844     
 Delta E =  -0.250118631217922       -6.80607728145192     

Extrapolated energies
------------------------

 
 State            1
 
 =========== ===================
 minimum PT2 Extrapolated energy
 =========== ===================
    -0.0026         -2.88954848
    -0.0333         -2.88959282
 =========== ===================
 
 State            2
 
 =========== =================== =================== ===================
 minimum PT2 Extrapolated energy   Excitation (a.u)    Excitation (eV)  
 =========== =================== =================== ===================
     0.9514         -2.09560166         0.79394682        21.60440175
     0.0000         -1.04780226         1.84179055        50.11769326
 =========== =================== =================== ===================
 
 State            3
 
 =========== =================== =================== ===================
 minimum PT2 Extrapolated energy   Excitation (a.u)    Excitation (eV)  
 =========== =================== =================== ===================
    -0.6899         -0.80592421         2.08362428        56.69832663
     0.0000         -0.50018007         2.38941274        65.01925794
 =========== =================== =================== ===================
 
 State            4
 
 =========== =================== =================== ===================
 minimum PT2 Extrapolated energy   Excitation (a.u)    Excitation (eV)  
 =========== =================== =================== ===================
    -1.2258         -0.13009341         2.75945508        75.08862659
    -0.4063          0.10042062         2.99001344        81.36244168
 =========== =================== =================== ===================
 
 Providing the H_matrix_all_dets ...
 H_matrix_all_dets done 
 Diagonalization of H using Lapack
 
.. >>>>> [ RES  MEM :          0.060 GB ] [ VIRT MEM :          2.718 GB ] <<<<< ..
.. >>>>> [ WALL TIME:           0.28  s ] [ CPU  TIME:           0.45  s ] <<<<< ..
 
* Energy of state    1                              -2.889548485367309    
* S^2 of state    1                                 0.3150821389017519E-30
* Energy of state    2                              -2.095605410346825    
* S^2 of state    2                                 0.3865418435582964E-28
* Energy of state    3                              -2.007076015679157    
* S^2 of state    3                                 0.2051038353574623E-28
* Energy of state    4                              -1.820933570140344    
* S^2 of state    4                                 0.1549322817854062E-26
* Saved determinants                                           153
--------------------------------------------------------------------------------
 
.. >>>>> [ RES  MEM :          0.060 GB ] [ VIRT MEM :          2.718 GB ] <<<<< ..
.. >>>>> [ WALL TIME:           0.28  s ] [ CPU  TIME:           0.45  s ] <<<<< ..
 
* Number of generators                                         110
* Number of comb teeth                                           1
 Using 1/c_max^2 weight in selection
 # Total weight   0.1105719      0.2283974      0.2264168      0.4346139    
* Number of unique beta determinants                            20
* Number of unique alpha determinants                           20
 
.. >>>>> [ RES  MEM :          0.060 GB ] [ VIRT MEM :          2.718 GB ] <<<<< ..
.. >>>>> [ WALL TIME:           0.29  s ] [ CPU  TIME:           0.45  s ] <<<<< ..
 
* Number of selectors                                          110
* pt2_n_tasks_max                                                1
* PT2 Energy denominator                            -2.889548485367309    
* PT2 Energy denominator                            -2.095605410346825    
* PT2 Energy denominator                            -2.007076015679157    
* PT2 Energy denominator                            -1.820933570140344    
* Estimated memory/thread (Gb)                      0.1595914363861084E-04
 Overlap of perturbed states:
  1.040691160502652E-011 -1.460107160457288E-012  4.458312656975582E-010
 -7.204495822389720E-009
 -1.460107160457288E-012  1.309600488054489E-011 -4.799071022364247E-009
  2.658247256138939E-008
  4.458312656975582E-010 -4.799071022364247E-009  2.789259644732218E-006
 -8.526990084937556E-006
 -7.204495822389720E-009  2.658247256138939E-008 -8.526990084937556E-006
  3.458250060632820E-002
 -------
 Using 1/c_max^2 weight in selection
 # Total weight   0.1105719      0.2283974      0.2264168      0.4346139    
* Correlation ratio                                 0.9999999984675664    
 
Summary at N_det =          153
-----------------------------------
 
# ============ ============================= ============================= ============================= =============================
                     State      1                  State      2                  State      3                  State      4
# ============ ============================= ============================= ============================= =============================
# E              -2.88954849                   -2.09560541                   -2.00707602                   -1.82093357
# Excit. (au)     0.00000000                    0.79394308                    0.88247247                    1.06861492
# Excit. (eV)     0.00000000                   21.60429993                   24.01330840                   29.07850432
# PT2            -0.00000000     0.00000000    -0.00000000     0.00000000    -0.00000714     0.00000000    -0.06157817     0.00000000
# rPT2           -0.00000000     0.00000000    -0.00000000     0.00000000    -0.00000714     0.00000000    -0.05951983     0.00000000
#
# E+PT2          -2.88954849     0.00000000    -2.09560541     0.00000000    -2.00708315     0.00000000    -1.88251174     0.00000000
# E+rPT2         -2.88954849     0.00000000    -2.09560541     0.00000000    -2.00708315     0.00000000    -1.88045340     0.00000000
# Excit. (au)     0.00000000     0.00000000     0.79394308     0.00000000     0.88246533     0.00000000     1.00703674     0.00000000
# Excit. (eV)     0.00000000     0.00000000    21.60429993     0.00000000    24.01311417     0.00000000    27.40287620     0.00000000
# ============ ============================= ============================= ============================= =============================
 
 N_det             =          153
 N_states          =            4
 N_cfg             =           85
 N_csf             =           17
 
 * State            1
 < S^2 >         =   3.150821389017519E-031
 E               =   -2.88954848536731     
 Variance        =   2.688918194852127E-010  +/-   0.000000000000000E+000
 PT norm         =   3.225974520207268E-006  +/-   0.000000000000000E+000
 PT2             =  -5.186340246154941E-011  +/-   0.000000000000000E+000
 rPT2            =  -5.186340246100967E-011  +/-   0.000000000000000E+000
 E+PT2           =   -2.88954848541917       +/-   0.000000000000000E+000
 E+rPT2          =   -2.88954848541917       +/-   0.000000000000000E+000
 
 * State            2
 < S^2 >         =   3.865418435582964E-029
 E               =   -2.09560541034682     
 Variance        =   1.453930700501106E-010  +/-   0.000000000000000E+000
 PT norm         =   3.618840267343240E-006  +/-   0.000000000000000E+000
 PT2             =  -4.233635664263602E-011  +/-   0.000000000000000E+000
 rPT2            =  -4.233635664208158E-011  +/-   0.000000000000000E+000
 E+PT2           =   -2.09560541038916       +/-   0.000000000000000E+000
 E+rPT2          =   -2.09560541038916       +/-   0.000000000000000E+000
 
 * State            3
 < S^2 >         =   2.051038353574623E-029
 E               =   -2.00707601567916     
 Variance        =   1.835531172070851E-005  +/-   0.000000000000000E+000
 PT norm         =   1.670107674592335E-003  +/-   0.000000000000000E+000
 PT2             =  -7.137746853236315E-006  +/-   0.000000000000000E+000
 rPT2            =  -7.137726944262594E-006  +/-   0.000000000000000E+000
 E+PT2           =   -2.00708315342601       +/-   0.000000000000000E+000
 E+rPT2          =   -2.00708315340610       +/-   0.000000000000000E+000
 
 * State            4
 < S^2 >         =   1.549322817854062E-027
 E               =   -1.82093357014034     
 Variance        =   0.115750405059616       +/-   0.000000000000000E+000
 PT norm         =   0.185963707766672       +/-   0.000000000000000E+000
 PT2             =  -6.157817391306075E-002  +/-   0.000000000000000E+000
 rPT2            =  -5.951982937752397E-002  +/-   0.000000000000000E+000
 E+PT2           =   -1.88251174405340       +/-   0.000000000000000E+000
 E+rPT2          =   -1.88045339951787       +/-   0.000000000000000E+000
 
 -----
 Variational Energy difference (au | eV)
 Delta E =   0.793943075020484        21.6042999250021     
 Delta E =   0.882472469688152        24.0133083977190     
 Delta E =    1.06861491522697        29.0785043150587     
 -----
 Variational + perturbative Energy difference (au | eV)
 Delta E =   0.793943075030011        21.6042999252614     
 Delta E =   0.882465331993162        24.0131141710695     
 Delta E =    1.00703674136577        27.4028762016742     
 -----
 Variational + renormalized perturbative Energy difference (au | eV)
 Delta E =   0.793943075030011        21.6042999252614     
 Delta E =   0.882465332013071        24.0131141716112     
 Delta E =    1.00909508590130        27.4588866312552     

Extrapolated energies
------------------------

 
 State            1
 
 =========== ===================
 minimum PT2 Extrapolated energy
 =========== ===================
    -0.0000         -2.88954849
    -0.0026         -2.88954848
    -0.0333         -2.88957722
 =========== ===================
 
 State            2
 
 =========== =================== =================== ===================
 minimum PT2 Extrapolated energy   Excitation (a.u)    Excitation (eV)  
 =========== =================== =================== ===================
    -0.0000         -2.09560541         0.79394308        21.60429992
     0.9514         -2.09560354         0.79394495        21.60435084
     0.0000         -1.39706966         1.49250756        40.61321530
 =========== =================== =================== ===================
 
 State            3
 
 =========== =================== =================== ===================
 minimum PT2 Extrapolated energy   Excitation (a.u)    Excitation (eV)  
 =========== =================== =================== ===================
     1.9220         -2.00707511         0.88247337        24.01333301
    -0.6899         -1.26160774         1.62794074        44.29854117
     0.0000         -0.91462591         1.97495131        53.74118357
 =========== =================== =================== ===================
 
 State            4
 
 =========== =================== =================== ===================
 minimum PT2 Extrapolated energy   Excitation (a.u)    Excitation (eV)  
 =========== =================== =================== ===================
    -2.3768         -1.84811087         1.04143761        28.33897200
    -1.2258         -1.57269787         1.31685062        35.83334441
    -0.4063         -0.95540739         1.93416984        52.63146260
 =========== =================== =================== ===================
 
 Providing the H_matrix_all_dets ...
 H_matrix_all_dets done 
 Diagonalization of H using Lapack
 
.. >>>>> [ RES  MEM :          0.068 GB ] [ VIRT MEM :          2.724 GB ] <<<<< ..
.. >>>>> [ WALL TIME:           0.53  s ] [ CPU  TIME:           0.89  s ] <<<<< ..
 
* Energy of state    1                              -2.889548485421106    
* S^2 of state    1                                 0.1048938484911067E-28
* Energy of state    2                              -2.095605410391042    
* S^2 of state    2                                 0.9614242282381152E-28
* Energy of state    3                              -2.007084071190691    
* S^2 of state    3                                 0.2632823271175120E-28
* Energy of state    4                              -1.977211449319270    
* S^2 of state    4                                 0.1427838238450018E-27
* Saved determinants                                           461
--------------------------------------------------------------------------------
 
.. >>>>> [ RES  MEM :          0.068 GB ] [ VIRT MEM :          2.724 GB ] <<<<< ..
.. >>>>> [ WALL TIME:           0.54  s ] [ CPU  TIME:           0.90  s ] <<<<< ..
 
* Number of generators                                         202
* Number of comb teeth                                           1
 Using 1/c_max^2 weight in selection
 # Total weight   0.1396486      0.2884582      0.2859703      0.2859228    
* Number of unique beta determinants                            27
* Number of unique alpha determinants                           27
 
.. >>>>> [ RES  MEM :          0.068 GB ] [ VIRT MEM :          2.724 GB ] <<<<< ..
.. >>>>> [ WALL TIME:           0.54  s ] [ CPU  TIME:           0.90  s ] <<<<< ..
 
* Number of selectors                                          202
* pt2_n_tasks_max                                                1
* PT2 Energy denominator                            -2.889548485421106    
* PT2 Energy denominator                            -2.095605410391042    
* PT2 Energy denominator                            -2.007084071190691    
* PT2 Energy denominator                            -1.977211449319270    
* Estimated memory/thread (Gb)                      0.4808604717254639E-04
 Overlap of perturbed states:
  1.536427416463081E-014  2.938344128341326E-014  9.577182924960817E-015
  2.089223227328976E-015
  2.938344128341326E-014  5.619678905464496E-014  1.913290328124700E-014
  1.110564414045737E-014
  9.577182924960817E-015  1.913290328124700E-014  4.434528605037077E-013
  6.450986269818073E-012
  2.089223227328976E-015  1.110564414045737E-014  6.450986269818073E-012
  7.448167557608496E-007
 -------
 Using 1/c_max^2 weight in selection
 # Total weight   0.1396486      0.2884582      0.2859703      0.2859228    
* Correlation ratio                                 0.9999999999980055    
 
Summary at N_det =          461
-----------------------------------
 
# ============ ============================= ============================= ============================= =============================
                     State      1                  State      2                  State      3                  State      4
# ============ ============================= ============================= ============================= =============================
# E              -2.88954849                   -2.09560541                   -2.00708407                   -1.97721145
# Excit. (au)     0.00000000                    0.79394308                    0.88246441                    0.91233704
# Excit. (eV)     0.00000000                   21.60429993                   24.01308920                   24.82596496
# PT2            -0.00000000     0.00000000    -0.00000000     0.00000000    -0.00000000     0.00000000    -0.00000201     0.00000000
# rPT2           -0.00000000     0.00000000    -0.00000000     0.00000000    -0.00000000     0.00000000    -0.00000201     0.00000000
#
# E+PT2          -2.88954849     0.00000000    -2.09560541     0.00000000    -2.00708407     0.00000000    -1.97721346     0.00000000
# E+rPT2         -2.88954849     0.00000000    -2.09560541     0.00000000    -2.00708407     0.00000000    -1.97721346     0.00000000
# Excit. (au)     0.00000000     0.00000000     0.79394308     0.00000000     0.88246441     0.00000000     0.91233502     0.00000000
# Excit. (eV)     0.00000000     0.00000000    21.60429993     0.00000000    24.01308920     0.00000000    24.82591018     0.00000000
# ============ ============================= ============================= ============================= =============================
 
 N_det             =          461
 N_states          =            4
 N_cfg             =          244
 N_csf             =           27
 
 * State            1
 < S^2 >         =   1.048938484911067E-029
 E               =   -2.88954848542111     
 Variance        =   2.987922789502764E-013  +/-   0.000000000000000E+000
 PT norm         =   1.239527093880195E-007  +/-   0.000000000000000E+000
 PT2             =  -6.750155989720952E-014  +/-   0.000000000000000E+000
 rPT2            =  -6.750155989720848E-014  +/-   0.000000000000000E+000
 E+PT2           =   -2.88954848542117       +/-   0.000000000000000E+000
 E+rPT2          =   -2.88954848542117       +/-   0.000000000000000E+000
 
 * State            2
 < S^2 >         =   9.614242282381152E-029
 E               =   -2.09560541039104     
 Variance        =   7.347755028298870E-013  +/-   0.000000000000000E+000
 PT norm         =   2.370586194481124E-007  +/-   0.000000000000000E+000
 PT2             =  -2.031708135064036E-013  +/-   0.000000000000000E+000
 rPT2            =  -2.031708135063922E-013  +/-   0.000000000000000E+000
 E+PT2           =   -2.09560541039125       +/-   0.000000000000000E+000
 E+rPT2          =   -2.09560541039124       +/-   0.000000000000000E+000
 
 * State            3
 < S^2 >         =   2.632823271175120E-029
 E               =   -2.00708407119069     
 Variance        =   1.672415024782416E-012  +/-   0.000000000000000E+000
 PT norm         =   6.659225634439095E-007  +/-   0.000000000000000E+000
 PT2             =  -8.553158181712206E-013  +/-   0.000000000000000E+000
 rPT2            =  -8.553158181708413E-013  +/-   0.000000000000000E+000
 E+PT2           =   -2.00708407119155       +/-   0.000000000000000E+000
 E+rPT2          =   -2.00708407119155       +/-   0.000000000000000E+000
 
 * State            4
 < S^2 >         =   1.427838238450018E-028
 E               =   -1.97721144931927     
 Variance        =   5.486381590039601E-006  +/-   0.000000000000000E+000
 PT norm         =   8.630276680158346E-004  +/-   0.000000000000000E+000
 PT2             =  -2.013268516676270E-006  +/-   0.000000000000000E+000
 rPT2            =  -2.013267017161261E-006  +/-   0.000000000000000E+000
 E+PT2           =   -1.97721346258779       +/-   0.000000000000000E+000
 E+rPT2          =   -1.97721346258629       +/-   0.000000000000000E+000
 
 -----
 Variational Energy difference (au | eV)
 Delta E =   0.793943075030064        21.6042999252628     
 Delta E =   0.882464414230415        24.0130891974633     
 Delta E =   0.912337036101836        24.8259649599224     
 -----
 Variational + perturbative Energy difference (au | eV)
 Delta E =   0.793943075029928        21.6042999252591     
 Delta E =   0.882464414229627        24.0130891974419     
 Delta E =   0.912335022833387        24.8259101760761     
 -----
 Variational + renormalized perturbative Energy difference (au | eV)
 Delta E =   0.793943075029928        21.6042999252591     
 Delta E =   0.882464414229627        24.0130891974419     
 Delta E =   0.912335022834887        24.8259101761169     

Extrapolated energies
------------------------

 
 State            1
 
 =========== ===================
 minimum PT2 Extrapolated energy
 =========== ===================
    -0.0000         -2.88954849
    -0.0000         -2.88954849
    -0.0026         -2.88954848
    -0.0333         -2.88956975
 =========== ===================
 
 State            2
 
 =========== =================== =================== ===================
 minimum PT2 Extrapolated energy   Excitation (a.u)    Excitation (eV)  
 =========== =================== =================== ===================
    -0.0000         -2.09560541         0.79394308        21.60429993
    -0.0000         -2.09560541         0.79394308        21.60429992
     0.9514         -2.09560416         0.79394432        21.60433387
     0.0000         -1.57170348         1.31786627        35.86098173
 =========== =================== =================== ===================
 
 State            3
 
 =========== =================== =================== ===================
 minimum PT2 Extrapolated energy   Excitation (a.u)    Excitation (eV)  
 =========== =================== =================== ===================
    -0.0000         -2.00708407         0.88246441        24.01308920
     1.9220         -2.00707959         0.88246889        24.01321111
    -0.6899         -1.46663720         1.42291129        38.71940347
     0.0000         -1.15027529         1.73929446        47.32863135
 =========== =================== =================== ===================
 
 State            4
 
 =========== =================== =================== ===================
 minimum PT2 Extrapolated energy   Excitation (a.u)    Excitation (eV)  
 =========== =================== =================== ===================
    -0.0595         -1.97721674         0.91233175        24.82582111
    -2.3768         -1.91431852         0.97522996        26.53736934
    -1.2258         -1.76299294         1.12655554        30.65514969
    -0.4063         -1.32847946         1.56109028        42.47944693
 =========== =================== =================== ===================
 
 Providing the H_matrix_all_dets ...
 H_matrix_all_dets done 
 Diagonalization of H using Lapack
 
.. >>>>> [ RES  MEM :          0.089 GB ] [ VIRT MEM :          2.743 GB ] <<<<< ..
.. >>>>> [ WALL TIME:           1.79  s ] [ CPU  TIME:           2.34  s ] <<<<< ..
 
* Energy of state    1                              -2.889548485421095    
* S^2 of state    1                                 0.1732133243733282E-29
* Energy of state    2                              -2.095605410391052    
* S^2 of state    2                                 0.6705317694378608E-28
* Energy of state    3                              -2.007084071190694    
* S^2 of state    3                                 0.1360168763924037E-28
* Energy of state    4                              -1.977213621565074    
* S^2 of state    4                                 0.2162188855120274E-25
* Saved determinants                                           729
* Saved determinants                                           729
 
.. >>>>> [ RES  MEM :          0.089 GB ] [ VIRT MEM :          2.743 GB ] <<<<< ..
.. >>>>> [ WALL TIME:           1.82  s ] [ CPU  TIME:           2.37  s ] <<<<< ..
 
* Number of generators                                         274
* Number of comb teeth                                           1
 Using 1/c_max^2 weight in selection
 # Total weight   0.1396483      0.2884576      0.2859697      0.2859245    
* Number of unique beta determinants                            27
* Number of unique alpha determinants                           27
 
.. >>>>> [ RES  MEM :          0.089 GB ] [ VIRT MEM :          2.743 GB ] <<<<< ..
.. >>>>> [ WALL TIME:           1.82  s ] [ CPU  TIME:           2.37  s ] <<<<< ..
 
* Number of selectors                                          274
* pt2_n_tasks_max                                                1
* PT2 Energy denominator                            -2.889548485421095    
* PT2 Energy denominator                            -2.095605410391052    
* PT2 Energy denominator                            -2.007084071190694    
* PT2 Energy denominator                            -1.977213621565074    
* Estimated memory/thread (Gb)                      0.7604062557220459E-04
 Overlap of perturbed states:
  0.000000000000000E+000  0.000000000000000E+000  0.000000000000000E+000
  0.000000000000000E+000
  0.000000000000000E+000  0.000000000000000E+000  0.000000000000000E+000
  0.000000000000000E+000
  0.000000000000000E+000  0.000000000000000E+000  0.000000000000000E+000
  0.000000000000000E+000
  0.000000000000000E+000  0.000000000000000E+000  0.000000000000000E+000
  0.000000000000000E+000
 -------
 Using 1/c_max^2 weight in selection
 # Total weight   0.1396483      0.2884576      0.2859697      0.2859245    
 
Summary at N_det =          729
-----------------------------------
 
# ============ ============================= ============================= ============================= =============================
                     State      1                  State      2                  State      3                  State      4
# ============ ============================= ============================= ============================= =============================
# E              -2.88954849                   -2.09560541                   -2.00708407                   -1.97721362
# Excit. (au)     0.00000000                    0.79394308                    0.88246441                    0.91233486
# Excit. (eV)     0.00000000                   21.60429993                   24.01308920                   24.82590585
# PT2             0.00000000     0.00000000     0.00000000     0.00000000     0.00000000     0.00000000     0.00000000     0.00000000
# rPT2            0.00000000     0.00000000     0.00000000     0.00000000     0.00000000     0.00000000     0.00000000     0.00000000
#
# E+PT2          -2.88954849     0.00000000    -2.09560541     0.00000000    -2.00708407     0.00000000    -1.97721362     0.00000000
# E+rPT2         -2.88954849     0.00000000    -2.09560541     0.00000000    -2.00708407     0.00000000    -1.97721362     0.00000000
# Excit. (au)     0.00000000     0.00000000     0.79394308     0.00000000     0.88246441     0.00000000     0.91233486     0.00000000
# Excit. (eV)     0.00000000     0.00000000    21.60429993     0.00000000    24.01308920     0.00000000    24.82590585     0.00000000
# ============ ============================= ============================= ============================= =============================
 
 N_det             =          729
 N_states          =            4
 N_cfg             =          378
 N_csf             =           27
 
 * State            1
 < S^2 >         =   1.732133243733282E-030
 E               =   -2.88954848542110     
 Variance        =   0.000000000000000E+000  +/-   0.000000000000000E+000
 PT norm         =   0.000000000000000E+000  +/-                      NaN
 PT2             =   0.000000000000000E+000  +/-   0.000000000000000E+000
 rPT2            =   0.000000000000000E+000  +/-   0.000000000000000E+000
 E+PT2           =   -2.88954848542110       +/-   0.000000000000000E+000
 E+rPT2          =   -2.88954848542110       +/-   0.000000000000000E+000
 
 * State            2
 < S^2 >         =   6.705317694378608E-029
 E               =   -2.09560541039105     
 Variance        =   0.000000000000000E+000  +/-   0.000000000000000E+000
 PT norm         =   0.000000000000000E+000  +/-                      NaN
 PT2             =   0.000000000000000E+000  +/-   0.000000000000000E+000
 rPT2            =   0.000000000000000E+000  +/-   0.000000000000000E+000
 E+PT2           =   -2.09560541039105       +/-   0.000000000000000E+000
 E+rPT2          =   -2.09560541039105       +/-   0.000000000000000E+000
 
 * State            3
 < S^2 >         =   1.360168763924037E-029
 E               =   -2.00708407119069     
 Variance        =   0.000000000000000E+000  +/-   0.000000000000000E+000
 PT norm         =   0.000000000000000E+000  +/-                      NaN
 PT2             =   0.000000000000000E+000  +/-   0.000000000000000E+000
 rPT2            =   0.000000000000000E+000  +/-   0.000000000000000E+000
 E+PT2           =   -2.00708407119069       +/-   0.000000000000000E+000
 E+rPT2          =   -2.00708407119069       +/-   0.000000000000000E+000
 
 * State            4
 < S^2 >         =   2.162188855120274E-026
 E               =   -1.97721362156507     
 Variance        =   0.000000000000000E+000  +/-   0.000000000000000E+000
 PT norm         =   0.000000000000000E+000  +/-                      NaN
 PT2             =   0.000000000000000E+000  +/-   0.000000000000000E+000
 rPT2            =   0.000000000000000E+000  +/-   0.000000000000000E+000
 E+PT2           =   -1.97721362156507       +/-   0.000000000000000E+000
 E+rPT2          =   -1.97721362156507       +/-   0.000000000000000E+000
 
 -----
 Variational Energy difference (au | eV)
 Delta E =   0.793943075030044        21.6042999252623     
 Delta E =   0.882464414230401        24.0130891974630     
 Delta E =   0.912334863856022        24.8259058500799     
 -----
 Variational + perturbative Energy difference (au | eV)
 Delta E =   0.793943075030044        21.6042999252623     
 Delta E =   0.882464414230401        24.0130891974630     
 Delta E =   0.912334863856022        24.8259058500799     
 -----
 Variational + renormalized perturbative Energy difference (au | eV)
 Delta E =   0.793943075030044        21.6042999252623     
 Delta E =   0.882464414230401        24.0130891974630     
 Delta E =   0.912334863856022        24.8259058500799     

Extrapolated energies
------------------------

 
 State            1
 
 =========== ===================
 minimum PT2 Extrapolated energy
 =========== ===================
    -0.0000         -2.88954849
    -0.0000         -2.88954849
    -0.0000         -2.88954849
    -0.0026         -2.88954848
    -0.0333         -2.88956536
 =========== ===================
 
 State            2
 
 =========== =================== =================== ===================
 minimum PT2 Extrapolated energy   Excitation (a.u)    Excitation (eV)  
 =========== =================== =================== ===================
    -0.0000         -2.09560541         0.79394308        21.60429993
    -0.0000         -2.09560541         0.79394308        21.60429993
    -0.0000         -2.09560541         0.79394308        21.60429993
     0.9514         -2.09560447         0.79394401        21.60432538
     0.0000         -1.67648381         1.21308155        33.00964318
 =========== =================== =================== ===================
 
 State            3
 
 =========== =================== =================== ===================
 minimum PT2 Extrapolated energy   Excitation (a.u)    Excitation (eV)  
 =========== =================== =================== ===================
    -0.0000         -2.00708407         0.88246441        24.01308920
    -0.0000         -2.00708407         0.88246441        24.01308920
     1.9220         -2.00708108         0.88246740        24.01317047
    -0.6899         -1.58321463         1.30633385        35.54716863
     0.0000         -1.30230097         1.58726438        43.19168069
 =========== =================== =================== ===================
 
 State            4
 
 =========== =================== =================== ===================
 minimum PT2 Extrapolated energy   Excitation (a.u)    Excitation (eV)  
 =========== =================== =================== ===================
    -0.0000         -1.97721362         0.91233486        24.82590585
    -0.0595         -1.97721518         0.91233331        24.82586348
    -2.3768         -1.93563928         0.95390920        25.95720173
    -1.2258         -1.83152776         1.05802072        28.79022147
    -0.4063         -1.50198930         1.38757606        37.75788250
 =========== =================== =================== ===================
 
Wall time: 0:00:03

