Date: 11/04/2023 20:09:39
===============
Quantum Package
===============

Git Commit: Dev stable
Git Date  : Tue Apr 11 12:59:43 2023 +0200
Git SHA1  : 06be65745fb201a2002e9a49a96b0101f84f5b14
EZFIO Dir : B_19.0


Task server running : tcp://127.0.1.1:41279
 * mo_label          no_label
.. >>>>> [ IO READ: mo_guess_type ] <<<<< ..
 
.. >>>>> [ RES  MEM :          0.022 GB ] [ VIRT MEM :          0.164 GB ] <<<<< ..
.. >>>>> [ WALL TIME:           0.00  s ] [ CPU  TIME:           0.02  s ] <<<<< ..
 
.. >>>>> [ IO READ: lin_dep_cutoff ] <<<<< ..
 
.. >>>>> [ RES  MEM :          0.022 GB ] [ VIRT MEM :          0.164 GB ] <<<<< ..
.. >>>>> [ WALL TIME:           0.00  s ] [ CPU  TIME:           0.02  s ] <<<<< ..
 
* Linear dependencies cut-off                       0.1000000000000000E-05
.. >>>>> [ IO READ: io_ao_integrals_overlap ] <<<<< ..
 
.. >>>>> [ RES  MEM :          0.022 GB ] [ VIRT MEM :          0.164 GB ] <<<<< ..
.. >>>>> [ WALL TIME:           0.00  s ] [ CPU  TIME:           0.02  s ] <<<<< ..
 
 
.. >>>>> [ RES  MEM :          0.023 GB ] [ VIRT MEM :          0.164 GB ] <<<<< ..
.. >>>>> [ WALL TIME:           0.00  s ] [ CPU  TIME:           0.02  s ] <<<<< ..
 

Nuclear Coordinates (Angstroms)
===============================

================ ============ ============ ============ ============
      Atom          Charge          X            Y            Z 
================ ============ ============ ============ ============
x                    0.000000     0.000000     0.000000     0.000000
H                    1.000000     0.000000     0.381040   -10.054368
H                    1.000000     0.000000    -0.381040   -10.054368
================ ============ ============ ============ ============

Minimal interatomic distance found:       0.7621 Angstrom
* mo_num                                                        27
.. >>>>> [ IO READ: level_shift ] <<<<< ..
 
.. >>>>> [ RES  MEM :          0.028 GB ] [ VIRT MEM :          0.238 GB ] <<<<< ..
.. >>>>> [ WALL TIME:           0.03  s ] [ CPU  TIME:           0.03  s ] <<<<< ..
 
.. >>>>> [ IO READ: elec_alpha_num ] <<<<< ..
 
.. >>>>> [ RES  MEM :          0.028 GB ] [ VIRT MEM :          0.238 GB ] <<<<< ..
.. >>>>> [ WALL TIME:           0.03  s ] [ CPU  TIME:           0.03  s ] <<<<< ..
 
.. >>>>> [ IO READ: elec_beta_num ] <<<<< ..
 
.. >>>>> [ RES  MEM :          0.028 GB ] [ VIRT MEM :          0.238 GB ] <<<<< ..
.. >>>>> [ WALL TIME:           0.03  s ] [ CPU  TIME:           0.03  s ] <<<<< ..
 
.. >>>>> [ IO READ: no_oa_or_av_opt ] <<<<< ..
 
.. >>>>> [ RES  MEM :          0.028 GB ] [ VIRT MEM :          0.238 GB ] <<<<< ..
.. >>>>> [ WALL TIME:           0.03  s ] [ CPU  TIME:           0.03  s ] <<<<< ..
 
.. >>>>> [ IO READ: frozen_orb_scf ] <<<<< ..
 
.. >>>>> [ RES  MEM :          0.028 GB ] [ VIRT MEM :          0.238 GB ] <<<<< ..
.. >>>>> [ WALL TIME:           0.03  s ] [ CPU  TIME:           0.03  s ] <<<<< ..
 
.. >>>>> [ IO READ: io_ao_one_e_integrals ] <<<<< ..
 
.. >>>>> [ RES  MEM :          0.028 GB ] [ VIRT MEM :          0.238 GB ] <<<<< ..
.. >>>>> [ WALL TIME:           0.03  s ] [ CPU  TIME:           0.03  s ] <<<<< ..
 
.. >>>>> [ IO READ: io_ao_integrals_kinetic ] <<<<< ..
 
.. >>>>> [ RES  MEM :          0.028 GB ] [ VIRT MEM :          0.238 GB ] <<<<< ..
.. >>>>> [ WALL TIME:           0.03  s ] [ CPU  TIME:           0.03  s ] <<<<< ..
 
.. >>>>> [ IO READ: io_ao_integrals_n_e ] <<<<< ..
 
.. >>>>> [ RES  MEM :          0.028 GB ] [ VIRT MEM :          0.238 GB ] <<<<< ..
.. >>>>> [ WALL TIME:           0.04  s ] [ CPU  TIME:           0.03  s ] <<<<< ..
 
.. >>>>> [ IO READ: do_pseudo ] <<<<< ..
 
.. >>>>> [ RES  MEM :          0.028 GB ] [ VIRT MEM :          0.238 GB ] <<<<< ..
.. >>>>> [ WALL TIME:           0.04  s ] [ CPU  TIME:           0.03  s ] <<<<< ..
 
 AO map initialized :                  71631
 Providing the AO integrals
 Sorting the map
 AO integrals provided:
  Size of AO map :           0.169729232788086      MB
  Number of AO integrals :                 14628
  cpu  time :  7.302499999999999E-002 s
  wall time :  8.336114883422852E-002 s  ( x   0.876007600917510       )
 Read mo_occ
 
.. >>>>> [ RES  MEM :          0.032 GB ] [ VIRT MEM :          0.450 GB ] <<<<< ..
.. >>>>> [ WALL TIME:           0.14  s ] [ CPU  TIME:           0.13  s ] <<<<< ..
 
* Nuclear repulsion energy                          0.6943856145521005    
.. >>>>> [ IO READ: n_it_scf_max ] <<<<< ..
 
.. >>>>> [ RES  MEM :          0.032 GB ] [ VIRT MEM :          0.450 GB ] <<<<< ..
.. >>>>> [ WALL TIME:           0.14  s ] [ CPU  TIME:           0.13  s ] <<<<< ..
 
.. >>>>> [ IO READ: scf_algorithm ] <<<<< ..
 
.. >>>>> [ RES  MEM :          0.032 GB ] [ VIRT MEM :          0.450 GB ] <<<<< ..
.. >>>>> [ WALL TIME:           0.14  s ] [ CPU  TIME:           0.13  s ] <<<<< ..
 
.. >>>>> [ IO READ: max_dim_diis ] <<<<< ..
 
.. >>>>> [ RES  MEM :          0.032 GB ] [ VIRT MEM :          0.450 GB ] <<<<< ..
.. >>>>> [ WALL TIME:           0.14  s ] [ CPU  TIME:           0.13  s ] <<<<< ..
 
.. >>>>> [ IO READ: threshold_diis ] <<<<< ..
 
.. >>>>> [ RES  MEM :          0.032 GB ] [ VIRT MEM :          0.450 GB ] <<<<< ..
.. >>>>> [ WALL TIME:           0.14  s ] [ CPU  TIME:           0.13  s ] <<<<< ..
 
.. >>>>> [ IO READ: thresh_scf ] <<<<< ..
 
.. >>>>> [ RES  MEM :          0.032 GB ] [ VIRT MEM :          0.450 GB ] <<<<< ..
.. >>>>> [ WALL TIME:           0.14  s ] [ CPU  TIME:           0.13  s ] <<<<< ..
 
 
.. >>>>> [ RES  MEM :          0.032 GB ] [ VIRT MEM :          0.450 GB ] <<<<< ..
.. >>>>> [ WALL TIME:           0.14  s ] [ CPU  TIME:           0.13  s ] <<<<< ..
 
 Energy of the guess =    8.65399328114298     
==== ================ ================ ================ ================
  N          Energy      Energy diff       DIIS error     Level shift   
==== ================ ================ ================ ================
   1    -1.0748714598    -9.7288647410     0.2121858898     0.0000000000   1
   2    -1.1244473789    -0.0495759191     0.0628791955     0.0000000000   2
   3    -1.1286740489    -0.0042266700     0.0037401043     0.0000000000   3
   4    -1.1286920651    -0.0000180162     0.0002952612     0.0000000000   4
   5    -1.1286921503    -0.0000000852     0.0000645114     0.0000000000   5
   6    -1.1286921526    -0.0000000023     0.0000117842     0.0000000000   6
   7    -1.1286921526    -0.0000000001     0.0000022162     0.0000000000   7
==== ================ ================ ================ ================
 
 
.. >>>>> [ RES  MEM :          0.033 GB ] [ VIRT MEM :          0.450 GB ] <<<<< ..
.. >>>>> [ WALL TIME:           0.25  s ] [ CPU  TIME:           0.28  s ] <<<<< ..
 
MOs are now **Canonical**

Eigenvalues
-----------

======== ================
       1    -0.5861834122
       2     0.0612009458
       3     0.0672960253
       4     0.1003490149
       5     0.2301822120
       6     0.2841054712
       7     0.2841054712
       8     0.4164065872
       9     0.4574506370
      10     0.4574506370
      11     0.5576492672
      12     0.6024178480
      13     0.6024184212
      14     0.6024199935
      15     0.6451171864
      16     0.7218564904
      17     1.2041102940
      18     1.6039079328
      19     1.6039079328
      20     2.0639066636
      21     2.2297717923
      22     2.2297717923
      23     3.5889742215
      24     3.6883959141
      25     3.6883959798
      26     3.6883960454
      27     4.5331091733
======== ================

 
.. >>>>> [ RES  MEM :          0.033 GB ] [ VIRT MEM :          0.450 GB ] <<<<< ..
.. >>>>> [ WALL TIME:           0.25  s ] [ CPU  TIME:           0.28  s ] <<<<< ..
 
* SCF energy                                        -1.128692152630653    
 
.. >>>>> [ RES  MEM :          0.033 GB ] [ VIRT MEM :          0.450 GB ] <<<<< ..
.. >>>>> [ WALL TIME:           0.27  s ] [ CPU  TIME:           0.30  s ] <<<<< ..
 
Wall time: 0:00:01

Date: 11/04/2023 20:09:41
===============
Quantum Package
===============

Git Commit: Dev stable
Git Date  : Tue Apr 11 12:59:43 2023 +0200
Git SHA1  : 06be65745fb201a2002e9a49a96b0101f84f5b14
EZFIO Dir : B_19.0


Task server running : tcp://127.0.1.1:41279
.. >>>>> [ IO READ: io_mo_two_e_integrals ] <<<<< ..
 
.. >>>>> [ RES  MEM :          0.023 GB ] [ VIRT MEM :          0.166 GB ] <<<<< ..
.. >>>>> [ WALL TIME:           0.00  s ] [ CPU  TIME:           0.02  s ] <<<<< ..
 
* mo_num                                                        27
 MO map initialized:                  71631
.. >>>>> [ IO READ: no_vvvv_integrals ] <<<<< ..
 
.. >>>>> [ RES  MEM :          0.023 GB ] [ VIRT MEM :          0.166 GB ] <<<<< ..
.. >>>>> [ WALL TIME:           0.00  s ] [ CPU  TIME:           0.02  s ] <<<<< ..
 
.. >>>>> [ IO READ: mo_class ] <<<<< ..
* N_int                                                          1
 AO map initialized :                  71631
 Providing the AO integrals
 
.. >>>>> [ RES  MEM :          0.024 GB ] [ VIRT MEM :          0.315 GB ] <<<<< ..
.. >>>>> [ WALL TIME:           0.01  s ] [ CPU  TIME:           0.03  s ] <<<<< ..
 

Nuclear Coordinates (Angstroms)
===============================

================ ============ ============ ============ ============
      Atom          Charge          X            Y            Z 
================ ============ ============ ============ ============
x                    0.000000     0.000000     0.000000     0.000000
H                    1.000000     0.000000     0.381040   -10.054368
H                    1.000000     0.000000    -0.381040   -10.054368
================ ============ ============ ============ ============

Minimal interatomic distance found:       0.7621 Angstrom
 Sorting the map
 AO integrals provided:
  Size of AO map :           0.169729232788086      MB
  Number of AO integrals :                 14628
  cpu  time :  7.083600000000001E-002 s
  wall time :  8.271002769470215E-002 s  ( x   0.856437870646938       )
 
 AO -> MO integrals transformation
 ---------------------------------
 
* Target maximum memory (GB)                                  2000
.. >>>>> [ IO READ: mo_integrals_threshold ] <<<<< ..
 
.. >>>>> [ RES  MEM :          0.026 GB ] [ VIRT MEM :          0.377 GB ] <<<<< ..
.. >>>>> [ WALL TIME:           0.09  s ] [ CPU  TIME:           0.09  s ] <<<<< ..
 
 Read  mo_coef
 Getting AOs
.. >>>>> [ IO READ: io_ao_integrals_overlap ] <<<<< ..
 
.. >>>>> [ RES  MEM :          0.026 GB ] [ VIRT MEM :          0.381 GB ] <<<<< ..
.. >>>>> [ WALL TIME:           0.09  s ] [ CPU  TIME:           0.09  s ] <<<<< ..
 
.. >>>>> [ IO READ: ao_one_e_integrals_threshold ] <<<<< ..
 
.. >>>>> [ RES  MEM :          0.026 GB ] [ VIRT MEM :          0.381 GB ] <<<<< ..
.. >>>>> [ WALL TIME:           0.09  s ] [ CPU  TIME:           0.09  s ] <<<<< ..
 
 1st transformation
 2nd transformation
 3rd transformation
 4th transformation
 Molecular integrals provided:
  Size of MO map              1.28790283203125      MB
  Number of MO integrals:                  60592
  cpu  time :  0.168902000000000      s
  wall time :  9.436607360839844E-002 s  ( x    1.78985935878727      )
.. >>>>> [ IO READ: do_pt2 ] <<<<< ..
 
.. >>>>> [ RES  MEM :          0.044 GB ] [ VIRT MEM :          0.603 GB ] <<<<< ..
.. >>>>> [ WALL TIME:           0.18  s ] [ CPU  TIME:           0.26  s ] <<<<< ..
 
.. >>>>> [ IO READ: read_wf ] <<<<< ..
 
.. >>>>> [ RES  MEM :          0.044 GB ] [ VIRT MEM :          0.603 GB ] <<<<< ..
.. >>>>> [ WALL TIME:           0.18  s ] [ CPU  TIME:           0.26  s ] <<<<< ..
 
 * mo_label          Canonical
* Number of determinants                                         1
.. >>>>> [ IO READ: elec_beta_num ] <<<<< ..
 
.. >>>>> [ RES  MEM :          0.044 GB ] [ VIRT MEM :          0.603 GB ] <<<<< ..
.. >>>>> [ WALL TIME:           0.18  s ] [ CPU  TIME:           0.26  s ] <<<<< ..
 
.. >>>>> [ IO READ: elec_alpha_num ] <<<<< ..
 
.. >>>>> [ RES  MEM :          0.044 GB ] [ VIRT MEM :          0.603 GB ] <<<<< ..
.. >>>>> [ WALL TIME:           0.18  s ] [ CPU  TIME:           0.26  s ] <<<<< ..
 
.. >>>>> [ IO READ: n_states ] <<<<< ..
 
.. >>>>> [ RES  MEM :          0.044 GB ] [ VIRT MEM :          0.603 GB ] <<<<< ..
.. >>>>> [ WALL TIME:           0.18  s ] [ CPU  TIME:           0.26  s ] <<<<< ..
 
.. >>>>> [ IO READ: io_mo_integrals_n_e ] <<<<< ..
 
.. >>>>> [ RES  MEM :          0.053 GB ] [ VIRT MEM :          2.712 GB ] <<<<< ..
.. >>>>> [ WALL TIME:           0.23  s ] [ CPU  TIME:           0.37  s ] <<<<< ..
 
.. >>>>> [ IO READ: io_ao_integrals_n_e ] <<<<< ..
 
.. >>>>> [ RES  MEM :          0.053 GB ] [ VIRT MEM :          2.712 GB ] <<<<< ..
.. >>>>> [ WALL TIME:           0.23  s ] [ CPU  TIME:           0.37  s ] <<<<< ..
 
.. >>>>> [ IO READ: do_pseudo ] <<<<< ..
 
.. >>>>> [ RES  MEM :          0.053 GB ] [ VIRT MEM :          2.712 GB ] <<<<< ..
.. >>>>> [ WALL TIME:           0.23  s ] [ CPU  TIME:           0.37  s ] <<<<< ..
 
.. >>>>> [ IO READ: io_mo_integrals_kinetic ] <<<<< ..
 
.. >>>>> [ RES  MEM :          0.053 GB ] [ VIRT MEM :          2.712 GB ] <<<<< ..
.. >>>>> [ WALL TIME:           0.24  s ] [ CPU  TIME:           0.37  s ] <<<<< ..
 
.. >>>>> [ IO READ: io_ao_integrals_kinetic ] <<<<< ..
 
.. >>>>> [ RES  MEM :          0.053 GB ] [ VIRT MEM :          2.712 GB ] <<<<< ..
.. >>>>> [ WALL TIME:           0.24  s ] [ CPU  TIME:           0.37  s ] <<<<< ..
 
.. >>>>> [ IO READ: io_mo_one_e_integrals ] <<<<< ..
 
.. >>>>> [ RES  MEM :          0.053 GB ] [ VIRT MEM :          2.712 GB ] <<<<< ..
.. >>>>> [ WALL TIME:           0.24  s ] [ CPU  TIME:           0.38  s ] <<<<< ..
 
 Providing the one-electron integrals
 Providing the H_matrix_all_dets ...
 H_matrix_all_dets done 
 
.. >>>>> [ RES  MEM :          0.053 GB ] [ VIRT MEM :          2.712 GB ] <<<<< ..
.. >>>>> [ WALL TIME:           0.24  s ] [ CPU  TIME:           0.38  s ] <<<<< ..
 
* Nuclear repulsion energy                          0.6943856145521005    
.. >>>>> [ IO READ: weight_one_e_dm ] <<<<< ..
 
.. >>>>> [ RES  MEM :          0.053 GB ] [ VIRT MEM :          2.712 GB ] <<<<< ..
.. >>>>> [ WALL TIME:           0.24  s ] [ CPU  TIME:           0.38  s ] <<<<< ..
 
.. >>>>> [ IO READ: save_wf_after_selection ] <<<<< ..
 
.. >>>>> [ RES  MEM :          0.053 GB ] [ VIRT MEM :          2.712 GB ] <<<<< ..
.. >>>>> [ WALL TIME:           0.24  s ] [ CPU  TIME:           0.38  s ] <<<<< ..
 
 
.. >>>>> [ RES  MEM :          0.054 GB ] [ VIRT MEM :          2.712 GB ] <<<<< ..
.. >>>>> [ WALL TIME:           0.24  s ] [ CPU  TIME:           0.38  s ] <<<<< ..
 
.. >>>>> [ IO READ: selection_factor ] <<<<< ..
 
.. >>>>> [ RES  MEM :          0.054 GB ] [ VIRT MEM :          2.712 GB ] <<<<< ..
.. >>>>> [ WALL TIME:           0.24  s ] [ CPU  TIME:           0.38  s ] <<<<< ..
 
.. >>>>> [ IO READ: n_det_max ] <<<<< ..
 
.. >>>>> [ RES  MEM :          0.054 GB ] [ VIRT MEM :          2.712 GB ] <<<<< ..
.. >>>>> [ WALL TIME:           0.24  s ] [ CPU  TIME:           0.38  s ] <<<<< ..
 
.. >>>>> [ IO READ: pt2_max ] <<<<< ..
 
.. >>>>> [ RES  MEM :          0.054 GB ] [ VIRT MEM :          2.712 GB ] <<<<< ..
.. >>>>> [ WALL TIME:           0.24  s ] [ CPU  TIME:           0.38  s ] <<<<< ..
 
.. >>>>> [ IO READ: variance_max ] <<<<< ..
 
.. >>>>> [ RES  MEM :          0.054 GB ] [ VIRT MEM :          2.712 GB ] <<<<< ..
.. >>>>> [ WALL TIME:           0.24  s ] [ CPU  TIME:           0.38  s ] <<<<< ..
 
.. >>>>> [ IO READ: correlation_energy_ratio_max ] <<<<< ..
 
.. >>>>> [ RES  MEM :          0.054 GB ] [ VIRT MEM :          2.712 GB ] <<<<< ..
.. >>>>> [ WALL TIME:           0.24  s ] [ CPU  TIME:           0.38  s ] <<<<< ..
 
.. >>>>> [ IO READ: s2_eig ] <<<<< ..
 
.. >>>>> [ RES  MEM :          0.054 GB ] [ VIRT MEM :          2.712 GB ] <<<<< ..
.. >>>>> [ WALL TIME:           0.24  s ] [ CPU  TIME:           0.38  s ] <<<<< ..
 
.. >>>>> [ IO READ: pt2_relative_error ] <<<<< ..
 
.. >>>>> [ RES  MEM :          0.054 GB ] [ VIRT MEM :          2.712 GB ] <<<<< ..
.. >>>>> [ WALL TIME:           0.24  s ] [ CPU  TIME:           0.38  s ] <<<<< ..
 
.. >>>>> [ IO READ: threshold_generators ] <<<<< ..
 
.. >>>>> [ RES  MEM :          0.054 GB ] [ VIRT MEM :          2.712 GB ] <<<<< ..
.. >>>>> [ WALL TIME:           0.24  s ] [ CPU  TIME:           0.38  s ] <<<<< ..
 
* Number of configurations                                       1
 
.. >>>>> [ RES  MEM :          0.055 GB ] [ VIRT MEM :          2.712 GB ] <<<<< ..
.. >>>>> [ WALL TIME:           0.24  s ] [ CPU  TIME:           0.38  s ] <<<<< ..
 
 Diagonalization of H using Lapack
 
.. >>>>> [ RES  MEM :          0.055 GB ] [ VIRT MEM :          2.712 GB ] <<<<< ..
.. >>>>> [ WALL TIME:           0.24  s ] [ CPU  TIME:           0.38  s ] <<<<< ..
 
* Energy of state    1                              -1.128692152633409    
* S^2 of state    1                                  0.000000000000000    
* Saved determinants                                             1
--------------------------------------------------------------------------------
 
.. >>>>> [ RES  MEM :          0.055 GB ] [ VIRT MEM :          2.712 GB ] <<<<< ..
.. >>>>> [ WALL TIME:           0.24  s ] [ CPU  TIME:           0.38  s ] <<<<< ..
 
* Number of generators                                           1
* Number of comb teeth                                           1
.. >>>>> [ IO READ: h0_type ] <<<<< ..
 
.. >>>>> [ RES  MEM :          0.055 GB ] [ VIRT MEM :          2.712 GB ] <<<<< ..
.. >>>>> [ WALL TIME:           0.24  s ] [ CPU  TIME:           0.38  s ] <<<<< ..
 
.. >>>>> [ IO READ: excitation_beta_max ] <<<<< ..
 
.. >>>>> [ RES  MEM :          0.055 GB ] [ VIRT MEM :          2.712 GB ] <<<<< ..
.. >>>>> [ WALL TIME:           0.24  s ] [ CPU  TIME:           0.38  s ] <<<<< ..
 
.. >>>>> [ IO READ: excitation_alpha_max ] <<<<< ..
 
.. >>>>> [ RES  MEM :          0.055 GB ] [ VIRT MEM :          2.712 GB ] <<<<< ..
.. >>>>> [ WALL TIME:           0.24  s ] [ CPU  TIME:           0.38  s ] <<<<< ..
 
.. >>>>> [ IO READ: excitation_max ] <<<<< ..
 
.. >>>>> [ RES  MEM :          0.055 GB ] [ VIRT MEM :          2.712 GB ] <<<<< ..
.. >>>>> [ WALL TIME:           0.24  s ] [ CPU  TIME:           0.38  s ] <<<<< ..
 
* Number of active   MOs                                        27
* Number of inactive MOs                                         0
* Number of core     MOs                                         0
* Number of virtual  MOs                                         0
* Number of deleted  MOs                                         0
.. >>>>> [ IO READ: seniority_max ] <<<<< ..
 
.. >>>>> [ RES  MEM :          0.055 GB ] [ VIRT MEM :          2.712 GB ] <<<<< ..
.. >>>>> [ WALL TIME:           0.24  s ] [ CPU  TIME:           0.38  s ] <<<<< ..
 
.. >>>>> [ IO READ: weight_selection ] <<<<< ..
 
.. >>>>> [ RES  MEM :          0.055 GB ] [ VIRT MEM :          2.712 GB ] <<<<< ..
.. >>>>> [ WALL TIME:           0.24  s ] [ CPU  TIME:           0.38  s ] <<<<< ..
 
 Using 1/c_max^2 weight in selection
 # Total weight    1.000000    
.. >>>>> [ IO READ: pseudo_sym ] <<<<< ..
 
.. >>>>> [ RES  MEM :          0.055 GB ] [ VIRT MEM :          2.712 GB ] <<<<< ..
.. >>>>> [ WALL TIME:           0.24  s ] [ CPU  TIME:           0.38  s ] <<<<< ..
 
* Number of unique beta determinants                             1
* Number of unique alpha determinants                            1
 
.. >>>>> [ RES  MEM :          0.055 GB ] [ VIRT MEM :          2.712 GB ] <<<<< ..
.. >>>>> [ WALL TIME:           0.24  s ] [ CPU  TIME:           0.38  s ] <<<<< ..
 
* Number of selectors                                            1
.. >>>>> [ IO READ: pt2_min_parallel_tasks ] <<<<< ..
 
.. >>>>> [ RES  MEM :          0.055 GB ] [ VIRT MEM :          2.713 GB ] <<<<< ..
.. >>>>> [ WALL TIME:           0.24  s ] [ CPU  TIME:           0.38  s ] <<<<< ..
 
* pt2_n_tasks_max                                                1
* PT2 Energy denominator                            -1.128692152633409    
* Estimated memory/thread (Gb)                      0.1043081283569336E-06
 Active MOs:
           1           2           3           4           5           6
           7           8           9          10          11          12
          13          14          15          16          17          18
          19          20          21          22          23          24
          25          26          27
.. >>>>> [ IO READ: twice_hierarchy_max ] <<<<< ..
 
.. >>>>> [ RES  MEM :          0.056 GB ] [ VIRT MEM :          2.713 GB ] <<<<< ..
.. >>>>> [ WALL TIME:           0.25  s ] [ CPU  TIME:           0.39  s ] <<<<< ..
 
 Overlap of perturbed states:
  1.614974331946409E-002
 -------
 Using 1/c_max^2 weight in selection
 # Total weight    1.000000    
* Correlation ratio                                -0.3863662779557963E-13
 
Summary at N_det =            1
-----------------------------------
 
# ============ =============================
                     State      1
# ============ =============================
# E              -1.12869215
# PT2            -0.03503886     0.00000000
# rPT2           -0.03448199     0.00000000
#
# E+PT2          -1.16373101     0.00000000
# E+rPT2         -1.16317414     0.00000000
# ============ =============================
 
 N_det             =            1
 N_states          =            1
 N_cfg             =            1
 N_csf             =            1
 
 * State            1
 < S^2 >         =   0.000000000000000E+000
 E               =   -1.12869215263341     
 Variance        =   8.864116226623872E-002  +/-   0.000000000000000E+000
 PT norm         =   0.127081640371314       +/-   0.000000000000000E+000
 PT2             =  -3.503886045549748E-002  +/-   0.000000000000000E+000
 rPT2            =  -3.448198524465081E-002  +/-   0.000000000000000E+000
 E+PT2           =   -1.16373101308891       +/-   0.000000000000000E+000
 E+rPT2          =   -1.16317413787806       +/-   0.000000000000000E+000
 
 -----
.. >>>>> [ IO READ: n_det_iterations ] <<<<< ..
 
.. >>>>> [ RES  MEM :          0.056 GB ] [ VIRT MEM :          2.713 GB ] <<<<< ..
.. >>>>> [ WALL TIME:           0.25  s ] [ CPU  TIME:           0.39  s ] <<<<< ..
 
.. >>>>> [ IO READ: pt2_iterations ] <<<<< ..
 
.. >>>>> [ RES  MEM :          0.056 GB ] [ VIRT MEM :          2.713 GB ] <<<<< ..
.. >>>>> [ WALL TIME:           0.25  s ] [ CPU  TIME:           0.39  s ] <<<<< ..
 
.. >>>>> [ IO READ: energy_iterations ] <<<<< ..
 
.. >>>>> [ RES  MEM :          0.056 GB ] [ VIRT MEM :          2.713 GB ] <<<<< ..
.. >>>>> [ WALL TIME:           0.25  s ] [ CPU  TIME:           0.39  s ] <<<<< ..
 
.. >>>>> [ IO READ: pruning ] <<<<< ..
 
.. >>>>> [ RES  MEM :          0.056 GB ] [ VIRT MEM :          2.713 GB ] <<<<< ..
.. >>>>> [ WALL TIME:           0.25  s ] [ CPU  TIME:           0.39  s ] <<<<< ..
 
 Providing the H_matrix_all_dets ...
 H_matrix_all_dets done 
 Diagonalization of H using Lapack
 
.. >>>>> [ RES  MEM :          0.056 GB ] [ VIRT MEM :          2.713 GB ] <<<<< ..
.. >>>>> [ WALL TIME:           0.25  s ] [ CPU  TIME:           0.39  s ] <<<<< ..
 
* Energy of state    1                              -1.138915368033314    
* S^2 of state    1                                  0.000000000000000    
* Saved determinants                                             5
--------------------------------------------------------------------------------
 
.. >>>>> [ RES  MEM :          0.056 GB ] [ VIRT MEM :          2.713 GB ] <<<<< ..
.. >>>>> [ WALL TIME:           0.25  s ] [ CPU  TIME:           0.40  s ] <<<<< ..
 
* Number of generators                                           5
* Number of comb teeth                                           1
 Using 1/c_max^2 weight in selection
 # Total weight    1.000000    
* Number of unique beta determinants                             5
* Number of unique alpha determinants                            5
 
.. >>>>> [ RES  MEM :          0.056 GB ] [ VIRT MEM :          2.713 GB ] <<<<< ..
.. >>>>> [ WALL TIME:           0.25  s ] [ CPU  TIME:           0.40  s ] <<<<< ..
 
* Number of selectors                                            5
* pt2_n_tasks_max                                                1
* PT2 Energy denominator                            -1.138915368033314    
* Estimated memory/thread (Gb)                      0.5215406417846680E-06
 Overlap of perturbed states:
  1.181999338554372E-002
 -------
 Using 1/c_max^2 weight in selection
 # Total weight    1.000000    
* Correlation ratio                                 0.3050405749726974    
 
Summary at N_det =            5
-----------------------------------
 
# ============ =============================
                     State      1
# ============ =============================
# E              -1.13891537
# PT2            -0.02356637     0.00000000
# rPT2           -0.02329107     0.00000000
#
# E+PT2          -1.16248173     0.00000000
# E+rPT2         -1.16220643     0.00000000
# ============ =============================
 
 N_det             =            5
 N_states          =            1
 N_cfg             =            5
 N_csf             =            5
 
 * State            1
 < S^2 >         =   0.000000000000000E+000
 E               =   -1.13891536803331     
 Variance        =   5.538793546476284E-002  +/-   0.000000000000000E+000
 PT norm         =   0.108719792979677       +/-   0.000000000000000E+000
 PT2             =  -2.356636535670847E-002  +/-   0.000000000000000E+000
 rPT2            =  -2.329106512103557E-002  +/-   0.000000000000000E+000
 E+PT2           =   -1.16248173339002       +/-   0.000000000000000E+000
 E+rPT2          =   -1.16220643315435       +/-   0.000000000000000E+000
 
 -----

Extrapolated energies
------------------------

 
 State            1
 
 =========== ===================
 minimum PT2 Extrapolated energy
 =========== ===================
    -0.0345         -1.16019240
 =========== ===================
 
 Providing the H_matrix_all_dets ...
 H_matrix_all_dets done 
 Diagonalization of H using Lapack
 
.. >>>>> [ RES  MEM :          0.056 GB ] [ VIRT MEM :          2.713 GB ] <<<<< ..
.. >>>>> [ WALL TIME:           0.25  s ] [ CPU  TIME:           0.40  s ] <<<<< ..
 
* Energy of state    1                              -1.146609052485831    
* S^2 of state    1                                 0.2888894916580854E-32
* Saved determinants                                            10
--------------------------------------------------------------------------------
 
.. >>>>> [ RES  MEM :          0.056 GB ] [ VIRT MEM :          2.713 GB ] <<<<< ..
.. >>>>> [ WALL TIME:           0.25  s ] [ CPU  TIME:           0.41  s ] <<<<< ..
 
* Number of generators                                          10
* Number of comb teeth                                           1
 Using 1/c_max^2 weight in selection
 # Total weight    1.000000    
* Number of unique beta determinants                             7
* Number of unique alpha determinants                            7
 
.. >>>>> [ RES  MEM :          0.056 GB ] [ VIRT MEM :          2.713 GB ] <<<<< ..
.. >>>>> [ WALL TIME:           0.26  s ] [ CPU  TIME:           0.41  s ] <<<<< ..
 
* Number of selectors                                           10
* pt2_n_tasks_max                                                1
* PT2 Energy denominator                            -1.146609052485831    
* Estimated memory/thread (Gb)                      0.1043081283569336E-05
 Overlap of perturbed states:
  8.739701147078414E-003
 -------
 Using 1/c_max^2 weight in selection
 # Total weight    1.000000    
* Correlation ratio                                 0.5083717661489471    
 
Summary at N_det =           10
-----------------------------------
 
# ============ =============================
                     State      1
# ============ =============================
# E              -1.14660905
# PT2            -0.01747823     0.00000000
# rPT2           -0.01732680     0.00000000
#
# E+PT2          -1.16408728     0.00000000
# E+rPT2         -1.16393585     0.00000000
# ============ =============================
 
 N_det             =           10
 N_states          =            1
 N_cfg             =            8
 N_csf             =            6
 
 * State            1
 < S^2 >         =   2.888894916580854E-033
 E               =   -1.14660905248583     
 Variance        =   4.220829982390532E-002  +/-   0.000000000000000E+000
 PT norm         =   9.348636877683512E-002  +/-   0.000000000000000E+000
 PT2             =  -1.747822691234013E-002  +/-   0.000000000000000E+000
 rPT2            =  -1.732679589438677E-002  +/-   0.000000000000000E+000
 E+PT2           =   -1.16408727939817       +/-   0.000000000000000E+000
 E+rPT2          =   -1.16393584838022       +/-   0.000000000000000E+000
 
 -----

Extrapolated energies
------------------------

 
 State            1
 
 =========== ===================
 minimum PT2 Extrapolated energy
 =========== ===================
    -0.0233         -1.16895997
    -0.0345         -1.16379592
 =========== ===================
 
 Providing the H_matrix_all_dets ...
 H_matrix_all_dets done 
 Diagonalization of H using Lapack
 
.. >>>>> [ RES  MEM :          0.056 GB ] [ VIRT MEM :          2.713 GB ] <<<<< ..
.. >>>>> [ WALL TIME:           0.26  s ] [ CPU  TIME:           0.41  s ] <<<<< ..
 
* Energy of state    1                              -1.156764523129722    
* S^2 of state    1                                 0.1186372845742538E-30
* Saved determinants                                            19
--------------------------------------------------------------------------------
 
.. >>>>> [ RES  MEM :          0.056 GB ] [ VIRT MEM :          2.713 GB ] <<<<< ..
.. >>>>> [ WALL TIME:           0.26  s ] [ CPU  TIME:           0.42  s ] <<<<< ..
 
* Number of generators                                          19
* Number of comb teeth                                           1
 Using 1/c_max^2 weight in selection
 # Total weight    1.000000    
* Number of unique beta determinants                            10
* Number of unique alpha determinants                           10
 
.. >>>>> [ RES  MEM :          0.056 GB ] [ VIRT MEM :          2.713 GB ] <<<<< ..
.. >>>>> [ WALL TIME:           0.26  s ] [ CPU  TIME:           0.42  s ] <<<<< ..
 
* Number of selectors                                           19
* pt2_n_tasks_max                                                1
* PT2 Energy denominator                            -1.156764523129722    
* Estimated memory/thread (Gb)                      0.1981854438781738E-05
 Overlap of perturbed states:
  3.849479229509246E-003
 -------
 Using 1/c_max^2 weight in selection
 # Total weight    1.000000    
* Correlation ratio                                 0.7851922392021283    
 
Summary at N_det =           19
-----------------------------------
 
# ============ =============================
                     State      1
# ============ =============================
# E              -1.15676452
# PT2            -0.00770942     0.00000000
# rPT2           -0.00767986     0.00000000
#
# E+PT2          -1.16447394     0.00000000
# E+rPT2         -1.16444438     0.00000000
# ============ =============================
 
 N_det             =           19
 N_states          =            1
 N_cfg             =           14
 N_csf             =            9
 
 * State            1
 < S^2 >         =   1.186372845742538E-031
 E               =   -1.15676452312972     
 Variance        =   2.054446590380687E-002  +/-   0.000000000000000E+000
 PT norm         =   6.204417159983076E-002  +/-   0.000000000000000E+000
 PT2             =  -7.709419084618807E-003  +/-   0.000000000000000E+000
 rPT2            =  -7.679855639847585E-003  +/-   0.000000000000000E+000
 E+PT2           =   -1.16447394221434       +/-   0.000000000000000E+000
 E+rPT2          =   -1.16444437876957       +/-   0.000000000000000E+000
 
 -----

Extrapolated energies
------------------------

 
 State            1
 
 =========== ===================
 minimum PT2 Extrapolated energy
 =========== ===================
    -0.0173         -1.16484922
    -0.0233         -1.16569756
    -0.0345         -1.16462470
 =========== ===================
 
 Providing the H_matrix_all_dets ...
 H_matrix_all_dets done 
 Diagonalization of H using Lapack
 
.. >>>>> [ RES  MEM :          0.058 GB ] [ VIRT MEM :          2.713 GB ] <<<<< ..
.. >>>>> [ WALL TIME:           0.27  s ] [ CPU  TIME:           0.43  s ] <<<<< ..
 
* Energy of state    1                              -1.163135333854525    
* S^2 of state    1                                 0.2650079603476838E-30
* Saved determinants                                            38
--------------------------------------------------------------------------------
 
.. >>>>> [ RES  MEM :          0.058 GB ] [ VIRT MEM :          2.713 GB ] <<<<< ..
.. >>>>> [ WALL TIME:           0.27  s ] [ CPU  TIME:           0.43  s ] <<<<< ..
 
* Number of generators                                          38
* Number of comb teeth                                           1
 Using 1/c_max^2 weight in selection
 # Total weight    1.000000    
* Number of unique beta determinants                            16
* Number of unique alpha determinants                           16
 
.. >>>>> [ RES  MEM :          0.058 GB ] [ VIRT MEM :          2.713 GB ] <<<<< ..
.. >>>>> [ WALL TIME:           0.27  s ] [ CPU  TIME:           0.43  s ] <<<<< ..
 
* Number of selectors                                           38
* pt2_n_tasks_max                                                1
* PT2 Energy denominator                            -1.163135333854525    
* Estimated memory/thread (Gb)                      0.3963708877563477E-05
 Overlap of perturbed states:
  8.482936332186463E-004
 -------
 Using 1/c_max^2 weight in selection
 # Total weight    1.000000    
* Correlation ratio                                 0.9532874819311469    
 
Summary at N_det =           38
-----------------------------------
 
# ============ =============================
                     State      1
# ============ =============================
# E              -1.16313533
# PT2            -0.00168920     0.00000000
# rPT2           -0.00168777     0.00000000
#
# E+PT2          -1.16482453     0.00000000
# E+rPT2         -1.16482310     0.00000000
# ============ =============================
 
 N_det             =           38
 N_states          =            1
 N_cfg             =           26
 N_csf             =           14
 
 * State            1
 < S^2 >         =   2.650079603476838E-031
 E               =   -1.16313533385453     
 Variance        =   4.261451164266503E-003  +/-   0.000000000000000E+000
 PT norm         =   2.912548082381897E-002  +/-   0.000000000000000E+000
 PT2             =  -1.689199322143287E-003  +/-   0.000000000000000E+000
 rPT2            =  -1.687767599634164E-003  +/-   0.000000000000000E+000
 E+PT2           =   -1.16482453317667       +/-   0.000000000000000E+000
 E+rPT2          =   -1.16482310145416       +/-   0.000000000000000E+000
 
 -----

Extrapolated energies
------------------------

 
 State            1
 
 =========== ===================
 minimum PT2 Extrapolated energy
 =========== ===================
    -0.0077         -1.16492977
    -0.0173         -1.16490255
    -0.0233         -1.16522350
    -0.0345         -1.16479739
 =========== ===================
 
 Providing the H_matrix_all_dets ...
 H_matrix_all_dets done 
 Diagonalization of H using Lapack
 
.. >>>>> [ RES  MEM :          0.059 GB ] [ VIRT MEM :          2.721 GB ] <<<<< ..
.. >>>>> [ WALL TIME:           0.28  s ] [ CPU  TIME:           0.45  s ] <<<<< ..
 
* Energy of state    1                              -1.164899355766620    
* S^2 of state    1                                 0.3770970831110204E-30
* Saved determinants                                            76
--------------------------------------------------------------------------------
 
.. >>>>> [ RES  MEM :          0.059 GB ] [ VIRT MEM :          2.721 GB ] <<<<< ..
.. >>>>> [ WALL TIME:           0.29  s ] [ CPU  TIME:           0.45  s ] <<<<< ..
 
* Number of generators                                          76
* Number of comb teeth                                           1
 Using 1/c_max^2 weight in selection
 # Total weight    1.000000    
* Number of unique beta determinants                            20
* Number of unique alpha determinants                           20
 
.. >>>>> [ RES  MEM :          0.059 GB ] [ VIRT MEM :          2.721 GB ] <<<<< ..
.. >>>>> [ WALL TIME:           0.29  s ] [ CPU  TIME:           0.45  s ] <<<<< ..
 
* Number of selectors                                           76
* pt2_n_tasks_max                                                1
* PT2 Energy denominator                            -1.164899355766620    
* Estimated memory/thread (Gb)                      0.7927417755126953E-05
 Overlap of perturbed states:
  1.716796556484545E-008
 -------
 Using 1/c_max^2 weight in selection
 # Total weight    1.000000    
* Correlation ratio                                 0.9999991427693993    
 
Summary at N_det =           76
-----------------------------------
 
# ============ =============================
                     State      1
# ============ =============================
# E              -1.16489936
# PT2            -0.00000003     0.00000000
# rPT2           -0.00000003     0.00000000
#
# E+PT2          -1.16489939     0.00000000
# E+rPT2         -1.16489939     0.00000000
# ============ =============================
 
 N_det             =           76
 N_states          =            1
 N_cfg             =           47
 N_csf             =           18
 
 * State            1
 < S^2 >         =   3.770970831110204E-031
 E               =   -1.16489935576662     
 Variance        =   6.342177139775006E-008  +/-   0.000000000000000E+000
 PT norm         =   1.310265834281175E-004  +/-   0.000000000000000E+000
 PT2             =  -3.103794965486628E-008  +/-   0.000000000000000E+000
 rPT2            =  -3.103794912200784E-008  +/-   0.000000000000000E+000
 E+PT2           =   -1.16489938680457       +/-   0.000000000000000E+000
 E+rPT2          =   -1.16489938680457       +/-   0.000000000000000E+000
 
 -----

Extrapolated energies
------------------------

 
 State            1
 
 =========== ===================
 minimum PT2 Extrapolated energy
 =========== ===================
    -0.0017         -1.16489939
    -0.0077         -1.16491055
    -0.0173         -1.16490100
    -0.0233         -1.16507866
    -0.0345         -1.16483674
 =========== ===================
 
 Providing the H_matrix_all_dets ...
 H_matrix_all_dets done 
 Diagonalization of H using Lapack
 
.. >>>>> [ RES  MEM :          0.061 GB ] [ VIRT MEM :          2.722 GB ] <<<<< ..
.. >>>>> [ WALL TIME:           0.31  s ] [ CPU  TIME:           0.48  s ] <<<<< ..
 
* Energy of state    1                              -1.164899386504831    
* S^2 of state    1                                 0.1391869570808656E-29
* Saved determinants                                           152
* Saved determinants                                           152
 
.. >>>>> [ RES  MEM :          0.061 GB ] [ VIRT MEM :          2.722 GB ] <<<<< ..
.. >>>>> [ WALL TIME:           0.31  s ] [ CPU  TIME:           0.49  s ] <<<<< ..
 
* Number of generators                                          96
* Number of comb teeth                                           1
 Using 1/c_max^2 weight in selection
 # Total weight    1.000000    
* Number of unique beta determinants                            27
* Number of unique alpha determinants                           27
 
.. >>>>> [ RES  MEM :          0.061 GB ] [ VIRT MEM :          2.722 GB ] <<<<< ..
.. >>>>> [ WALL TIME:           0.31  s ] [ CPU  TIME:           0.49  s ] <<<<< ..
 
* Number of selectors                                           96
* pt2_n_tasks_max                                                1
* PT2 Energy denominator                            -1.164899386504831    
* Estimated memory/thread (Gb)                      0.1585483551025391E-04
 Overlap of perturbed states:
  3.300440317685675E-014
 -------
 Using 1/c_max^2 weight in selection
 # Total weight    1.000000    
 
Summary at N_det =          152
-----------------------------------
 
# ============ =============================
                     State      1
# ============ =============================
# E              -1.16489939
# PT2            -0.00000000     0.00000000
# rPT2           -0.00000000     0.00000000
#
# E+PT2          -1.16489939     0.00000000
# E+rPT2         -1.16489939     0.00000000
# ============ =============================
 
 N_det             =          152
 N_states          =            1
 N_cfg             =           86
 N_csf             =           20
 
 * State            1
 < S^2 >         =   1.391869570808656E-030
 E               =   -1.16489938650483     
 Variance        =   5.599131623069261E-013  +/-   0.000000000000000E+000
 PT norm         =   1.816711401870334E-007  +/-   0.000000000000000E+000
 PT2             =  -1.285638262515931E-013  +/-   0.000000000000000E+000
 rPT2            =  -1.285638262515889E-013  +/-   0.000000000000000E+000
 E+PT2           =   -1.16489938650496       +/-   0.000000000000000E+000
 E+rPT2          =   -1.16489938650496       +/-   0.000000000000000E+000
 
 -----

Extrapolated energies
------------------------

 
 State            1
 
 =========== ===================
 minimum PT2 Extrapolated energy
 =========== ===================
    -0.0000         -1.16489939
    -0.0017         -1.16489939
    -0.0077         -1.16490623
    -0.0173         -1.16490047
    -0.0233         -1.16502329
    -0.0345         -1.16485418
 =========== ===================
 
Wall time: 0:00:02

