Date: 11/04/2023 20:09:33
===============
Quantum Package
===============

Git Commit: Dev stable
Git Date  : Tue Apr 11 12:59:43 2023 +0200
Git SHA1  : 06be65745fb201a2002e9a49a96b0101f84f5b14
EZFIO Dir : A_19.0


Task server running : tcp://127.0.1.1:41279
.. >>>>> [ IO READ: read_wf ] <<<<< ..
 
.. >>>>> [ RES  MEM :          0.022 GB ] [ VIRT MEM :          0.165 GB ] <<<<< ..
.. >>>>> [ WALL TIME:           0.00  s ] [ CPU  TIME:           0.02  s ] <<<<< ..
 
* Dimension of the psi arrays                                  729
.. >>>>> [ IO READ: n_states ] <<<<< ..
 
.. >>>>> [ RES  MEM :          0.022 GB ] [ VIRT MEM :          0.165 GB ] <<<<< ..
.. >>>>> [ WALL TIME:           0.00  s ] [ CPU  TIME:           0.02  s ] <<<<< ..
 
 * mo_label          Canonical
* Number of determinants                                       729
 Read psi_coef         729           1
* mo_num                                                        27
* N_int                                                          1
.. >>>>> [ IO READ: elec_beta_num ] <<<<< ..
 
.. >>>>> [ RES  MEM :          0.023 GB ] [ VIRT MEM :          0.166 GB ] <<<<< ..
.. >>>>> [ WALL TIME:           0.00  s ] [ CPU  TIME:           0.02  s ] <<<<< ..
 
.. >>>>> [ IO READ: elec_alpha_num ] <<<<< ..
 
.. >>>>> [ RES  MEM :          0.023 GB ] [ VIRT MEM :          0.166 GB ] <<<<< ..
.. >>>>> [ WALL TIME:           0.00  s ] [ CPU  TIME:           0.02  s ] <<<<< ..
 
 Read  mo_coef
 Read psi_det
* Number of unique beta determinants                            27
* Number of unique alpha determinants                           27
.. >>>>> [ IO READ: weight_one_e_dm ] <<<<< ..
 
.. >>>>> [ RES  MEM :          0.024 GB ] [ VIRT MEM :          0.166 GB ] <<<<< ..
.. >>>>> [ WALL TIME:           0.01  s ] [ CPU  TIME:           0.03  s ] <<<<< ..
 
.. >>>>> [ IO READ: do_pseudo ] <<<<< ..
 
.. >>>>> [ RES  MEM :          0.024 GB ] [ VIRT MEM :          0.166 GB ] <<<<< ..
.. >>>>> [ WALL TIME:           0.01  s ] [ CPU  TIME:           0.03  s ] <<<<< ..
 
 
.. >>>>> [ RES  MEM :          0.024 GB ] [ VIRT MEM :          0.166 GB ] <<<<< ..
.. >>>>> [ WALL TIME:           0.01  s ] [ CPU  TIME:           0.03  s ] <<<<< ..
 

Nuclear Coordinates (Angstroms)
===============================

================ ============ ============ ============ ============
      Atom          Charge          X            Y            Z 
================ ============ ============ ============ ============
He                   2.000000     0.000000     0.000000     0.000000
x                    0.000000     0.000000     0.381040   -10.054368
x                    0.000000     0.000000    -0.381040   -10.054368
================ ============ ============ ============ ============

Minimal interatomic distance found:       0.7621 Angstrom
 
.. >>>>> [ RES  MEM :          0.024 GB ] [ VIRT MEM :          0.166 GB ] <<<<< ..
.. >>>>> [ WALL TIME:           0.01  s ] [ CPU  TIME:           0.03  s ] <<<<< ..
 
* Nuclear repulsion energy                           0.000000000000000    
 TREXIO file : A.h5
 
 Electrons
 Nuclei
 Basis
 
.. >>>>> [ RES  MEM :          0.028 GB ] [ VIRT MEM :          0.166 GB ] <<<<< ..
.. >>>>> [ WALL TIME:           0.02  s ] [ CPU  TIME:           0.03  s ] <<<<< ..
 
 
.. >>>>> [ RES  MEM :          0.028 GB ] [ VIRT MEM :          0.166 GB ] <<<<< ..
.. >>>>> [ WALL TIME:           0.02  s ] [ CPU  TIME:           0.03  s ] <<<<< ..
 
 AOs
.. >>>>> [ IO READ: io_ao_one_e_integrals ] <<<<< ..
 
.. >>>>> [ RES  MEM :          0.028 GB ] [ VIRT MEM :          0.166 GB ] <<<<< ..
.. >>>>> [ WALL TIME:           0.02  s ] [ CPU  TIME:           0.04  s ] <<<<< ..
 
.. >>>>> [ IO READ: io_ao_integrals_kinetic ] <<<<< ..
 
.. >>>>> [ RES  MEM :          0.028 GB ] [ VIRT MEM :          0.166 GB ] <<<<< ..
.. >>>>> [ WALL TIME:           0.02  s ] [ CPU  TIME:           0.04  s ] <<<<< ..
 
.. >>>>> [ IO READ: io_ao_integrals_n_e ] <<<<< ..
 
.. >>>>> [ RES  MEM :          0.028 GB ] [ VIRT MEM :          0.166 GB ] <<<<< ..
.. >>>>> [ WALL TIME:           0.03  s ] [ CPU  TIME:           0.04  s ] <<<<< ..
 
.. >>>>> [ IO READ: io_ao_integrals_overlap ] <<<<< ..
 
.. >>>>> [ RES  MEM :          0.028 GB ] [ VIRT MEM :          0.166 GB ] <<<<< ..
.. >>>>> [ WALL TIME:           0.03  s ] [ CPU  TIME:           0.04  s ] <<<<< ..
 
 AO one-e integrals
 AO map initialized :                  71631
 Providing the AO integrals
 Sorting the map
 AO integrals provided:
  Size of AO map :           0.169729232788086      MB
  Number of AO integrals :                 14628
  cpu  time :  7.034000000000001E-002 s
  wall time :  8.262205123901367E-002 s  ( x   0.851346570862984       )
 AO two-e integrals
 MOs
.. >>>>> [ IO READ: io_mo_one_e_integrals ] <<<<< ..
 
.. >>>>> [ RES  MEM :          0.041 GB ] [ VIRT MEM :          0.518 GB ] <<<<< ..
.. >>>>> [ WALL TIME:           0.16  s ] [ CPU  TIME:           0.21  s ] <<<<< ..
 
 Providing the one-electron integrals
.. >>>>> [ IO READ: io_mo_integrals_kinetic ] <<<<< ..
 
.. >>>>> [ RES  MEM :          0.041 GB ] [ VIRT MEM :          0.518 GB ] <<<<< ..
.. >>>>> [ WALL TIME:           0.16  s ] [ CPU  TIME:           0.21  s ] <<<<< ..
 
.. >>>>> [ IO READ: io_mo_integrals_n_e ] <<<<< ..
 
.. >>>>> [ RES  MEM :          0.043 GB ] [ VIRT MEM :          0.593 GB ] <<<<< ..
.. >>>>> [ WALL TIME:           0.18  s ] [ CPU  TIME:           0.23  s ] <<<<< ..
 
 MO one-e integrals
.. >>>>> [ IO READ: io_mo_two_e_integrals ] <<<<< ..
 
.. >>>>> [ RES  MEM :          0.043 GB ] [ VIRT MEM :          0.593 GB ] <<<<< ..
.. >>>>> [ WALL TIME:           0.18  s ] [ CPU  TIME:           0.23  s ] <<<<< ..
 
 MO map initialized:                  71631
.. >>>>> [ IO READ: no_vvvv_integrals ] <<<<< ..
 
.. >>>>> [ RES  MEM :          0.043 GB ] [ VIRT MEM :          0.593 GB ] <<<<< ..
.. >>>>> [ WALL TIME:           0.18  s ] [ CPU  TIME:           0.23  s ] <<<<< ..
 
.. >>>>> [ IO READ: mo_class ] <<<<< ..
 
 AO -> MO integrals transformation
 ---------------------------------
 
* Target maximum memory (GB)                                  2000
.. >>>>> [ IO READ: mo_integrals_threshold ] <<<<< ..
 
.. >>>>> [ RES  MEM :          0.043 GB ] [ VIRT MEM :          0.593 GB ] <<<<< ..
.. >>>>> [ WALL TIME:           0.18  s ] [ CPU  TIME:           0.23  s ] <<<<< ..
 
 Getting AOs
.. >>>>> [ IO READ: ao_one_e_integrals_threshold ] <<<<< ..
 
.. >>>>> [ RES  MEM :          0.043 GB ] [ VIRT MEM :          0.597 GB ] <<<<< ..
.. >>>>> [ WALL TIME:           0.18  s ] [ CPU  TIME:           0.23  s ] <<<<< ..
 
 1st transformation
 2nd transformation
 3rd transformation
 4th transformation
 Molecular integrals provided:
  Size of MO map              1.28790283203125      MB
  Number of MO integrals:                  62217
  cpu  time :  6.901300000000002E-002 s
  wall time :  3.456807136535645E-002 s  ( x    1.99643767425115      )
 MO two-e integrals
.. >>>>> [ IO READ: no_core_density ] <<<<< ..
 
.. >>>>> [ RES  MEM :          0.061 GB ] [ VIRT MEM :          2.713 GB ] <<<<< ..
.. >>>>> [ WALL TIME:           0.28  s ] [ CPU  TIME:           0.42  s ] <<<<< ..
 
* Number of inactive MOs                                         0
 Inactive MOs:
 
* Number of active   MOs                                        27
 Active MOs:
           1           2           3           4           5           6
           7           8           9          10          11          12
          13          14          15          16          17          18
          19          20          21          22          23          24
          25          26          27
 
 
 
 providint state_av_act_2_rdm_ab_mo 
 ispin =            3
 Wall time to provide state_av_act_2_rdm_ab_mo  2.604699134826660E-002
 Wall time to provide state_av_act_2_rdm_aa_mo  3.945827484130859E-003
 Wall time to provide state_av_act_2_rdm_bb_mo  4.029989242553711E-003
 providing state_av_act_2_rdm_spin_trace_mo 
 Time to provide state_av_act_2_rdm_spin_trace_mo  1.019954681396484E-003
* Number of core     MOs                                         0
 Core MOs:
 
 Core, Inactive and Active MOs:
           1           2           3           4           5           6
           7           8           9          10          11          12
          13          14          15          16          17          18
          19          20          21          22          23          24
          25          26          27
 Two-e RDM

  ******    CHOLESKY DECOMPOSITION OF 2-RDM    ******
  Estimated number of Chol vectors   47
  Estimated error in norm     -0.0000

  Cholesky decomposition of active 2-RDM completed. Tol:   0.10E-07
  Number of Cholesky vectors:    1
  Number of orbitals and the NChol/mo_num ratio:  27    0.04
Wall time: 0:00:01

Date: 11/04/2023 20:09:35
===============
Quantum Package
===============

Git Commit: Dev stable
Git Date  : Tue Apr 11 12:59:43 2023 +0200
Git SHA1  : 06be65745fb201a2002e9a49a96b0101f84f5b14
EZFIO Dir : A_19.0


Task server running : tcp://127.0.1.1:41279
.. >>>>> [ IO READ: read_wf ] <<<<< ..
 
.. >>>>> [ RES  MEM :          0.022 GB ] [ VIRT MEM :          0.165 GB ] <<<<< ..
.. >>>>> [ WALL TIME:           0.00  s ] [ CPU  TIME:           0.02  s ] <<<<< ..
 
 
.. >>>>> [ RES  MEM :          0.022 GB ] [ VIRT MEM :          0.165 GB ] <<<<< ..
.. >>>>> [ WALL TIME:           0.00  s ] [ CPU  TIME:           0.02  s ] <<<<< ..
 

Nuclear Coordinates (Angstroms)
===============================

================ ============ ============ ============ ============
      Atom          Charge          X            Y            Z 
================ ============ ============ ============ ============
He                   2.000000     0.000000     0.000000     0.000000
x                    0.000000     0.000000     0.381040   -10.054368
x                    0.000000     0.000000    -0.381040   -10.054368
================ ============ ============ ============ ============

Minimal interatomic distance found:       0.7621 Angstrom
 
.. >>>>> [ RES  MEM :          0.022 GB ] [ VIRT MEM :          0.165 GB ] <<<<< ..
.. >>>>> [ WALL TIME:           0.00  s ] [ CPU  TIME:           0.02  s ] <<<<< ..
 
* Nuclear repulsion energy                           0.000000000000000    
 nuclear_repulsion:   0.000000000000000E+000
 * mo_label          Canonical
* Number of determinants                                       729
.. >>>>> [ IO READ: n_states ] <<<<< ..
 
.. >>>>> [ RES  MEM :          0.022 GB ] [ VIRT MEM :          0.165 GB ] <<<<< ..
.. >>>>> [ WALL TIME:           0.00  s ] [ CPU  TIME:           0.02  s ] <<<<< ..
 
* mo_num                                                        27
* N_int                                                          1
* Dimension of the psi arrays                                  729
.. >>>>> [ IO READ: elec_beta_num ] <<<<< ..
 
.. >>>>> [ RES  MEM :          0.022 GB ] [ VIRT MEM :          0.165 GB ] <<<<< ..
.. >>>>> [ WALL TIME:           0.00  s ] [ CPU  TIME:           0.02  s ] <<<<< ..
 
.. >>>>> [ IO READ: elec_alpha_num ] <<<<< ..
 
.. >>>>> [ RES  MEM :          0.022 GB ] [ VIRT MEM :          0.165 GB ] <<<<< ..
.. >>>>> [ WALL TIME:           0.00  s ] [ CPU  TIME:           0.02  s ] <<<<< ..
 
 Read  mo_coef
 Read psi_det
 Read psi_coef         729           1
.. >>>>> [ IO READ: io_mo_two_e_integrals ] <<<<< ..
 
.. >>>>> [ RES  MEM :          0.028 GB ] [ VIRT MEM :          0.173 GB ] <<<<< ..
.. >>>>> [ WALL TIME:           0.03  s ] [ CPU  TIME:           0.04  s ] <<<<< ..
 
 MO map initialized:                  71631
.. >>>>> [ IO READ: no_vvvv_integrals ] <<<<< ..
 
.. >>>>> [ RES  MEM :          0.028 GB ] [ VIRT MEM :          0.173 GB ] <<<<< ..
.. >>>>> [ WALL TIME:           0.03  s ] [ CPU  TIME:           0.04  s ] <<<<< ..
 
.. >>>>> [ IO READ: mo_class ] <<<<< ..
 AO map initialized :                  71631
 Providing the AO integrals
 Sorting the map
 AO integrals provided:
  Size of AO map :           0.169729232788086      MB
  Number of AO integrals :                 14628
  cpu  time :  7.355899999999999E-002 s
  wall time :  8.571100234985352E-002 s  ( x   0.858221208284886       )
 
 AO -> MO integrals transformation
 ---------------------------------
 
* Target maximum memory (GB)                                  2000
.. >>>>> [ IO READ: mo_integrals_threshold ] <<<<< ..
 
.. >>>>> [ RES  MEM :          0.030 GB ] [ VIRT MEM :          0.384 GB ] <<<<< ..
.. >>>>> [ WALL TIME:           0.11  s ] [ CPU  TIME:           0.12  s ] <<<<< ..
 
 Getting AOs
.. >>>>> [ IO READ: io_ao_integrals_overlap ] <<<<< ..
 
.. >>>>> [ RES  MEM :          0.030 GB ] [ VIRT MEM :          0.388 GB ] <<<<< ..
.. >>>>> [ WALL TIME:           0.11  s ] [ CPU  TIME:           0.12  s ] <<<<< ..
 
.. >>>>> [ IO READ: ao_one_e_integrals_threshold ] <<<<< ..
 
.. >>>>> [ RES  MEM :          0.030 GB ] [ VIRT MEM :          0.388 GB ] <<<<< ..
.. >>>>> [ WALL TIME:           0.11  s ] [ CPU  TIME:           0.12  s ] <<<<< ..
 
 1st transformation
 2nd transformation
 3rd transformation
 4th transformation
 Molecular integrals provided:
  Size of MO map              1.28790283203125      MB
  Number of MO integrals:                  62215
  cpu  time :  0.181632000000000      s
  wall time :  0.100878953933716      s  ( x    1.80049448291607      )
.. >>>>> [ IO READ: io_mo_integrals_n_e ] <<<<< ..
 
.. >>>>> [ RES  MEM :          0.060 GB ] [ VIRT MEM :          2.719 GB ] <<<<< ..
.. >>>>> [ WALL TIME:           0.27  s ] [ CPU  TIME:           0.42  s ] <<<<< ..
 
.. >>>>> [ IO READ: io_ao_integrals_n_e ] <<<<< ..
 
.. >>>>> [ RES  MEM :          0.060 GB ] [ VIRT MEM :          2.719 GB ] <<<<< ..
.. >>>>> [ WALL TIME:           0.27  s ] [ CPU  TIME:           0.42  s ] <<<<< ..
 
.. >>>>> [ IO READ: do_pseudo ] <<<<< ..
 
.. >>>>> [ RES  MEM :          0.060 GB ] [ VIRT MEM :          2.719 GB ] <<<<< ..
.. >>>>> [ WALL TIME:           0.27  s ] [ CPU  TIME:           0.42  s ] <<<<< ..
 
.. >>>>> [ IO READ: io_mo_integrals_kinetic ] <<<<< ..
 
.. >>>>> [ RES  MEM :          0.060 GB ] [ VIRT MEM :          2.719 GB ] <<<<< ..
.. >>>>> [ WALL TIME:           0.27  s ] [ CPU  TIME:           0.42  s ] <<<<< ..
 
.. >>>>> [ IO READ: io_ao_integrals_kinetic ] <<<<< ..
 
.. >>>>> [ RES  MEM :          0.060 GB ] [ VIRT MEM :          2.719 GB ] <<<<< ..
.. >>>>> [ WALL TIME:           0.27  s ] [ CPU  TIME:           0.42  s ] <<<<< ..
 
.. >>>>> [ IO READ: io_mo_one_e_integrals ] <<<<< ..
 
.. >>>>> [ RES  MEM :          0.060 GB ] [ VIRT MEM :          2.719 GB ] <<<<< ..
.. >>>>> [ WALL TIME:           0.27  s ] [ CPU  TIME:           0.42  s ] <<<<< ..
 
 Providing the one-electron integrals
 Providing the H_matrix_all_dets ...
 H_matrix_all_dets done 
.. >>>>> [ IO READ: io_mo_integrals_pseudo ] <<<<< ..
 
.. >>>>> [ RES  MEM :          0.064 GB ] [ VIRT MEM :          2.719 GB ] <<<<< ..
.. >>>>> [ WALL TIME:           0.31  s ] [ CPU  TIME:           0.48  s ] <<<<< ..
 
* Number of unique beta determinants                            27
* Number of unique alpha determinants                           27
 Energy components
 =================
 
 Vnn  : Nucleus-Nucleus   potential energy
 Ven  : Electron-Nucleus  potential energy
 Vee  : Electron-Electron potential energy
 Vecp : Potential energy of the pseudo-potentials
 T    : Electronic kinetic energy
 
 State            1
 ---------
 
 Vnn  =   0.000000000000000E+000
 One-e    -2.46572872064762     
 Vee  =   0.370123310256567     
 Eele =   -2.09560541039105     
 ETot =   -2.09560541039105     
 
 
Wall time: 0:00:02

