 
 GIT INFO
********************************************************************************
 Branch:             IntCholesky
 Revision (short):   435bb1b
 Revision (full):    435bb1bf5b6b4ee23902f492453f820b85226bc8
 Latest commit date: Mon Apr 3 19:16:36 2023 +0200
 Latest tag:         v-4.1
 
 
 BUILD INFO
********************************************************************************
 Fortran compiler:   Intel 
 /opt/intel/oneapi/compiler/2023.0.0/linux/bin/intel64/ifort
 C++ compiler:       Intel 
 /opt/intel/oneapi/compiler/2023.0.0/linux/bin/intel64/icpc
 C compiler:         Intel 
 /opt/intel/oneapi/compiler/2023.0.0/linux/bin/intel64/icc
 Compile options:    -assume byterecl -heap-arrays -O3 -g -xHost
 BLAS libraries:     
 /opt/intel/oneapi/mkl/2023.0.0/lib/intel64/libmkl_intel_lp64.so /opt/intel/onea
 pi/mkl/2023.0.0/lib/intel64/libmkl_intel_thread.so /opt/intel/oneapi/mkl/2023.0
 .0/lib/intel64/libmkl_core.so /opt/intel/oneapi/compiler/2023.0.0/linux/compile
 r/lib/intel64_lin/libiomp5.so -lpthread -lm -ldl
 
 NBasis WILL BE READ FROM MOLPRO

 INPUT 
********************************************************************************
 JOB TITLE:     H2-H2 19.0 (QPACKAGE)
 INTERFACE:     TREXIO  
 JOB TYPE:      SAPT     
 RDM TYPE:      CI      
 RDM SOURCE:    DALTON  

 MONOMER:       A       
 ZNUCL:         2
 CHARGE:        0
 NO. OF ATOMS:  1
 NO. OF SYM. EQUIV. ATOMS:  1

 MONOMER:       B       
 ZNUCL:         2
 CHARGE:        0
 NO. OF ATOMS:  2
 NO. OF SYM. EQUIV. ATOMS:  2


 INPUT CHECK PASSED
********************************************************************************

 IDALTON         0
 IRes            0
 IAO             0
 INO             0
 NoSym           1
 IGVB            0
 IFun           13
 IFunSR          0
 IFunSRKer       0
 IModG           1
 NGOcc           0
 ILoc            1
 IFreeze         0
 IAPSG           0
 ISERPA          0
 IA              1
 ICASSCF         0
 IDMRG           0
 IFlAC           0
 IFLSnd          0
 IFlCore         1
 IFlFrag         0
 IFl12           1
 ISAPT           1

 SYSTEM 
********************************************************************************
 MONOMER A
 NUCLEAR CHARGE:   2
 CHARGE:           0
 NO.OF ATOMS:      1
 THRESH ACTIVE:    0.100000E-08

 MONOMER B
 NUCLEAR CHARGE:   2
 CHARGE:           0
 NO.OF ATOMS:      2
 THRESH ACTIVE:    0.100000E-08
 PRINT LEVEL:     11


 IFunSR=0

 IFunSRKer=0


 STARTING SAPT CALCULATIONS
********************************************************************************
 One-electron integrals written to file: ONEEL_A
 Total number of nuclei :           3
 Charges on centers
  1    2.000000
  2    0.000000
  3    0.000000
 Cartesian coordinates (Angstrom)
  1    0.000000    0.000000    0.000000
  2    0.000000    0.000000    0.000000
  3    0.000000    0.000000    0.000000
 
 One-electron integrals written to file: ONEEL_B
 Total number of nuclei :           3
 Charges on centers
  1    1.000000
  2    1.000000
  3    0.000000
 Cartesian coordinates (Angstrom)
  1    0.000000    0.720061  -19.000000
  2    0.000000   -0.720061  -19.000000
  3    0.000000    0.000000    0.000000
 

 Warning! Small occupation: 10    0.2939E-15
 Warning! Small occupation: 11    0.2984E-16
 Warning! Small occupation: 12    0.1028E-16
 Warning! Small occupation: 13    0.1015E-18
 Warning! Small occupation: 14    0.7687E-19
 Warning! Small occupation: 15    0.5133E-19
 Warning! Small occupation: 16    0.2385E-19
 Warning! Small occupation: 17    0.1819E-19
 Warning! Small occupation: 18    0.1659E-19
 Warning! Small occupation: 19    0.8401E-20
 Warning! Small occupation: 20    0.5225E-20
 Warning! Small occupation: 21    0.3331E-20
 Warning! Small occupation: 22    0.1693E-20
 Warning! Small occupation: 23    0.3140E-21
 Warning! Small occupation: 24    0.2636E-21
 Warning! Small occupation: 25    0.1477E-21
 Warning! Small occupation: 26    0.1182E-21
 Warning! Small occupation: 27    0.3424E-23
 Monomoner A:           18 orbitals will be treated as virtual
 Warning! Small occupation: 18    0.8147E-09
 Warning! Small occupation: 19    0.5072E-15
 Warning! Small occupation: 20    0.4643E-15
 Warning! Small occupation: 21    0.7280E-16
 Warning! Small occupation: 22    0.3952E-17
 Warning! Small occupation: 23    0.7263E-19
 Warning! Small occupation: 24    0.1370E-19
 Warning! Small occupation: 25    0.1058E-19
 Warning! Small occupation: 26    0.2095E-20
 Warning! Small occupation: 27    0.3227E-22
 Monomoner B:           10 orbitals will be treated as virtual
 ORBITAL OCCUPANCIES
  Orb   Occupancy-A      Gem-A          Occupancy-B      Gem-B
   1    0.613705E+00     1              0.981538E+00     1
   2    0.384961E+00     1              0.107962E-01     1
   3    0.429568E-03     1              0.295346E-02     1
   4    0.178940E-03     1              0.213747E-02     1
   5    0.178940E-03     1              0.213747E-02     1
   6    0.178940E-03     1              0.109634E-03     1
   7    0.122431E-03     1              0.884363E-04     1
   8    0.122431E-03     1              0.800147E-04     1
   9    0.122431E-03     1              0.800147E-04     1
  10    0.146958E-15     1              0.302241E-04     1
  11    0.149175E-16     1              0.302241E-04     1
  12    0.514165E-17     1              0.105207E-04     1
  13    0.507279E-19     1              0.559851E-05     1
  14    0.384372E-19     1              0.131146E-05     1
  15    0.256668E-19     1              0.131146E-05     1
  16    0.119269E-19     1              0.192619E-06     1
  17    0.909716E-20     1              0.181435E-07     1
  18    0.829316E-20     1              0.407337E-09     1
  19    0.420073E-20     1              0.253610E-15     1
  20    0.261232E-20     1              0.232135E-15     1
  21    0.166547E-20     1              0.363989E-16     1
  22    0.846380E-21     1              0.197576E-17     1
  23    0.156991E-21     1              0.363158E-19     1
  24    0.131783E-21     1              0.684787E-20     1
  25    0.738332E-22     1              0.529077E-20     1
  26    0.591237E-22     1              0.104773E-20     1
  27    0.171218E-23     1              0.161333E-22     1


 Number of basis functions:                        27
 Number of independent pairs:                     378
 Number of columns in segment:                    378
 Number of passes:                                  1
 Use TREXIO INTS SORTER

 CPU  time in 2ints                is                0.008 s
 Wall time in 2ints                is                0.008 s
 WIP: do we really need a separate procedure for TREXIO?
      it would maybe make more sense to set RDMType CI?
      or split: select_active_gvb/cas/ci? 

 Monomer A
 Active Orbital:    1    0.6137E+00
 Active Orbital:    2    0.3850E+00
 Active Orbital:    3    0.4296E-03
 Active Orbital:    4    0.1789E-03
 Active Orbital:    5    0.1789E-03
 Active Orbital:    6    0.1789E-03
 Active Orbital:    7    0.1224E-03
 Active Orbital:    8    0.1224E-03
 Active Orbital:    9    0.1224E-03

 TREXIO-num:
 num0 (inactive)   0
 num1   (active)   9
 num2  (virtual)  18

 maybe better call ThrSelAct : Threshold for nearly degenerate pairs?
 Threshold for active orbital pairs:           0.10000E-07
 Threshold for quasi-virtual orbital pairs:    0.10000E-06
 Threshold for selecting active orbitals:      0.10000E-08 < Active <  0.10000E+01
 Warning! For single atom ThrSelAct should probably have larger value!
 Discarding nearly degenerate pair     9   8
 WIP: do we really need a separate procedure for TREXIO?
      it would maybe make more sense to set RDMType CI?
      or split: select_active_gvb/cas/ci? 

 Monomer B
 Active Orbital:    1    0.9815E+00
 Active Orbital:    2    0.1080E-01
 Active Orbital:    3    0.2953E-02
 Active Orbital:    4    0.2137E-02
 Active Orbital:    5    0.2137E-02
 Active Orbital:    6    0.1096E-03
 Active Orbital:    7    0.8844E-04
 Active Orbital:    8    0.8001E-04
 Active Orbital:    9    0.8001E-04
 Active Orbital:   10    0.3022E-04
 Active Orbital:   11    0.3022E-04
 Active Orbital:   12    0.1052E-04
 Active Orbital:   13    0.5599E-05
 Active Orbital:   14    0.1311E-05
 Active Orbital:   15    0.1311E-05
 Active Orbital:   16    0.1926E-06
 Active Orbital:   17    0.1814E-07

 TREXIO-num:
 num0 (inactive)   0
 num1   (active)  17
 num2  (virtual)  10

 maybe better call ThrSelAct : Threshold for nearly degenerate pairs?
 Threshold for active orbital pairs:           0.10000E-07
 Threshold for quasi-virtual orbital pairs:    0.10000E-06
 Threshold for selecting active orbitals:      0.10000E-08 < Active <  0.10000E+01
 Discarding nearly degenerate pair     5   4
 Discarding nearly degenerate pair     9   8
 Discarding nearly degenerate pair    11  10
 Discarding nearly degenerate pair    15  14
 Discarding nearly virtual-orbitals pair    18  17
 Discarding nearly virtual-orbitals pair    19  17
 Discarding nearly virtual-orbitals pair    20  17
 Discarding nearly virtual-orbitals pair    21  17
 Discarding nearly virtual-orbitals pair    22  17
 Discarding nearly virtual-orbitals pair    23  17
 Discarding nearly virtual-orbitals pair    24  17
 Discarding nearly virtual-orbitals pair    25  17
 Discarding nearly virtual-orbitals pair    26  17
 Discarding nearly virtual-orbitals pair    27  17

 WIP1: use 3-ind transformation for 2-RDMs!
 WIP2: can the matrix be read-in and 3-indx transformed in batches? (rw_trexio_rdm2)
 Number of Cholesky 2-RDM vectors     1
 (compared to          729 )

 Monomer A
 2-RDM2 norm =     1.000000 (reference =   1.000)
 FCI RDM2 TRANSFORMATION TO NO IN PROCESS...
 2-RDM dim for monomer 1 truncated from NBasis =  27 to NOccup =   9
 according to the 0.100000E-08 threshold (ThrAct)

 WIP1: use 3-ind transformation for 2-RDMs!
 WIP2: can the matrix be read-in and 3-indx transformed in batches? (rw_trexio_rdm2)
 Number of Cholesky 2-RDM vectors     1
 (compared to          729 )

 Monomer B
 2-RDM2 norm =     1.000000 (reference =   1.000)
 FCI RDM2 TRANSFORMATION TO NO IN PROCESS...
 2-RDM dim for monomer 2 truncated from NBasis =  27 to NOccup =  17
 according to the 0.100000E-08 threshold (ThrAct)

                           Monomer A    Monomer B
 Active orbital:    1    0.6137E+00    0.9815E+00
 Active orbital:    2    0.3850E+00    0.1080E-01
 Active orbital:    3    0.4296E-03    0.2953E-02
 Active orbital:    4    0.1789E-03    0.2137E-02
 Active orbital:    5    0.1789E-03    0.2137E-02
 Active orbital:    6    0.1789E-03    0.1096E-03
 Active orbital:    7    0.1224E-03    0.8844E-04
 Active orbital:    8    0.1224E-03    0.8001E-04
 Active orbital:    9    0.1224E-03    0.8001E-04
 Active orbital:   10                  0.3022E-04
 Active orbital:   11                  0.3022E-04
 Active orbital:   12                  0.1052E-04
 Active orbital:   13                  0.5599E-05
 Active orbital:   14                  0.1311E-05
 Active orbital:   15                  0.1311E-05
 Active orbital:   16                  0.1926E-06
 Active orbital:   17                  0.1814E-07
 ------------------------------------------------
 Total Active:                 9          17

                          Monomer A     Monomer B
 Total number of pairs:      351           351
 Reduced to:                197           292


  Accepted pairs:
  p  q           Monomer A                            MonomerB
  --------------------------------     --------------------------------
  2  1    0.3850E+00    0.6137E+00     2  1    0.1080E-01    0.9815E+00
  3  1    0.4296E-03    0.6137E+00     3  1    0.2953E-02    0.9815E+00
  3  2    0.4296E-03    0.3850E+00     3  2    0.2953E-02    0.1080E-01
  4  1    0.1789E-03    0.6137E+00     4  1    0.2137E-02    0.9815E+00
  4  2    0.1789E-03    0.3850E+00     4  2    0.2137E-02    0.1080E-01
  4  3    0.1789E-03    0.4296E-03     4  3    0.2137E-02    0.2953E-02
  5  1    0.1789E-03    0.6137E+00     5  1    0.2137E-02    0.9815E+00
  5  2    0.1789E-03    0.3850E+00     5  2    0.2137E-02    0.1080E-01
  5  3    0.1789E-03    0.4296E-03     5  3    0.2137E-02    0.2953E-02
  5  4    0.1789E-03    0.1789E-03     6  1    0.1096E-03    0.9815E+00
  6  1    0.1789E-03    0.6137E+00     6  2    0.1096E-03    0.1080E-01
  6  2    0.1789E-03    0.3850E+00     6  3    0.1096E-03    0.2953E-02
  6  3    0.1789E-03    0.4296E-03     6  4    0.1096E-03    0.2137E-02
  6  4    0.1789E-03    0.1789E-03     6  5    0.1096E-03    0.2137E-02
  6  5    0.1789E-03    0.1789E-03     7  1    0.8844E-04    0.9815E+00
  7  1    0.1224E-03    0.6137E+00     7  2    0.8844E-04    0.1080E-01
  7  2    0.1224E-03    0.3850E+00     7  3    0.8844E-04    0.2953E-02
  7  3    0.1224E-03    0.4296E-03     7  4    0.8844E-04    0.2137E-02
  7  4    0.1224E-03    0.1789E-03     7  5    0.8844E-04    0.2137E-02
  7  5    0.1224E-03    0.1789E-03     7  6    0.8844E-04    0.1096E-03
  7  6    0.1224E-03    0.1789E-03     8  1    0.8001E-04    0.9815E+00
  8  1    0.1224E-03    0.6137E+00     8  2    0.8001E-04    0.1080E-01
  8  2    0.1224E-03    0.3850E+00     8  3    0.8001E-04    0.2953E-02
  8  3    0.1224E-03    0.4296E-03     8  4    0.8001E-04    0.2137E-02
  8  4    0.1224E-03    0.1789E-03     8  5    0.8001E-04    0.2137E-02
  8  5    0.1224E-03    0.1789E-03     8  6    0.8001E-04    0.1096E-03
  8  6    0.1224E-03    0.1789E-03     8  7    0.8001E-04    0.8844E-04
  8  7    0.1224E-03    0.1224E-03     9  1    0.8001E-04    0.9815E+00
  9  1    0.1224E-03    0.6137E+00     9  2    0.8001E-04    0.1080E-01
  9  2    0.1224E-03    0.3850E+00     9  3    0.8001E-04    0.2953E-02
  9  3    0.1224E-03    0.4296E-03     9  4    0.8001E-04    0.2137E-02
  9  4    0.1224E-03    0.1789E-03     9  5    0.8001E-04    0.2137E-02
  9  5    0.1224E-03    0.1789E-03     9  6    0.8001E-04    0.1096E-03
  9  6    0.1224E-03    0.1789E-03     9  7    0.8001E-04    0.8844E-04
  9  7    0.1224E-03    0.1224E-03    10  1    0.3022E-04    0.9815E+00
 10  1    0.1470E-15    0.6137E+00    10  2    0.3022E-04    0.1080E-01
 10  2    0.1470E-15    0.3850E+00    10  3    0.3022E-04    0.2953E-02
 10  3    0.1470E-15    0.4296E-03    10  4    0.3022E-04    0.2137E-02
 10  4    0.1470E-15    0.1789E-03    10  5    0.3022E-04    0.2137E-02
 10  5    0.1470E-15    0.1789E-03    10  6    0.3022E-04    0.1096E-03
 10  6    0.1470E-15    0.1789E-03    10  7    0.3022E-04    0.8844E-04
 10  7    0.1470E-15    0.1224E-03    10  8    0.3022E-04    0.8001E-04
 10  8    0.1470E-15    0.1224E-03    10  9    0.3022E-04    0.8001E-04
 10  9    0.1470E-15    0.1224E-03    11  1    0.3022E-04    0.9815E+00
 11  1    0.1492E-16    0.6137E+00    11  2    0.3022E-04    0.1080E-01
 11  2    0.1492E-16    0.3850E+00    11  3    0.3022E-04    0.2953E-02
 11  3    0.1492E-16    0.4296E-03    11  4    0.3022E-04    0.2137E-02
 11  4    0.1492E-16    0.1789E-03    11  5    0.3022E-04    0.2137E-02
 11  5    0.1492E-16    0.1789E-03    11  6    0.3022E-04    0.1096E-03
 11  6    0.1492E-16    0.1789E-03    11  7    0.3022E-04    0.8844E-04
 11  7    0.1492E-16    0.1224E-03    11  8    0.3022E-04    0.8001E-04
 11  8    0.1492E-16    0.1224E-03    11  9    0.3022E-04    0.8001E-04
 11  9    0.1492E-16    0.1224E-03    12  1    0.1052E-04    0.9815E+00
 12  1    0.5142E-17    0.6137E+00    12  2    0.1052E-04    0.1080E-01
 12  2    0.5142E-17    0.3850E+00    12  3    0.1052E-04    0.2953E-02
 12  3    0.5142E-17    0.4296E-03    12  4    0.1052E-04    0.2137E-02
 12  4    0.5142E-17    0.1789E-03    12  5    0.1052E-04    0.2137E-02
 12  5    0.5142E-17    0.1789E-03    12  6    0.1052E-04    0.1096E-03
 12  6    0.5142E-17    0.1789E-03    12  7    0.1052E-04    0.8844E-04
 12  7    0.5142E-17    0.1224E-03    12  8    0.1052E-04    0.8001E-04
 12  8    0.5142E-17    0.1224E-03    12  9    0.1052E-04    0.8001E-04
 12  9    0.5142E-17    0.1224E-03    12 10    0.1052E-04    0.3022E-04
 13  1    0.5073E-19    0.6137E+00    12 11    0.1052E-04    0.3022E-04
 13  2    0.5073E-19    0.3850E+00    13  1    0.5599E-05    0.9815E+00
 13  3    0.5073E-19    0.4296E-03    13  2    0.5599E-05    0.1080E-01
 13  4    0.5073E-19    0.1789E-03    13  3    0.5599E-05    0.2953E-02
 13  5    0.5073E-19    0.1789E-03    13  4    0.5599E-05    0.2137E-02
 13  6    0.5073E-19    0.1789E-03    13  5    0.5599E-05    0.2137E-02
 13  7    0.5073E-19    0.1224E-03    13  6    0.5599E-05    0.1096E-03
 13  8    0.5073E-19    0.1224E-03    13  7    0.5599E-05    0.8844E-04
 13  9    0.5073E-19    0.1224E-03    13  8    0.5599E-05    0.8001E-04
 14  1    0.3844E-19    0.6137E+00    13  9    0.5599E-05    0.8001E-04
 14  2    0.3844E-19    0.3850E+00    13 10    0.5599E-05    0.3022E-04
 14  3    0.3844E-19    0.4296E-03    13 11    0.5599E-05    0.3022E-04
 14  4    0.3844E-19    0.1789E-03    13 12    0.5599E-05    0.1052E-04
 14  5    0.3844E-19    0.1789E-03    14  1    0.1311E-05    0.9815E+00
 14  6    0.3844E-19    0.1789E-03    14  2    0.1311E-05    0.1080E-01
 14  7    0.3844E-19    0.1224E-03    14  3    0.1311E-05    0.2953E-02
 14  8    0.3844E-19    0.1224E-03    14  4    0.1311E-05    0.2137E-02
 14  9    0.3844E-19    0.1224E-03    14  5    0.1311E-05    0.2137E-02
 15  1    0.2567E-19    0.6137E+00    14  6    0.1311E-05    0.1096E-03
 15  2    0.2567E-19    0.3850E+00    14  7    0.1311E-05    0.8844E-04
 15  3    0.2567E-19    0.4296E-03    14  8    0.1311E-05    0.8001E-04
 15  4    0.2567E-19    0.1789E-03    14  9    0.1311E-05    0.8001E-04
 15  5    0.2567E-19    0.1789E-03    14 10    0.1311E-05    0.3022E-04
 15  6    0.2567E-19    0.1789E-03    14 11    0.1311E-05    0.3022E-04
 15  7    0.2567E-19    0.1224E-03    14 12    0.1311E-05    0.1052E-04
 15  8    0.2567E-19    0.1224E-03    14 13    0.1311E-05    0.5599E-05
 15  9    0.2567E-19    0.1224E-03    15  1    0.1311E-05    0.9815E+00
 16  1    0.1193E-19    0.6137E+00    15  2    0.1311E-05    0.1080E-01
 16  2    0.1193E-19    0.3850E+00    15  3    0.1311E-05    0.2953E-02
 16  3    0.1193E-19    0.4296E-03    15  4    0.1311E-05    0.2137E-02
 16  4    0.1193E-19    0.1789E-03    15  5    0.1311E-05    0.2137E-02
 16  5    0.1193E-19    0.1789E-03    15  6    0.1311E-05    0.1096E-03
 16  6    0.1193E-19    0.1789E-03    15  7    0.1311E-05    0.8844E-04
 16  7    0.1193E-19    0.1224E-03    15  8    0.1311E-05    0.8001E-04
 16  8    0.1193E-19    0.1224E-03    15  9    0.1311E-05    0.8001E-04
 16  9    0.1193E-19    0.1224E-03    15 10    0.1311E-05    0.3022E-04
 17  1    0.9097E-20    0.6137E+00    15 11    0.1311E-05    0.3022E-04
 17  2    0.9097E-20    0.3850E+00    15 12    0.1311E-05    0.1052E-04
 17  3    0.9097E-20    0.4296E-03    15 13    0.1311E-05    0.5599E-05
 17  4    0.9097E-20    0.1789E-03    16  1    0.1926E-06    0.9815E+00
 17  5    0.9097E-20    0.1789E-03    16  2    0.1926E-06    0.1080E-01
 17  6    0.9097E-20    0.1789E-03    16  3    0.1926E-06    0.2953E-02
 17  7    0.9097E-20    0.1224E-03    16  4    0.1926E-06    0.2137E-02
 17  8    0.9097E-20    0.1224E-03    16  5    0.1926E-06    0.2137E-02
 17  9    0.9097E-20    0.1224E-03    16  6    0.1926E-06    0.1096E-03
 18  1    0.8293E-20    0.6137E+00    16  7    0.1926E-06    0.8844E-04
 18  2    0.8293E-20    0.3850E+00    16  8    0.1926E-06    0.8001E-04
 18  3    0.8293E-20    0.4296E-03    16  9    0.1926E-06    0.8001E-04
 18  4    0.8293E-20    0.1789E-03    16 10    0.1926E-06    0.3022E-04
 18  5    0.8293E-20    0.1789E-03    16 11    0.1926E-06    0.3022E-04
 18  6    0.8293E-20    0.1789E-03    16 12    0.1926E-06    0.1052E-04
 18  7    0.8293E-20    0.1224E-03    16 13    0.1926E-06    0.5599E-05
 18  8    0.8293E-20    0.1224E-03    16 14    0.1926E-06    0.1311E-05
 18  9    0.8293E-20    0.1224E-03    16 15    0.1926E-06    0.1311E-05
 19  1    0.4201E-20    0.6137E+00    17  1    0.1814E-07    0.9815E+00
 19  2    0.4201E-20    0.3850E+00    17  2    0.1814E-07    0.1080E-01
 19  3    0.4201E-20    0.4296E-03    17  3    0.1814E-07    0.2953E-02
 19  4    0.4201E-20    0.1789E-03    17  4    0.1814E-07    0.2137E-02
 19  5    0.4201E-20    0.1789E-03    17  5    0.1814E-07    0.2137E-02
 19  6    0.4201E-20    0.1789E-03    17  6    0.1814E-07    0.1096E-03
 19  7    0.4201E-20    0.1224E-03    17  7    0.1814E-07    0.8844E-04
 19  8    0.4201E-20    0.1224E-03    17  8    0.1814E-07    0.8001E-04
 19  9    0.4201E-20    0.1224E-03    17  9    0.1814E-07    0.8001E-04
 20  1    0.2612E-20    0.6137E+00    17 10    0.1814E-07    0.3022E-04
 20  2    0.2612E-20    0.3850E+00    17 11    0.1814E-07    0.3022E-04
 20  3    0.2612E-20    0.4296E-03    17 12    0.1814E-07    0.1052E-04
 20  4    0.2612E-20    0.1789E-03    17 13    0.1814E-07    0.5599E-05
 20  5    0.2612E-20    0.1789E-03    17 14    0.1814E-07    0.1311E-05
 20  6    0.2612E-20    0.1789E-03    17 15    0.1814E-07    0.1311E-05
 20  7    0.2612E-20    0.1224E-03    17 16    0.1814E-07    0.1926E-06
 20  8    0.2612E-20    0.1224E-03    18  1    0.4073E-09    0.9815E+00
 20  9    0.2612E-20    0.1224E-03    18  2    0.4073E-09    0.1080E-01
 21  1    0.1665E-20    0.6137E+00    18  3    0.4073E-09    0.2953E-02
 21  2    0.1665E-20    0.3850E+00    18  4    0.4073E-09    0.2137E-02
 21  3    0.1665E-20    0.4296E-03    18  5    0.4073E-09    0.2137E-02
 21  4    0.1665E-20    0.1789E-03    18  6    0.4073E-09    0.1096E-03
 21  5    0.1665E-20    0.1789E-03    18  7    0.4073E-09    0.8844E-04
 21  6    0.1665E-20    0.1789E-03    18  8    0.4073E-09    0.8001E-04
 21  7    0.1665E-20    0.1224E-03    18  9    0.4073E-09    0.8001E-04
 21  8    0.1665E-20    0.1224E-03    18 10    0.4073E-09    0.3022E-04
 21  9    0.1665E-20    0.1224E-03    18 11    0.4073E-09    0.3022E-04
 22  1    0.8464E-21    0.6137E+00    18 12    0.4073E-09    0.1052E-04
 22  2    0.8464E-21    0.3850E+00    18 13    0.4073E-09    0.5599E-05
 22  3    0.8464E-21    0.4296E-03    18 14    0.4073E-09    0.1311E-05
 22  4    0.8464E-21    0.1789E-03    18 15    0.4073E-09    0.1311E-05
 22  5    0.8464E-21    0.1789E-03    18 16    0.4073E-09    0.1926E-06
 22  6    0.8464E-21    0.1789E-03    19  1    0.2536E-15    0.9815E+00
 22  7    0.8464E-21    0.1224E-03    19  2    0.2536E-15    0.1080E-01
 22  8    0.8464E-21    0.1224E-03    19  3    0.2536E-15    0.2953E-02
 22  9    0.8464E-21    0.1224E-03    19  4    0.2536E-15    0.2137E-02
 23  1    0.1570E-21    0.6137E+00    19  5    0.2536E-15    0.2137E-02
 23  2    0.1570E-21    0.3850E+00    19  6    0.2536E-15    0.1096E-03
 23  3    0.1570E-21    0.4296E-03    19  7    0.2536E-15    0.8844E-04
 23  4    0.1570E-21    0.1789E-03    19  8    0.2536E-15    0.8001E-04
 23  5    0.1570E-21    0.1789E-03    19  9    0.2536E-15    0.8001E-04
 23  6    0.1570E-21    0.1789E-03    19 10    0.2536E-15    0.3022E-04
 23  7    0.1570E-21    0.1224E-03    19 11    0.2536E-15    0.3022E-04
 23  8    0.1570E-21    0.1224E-03    19 12    0.2536E-15    0.1052E-04
 23  9    0.1570E-21    0.1224E-03    19 13    0.2536E-15    0.5599E-05
 24  1    0.1318E-21    0.6137E+00    19 14    0.2536E-15    0.1311E-05
 24  2    0.1318E-21    0.3850E+00    19 15    0.2536E-15    0.1311E-05
 24  3    0.1318E-21    0.4296E-03    19 16    0.2536E-15    0.1926E-06
 24  4    0.1318E-21    0.1789E-03    20  1    0.2321E-15    0.9815E+00
 24  5    0.1318E-21    0.1789E-03    20  2    0.2321E-15    0.1080E-01
 24  6    0.1318E-21    0.1789E-03    20  3    0.2321E-15    0.2953E-02
 24  7    0.1318E-21    0.1224E-03    20  4    0.2321E-15    0.2137E-02
 24  8    0.1318E-21    0.1224E-03    20  5    0.2321E-15    0.2137E-02
 24  9    0.1318E-21    0.1224E-03    20  6    0.2321E-15    0.1096E-03
 25  1    0.7383E-22    0.6137E+00    20  7    0.2321E-15    0.8844E-04
 25  2    0.7383E-22    0.3850E+00    20  8    0.2321E-15    0.8001E-04
 25  3    0.7383E-22    0.4296E-03    20  9    0.2321E-15    0.8001E-04
 25  4    0.7383E-22    0.1789E-03    20 10    0.2321E-15    0.3022E-04
 25  5    0.7383E-22    0.1789E-03    20 11    0.2321E-15    0.3022E-04
 25  6    0.7383E-22    0.1789E-03    20 12    0.2321E-15    0.1052E-04
 25  7    0.7383E-22    0.1224E-03    20 13    0.2321E-15    0.5599E-05
 25  8    0.7383E-22    0.1224E-03    20 14    0.2321E-15    0.1311E-05
 25  9    0.7383E-22    0.1224E-03    20 15    0.2321E-15    0.1311E-05
 26  1    0.5912E-22    0.6137E+00    20 16    0.2321E-15    0.1926E-06
 26  2    0.5912E-22    0.3850E+00    21  1    0.3640E-16    0.9815E+00
 26  3    0.5912E-22    0.4296E-03    21  2    0.3640E-16    0.1080E-01
 26  4    0.5912E-22    0.1789E-03    21  3    0.3640E-16    0.2953E-02
 26  5    0.5912E-22    0.1789E-03    21  4    0.3640E-16    0.2137E-02
 26  6    0.5912E-22    0.1789E-03    21  5    0.3640E-16    0.2137E-02
 26  7    0.5912E-22    0.1224E-03    21  6    0.3640E-16    0.1096E-03
 26  8    0.5912E-22    0.1224E-03    21  7    0.3640E-16    0.8844E-04
 26  9    0.5912E-22    0.1224E-03    21  8    0.3640E-16    0.8001E-04
 27  1    0.1712E-23    0.6137E+00    21  9    0.3640E-16    0.8001E-04
 27  2    0.1712E-23    0.3850E+00    21 10    0.3640E-16    0.3022E-04
 27  3    0.1712E-23    0.4296E-03    21 11    0.3640E-16    0.3022E-04
 27  4    0.1712E-23    0.1789E-03    21 12    0.3640E-16    0.1052E-04
 27  5    0.1712E-23    0.1789E-03    21 13    0.3640E-16    0.5599E-05
 27  6    0.1712E-23    0.1789E-03    21 14    0.3640E-16    0.1311E-05
 27  7    0.1712E-23    0.1224E-03    21 15    0.3640E-16    0.1311E-05
 27  8    0.1712E-23    0.1224E-03    21 16    0.3640E-16    0.1926E-06
 27  9    0.1712E-23    0.1224E-03    22  1    0.1976E-17    0.9815E+00
                                      22  2    0.1976E-17    0.1080E-01
                                      22  3    0.1976E-17    0.2953E-02
                                      22  4    0.1976E-17    0.2137E-02
                                      22  5    0.1976E-17    0.2137E-02
                                      22  6    0.1976E-17    0.1096E-03
                                      22  7    0.1976E-17    0.8844E-04
                                      22  8    0.1976E-17    0.8001E-04
                                      22  9    0.1976E-17    0.8001E-04
                                      22 10    0.1976E-17    0.3022E-04
                                      22 11    0.1976E-17    0.3022E-04
                                      22 12    0.1976E-17    0.1052E-04
                                      22 13    0.1976E-17    0.5599E-05
                                      22 14    0.1976E-17    0.1311E-05
                                      22 15    0.1976E-17    0.1311E-05
                                      22 16    0.1976E-17    0.1926E-06
                                      23  1    0.3632E-19    0.9815E+00
                                      23  2    0.3632E-19    0.1080E-01
                                      23  3    0.3632E-19    0.2953E-02
                                      23  4    0.3632E-19    0.2137E-02
                                      23  5    0.3632E-19    0.2137E-02
                                      23  6    0.3632E-19    0.1096E-03
                                      23  7    0.3632E-19    0.8844E-04
                                      23  8    0.3632E-19    0.8001E-04
                                      23  9    0.3632E-19    0.8001E-04
                                      23 10    0.3632E-19    0.3022E-04
                                      23 11    0.3632E-19    0.3022E-04
                                      23 12    0.3632E-19    0.1052E-04
                                      23 13    0.3632E-19    0.5599E-05
                                      23 14    0.3632E-19    0.1311E-05
                                      23 15    0.3632E-19    0.1311E-05
                                      23 16    0.3632E-19    0.1926E-06
                                      24  1    0.6848E-20    0.9815E+00
                                      24  2    0.6848E-20    0.1080E-01
                                      24  3    0.6848E-20    0.2953E-02
                                      24  4    0.6848E-20    0.2137E-02
                                      24  5    0.6848E-20    0.2137E-02
                                      24  6    0.6848E-20    0.1096E-03
                                      24  7    0.6848E-20    0.8844E-04
                                      24  8    0.6848E-20    0.8001E-04
                                      24  9    0.6848E-20    0.8001E-04
                                      24 10    0.6848E-20    0.3022E-04
                                      24 11    0.6848E-20    0.3022E-04
                                      24 12    0.6848E-20    0.1052E-04
                                      24 13    0.6848E-20    0.5599E-05
                                      24 14    0.6848E-20    0.1311E-05
                                      24 15    0.6848E-20    0.1311E-05
                                      24 16    0.6848E-20    0.1926E-06
                                      25  1    0.5291E-20    0.9815E+00
                                      25  2    0.5291E-20    0.1080E-01
                                      25  3    0.5291E-20    0.2953E-02
                                      25  4    0.5291E-20    0.2137E-02
                                      25  5    0.5291E-20    0.2137E-02
                                      25  6    0.5291E-20    0.1096E-03
                                      25  7    0.5291E-20    0.8844E-04
                                      25  8    0.5291E-20    0.8001E-04
                                      25  9    0.5291E-20    0.8001E-04
                                      25 10    0.5291E-20    0.3022E-04
                                      25 11    0.5291E-20    0.3022E-04
                                      25 12    0.5291E-20    0.1052E-04
                                      25 13    0.5291E-20    0.5599E-05
                                      25 14    0.5291E-20    0.1311E-05
                                      25 15    0.5291E-20    0.1311E-05
                                      25 16    0.5291E-20    0.1926E-06
                                      26  1    0.1048E-20    0.9815E+00
                                      26  2    0.1048E-20    0.1080E-01
                                      26  3    0.1048E-20    0.2953E-02
                                      26  4    0.1048E-20    0.2137E-02
                                      26  5    0.1048E-20    0.2137E-02
                                      26  6    0.1048E-20    0.1096E-03
                                      26  7    0.1048E-20    0.8844E-04
                                      26  8    0.1048E-20    0.8001E-04
                                      26  9    0.1048E-20    0.8001E-04
                                      26 10    0.1048E-20    0.3022E-04
                                      26 11    0.1048E-20    0.3022E-04
                                      26 12    0.1048E-20    0.1052E-04
                                      26 13    0.1048E-20    0.5599E-05
                                      26 14    0.1048E-20    0.1311E-05
                                      26 15    0.1048E-20    0.1311E-05
                                      26 16    0.1048E-20    0.1926E-06
                                      27  1    0.1613E-22    0.9815E+00
                                      27  2    0.1613E-22    0.1080E-01
                                      27  3    0.1613E-22    0.2953E-02
                                      27  4    0.1613E-22    0.2137E-02
                                      27  5    0.1613E-22    0.2137E-02
                                      27  6    0.1613E-22    0.1096E-03
                                      27  7    0.1613E-22    0.8844E-04
                                      27  8    0.1613E-22    0.8001E-04
                                      27  9    0.1613E-22    0.8001E-04
                                      27 10    0.1613E-22    0.3022E-04
                                      27 11    0.1613E-22    0.3022E-04
                                      27 12    0.1613E-22    0.1052E-04
                                      27 13    0.1613E-22    0.5599E-05
                                      27 14    0.1613E-22    0.1311E-05
                                      27 15    0.1613E-22    0.1311E-05
                                      27 16    0.1613E-22    0.1926E-06
 Transforming integrals for FFOOAA

 CPU  time in FFOO                 is                0.004 s
 Wall time in FFOO                 is                0.005 s
 Transforming integrals for FOFOAA

 CPU  time in FOFO                 is                0.007 s
 Wall time in FOFO                 is                0.006 s
 Transforming integrals for FFOOBB

 CPU  time in FFOO                 is                0.007 s
 Wall time in FFOO                 is                0.007 s
 Transforming integrals for FOFOBB

 CPU  time in FOFO                 is                0.008 s
 Wall time in FOFO                 is                0.008 s
 calc_resp_cispi --> calc_resp_casgvb?
 Mon%NAct           9
 Mon%INAct           0
 Mon%mon0           0           9
 CIPSI One-electron Energy             -2.46572872
 CIPSI Total Energy (w/o ENuc)         -2.09560541
 ABPLUS   49.5852125732172     
 ABMIN    1174.46303483939     
 Solving symmetric eigenvalue equation...

 ERPA EigVec norm  9.60286405
 ERPA EigVal norm   50.99991007
 ERPA Eigenvalues (NDimX =  197):
    1   -0.059925
    2    0.088521
    3    0.118392
    4    0.211807
    5    0.211807
    6    0.211807
    7    0.264292
    8    0.289859
    9    0.354428
   10    0.380638
   11    0.381380
   12    0.523715
   13    0.524400
   14    0.556390
   15    0.714383
   16    1.146244
   17    1.462769
   18    1.493788
   19    1.499791
   20    1.499791
   21    1.499791
   22    1.590892
   23    1.615711
   24    1.620098
   25    1.620421
   26    1.621120
   27    1.621136
   28    1.650304
   29    1.650331
   30    1.650899
   31    1.792234
   32    1.821758
   33    1.821759
   34    1.822453
   35    1.856819
   36    1.883002
   37    1.883767
   38    1.886332
   39    1.886343
   40    1.886996
   41    1.910503
   42    1.912533
   43    1.912533
   44    1.913257
   45    1.913284
   46    1.913293
   47    1.913957
   48    1.991143
   49    1.991384
   50    2.026090
   51    2.026795
   52    2.055612
   53    2.055617
   54    2.056302
   55    2.056311
   56    2.056326
   57    2.056962
   58    2.058780
   59    2.088294
   60    2.088301
   61    2.088961
   62    2.216769
   63    2.246287
   64    2.246291
   65    2.246962
   66    2.282192
   67    2.413590
   68    2.435670
   69    2.435671
   70    2.435671
   71    2.443457
   72    2.521712
   73    2.560203
   74    2.560393
   75    2.585161
   76    2.585161
   77    2.585161
   78    2.614924
   79    2.679493
   80    2.705703
   81    2.706445
   82    2.848780
   83    2.849465
   84    2.881455
   85    2.996164
   86    3.025689
   87    3.025689
   88    3.026384
   89    3.039448
   90    3.338447
   91    3.338447
   92    3.338447
   93    3.412886
   94    3.432209
   95    3.432242
   96    3.432257
   97    3.442406
   98    3.442409
   99    3.443086
  100    3.445763
  101    3.445763
  102    3.445958
  103    3.475641
  104    3.475651
  105    3.475808
  106    3.493516
  107    3.493765
  108    3.505980
  109    3.505985
  110    3.523042
  111    3.523043
  112    3.523287
  113    3.523287
  114    3.523747
  115    3.523973
  116    3.566023
  117    3.573471
  118    3.584445
  119    3.591767
  120    3.647102
  121    3.647102
  122    3.647295
  123    3.711674
  124    3.711678
  125    3.711859
  126    3.737879
  127    3.737879
  128    3.738082
  129    3.738625
  130    3.738627
  131    3.738813
  132    3.818852
  133    3.880957
  134    3.880959
  135    3.881154
  136    3.881648
  137    3.881648
  138    3.881829
  139    3.913635
  140    3.913638
  141    3.913821
  142    4.024094
  143    4.053615
  144    4.053617
  145    4.054300
  146    4.062577
  147    4.062775
  148    4.071628
  149    4.071630
  150    4.071817
  151    4.092103
  152    4.092105
  153    4.092297
  154    4.092298
  155    4.092801
  156    4.092979
  157    4.235568
  158    4.316208
  159    4.316449
  160    4.444892
  161    4.444892
  162    4.444892
  163    4.677118
  164    4.846777
  165    4.851031
  166    4.851031
  167    4.851224
  168    4.885268
  169    4.885458
  170    5.267747
  171    5.267748
  172    5.267937
  173    5.348386
  174    5.348386
  175    5.348582
  176    5.348629
  177    5.348629
  178    5.348819
  179    5.878957
  180    5.878958
  181    5.879143
  182    5.917446
  183    5.917447
  184    5.917638
  185    5.917638
  186    5.917641
  187    5.917828
  188    6.179498
  189    6.208599
  190    6.209020
  191    6.209022
  192    6.209708
  193    6.426376
  194    7.002183
  195    8.034362
  196    8.034363
  197    8.034554
 calc_resp_cispi --> calc_resp_casgvb?
 Mon%NAct          17
 Mon%INAct           0
 Mon%mon0           0          17
 CIPSI One-electron Energy             -2.44331360
 CIPSI Total Energy (w/o ENuc)         -1.85928500
 ABPLUS   63.1445877728978     
 ABMIN    63.1657035938238     
 Solving symmetric eigenvalue equation...

 ERPA EigVec norm 12.08047744
 ERPA EigVal norm   63.15492839
 ERPA Eigenvalues (NDimX =  292):
    1    0.458678
    2    0.485674
    3    0.572194
    4    0.572194
    5    0.589661
    6    0.641179
    7    0.742744
    8    0.748091
    9    0.748091
   10    0.888143
   11    0.995515
   12    1.107266
   13    1.142977
   14    1.143425
   15    1.143426
   16    1.158493
   17    1.158493
   18    1.182851
   19    1.185979
   20    1.271895
   21    1.271895
   22    1.299827
   23    1.334581
   24    1.342598
   25    1.342598
   26    1.404754
   27    1.406725
   28    1.406725
   29    1.460809
   30    1.461246
   31    1.468046
   32    1.473182
   33    1.485989
   34    1.486946
   35    1.518312
   36    1.518312
   37    1.521897
   38    1.536491
   39    1.543555
   40    1.543555
   41    1.586506
   42    1.586506
   43    1.600719
   44    1.634789
   45    1.634789
   46    1.642154
   47    1.642154
   48    1.651252
   49    1.700190
   50    1.705623
   51    1.705623
   52    1.740453
   53    1.747881
   54    1.749237
   55    1.749968
   56    1.788152
   57    1.788152
   58    1.796001
   59    1.796001
   60    1.801623
   61    1.802077
   62    1.802079
   63    1.817357
   64    1.834017
   65    1.839483
   66    1.844629
   67    1.855536
   68    1.909500
   69    1.909500
   70    1.929586
   71    1.929586
   72    1.935833
   73    1.962600
   74    1.963050
   75    1.963058
   76    1.963066
   77    1.963489
   78    1.963490
   79    1.997362
   80    2.005610
   81    2.006046
   82    2.023700
   83    2.024138
   84    2.024141
   85    2.038717
   86    2.038717
   87    2.040119
   88    2.041230
   89    2.061928
   90    2.066696
   91    2.118227
   92    2.118227
   93    2.216721
   94    2.231431
   95    2.240483
   96    2.240483
   97    2.242250
   98    2.242701
   99    2.242702
  100    2.251022
  101    2.251494
  102    2.251495
  103    2.251776
  104    2.252211
  105    2.252215
  106    2.280898
  107    2.280898
  108    2.285254
  109    2.294040
  110    2.294770
  111    2.313615
  112    2.313615
  113    2.337458
  114    2.337458
  115    2.341271
  116    2.341724
  117    2.341725
  118    2.352868
  119    2.357345
  120    2.384276
  121    2.390940
  122    2.408105
  123    2.408514
  124    2.434891
  125    2.434891
  126    2.442654
  127    2.464696
  128    2.466017
  129    2.466017
  130    2.485341
  131    2.504231
  132    2.504231
  133    2.522061
  134    2.541907
  135    2.542367
  136    2.542372
  137    2.584919
  138    2.647363
  139    2.647363
  140    2.661040
  141    2.669851
  142    2.669851
  143    2.710966
  144    2.710966
  145    2.777548
  146    2.778737
  147    2.836148
  148    2.849397
  149    2.849397
  150    2.851031
  151    2.851031
  152    2.874679
  153    2.909900
  154    2.910320
  155    2.910353
  156    2.910357
  157    2.910754
  158    2.910755
  159    2.940979
  160    2.940979
  161    2.942901
  162    2.942901
  163    2.952906
  164    2.953313
  165    2.970077
  166    2.970077
  167    2.985681
  168    3.027678
  169    3.027917
  170    3.057787
  171    3.057787
  172    3.088807
  173    3.107532
  174    3.147133
  175    3.147133
  176    3.153776
  177    3.153776
  178    3.169674
  179    3.266894
  180    3.266894
  181    3.298902
  182    3.298902
  183    3.337941
  184    3.338396
  185    3.338397
  186    3.358382
  187    3.380949
  188    3.529472
  189    3.529718
  190    3.529927
  191    3.529928
  192    3.530162
  193    3.530163
  194    3.544117
  195    3.572479
  196    3.572717
  197    3.727165
  198    3.727165
  199    3.761083
  200    3.890811
  201    3.890811
  202    3.891091
  203    4.117743
  204    4.120424
  205    4.126061
  206    4.126061
  207    4.169458
  208    4.169458
  209    4.214950
  210    4.225731
  211    4.229162
  212    4.229293
  213    4.229293
  214    4.283700
  215    4.403721
  216    4.403721
  217    4.411915
  218    4.483059
  219    4.483059
  220    4.502760
  221    4.600642
  222    4.716745
  223    4.717198
  224    4.717199
  225    4.759750
  226    4.887810
  227    4.887943
  228    4.887944
  229    5.048790
  230    5.048924
  231    5.048925
  232    5.049232
  233    5.049359
  234    5.049359
  235    5.073963
  236    5.106551
  237    5.109881
  238    5.110010
  239    5.110010
  240    5.316242
  241    5.316242
  242    5.328436
  243    5.328568
  244    5.328568
  245    5.337218
  246    5.337356
  247    5.337356
  248    5.337955
  249    5.338082
  250    5.338083
  251    5.427458
  252    5.427590
  253    5.427591
  254    5.628098
  255    5.628233
  256    5.628234
  257    5.732613
  258    5.893594
  259    5.894030
  260    5.940852
  261    5.951142
  262    5.951142
  263    5.954680
  264    5.996087
  265    5.996220
  266    5.996221
  267    5.996499
  268    5.996625
  269    5.996625
  270    6.173238
  271    6.182024
  272    6.182754
  273    6.272260
  274    6.424129
  275    6.424262
  276    6.424262
  277    6.472902
  278    6.615660
  279    6.615793
  280    6.615793
  281    6.615901
  282    6.616031
  283    6.616031
  284    6.840890
  285    6.841297
  286    7.268931
  287    7.460462
  288    7.460701
  289    7.802932
  290    7.803064
  291    7.803065
  292    8.647734

 Transforming E2disp integrals...
 Transforming integrals for TWOMOAB

 Transforming E2exch-ind integrals...
 Transforming integrals for FOFOAABB
 Transforming integrals for FOFOBBBA
 Transforming integrals for FOFOAAAB
 Transforming integrals for FFOOABAB
 Transforming integrals for FOFOBBAB
 Transforming integrals for FOFOAABA

 Transforming E2exch-disp integrals...
 Transforming integrals for FOFOABBA
 Transforming integrals for FFOOABBB
 Transforming integrals for FFOOBAAA
 Transforming integrals for TMPOOAB

 V_nucB_elA       =     -0.21037696
 V_nucA_elB       =     -0.21043760
 V_elA_elB        =      0.21043925
 V_nn             =      0.21037529

 Eelst            =     -0.00001158
 Transforming integrals for TWOA3B
 Transforming integrals for TWOB3A

 ExchS2(T1   ) =      -0.00000000
 ExchS2(T2d  ) =      -0.00005628
 ExchS2(T2c-1) =       0.00002841
 ExchS2(T2c-2) =       0.00002815
 ExchS2(T2b-1) =       0.00025125
 ExchS2(T2b-2) =       0.00002814
 ExchS2(T2a-1) =      -0.00008033
 ExchS2(T2a-2) =      -0.00001419
 ExchS2(T2a-3) =      -0.00010331
 ExchS2(T2a-4) =      -0.00001407

 ExchS2           =      0.00006775

 Ind(B<--A)     =      -0.00000000
 Ind(A<--B)     =      -0.00001035
 E2ind          =      -0.00001035

 Thresholds in E2exch-ind:
 SmallE          =     0.1000E-02
 BigE            =     0.1000E+09

 term Z           =     -0.00000000
 term Y           =     -0.00001735
 term X           =      0.00003180

 E2exch-ind       =      0.00001445

 Thresholds in E2disp:
 SmallE      =       0.1000E-03
 BigE        =       0.1000E+09
 Negative A!           1 -5.992520968883625E-002

 E2disp       =      -0.00023938

 Thresholds in E2exch-disp:
 SmallE          =     0.1000E-02
 BigE            =     0.1000E+09

 term Z           =     -0.00000000
 term X           =      0.00001343
 term Y           =     -0.00000782

 E2exch-disp      =      0.00000560

****************************************
 SAPT SUMMARY / milliHartree
****************************************
 Interface   = TREXIO  
 SAPT level  =  2
 E1elst           =     -0.00001158
 E1exch(S2)       =      0.00006775
 E2ind            =     -0.00001035
 E2exch-ind       =      0.00001445
 E2disp           =     -0.00023938
 E2exch-disp      =      0.00000560
 Eint(SAPT2)      =     -0.00017351

 SAPT: CHECK OUTPUT FOR 1 WARNINGS!
********************************************************************************
 WARNING! NOT POSSIBLE TO DELETE rdm2.dat FILE
 WARNING! NOT POSSIBLE TO DELETE XY0_A FILE
 WARNING! NOT POSSIBLE TO DELETE XY0_B FILE
 WARNING! NOT POSSIBLE TO DELETE PROP_AB0 FILE

 CPU  time in SAPT                 is                0.638 s
 Wall time in SAPT                 is                0.658 s
