 
 GIT INFO
********************************************************************************
 Branch:             IntCholesky
 Revision (short):   435bb1b
 Revision (full):    435bb1bf5b6b4ee23902f492453f820b85226bc8
 Latest commit date: Mon Apr 3 19:16:36 2023 +0200
 Latest tag:         v-4.1
 
 
 BUILD INFO
********************************************************************************
 Fortran compiler:   Intel 
 /opt/intel/oneapi/compiler/2023.0.0/linux/bin/intel64/ifort
 C++ compiler:       Intel 
 /opt/intel/oneapi/compiler/2023.0.0/linux/bin/intel64/icpc
 C compiler:         Intel 
 /opt/intel/oneapi/compiler/2023.0.0/linux/bin/intel64/icc
 Compile options:    -assume byterecl -heap-arrays -O3 -g -xHost
 BLAS libraries:     
 /opt/intel/oneapi/mkl/2023.0.0/lib/intel64/libmkl_intel_lp64.so /opt/intel/onea
 pi/mkl/2023.0.0/lib/intel64/libmkl_intel_thread.so /opt/intel/oneapi/mkl/2023.0
 .0/lib/intel64/libmkl_core.so /opt/intel/oneapi/compiler/2023.0.0/linux/compile
 r/lib/intel64_lin/libiomp5.so -lpthread -lm -ldl
 
 NBasis WILL BE READ FROM MOLPRO

 INPUT 
********************************************************************************
 JOB TITLE:     H2-H2 5.0 (QPACKAGE)
 INTERFACE:     TREXIO  
 JOB TYPE:      SAPT     
 RDM TYPE:      CI      
 RDM SOURCE:    DALTON  

 MONOMER:       A       
 ZNUCL:         2
 CHARGE:        0
 NO. OF ATOMS:  2
 NO. OF SYM. EQUIV. ATOMS:  2

 MONOMER:       B       
 ZNUCL:         2
 CHARGE:        0
 NO. OF ATOMS:  2
 NO. OF SYM. EQUIV. ATOMS:  2


 INPUT CHECK PASSED
********************************************************************************

 IDALTON         0
 IRes            0
 IAO             0
 INO             0
 NoSym           1
 IGVB            0
 IFun           13
 IFunSR          0
 IFunSRKer       0
 IModG           1
 NGOcc           0
 ILoc            1
 IFreeze         0
 IAPSG           0
 ISERPA          0
 IA              1
 ICASSCF         0
 IDMRG           0
 IFlAC           0
 IFLSnd          0
 IFlCore         1
 IFlFrag         0
 IFl12           1
 ISAPT           1

 SYSTEM 
********************************************************************************
 MONOMER A
 NUCLEAR CHARGE:   2
 CHARGE:           0
 NO.OF ATOMS:      2
 THRESH ACTIVE:    0.100000E-08

 MONOMER B
 NUCLEAR CHARGE:   2
 CHARGE:           0
 NO.OF ATOMS:      2
 THRESH ACTIVE:    0.100000E-08
 PRINT LEVEL:     11


 IFunSR=0

 IFunSRKer=0


 STARTING SAPT CALCULATIONS
********************************************************************************
 One-electron integrals written to file: ONEEL_A
 Total number of nuclei :           4
 Charges on centers
  1    1.000000
  2    1.000000
  3    0.000000
  4    0.000000
 Cartesian coordinates (Angstrom)
  1    0.000000    0.000000    6.479939
  2    0.000000    0.000000   -0.720061
  3    0.000000    0.000000    0.000000
  4    0.000000    0.000000    0.000000
 
 One-electron integrals written to file: ONEEL_B
 Total number of nuclei :           4
 Charges on centers
  1    1.000000
  2    1.000000
  3    0.000000
  4    0.000000
 Cartesian coordinates (Angstrom)
  1    0.000000    0.720061   -6.930000
  2    0.000000   -0.720061   -6.930000
  3    0.000000    0.000000    0.000000
  4    0.000000    0.000000    0.000000
 

 Warning! Small occupation: 19    0.3721E-10
 Warning! Small occupation: 20    0.7551E-11
 Warning! Small occupation: 21    0.1359E-11
 Warning! Small occupation: 22    0.9824E-12
 Warning! Small occupation: 23    0.9061E-12
 Warning! Small occupation: 24    0.8237E-12
 Warning! Small occupation: 25    0.4393E-12
 Warning! Small occupation: 26    0.1157E-12
 Warning! Small occupation: 27    0.3820E-13
 Warning! Small occupation: 28    0.1538E-13
 Warning! Small occupation: 29    0.1301E-13
 Warning! Small occupation: 30    0.9265E-14
 Warning! Small occupation: 31    0.6729E-14
 Warning! Small occupation: 32    0.4171E-14
 Warning! Small occupation: 33    0.8894E-15
 Warning! Small occupation: 34    0.2513E-15
 Warning! Small occupation: 35    0.1849E-21
 Warning! Small occupation: 36    0.4348E-30
 Monomoner A:           18 orbitals will be treated as virtual
 Warning! Small occupation: 19    0.9421E-09
 Warning! Small occupation: 20    0.1190E-09
 Warning! Small occupation: 21    0.1031E-09
 Warning! Small occupation: 22    0.3015E-10
 Warning! Small occupation: 23    0.1739E-10
 Warning! Small occupation: 24    0.6107E-11
 Warning! Small occupation: 25    0.2575E-12
 Warning! Small occupation: 26    0.5286E-13
 Warning! Small occupation: 27    0.2952E-13
 Warning! Small occupation: 28    0.1785E-13
 Warning! Small occupation: 29    0.7460E-14
 Warning! Small occupation: 30    0.3483E-14
 Warning! Small occupation: 31    0.1624E-14
 Warning! Small occupation: 32    0.1127E-14
 Warning! Small occupation: 33    0.1024E-14
 Warning! Small occupation: 34    0.1888E-15
 Warning! Small occupation: 35    0.1115E-15
 Warning! Small occupation: 36    0.8812E-16
 Monomoner B:           18 orbitals will be treated as virtual
 ORBITAL OCCUPANCIES
  Orb   Occupancy-A      Gem-A          Occupancy-B      Gem-B
   1    0.523177E+00     1              0.981531E+00     1
   2    0.476764E+00     1              0.107932E-01     1
   3    0.351114E-04     1              0.295079E-02     1
   4    0.852864E-05     1              0.215190E-02     1
   5    0.849007E-05     1              0.213593E-02     1
   6    0.407530E-05     1              0.109459E-03     1
   7    0.131384E-05     1              0.883561E-04     1
   8    0.131252E-05     1              0.799633E-04     1
   9    0.305843E-07     1              0.799240E-04     1
  10    0.151143E-07     1              0.301307E-04     1
  11    0.910065E-08     1              0.299975E-04     1
  12    0.866299E-08     1              0.108115E-04     1
  13    0.864763E-08     1              0.558255E-05     1
  14    0.554546E-08     1              0.132226E-05     1
  15    0.552650E-08     1              0.130207E-05     1
  16    0.267062E-08     1              0.236644E-06     1
  17    0.135119E-08     1              0.204183E-07     1
  18    0.116474E-08     1              0.131431E-07     1
  19    0.186059E-10     1              0.471040E-09     1
  20    0.377540E-11     1              0.595038E-10     1
  21    0.679586E-12     1              0.515672E-10     1
  22    0.491220E-12     1              0.150727E-10     1
  23    0.453069E-12     1              0.869595E-11     1
  24    0.411836E-12     1              0.305359E-11     1
  25    0.219642E-12     1              0.128758E-12     1
  26    0.578468E-13     1              0.264297E-13     1
  27    0.190989E-13     1              0.147585E-13     1
  28    0.769238E-14     1              0.892262E-14     1
  29    0.650468E-14     1              0.373019E-14     1
  30    0.463271E-14     1              0.174173E-14     1
  31    0.336468E-14     1              0.811875E-15     1
  32    0.208561E-14     1              0.563321E-15     1
  33    0.444721E-15     1              0.512087E-15     1
  34    0.125638E-15     1              0.943812E-16     1
  35    0.924396E-22     1              0.557654E-16     1
  36    0.217409E-30     1              0.440586E-16     1


 Number of basis functions:                        36
 Number of independent pairs:                     666
 Number of columns in segment:                    666
 Number of passes:                                  1
 Use TREXIO INTS SORTER

 CPU  time in 2ints                is                0.028 s
 Wall time in 2ints                is                0.028 s
 WIP: do we really need a separate procedure for TREXIO?
      it would maybe make more sense to set RDMType CI?
      or split: select_active_gvb/cas/ci? 

 Monomer A
 Active Orbital:    1    0.5232E+00
 Active Orbital:    2    0.4768E+00
 Active Orbital:    3    0.3511E-04
 Active Orbital:    4    0.8529E-05
 Active Orbital:    5    0.8490E-05
 Active Orbital:    6    0.4075E-05
 Active Orbital:    7    0.1314E-05
 Active Orbital:    8    0.1313E-05
 Active Orbital:    9    0.3058E-07
 Active Orbital:   10    0.1511E-07
 Active Orbital:   11    0.9101E-08
 Active Orbital:   12    0.8663E-08
 Active Orbital:   13    0.8648E-08
 Active Orbital:   14    0.5545E-08
 Active Orbital:   15    0.5527E-08
 Active Orbital:   16    0.2671E-08
 Active Orbital:   17    0.1351E-08
 Active Orbital:   18    0.1165E-08

 TREXIO-num:
 num0 (inactive)   0
 num1   (active)  18
 num2  (virtual)  18

 maybe better call ThrSelAct : Threshold for nearly degenerate pairs?
 Threshold for active orbital pairs:           0.10000E-07
 Threshold for quasi-virtual orbital pairs:    0.10000E-06
 Threshold for selecting active orbitals:      0.10000E-08 < Active <  0.10000E+01
 Discarding nearly virtual-orbitals pair    10   9
 Discarding nearly virtual-orbitals pair    11   9
 Discarding nearly virtual-orbitals pair    11  10
 Discarding nearly virtual-orbitals pair    12   9
 Discarding nearly virtual-orbitals pair    12  10
 Discarding nearly virtual-orbitals pair    12  11
 Discarding nearly virtual-orbitals pair    13   9
 Discarding nearly virtual-orbitals pair    13  10
 Discarding nearly virtual-orbitals pair    13  11
 Discarding nearly virtual-orbitals pair    13  12
 Discarding nearly virtual-orbitals pair    14   9
 Discarding nearly virtual-orbitals pair    14  10
 Discarding nearly virtual-orbitals pair    14  11
 Discarding nearly virtual-orbitals pair    14  12
 Discarding nearly virtual-orbitals pair    14  13
 Discarding nearly virtual-orbitals pair    15   9
 Discarding nearly virtual-orbitals pair    15  10
 Discarding nearly virtual-orbitals pair    15  11
 Discarding nearly virtual-orbitals pair    15  12
 Discarding nearly virtual-orbitals pair    15  13
 Discarding nearly virtual-orbitals pair    15  14
 Discarding nearly virtual-orbitals pair    16   9
 Discarding nearly virtual-orbitals pair    16  10
 Discarding nearly virtual-orbitals pair    16  11
 Discarding nearly virtual-orbitals pair    16  12
 Discarding nearly virtual-orbitals pair    16  13
 Discarding nearly virtual-orbitals pair    16  14
 Discarding nearly virtual-orbitals pair    16  15
 Discarding nearly virtual-orbitals pair    17   9
 Discarding nearly virtual-orbitals pair    17  10
 Discarding nearly virtual-orbitals pair    17  11
 Discarding nearly virtual-orbitals pair    17  12
 Discarding nearly virtual-orbitals pair    17  13
 Discarding nearly virtual-orbitals pair    17  14
 Discarding nearly virtual-orbitals pair    17  15
 Discarding nearly virtual-orbitals pair    17  16
 Discarding nearly virtual-orbitals pair    18   9
 Discarding nearly virtual-orbitals pair    18  10
 Discarding nearly virtual-orbitals pair    18  11
 Discarding nearly virtual-orbitals pair    18  12
 Discarding nearly virtual-orbitals pair    18  13
 Discarding nearly virtual-orbitals pair    18  14
 Discarding nearly virtual-orbitals pair    18  15
 Discarding nearly virtual-orbitals pair    18  16
 Discarding nearly virtual-orbitals pair    18  17
 Discarding nearly virtual-orbitals pair    19   9
 Discarding nearly virtual-orbitals pair    19  10
 Discarding nearly virtual-orbitals pair    19  11
 Discarding nearly virtual-orbitals pair    19  12
 Discarding nearly virtual-orbitals pair    19  13
 Discarding nearly virtual-orbitals pair    19  14
 Discarding nearly virtual-orbitals pair    19  15
 Discarding nearly virtual-orbitals pair    19  16
 Discarding nearly virtual-orbitals pair    19  17
 Discarding nearly virtual-orbitals pair    19  18
 Discarding nearly virtual-orbitals pair    20   9
 Discarding nearly virtual-orbitals pair    20  10
 Discarding nearly virtual-orbitals pair    20  11
 Discarding nearly virtual-orbitals pair    20  12
 Discarding nearly virtual-orbitals pair    20  13
 Discarding nearly virtual-orbitals pair    20  14
 Discarding nearly virtual-orbitals pair    20  15
 Discarding nearly virtual-orbitals pair    20  16
 Discarding nearly virtual-orbitals pair    20  17
 Discarding nearly virtual-orbitals pair    20  18
 Discarding nearly virtual-orbitals pair    21   9
 Discarding nearly virtual-orbitals pair    21  10
 Discarding nearly virtual-orbitals pair    21  11
 Discarding nearly virtual-orbitals pair    21  12
 Discarding nearly virtual-orbitals pair    21  13
 Discarding nearly virtual-orbitals pair    21  14
 Discarding nearly virtual-orbitals pair    21  15
 Discarding nearly virtual-orbitals pair    21  16
 Discarding nearly virtual-orbitals pair    21  17
 Discarding nearly virtual-orbitals pair    21  18
 Discarding nearly virtual-orbitals pair    22   9
 Discarding nearly virtual-orbitals pair    22  10
 Discarding nearly virtual-orbitals pair    22  11
 Discarding nearly virtual-orbitals pair    22  12
 Discarding nearly virtual-orbitals pair    22  13
 Discarding nearly virtual-orbitals pair    22  14
 Discarding nearly virtual-orbitals pair    22  15
 Discarding nearly virtual-orbitals pair    22  16
 Discarding nearly virtual-orbitals pair    22  17
 Discarding nearly virtual-orbitals pair    22  18
 Discarding nearly virtual-orbitals pair    23   9
 Discarding nearly virtual-orbitals pair    23  10
 Discarding nearly virtual-orbitals pair    23  11
 Discarding nearly virtual-orbitals pair    23  12
 Discarding nearly virtual-orbitals pair    23  13
 Discarding nearly virtual-orbitals pair    23  14
 Discarding nearly virtual-orbitals pair    23  15
 Discarding nearly virtual-orbitals pair    23  16
 Discarding nearly virtual-orbitals pair    23  17
 Discarding nearly virtual-orbitals pair    23  18
 Discarding nearly virtual-orbitals pair    24   9
 Discarding nearly virtual-orbitals pair    24  10
 Discarding nearly virtual-orbitals pair    24  11
 Discarding nearly virtual-orbitals pair    24  12
 Discarding nearly virtual-orbitals pair    24  13
 Discarding nearly virtual-orbitals pair    24  14
 Discarding nearly virtual-orbitals pair    24  15
 Discarding nearly virtual-orbitals pair    24  16
 Discarding nearly virtual-orbitals pair    24  17
 Discarding nearly virtual-orbitals pair    24  18
 Discarding nearly virtual-orbitals pair    25   9
 Discarding nearly virtual-orbitals pair    25  10
 Discarding nearly virtual-orbitals pair    25  11
 Discarding nearly virtual-orbitals pair    25  12
 Discarding nearly virtual-orbitals pair    25  13
 Discarding nearly virtual-orbitals pair    25  14
 Discarding nearly virtual-orbitals pair    25  15
 Discarding nearly virtual-orbitals pair    25  16
 Discarding nearly virtual-orbitals pair    25  17
 Discarding nearly virtual-orbitals pair    25  18
 Discarding nearly virtual-orbitals pair    26   9
 Discarding nearly virtual-orbitals pair    26  10
 Discarding nearly virtual-orbitals pair    26  11
 Discarding nearly virtual-orbitals pair    26  12
 Discarding nearly virtual-orbitals pair    26  13
 Discarding nearly virtual-orbitals pair    26  14
 Discarding nearly virtual-orbitals pair    26  15
 Discarding nearly virtual-orbitals pair    26  16
 Discarding nearly virtual-orbitals pair    26  17
 Discarding nearly virtual-orbitals pair    26  18
 Discarding nearly virtual-orbitals pair    27   9
 Discarding nearly virtual-orbitals pair    27  10
 Discarding nearly virtual-orbitals pair    27  11
 Discarding nearly virtual-orbitals pair    27  12
 Discarding nearly virtual-orbitals pair    27  13
 Discarding nearly virtual-orbitals pair    27  14
 Discarding nearly virtual-orbitals pair    27  15
 Discarding nearly virtual-orbitals pair    27  16
 Discarding nearly virtual-orbitals pair    27  17
 Discarding nearly virtual-orbitals pair    27  18
 Discarding nearly virtual-orbitals pair    28   9
 Discarding nearly virtual-orbitals pair    28  10
 Discarding nearly virtual-orbitals pair    28  11
 Discarding nearly virtual-orbitals pair    28  12
 Discarding nearly virtual-orbitals pair    28  13
 Discarding nearly virtual-orbitals pair    28  14
 Discarding nearly virtual-orbitals pair    28  15
 Discarding nearly virtual-orbitals pair    28  16
 Discarding nearly virtual-orbitals pair    28  17
 Discarding nearly virtual-orbitals pair    28  18
 Discarding nearly virtual-orbitals pair    29   9
 Discarding nearly virtual-orbitals pair    29  10
 Discarding nearly virtual-orbitals pair    29  11
 Discarding nearly virtual-orbitals pair    29  12
 Discarding nearly virtual-orbitals pair    29  13
 Discarding nearly virtual-orbitals pair    29  14
 Discarding nearly virtual-orbitals pair    29  15
 Discarding nearly virtual-orbitals pair    29  16
 Discarding nearly virtual-orbitals pair    29  17
 Discarding nearly virtual-orbitals pair    29  18
 Discarding nearly virtual-orbitals pair    30   9
 Discarding nearly virtual-orbitals pair    30  10
 Discarding nearly virtual-orbitals pair    30  11
 Discarding nearly virtual-orbitals pair    30  12
 Discarding nearly virtual-orbitals pair    30  13
 Discarding nearly virtual-orbitals pair    30  14
 Discarding nearly virtual-orbitals pair    30  15
 Discarding nearly virtual-orbitals pair    30  16
 Discarding nearly virtual-orbitals pair    30  17
 Discarding nearly virtual-orbitals pair    30  18
 Discarding nearly virtual-orbitals pair    31   9
 Discarding nearly virtual-orbitals pair    31  10
 Discarding nearly virtual-orbitals pair    31  11
 Discarding nearly virtual-orbitals pair    31  12
 Discarding nearly virtual-orbitals pair    31  13
 Discarding nearly virtual-orbitals pair    31  14
 Discarding nearly virtual-orbitals pair    31  15
 Discarding nearly virtual-orbitals pair    31  16
 Discarding nearly virtual-orbitals pair    31  17
 Discarding nearly virtual-orbitals pair    31  18
 Discarding nearly virtual-orbitals pair    32   9
 Discarding nearly virtual-orbitals pair    32  10
 Discarding nearly virtual-orbitals pair    32  11
 Discarding nearly virtual-orbitals pair    32  12
 Discarding nearly virtual-orbitals pair    32  13
 Discarding nearly virtual-orbitals pair    32  14
 Discarding nearly virtual-orbitals pair    32  15
 Discarding nearly virtual-orbitals pair    32  16
 Discarding nearly virtual-orbitals pair    32  17
 Discarding nearly virtual-orbitals pair    32  18
 Discarding nearly virtual-orbitals pair    33   9
 Discarding nearly virtual-orbitals pair    33  10
 Discarding nearly virtual-orbitals pair    33  11
 Discarding nearly virtual-orbitals pair    33  12
 Discarding nearly virtual-orbitals pair    33  13
 Discarding nearly virtual-orbitals pair    33  14
 Discarding nearly virtual-orbitals pair    33  15
 Discarding nearly virtual-orbitals pair    33  16
 Discarding nearly virtual-orbitals pair    33  17
 Discarding nearly virtual-orbitals pair    33  18
 Discarding nearly virtual-orbitals pair    34   9
 Discarding nearly virtual-orbitals pair    34  10
 Discarding nearly virtual-orbitals pair    34  11
 Discarding nearly virtual-orbitals pair    34  12
 Discarding nearly virtual-orbitals pair    34  13
 Discarding nearly virtual-orbitals pair    34  14
 Discarding nearly virtual-orbitals pair    34  15
 Discarding nearly virtual-orbitals pair    34  16
 Discarding nearly virtual-orbitals pair    34  17
 Discarding nearly virtual-orbitals pair    34  18
 Discarding nearly virtual-orbitals pair    35   9
 Discarding nearly virtual-orbitals pair    35  10
 Discarding nearly virtual-orbitals pair    35  11
 Discarding nearly virtual-orbitals pair    35  12
 Discarding nearly virtual-orbitals pair    35  13
 Discarding nearly virtual-orbitals pair    35  14
 Discarding nearly virtual-orbitals pair    35  15
 Discarding nearly virtual-orbitals pair    35  16
 Discarding nearly virtual-orbitals pair    35  17
 Discarding nearly virtual-orbitals pair    35  18
 Discarding nearly virtual-orbitals pair    36   9
 Discarding nearly virtual-orbitals pair    36  10
 Discarding nearly virtual-orbitals pair    36  11
 Discarding nearly virtual-orbitals pair    36  12
 Discarding nearly virtual-orbitals pair    36  13
 Discarding nearly virtual-orbitals pair    36  14
 Discarding nearly virtual-orbitals pair    36  15
 Discarding nearly virtual-orbitals pair    36  16
 Discarding nearly virtual-orbitals pair    36  17
 Discarding nearly virtual-orbitals pair    36  18
 WIP: do we really need a separate procedure for TREXIO?
      it would maybe make more sense to set RDMType CI?
      or split: select_active_gvb/cas/ci? 

 Monomer B
 Active Orbital:    1    0.9815E+00
 Active Orbital:    2    0.1079E-01
 Active Orbital:    3    0.2951E-02
 Active Orbital:    4    0.2152E-02
 Active Orbital:    5    0.2136E-02
 Active Orbital:    6    0.1095E-03
 Active Orbital:    7    0.8836E-04
 Active Orbital:    8    0.7996E-04
 Active Orbital:    9    0.7992E-04
 Active Orbital:   10    0.3013E-04
 Active Orbital:   11    0.3000E-04
 Active Orbital:   12    0.1081E-04
 Active Orbital:   13    0.5583E-05
 Active Orbital:   14    0.1322E-05
 Active Orbital:   15    0.1302E-05
 Active Orbital:   16    0.2366E-06
 Active Orbital:   17    0.2042E-07
 Active Orbital:   18    0.1314E-07

 TREXIO-num:
 num0 (inactive)   0
 num1   (active)  18
 num2  (virtual)  18

 maybe better call ThrSelAct : Threshold for nearly degenerate pairs?
 Threshold for active orbital pairs:           0.10000E-07
 Threshold for quasi-virtual orbital pairs:    0.10000E-06
 Threshold for selecting active orbitals:      0.10000E-08 < Active <  0.10000E+01
 Discarding nearly virtual-orbitals pair    18  17
 Discarding nearly virtual-orbitals pair    19  17
 Discarding nearly virtual-orbitals pair    19  18
 Discarding nearly virtual-orbitals pair    20  17
 Discarding nearly virtual-orbitals pair    20  18
 Discarding nearly virtual-orbitals pair    21  17
 Discarding nearly virtual-orbitals pair    21  18
 Discarding nearly virtual-orbitals pair    22  17
 Discarding nearly virtual-orbitals pair    22  18
 Discarding nearly virtual-orbitals pair    23  17
 Discarding nearly virtual-orbitals pair    23  18
 Discarding nearly virtual-orbitals pair    24  17
 Discarding nearly virtual-orbitals pair    24  18
 Discarding nearly virtual-orbitals pair    25  17
 Discarding nearly virtual-orbitals pair    25  18
 Discarding nearly virtual-orbitals pair    26  17
 Discarding nearly virtual-orbitals pair    26  18
 Discarding nearly virtual-orbitals pair    27  17
 Discarding nearly virtual-orbitals pair    27  18
 Discarding nearly virtual-orbitals pair    28  17
 Discarding nearly virtual-orbitals pair    28  18
 Discarding nearly virtual-orbitals pair    29  17
 Discarding nearly virtual-orbitals pair    29  18
 Discarding nearly virtual-orbitals pair    30  17
 Discarding nearly virtual-orbitals pair    30  18
 Discarding nearly virtual-orbitals pair    31  17
 Discarding nearly virtual-orbitals pair    31  18
 Discarding nearly virtual-orbitals pair    32  17
 Discarding nearly virtual-orbitals pair    32  18
 Discarding nearly virtual-orbitals pair    33  17
 Discarding nearly virtual-orbitals pair    33  18
 Discarding nearly virtual-orbitals pair    34  17
 Discarding nearly virtual-orbitals pair    34  18
 Discarding nearly virtual-orbitals pair    35  17
 Discarding nearly virtual-orbitals pair    35  18
 Discarding nearly virtual-orbitals pair    36  17
 Discarding nearly virtual-orbitals pair    36  18

 WIP1: use 3-ind transformation for 2-RDMs!
 WIP2: can the matrix be read-in and 3-indx transformed in batches? (rw_trexio_rdm2)
 Number of Cholesky 2-RDM vectors     1
 (compared to         1296 )

 Monomer A
 2-RDM2 norm =     0.999999 (reference =   1.000)
 FCI RDM2 TRANSFORMATION TO NO IN PROCESS...
 2-RDM dim for monomer 1 truncated from NBasis =  36 to NOccup =  18
 according to the 0.100000E-08 threshold (ThrAct)

 WIP1: use 3-ind transformation for 2-RDMs!
 WIP2: can the matrix be read-in and 3-indx transformed in batches? (rw_trexio_rdm2)
 Number of Cholesky 2-RDM vectors     1
 (compared to         1296 )

 Monomer B
 2-RDM2 norm =     1.000000 (reference =   1.000)
 FCI RDM2 TRANSFORMATION TO NO IN PROCESS...
 2-RDM dim for monomer 2 truncated from NBasis =  36 to NOccup =  18
 according to the 0.100000E-08 threshold (ThrAct)

                           Monomer A    Monomer B
 Active orbital:    1    0.5232E+00    0.9815E+00
 Active orbital:    2    0.4768E+00    0.1079E-01
 Active orbital:    3    0.3511E-04    0.2951E-02
 Active orbital:    4    0.8529E-05    0.2152E-02
 Active orbital:    5    0.8490E-05    0.2136E-02
 Active orbital:    6    0.4075E-05    0.1095E-03
 Active orbital:    7    0.1314E-05    0.8836E-04
 Active orbital:    8    0.1313E-05    0.7996E-04
 Active orbital:    9    0.3058E-07    0.7992E-04
 Active orbital:   10    0.1511E-07    0.3013E-04
 Active orbital:   11    0.9101E-08    0.3000E-04
 Active orbital:   12    0.8663E-08    0.1081E-04
 Active orbital:   13    0.8648E-08    0.5583E-05
 Active orbital:   14    0.5545E-08    0.1322E-05
 Active orbital:   15    0.5527E-08    0.1302E-05
 Active orbital:   16    0.2671E-08    0.2366E-06
 Active orbital:   17    0.1351E-08    0.2042E-07
 Active orbital:   18    0.1165E-08    0.1314E-07
 ------------------------------------------------
 Total Active:                18          18

                          Monomer A     Monomer B
 Total number of pairs:      630           630
 Reduced to:                252           440


  Accepted pairs:
  p  q           Monomer A                            MonomerB
  --------------------------------     --------------------------------
  2  1    0.4768E+00    0.5232E+00     2  1    0.1079E-01    0.9815E+00
  3  1    0.3511E-04    0.5232E+00     3  1    0.2951E-02    0.9815E+00
  3  2    0.3511E-04    0.4768E+00     3  2    0.2951E-02    0.1079E-01
  4  1    0.8529E-05    0.5232E+00     4  1    0.2152E-02    0.9815E+00
  4  2    0.8529E-05    0.4768E+00     4  2    0.2152E-02    0.1079E-01
  4  3    0.8529E-05    0.3511E-04     4  3    0.2152E-02    0.2951E-02
  5  1    0.8490E-05    0.5232E+00     5  1    0.2136E-02    0.9815E+00
  5  2    0.8490E-05    0.4768E+00     5  2    0.2136E-02    0.1079E-01
  5  3    0.8490E-05    0.3511E-04     5  3    0.2136E-02    0.2951E-02
  5  4    0.8490E-05    0.8529E-05     5  4    0.2136E-02    0.2152E-02
  6  1    0.4075E-05    0.5232E+00     6  1    0.1095E-03    0.9815E+00
  6  2    0.4075E-05    0.4768E+00     6  2    0.1095E-03    0.1079E-01
  6  3    0.4075E-05    0.3511E-04     6  3    0.1095E-03    0.2951E-02
  6  4    0.4075E-05    0.8529E-05     6  4    0.1095E-03    0.2152E-02
  6  5    0.4075E-05    0.8490E-05     6  5    0.1095E-03    0.2136E-02
  7  1    0.1314E-05    0.5232E+00     7  1    0.8836E-04    0.9815E+00
  7  2    0.1314E-05    0.4768E+00     7  2    0.8836E-04    0.1079E-01
  7  3    0.1314E-05    0.3511E-04     7  3    0.8836E-04    0.2951E-02
  7  4    0.1314E-05    0.8529E-05     7  4    0.8836E-04    0.2152E-02
  7  5    0.1314E-05    0.8490E-05     7  5    0.8836E-04    0.2136E-02
  7  6    0.1314E-05    0.4075E-05     7  6    0.8836E-04    0.1095E-03
  8  1    0.1313E-05    0.5232E+00     8  1    0.7996E-04    0.9815E+00
  8  2    0.1313E-05    0.4768E+00     8  2    0.7996E-04    0.1079E-01
  8  3    0.1313E-05    0.3511E-04     8  3    0.7996E-04    0.2951E-02
  8  4    0.1313E-05    0.8529E-05     8  4    0.7996E-04    0.2152E-02
  8  5    0.1313E-05    0.8490E-05     8  5    0.7996E-04    0.2136E-02
  8  6    0.1313E-05    0.4075E-05     8  6    0.7996E-04    0.1095E-03
  8  7    0.1313E-05    0.1314E-05     8  7    0.7996E-04    0.8836E-04
  9  1    0.3058E-07    0.5232E+00     9  1    0.7992E-04    0.9815E+00
  9  2    0.3058E-07    0.4768E+00     9  2    0.7992E-04    0.1079E-01
  9  3    0.3058E-07    0.3511E-04     9  3    0.7992E-04    0.2951E-02
  9  4    0.3058E-07    0.8529E-05     9  4    0.7992E-04    0.2152E-02
  9  5    0.3058E-07    0.8490E-05     9  5    0.7992E-04    0.2136E-02
  9  6    0.3058E-07    0.4075E-05     9  6    0.7992E-04    0.1095E-03
  9  7    0.3058E-07    0.1314E-05     9  7    0.7992E-04    0.8836E-04
  9  8    0.3058E-07    0.1313E-05     9  8    0.7992E-04    0.7996E-04
 10  1    0.1511E-07    0.5232E+00    10  1    0.3013E-04    0.9815E+00
 10  2    0.1511E-07    0.4768E+00    10  2    0.3013E-04    0.1079E-01
 10  3    0.1511E-07    0.3511E-04    10  3    0.3013E-04    0.2951E-02
 10  4    0.1511E-07    0.8529E-05    10  4    0.3013E-04    0.2152E-02
 10  5    0.1511E-07    0.8490E-05    10  5    0.3013E-04    0.2136E-02
 10  6    0.1511E-07    0.4075E-05    10  6    0.3013E-04    0.1095E-03
 10  7    0.1511E-07    0.1314E-05    10  7    0.3013E-04    0.8836E-04
 10  8    0.1511E-07    0.1313E-05    10  8    0.3013E-04    0.7996E-04
 11  1    0.9101E-08    0.5232E+00    10  9    0.3013E-04    0.7992E-04
 11  2    0.9101E-08    0.4768E+00    11  1    0.3000E-04    0.9815E+00
 11  3    0.9101E-08    0.3511E-04    11  2    0.3000E-04    0.1079E-01
 11  4    0.9101E-08    0.8529E-05    11  3    0.3000E-04    0.2951E-02
 11  5    0.9101E-08    0.8490E-05    11  4    0.3000E-04    0.2152E-02
 11  6    0.9101E-08    0.4075E-05    11  5    0.3000E-04    0.2136E-02
 11  7    0.9101E-08    0.1314E-05    11  6    0.3000E-04    0.1095E-03
 11  8    0.9101E-08    0.1313E-05    11  7    0.3000E-04    0.8836E-04
 12  1    0.8663E-08    0.5232E+00    11  8    0.3000E-04    0.7996E-04
 12  2    0.8663E-08    0.4768E+00    11  9    0.3000E-04    0.7992E-04
 12  3    0.8663E-08    0.3511E-04    11 10    0.3000E-04    0.3013E-04
 12  4    0.8663E-08    0.8529E-05    12  1    0.1081E-04    0.9815E+00
 12  5    0.8663E-08    0.8490E-05    12  2    0.1081E-04    0.1079E-01
 12  6    0.8663E-08    0.4075E-05    12  3    0.1081E-04    0.2951E-02
 12  7    0.8663E-08    0.1314E-05    12  4    0.1081E-04    0.2152E-02
 12  8    0.8663E-08    0.1313E-05    12  5    0.1081E-04    0.2136E-02
 13  1    0.8648E-08    0.5232E+00    12  6    0.1081E-04    0.1095E-03
 13  2    0.8648E-08    0.4768E+00    12  7    0.1081E-04    0.8836E-04
 13  3    0.8648E-08    0.3511E-04    12  8    0.1081E-04    0.7996E-04
 13  4    0.8648E-08    0.8529E-05    12  9    0.1081E-04    0.7992E-04
 13  5    0.8648E-08    0.8490E-05    12 10    0.1081E-04    0.3013E-04
 13  6    0.8648E-08    0.4075E-05    12 11    0.1081E-04    0.3000E-04
 13  7    0.8648E-08    0.1314E-05    13  1    0.5583E-05    0.9815E+00
 13  8    0.8648E-08    0.1313E-05    13  2    0.5583E-05    0.1079E-01
 14  1    0.5545E-08    0.5232E+00    13  3    0.5583E-05    0.2951E-02
 14  2    0.5545E-08    0.4768E+00    13  4    0.5583E-05    0.2152E-02
 14  3    0.5545E-08    0.3511E-04    13  5    0.5583E-05    0.2136E-02
 14  4    0.5545E-08    0.8529E-05    13  6    0.5583E-05    0.1095E-03
 14  5    0.5545E-08    0.8490E-05    13  7    0.5583E-05    0.8836E-04
 14  6    0.5545E-08    0.4075E-05    13  8    0.5583E-05    0.7996E-04
 14  7    0.5545E-08    0.1314E-05    13  9    0.5583E-05    0.7992E-04
 14  8    0.5545E-08    0.1313E-05    13 10    0.5583E-05    0.3013E-04
 15  1    0.5527E-08    0.5232E+00    13 11    0.5583E-05    0.3000E-04
 15  2    0.5527E-08    0.4768E+00    13 12    0.5583E-05    0.1081E-04
 15  3    0.5527E-08    0.3511E-04    14  1    0.1322E-05    0.9815E+00
 15  4    0.5527E-08    0.8529E-05    14  2    0.1322E-05    0.1079E-01
 15  5    0.5527E-08    0.8490E-05    14  3    0.1322E-05    0.2951E-02
 15  6    0.5527E-08    0.4075E-05    14  4    0.1322E-05    0.2152E-02
 15  7    0.5527E-08    0.1314E-05    14  5    0.1322E-05    0.2136E-02
 15  8    0.5527E-08    0.1313E-05    14  6    0.1322E-05    0.1095E-03
 16  1    0.2671E-08    0.5232E+00    14  7    0.1322E-05    0.8836E-04
 16  2    0.2671E-08    0.4768E+00    14  8    0.1322E-05    0.7996E-04
 16  3    0.2671E-08    0.3511E-04    14  9    0.1322E-05    0.7992E-04
 16  4    0.2671E-08    0.8529E-05    14 10    0.1322E-05    0.3013E-04
 16  5    0.2671E-08    0.8490E-05    14 11    0.1322E-05    0.3000E-04
 16  6    0.2671E-08    0.4075E-05    14 12    0.1322E-05    0.1081E-04
 16  7    0.2671E-08    0.1314E-05    14 13    0.1322E-05    0.5583E-05
 16  8    0.2671E-08    0.1313E-05    15  1    0.1302E-05    0.9815E+00
 17  1    0.1351E-08    0.5232E+00    15  2    0.1302E-05    0.1079E-01
 17  2    0.1351E-08    0.4768E+00    15  3    0.1302E-05    0.2951E-02
 17  3    0.1351E-08    0.3511E-04    15  4    0.1302E-05    0.2152E-02
 17  4    0.1351E-08    0.8529E-05    15  5    0.1302E-05    0.2136E-02
 17  5    0.1351E-08    0.8490E-05    15  6    0.1302E-05    0.1095E-03
 17  6    0.1351E-08    0.4075E-05    15  7    0.1302E-05    0.8836E-04
 17  7    0.1351E-08    0.1314E-05    15  8    0.1302E-05    0.7996E-04
 17  8    0.1351E-08    0.1313E-05    15  9    0.1302E-05    0.7992E-04
 18  1    0.1165E-08    0.5232E+00    15 10    0.1302E-05    0.3013E-04
 18  2    0.1165E-08    0.4768E+00    15 11    0.1302E-05    0.3000E-04
 18  3    0.1165E-08    0.3511E-04    15 12    0.1302E-05    0.1081E-04
 18  4    0.1165E-08    0.8529E-05    15 13    0.1302E-05    0.5583E-05
 18  5    0.1165E-08    0.8490E-05    15 14    0.1302E-05    0.1322E-05
 18  6    0.1165E-08    0.4075E-05    16  1    0.2366E-06    0.9815E+00
 18  7    0.1165E-08    0.1314E-05    16  2    0.2366E-06    0.1079E-01
 18  8    0.1165E-08    0.1313E-05    16  3    0.2366E-06    0.2951E-02
 19  1    0.1861E-10    0.5232E+00    16  4    0.2366E-06    0.2152E-02
 19  2    0.1861E-10    0.4768E+00    16  5    0.2366E-06    0.2136E-02
 19  3    0.1861E-10    0.3511E-04    16  6    0.2366E-06    0.1095E-03
 19  4    0.1861E-10    0.8529E-05    16  7    0.2366E-06    0.8836E-04
 19  5    0.1861E-10    0.8490E-05    16  8    0.2366E-06    0.7996E-04
 19  6    0.1861E-10    0.4075E-05    16  9    0.2366E-06    0.7992E-04
 19  7    0.1861E-10    0.1314E-05    16 10    0.2366E-06    0.3013E-04
 19  8    0.1861E-10    0.1313E-05    16 11    0.2366E-06    0.3000E-04
 20  1    0.3775E-11    0.5232E+00    16 12    0.2366E-06    0.1081E-04
 20  2    0.3775E-11    0.4768E+00    16 13    0.2366E-06    0.5583E-05
 20  3    0.3775E-11    0.3511E-04    16 14    0.2366E-06    0.1322E-05
 20  4    0.3775E-11    0.8529E-05    16 15    0.2366E-06    0.1302E-05
 20  5    0.3775E-11    0.8490E-05    17  1    0.2042E-07    0.9815E+00
 20  6    0.3775E-11    0.4075E-05    17  2    0.2042E-07    0.1079E-01
 20  7    0.3775E-11    0.1314E-05    17  3    0.2042E-07    0.2951E-02
 20  8    0.3775E-11    0.1313E-05    17  4    0.2042E-07    0.2152E-02
 21  1    0.6796E-12    0.5232E+00    17  5    0.2042E-07    0.2136E-02
 21  2    0.6796E-12    0.4768E+00    17  6    0.2042E-07    0.1095E-03
 21  3    0.6796E-12    0.3511E-04    17  7    0.2042E-07    0.8836E-04
 21  4    0.6796E-12    0.8529E-05    17  8    0.2042E-07    0.7996E-04
 21  5    0.6796E-12    0.8490E-05    17  9    0.2042E-07    0.7992E-04
 21  6    0.6796E-12    0.4075E-05    17 10    0.2042E-07    0.3013E-04
 21  7    0.6796E-12    0.1314E-05    17 11    0.2042E-07    0.3000E-04
 21  8    0.6796E-12    0.1313E-05    17 12    0.2042E-07    0.1081E-04
 22  1    0.4912E-12    0.5232E+00    17 13    0.2042E-07    0.5583E-05
 22  2    0.4912E-12    0.4768E+00    17 14    0.2042E-07    0.1322E-05
 22  3    0.4912E-12    0.3511E-04    17 15    0.2042E-07    0.1302E-05
 22  4    0.4912E-12    0.8529E-05    17 16    0.2042E-07    0.2366E-06
 22  5    0.4912E-12    0.8490E-05    18  1    0.1314E-07    0.9815E+00
 22  6    0.4912E-12    0.4075E-05    18  2    0.1314E-07    0.1079E-01
 22  7    0.4912E-12    0.1314E-05    18  3    0.1314E-07    0.2951E-02
 22  8    0.4912E-12    0.1313E-05    18  4    0.1314E-07    0.2152E-02
 23  1    0.4531E-12    0.5232E+00    18  5    0.1314E-07    0.2136E-02
 23  2    0.4531E-12    0.4768E+00    18  6    0.1314E-07    0.1095E-03
 23  3    0.4531E-12    0.3511E-04    18  7    0.1314E-07    0.8836E-04
 23  4    0.4531E-12    0.8529E-05    18  8    0.1314E-07    0.7996E-04
 23  5    0.4531E-12    0.8490E-05    18  9    0.1314E-07    0.7992E-04
 23  6    0.4531E-12    0.4075E-05    18 10    0.1314E-07    0.3013E-04
 23  7    0.4531E-12    0.1314E-05    18 11    0.1314E-07    0.3000E-04
 23  8    0.4531E-12    0.1313E-05    18 12    0.1314E-07    0.1081E-04
 24  1    0.4118E-12    0.5232E+00    18 13    0.1314E-07    0.5583E-05
 24  2    0.4118E-12    0.4768E+00    18 14    0.1314E-07    0.1322E-05
 24  3    0.4118E-12    0.3511E-04    18 15    0.1314E-07    0.1302E-05
 24  4    0.4118E-12    0.8529E-05    18 16    0.1314E-07    0.2366E-06
 24  5    0.4118E-12    0.8490E-05    19  1    0.4710E-09    0.9815E+00
 24  6    0.4118E-12    0.4075E-05    19  2    0.4710E-09    0.1079E-01
 24  7    0.4118E-12    0.1314E-05    19  3    0.4710E-09    0.2951E-02
 24  8    0.4118E-12    0.1313E-05    19  4    0.4710E-09    0.2152E-02
 25  1    0.2196E-12    0.5232E+00    19  5    0.4710E-09    0.2136E-02
 25  2    0.2196E-12    0.4768E+00    19  6    0.4710E-09    0.1095E-03
 25  3    0.2196E-12    0.3511E-04    19  7    0.4710E-09    0.8836E-04
 25  4    0.2196E-12    0.8529E-05    19  8    0.4710E-09    0.7996E-04
 25  5    0.2196E-12    0.8490E-05    19  9    0.4710E-09    0.7992E-04
 25  6    0.2196E-12    0.4075E-05    19 10    0.4710E-09    0.3013E-04
 25  7    0.2196E-12    0.1314E-05    19 11    0.4710E-09    0.3000E-04
 25  8    0.2196E-12    0.1313E-05    19 12    0.4710E-09    0.1081E-04
 26  1    0.5785E-13    0.5232E+00    19 13    0.4710E-09    0.5583E-05
 26  2    0.5785E-13    0.4768E+00    19 14    0.4710E-09    0.1322E-05
 26  3    0.5785E-13    0.3511E-04    19 15    0.4710E-09    0.1302E-05
 26  4    0.5785E-13    0.8529E-05    19 16    0.4710E-09    0.2366E-06
 26  5    0.5785E-13    0.8490E-05    20  1    0.5950E-10    0.9815E+00
 26  6    0.5785E-13    0.4075E-05    20  2    0.5950E-10    0.1079E-01
 26  7    0.5785E-13    0.1314E-05    20  3    0.5950E-10    0.2951E-02
 26  8    0.5785E-13    0.1313E-05    20  4    0.5950E-10    0.2152E-02
 27  1    0.1910E-13    0.5232E+00    20  5    0.5950E-10    0.2136E-02
 27  2    0.1910E-13    0.4768E+00    20  6    0.5950E-10    0.1095E-03
 27  3    0.1910E-13    0.3511E-04    20  7    0.5950E-10    0.8836E-04
 27  4    0.1910E-13    0.8529E-05    20  8    0.5950E-10    0.7996E-04
 27  5    0.1910E-13    0.8490E-05    20  9    0.5950E-10    0.7992E-04
 27  6    0.1910E-13    0.4075E-05    20 10    0.5950E-10    0.3013E-04
 27  7    0.1910E-13    0.1314E-05    20 11    0.5950E-10    0.3000E-04
 27  8    0.1910E-13    0.1313E-05    20 12    0.5950E-10    0.1081E-04
 28  1    0.7692E-14    0.5232E+00    20 13    0.5950E-10    0.5583E-05
 28  2    0.7692E-14    0.4768E+00    20 14    0.5950E-10    0.1322E-05
 28  3    0.7692E-14    0.3511E-04    20 15    0.5950E-10    0.1302E-05
 28  4    0.7692E-14    0.8529E-05    20 16    0.5950E-10    0.2366E-06
 28  5    0.7692E-14    0.8490E-05    21  1    0.5157E-10    0.9815E+00
 28  6    0.7692E-14    0.4075E-05    21  2    0.5157E-10    0.1079E-01
 28  7    0.7692E-14    0.1314E-05    21  3    0.5157E-10    0.2951E-02
 28  8    0.7692E-14    0.1313E-05    21  4    0.5157E-10    0.2152E-02
 29  1    0.6505E-14    0.5232E+00    21  5    0.5157E-10    0.2136E-02
 29  2    0.6505E-14    0.4768E+00    21  6    0.5157E-10    0.1095E-03
 29  3    0.6505E-14    0.3511E-04    21  7    0.5157E-10    0.8836E-04
 29  4    0.6505E-14    0.8529E-05    21  8    0.5157E-10    0.7996E-04
 29  5    0.6505E-14    0.8490E-05    21  9    0.5157E-10    0.7992E-04
 29  6    0.6505E-14    0.4075E-05    21 10    0.5157E-10    0.3013E-04
 29  7    0.6505E-14    0.1314E-05    21 11    0.5157E-10    0.3000E-04
 29  8    0.6505E-14    0.1313E-05    21 12    0.5157E-10    0.1081E-04
 30  1    0.4633E-14    0.5232E+00    21 13    0.5157E-10    0.5583E-05
 30  2    0.4633E-14    0.4768E+00    21 14    0.5157E-10    0.1322E-05
 30  3    0.4633E-14    0.3511E-04    21 15    0.5157E-10    0.1302E-05
 30  4    0.4633E-14    0.8529E-05    21 16    0.5157E-10    0.2366E-06
 30  5    0.4633E-14    0.8490E-05    22  1    0.1507E-10    0.9815E+00
 30  6    0.4633E-14    0.4075E-05    22  2    0.1507E-10    0.1079E-01
 30  7    0.4633E-14    0.1314E-05    22  3    0.1507E-10    0.2951E-02
 30  8    0.4633E-14    0.1313E-05    22  4    0.1507E-10    0.2152E-02
 31  1    0.3365E-14    0.5232E+00    22  5    0.1507E-10    0.2136E-02
 31  2    0.3365E-14    0.4768E+00    22  6    0.1507E-10    0.1095E-03
 31  3    0.3365E-14    0.3511E-04    22  7    0.1507E-10    0.8836E-04
 31  4    0.3365E-14    0.8529E-05    22  8    0.1507E-10    0.7996E-04
 31  5    0.3365E-14    0.8490E-05    22  9    0.1507E-10    0.7992E-04
 31  6    0.3365E-14    0.4075E-05    22 10    0.1507E-10    0.3013E-04
 31  7    0.3365E-14    0.1314E-05    22 11    0.1507E-10    0.3000E-04
 31  8    0.3365E-14    0.1313E-05    22 12    0.1507E-10    0.1081E-04
 32  1    0.2086E-14    0.5232E+00    22 13    0.1507E-10    0.5583E-05
 32  2    0.2086E-14    0.4768E+00    22 14    0.1507E-10    0.1322E-05
 32  3    0.2086E-14    0.3511E-04    22 15    0.1507E-10    0.1302E-05
 32  4    0.2086E-14    0.8529E-05    22 16    0.1507E-10    0.2366E-06
 32  5    0.2086E-14    0.8490E-05    23  1    0.8696E-11    0.9815E+00
 32  6    0.2086E-14    0.4075E-05    23  2    0.8696E-11    0.1079E-01
 32  7    0.2086E-14    0.1314E-05    23  3    0.8696E-11    0.2951E-02
 32  8    0.2086E-14    0.1313E-05    23  4    0.8696E-11    0.2152E-02
 33  1    0.4447E-15    0.5232E+00    23  5    0.8696E-11    0.2136E-02
 33  2    0.4447E-15    0.4768E+00    23  6    0.8696E-11    0.1095E-03
 33  3    0.4447E-15    0.3511E-04    23  7    0.8696E-11    0.8836E-04
 33  4    0.4447E-15    0.8529E-05    23  8    0.8696E-11    0.7996E-04
 33  5    0.4447E-15    0.8490E-05    23  9    0.8696E-11    0.7992E-04
 33  6    0.4447E-15    0.4075E-05    23 10    0.8696E-11    0.3013E-04
 33  7    0.4447E-15    0.1314E-05    23 11    0.8696E-11    0.3000E-04
 33  8    0.4447E-15    0.1313E-05    23 12    0.8696E-11    0.1081E-04
 34  1    0.1256E-15    0.5232E+00    23 13    0.8696E-11    0.5583E-05
 34  2    0.1256E-15    0.4768E+00    23 14    0.8696E-11    0.1322E-05
 34  3    0.1256E-15    0.3511E-04    23 15    0.8696E-11    0.1302E-05
 34  4    0.1256E-15    0.8529E-05    23 16    0.8696E-11    0.2366E-06
 34  5    0.1256E-15    0.8490E-05    24  1    0.3054E-11    0.9815E+00
 34  6    0.1256E-15    0.4075E-05    24  2    0.3054E-11    0.1079E-01
 34  7    0.1256E-15    0.1314E-05    24  3    0.3054E-11    0.2951E-02
 34  8    0.1256E-15    0.1313E-05    24  4    0.3054E-11    0.2152E-02
 35  1    0.9244E-22    0.5232E+00    24  5    0.3054E-11    0.2136E-02
 35  2    0.9244E-22    0.4768E+00    24  6    0.3054E-11    0.1095E-03
 35  3    0.9244E-22    0.3511E-04    24  7    0.3054E-11    0.8836E-04
 35  4    0.9244E-22    0.8529E-05    24  8    0.3054E-11    0.7996E-04
 35  5    0.9244E-22    0.8490E-05    24  9    0.3054E-11    0.7992E-04
 35  6    0.9244E-22    0.4075E-05    24 10    0.3054E-11    0.3013E-04
 35  7    0.9244E-22    0.1314E-05    24 11    0.3054E-11    0.3000E-04
 35  8    0.9244E-22    0.1313E-05    24 12    0.3054E-11    0.1081E-04
 36  1    0.2174E-30    0.5232E+00    24 13    0.3054E-11    0.5583E-05
 36  2    0.2174E-30    0.4768E+00    24 14    0.3054E-11    0.1322E-05
 36  3    0.2174E-30    0.3511E-04    24 15    0.3054E-11    0.1302E-05
 36  4    0.2174E-30    0.8529E-05    24 16    0.3054E-11    0.2366E-06
 36  5    0.2174E-30    0.8490E-05    25  1    0.1288E-12    0.9815E+00
 36  6    0.2174E-30    0.4075E-05    25  2    0.1288E-12    0.1079E-01
 36  7    0.2174E-30    0.1314E-05    25  3    0.1288E-12    0.2951E-02
 36  8    0.2174E-30    0.1313E-05    25  4    0.1288E-12    0.2152E-02
                                      25  5    0.1288E-12    0.2136E-02
                                      25  6    0.1288E-12    0.1095E-03
                                      25  7    0.1288E-12    0.8836E-04
                                      25  8    0.1288E-12    0.7996E-04
                                      25  9    0.1288E-12    0.7992E-04
                                      25 10    0.1288E-12    0.3013E-04
                                      25 11    0.1288E-12    0.3000E-04
                                      25 12    0.1288E-12    0.1081E-04
                                      25 13    0.1288E-12    0.5583E-05
                                      25 14    0.1288E-12    0.1322E-05
                                      25 15    0.1288E-12    0.1302E-05
                                      25 16    0.1288E-12    0.2366E-06
                                      26  1    0.2643E-13    0.9815E+00
                                      26  2    0.2643E-13    0.1079E-01
                                      26  3    0.2643E-13    0.2951E-02
                                      26  4    0.2643E-13    0.2152E-02
                                      26  5    0.2643E-13    0.2136E-02
                                      26  6    0.2643E-13    0.1095E-03
                                      26  7    0.2643E-13    0.8836E-04
                                      26  8    0.2643E-13    0.7996E-04
                                      26  9    0.2643E-13    0.7992E-04
                                      26 10    0.2643E-13    0.3013E-04
                                      26 11    0.2643E-13    0.3000E-04
                                      26 12    0.2643E-13    0.1081E-04
                                      26 13    0.2643E-13    0.5583E-05
                                      26 14    0.2643E-13    0.1322E-05
                                      26 15    0.2643E-13    0.1302E-05
                                      26 16    0.2643E-13    0.2366E-06
                                      27  1    0.1476E-13    0.9815E+00
                                      27  2    0.1476E-13    0.1079E-01
                                      27  3    0.1476E-13    0.2951E-02
                                      27  4    0.1476E-13    0.2152E-02
                                      27  5    0.1476E-13    0.2136E-02
                                      27  6    0.1476E-13    0.1095E-03
                                      27  7    0.1476E-13    0.8836E-04
                                      27  8    0.1476E-13    0.7996E-04
                                      27  9    0.1476E-13    0.7992E-04
                                      27 10    0.1476E-13    0.3013E-04
                                      27 11    0.1476E-13    0.3000E-04
                                      27 12    0.1476E-13    0.1081E-04
                                      27 13    0.1476E-13    0.5583E-05
                                      27 14    0.1476E-13    0.1322E-05
                                      27 15    0.1476E-13    0.1302E-05
                                      27 16    0.1476E-13    0.2366E-06
                                      28  1    0.8923E-14    0.9815E+00
                                      28  2    0.8923E-14    0.1079E-01
                                      28  3    0.8923E-14    0.2951E-02
                                      28  4    0.8923E-14    0.2152E-02
                                      28  5    0.8923E-14    0.2136E-02
                                      28  6    0.8923E-14    0.1095E-03
                                      28  7    0.8923E-14    0.8836E-04
                                      28  8    0.8923E-14    0.7996E-04
                                      28  9    0.8923E-14    0.7992E-04
                                      28 10    0.8923E-14    0.3013E-04
                                      28 11    0.8923E-14    0.3000E-04
                                      28 12    0.8923E-14    0.1081E-04
                                      28 13    0.8923E-14    0.5583E-05
                                      28 14    0.8923E-14    0.1322E-05
                                      28 15    0.8923E-14    0.1302E-05
                                      28 16    0.8923E-14    0.2366E-06
                                      29  1    0.3730E-14    0.9815E+00
                                      29  2    0.3730E-14    0.1079E-01
                                      29  3    0.3730E-14    0.2951E-02
                                      29  4    0.3730E-14    0.2152E-02
                                      29  5    0.3730E-14    0.2136E-02
                                      29  6    0.3730E-14    0.1095E-03
                                      29  7    0.3730E-14    0.8836E-04
                                      29  8    0.3730E-14    0.7996E-04
                                      29  9    0.3730E-14    0.7992E-04
                                      29 10    0.3730E-14    0.3013E-04
                                      29 11    0.3730E-14    0.3000E-04
                                      29 12    0.3730E-14    0.1081E-04
                                      29 13    0.3730E-14    0.5583E-05
                                      29 14    0.3730E-14    0.1322E-05
                                      29 15    0.3730E-14    0.1302E-05
                                      29 16    0.3730E-14    0.2366E-06
                                      30  1    0.1742E-14    0.9815E+00
                                      30  2    0.1742E-14    0.1079E-01
                                      30  3    0.1742E-14    0.2951E-02
                                      30  4    0.1742E-14    0.2152E-02
                                      30  5    0.1742E-14    0.2136E-02
                                      30  6    0.1742E-14    0.1095E-03
                                      30  7    0.1742E-14    0.8836E-04
                                      30  8    0.1742E-14    0.7996E-04
                                      30  9    0.1742E-14    0.7992E-04
                                      30 10    0.1742E-14    0.3013E-04
                                      30 11    0.1742E-14    0.3000E-04
                                      30 12    0.1742E-14    0.1081E-04
                                      30 13    0.1742E-14    0.5583E-05
                                      30 14    0.1742E-14    0.1322E-05
                                      30 15    0.1742E-14    0.1302E-05
                                      30 16    0.1742E-14    0.2366E-06
                                      31  1    0.8119E-15    0.9815E+00
                                      31  2    0.8119E-15    0.1079E-01
                                      31  3    0.8119E-15    0.2951E-02
                                      31  4    0.8119E-15    0.2152E-02
                                      31  5    0.8119E-15    0.2136E-02
                                      31  6    0.8119E-15    0.1095E-03
                                      31  7    0.8119E-15    0.8836E-04
                                      31  8    0.8119E-15    0.7996E-04
                                      31  9    0.8119E-15    0.7992E-04
                                      31 10    0.8119E-15    0.3013E-04
                                      31 11    0.8119E-15    0.3000E-04
                                      31 12    0.8119E-15    0.1081E-04
                                      31 13    0.8119E-15    0.5583E-05
                                      31 14    0.8119E-15    0.1322E-05
                                      31 15    0.8119E-15    0.1302E-05
                                      31 16    0.8119E-15    0.2366E-06
                                      32  1    0.5633E-15    0.9815E+00
                                      32  2    0.5633E-15    0.1079E-01
                                      32  3    0.5633E-15    0.2951E-02
                                      32  4    0.5633E-15    0.2152E-02
                                      32  5    0.5633E-15    0.2136E-02
                                      32  6    0.5633E-15    0.1095E-03
                                      32  7    0.5633E-15    0.8836E-04
                                      32  8    0.5633E-15    0.7996E-04
                                      32  9    0.5633E-15    0.7992E-04
                                      32 10    0.5633E-15    0.3013E-04
                                      32 11    0.5633E-15    0.3000E-04
                                      32 12    0.5633E-15    0.1081E-04
                                      32 13    0.5633E-15    0.5583E-05
                                      32 14    0.5633E-15    0.1322E-05
                                      32 15    0.5633E-15    0.1302E-05
                                      32 16    0.5633E-15    0.2366E-06
                                      33  1    0.5121E-15    0.9815E+00
                                      33  2    0.5121E-15    0.1079E-01
                                      33  3    0.5121E-15    0.2951E-02
                                      33  4    0.5121E-15    0.2152E-02
                                      33  5    0.5121E-15    0.2136E-02
                                      33  6    0.5121E-15    0.1095E-03
                                      33  7    0.5121E-15    0.8836E-04
                                      33  8    0.5121E-15    0.7996E-04
                                      33  9    0.5121E-15    0.7992E-04
                                      33 10    0.5121E-15    0.3013E-04
                                      33 11    0.5121E-15    0.3000E-04
                                      33 12    0.5121E-15    0.1081E-04
                                      33 13    0.5121E-15    0.5583E-05
                                      33 14    0.5121E-15    0.1322E-05
                                      33 15    0.5121E-15    0.1302E-05
                                      33 16    0.5121E-15    0.2366E-06
                                      34  1    0.9438E-16    0.9815E+00
                                      34  2    0.9438E-16    0.1079E-01
                                      34  3    0.9438E-16    0.2951E-02
                                      34  4    0.9438E-16    0.2152E-02
                                      34  5    0.9438E-16    0.2136E-02
                                      34  6    0.9438E-16    0.1095E-03
                                      34  7    0.9438E-16    0.8836E-04
                                      34  8    0.9438E-16    0.7996E-04
                                      34  9    0.9438E-16    0.7992E-04
                                      34 10    0.9438E-16    0.3013E-04
                                      34 11    0.9438E-16    0.3000E-04
                                      34 12    0.9438E-16    0.1081E-04
                                      34 13    0.9438E-16    0.5583E-05
                                      34 14    0.9438E-16    0.1322E-05
                                      34 15    0.9438E-16    0.1302E-05
                                      34 16    0.9438E-16    0.2366E-06
                                      35  1    0.5577E-16    0.9815E+00
                                      35  2    0.5577E-16    0.1079E-01
                                      35  3    0.5577E-16    0.2951E-02
                                      35  4    0.5577E-16    0.2152E-02
                                      35  5    0.5577E-16    0.2136E-02
                                      35  6    0.5577E-16    0.1095E-03
                                      35  7    0.5577E-16    0.8836E-04
                                      35  8    0.5577E-16    0.7996E-04
                                      35  9    0.5577E-16    0.7992E-04
                                      35 10    0.5577E-16    0.3013E-04
                                      35 11    0.5577E-16    0.3000E-04
                                      35 12    0.5577E-16    0.1081E-04
                                      35 13    0.5577E-16    0.5583E-05
                                      35 14    0.5577E-16    0.1322E-05
                                      35 15    0.5577E-16    0.1302E-05
                                      35 16    0.5577E-16    0.2366E-06
                                      36  1    0.4406E-16    0.9815E+00
                                      36  2    0.4406E-16    0.1079E-01
                                      36  3    0.4406E-16    0.2951E-02
                                      36  4    0.4406E-16    0.2152E-02
                                      36  5    0.4406E-16    0.2136E-02
                                      36  6    0.4406E-16    0.1095E-03
                                      36  7    0.4406E-16    0.8836E-04
                                      36  8    0.4406E-16    0.7996E-04
                                      36  9    0.4406E-16    0.7992E-04
                                      36 10    0.4406E-16    0.3013E-04
                                      36 11    0.4406E-16    0.3000E-04
                                      36 12    0.4406E-16    0.1081E-04
                                      36 13    0.4406E-16    0.5583E-05
                                      36 14    0.4406E-16    0.1322E-05
                                      36 15    0.4406E-16    0.1302E-05
                                      36 16    0.4406E-16    0.2366E-06
 Transforming integrals for FFOOAA

 CPU  time in FFOO                 is                0.012 s
 Wall time in FFOO                 is                0.012 s
 Transforming integrals for FOFOAA

 CPU  time in FOFO                 is                0.018 s
 Wall time in FOFO                 is                0.019 s
 Transforming integrals for FFOOBB

 CPU  time in FFOO                 is                0.011 s
 Wall time in FFOO                 is                0.011 s
 Transforming integrals for FOFOBB

 CPU  time in FOFO                 is                0.018 s
 Wall time in FOFO                 is                0.018 s
 calc_resp_cispi --> calc_resp_casgvb?
 Mon%NAct          18
 Mon%INAct           0
 Mon%mon0           0          18
 CIPSI One-electron Energy             -1.27662801
 CIPSI Total Energy (w/o ENuc)         -1.13768998
 ABPLUS   32.4140970436075     
 ABMIN    58.6432295311854     
 Solving symmetric eigenvalue equation...

 ERPA EigVec norm 10.92877341
 ERPA EigVal norm   33.25457359
 ERPA Eigenvalues (NDimX =  252):
    1    0.333402
    2    0.379271
    3    0.383004
    4    0.415696
    5    0.417779
    6    0.448311
    7    0.451167
    8    0.451374
    9    0.453010
   10    0.476306
   11    0.486623
   12    0.487609
   13    0.496457
   14    0.520106
   15    0.551107
   16    0.597409
   17    0.653316
   18    0.654760
   19    0.682936
   20    0.716751
   21    0.722846
   22    0.727673
   23    0.731323
   24    0.731397
   25    0.732373
   26    0.740293
   27    0.744363
   28    0.766765
   29    0.772649
   30    0.815698
   31    0.827411
   32    0.827658
   33    0.832376
   34    0.836397
   35    0.838878
   36    0.841031
   37    0.841114
   38    0.845289
   39    0.845493
   40    0.857771
   41    0.861187
   42    0.862167
   43    0.879020
   44    0.881786
   45    0.883363
   46    0.883839
   47    0.884403
   48    0.898523
   49    0.912805
   50    0.919214
   51    0.921027
   52    0.928919
   53    0.935097
   54    0.936309
   55    0.939691
   56    0.940675
   57    0.943001
   58    0.954847
   59    0.961233
   60    0.961431
   61    0.962663
   62    0.968464
   63    0.983040
   64    0.991287
   65    0.992763
   66    0.996605
   67    1.006985
   68    1.017875
   69    1.019897
   70    1.031689
   71    1.056582
   72    1.056747
   73    1.090530
   74    1.093930
   75    1.097122
   76    1.101956
   77    1.106744
   78    1.111226
   79    1.113312
   80    1.118216
   81    1.118251
   82    1.125921
   83    1.131138
   84    1.131484
   85    1.145564
   86    1.148559
   87    1.152905
   88    1.156716
   89    1.162989
   90    1.163930
   91    1.193454
   92    1.195045
   93    1.200232
   94    1.203499
   95    1.203590
   96    1.227120
   97    1.228146
   98    1.228757
   99    1.257655
  100    1.270346
  101    1.272804
  102    1.273715
  103    1.275386
  104    1.281331
  105    1.281359
  106    1.292233
  107    1.292387
  108    1.293361
  109    1.297051
  110    1.299936
  111    1.300070
  112    1.314720
  113    1.315644
  114    1.316440
  115    1.342537
  116    1.342726
  117    1.342870
  118    1.356870
  119    1.364820
  120    1.366966
  121    1.374067
  122    1.383632
  123    1.399015
  124    1.400043
  125    1.402763
  126    1.415346
  127    1.419142
  128    1.439609
  129    1.463544
  130    1.483451
  131    1.484193
  132    1.517974
  133    1.518112
  134    1.521557
  135    1.543792
  136    1.546495
  137    1.547387
  138    1.558874
  139    1.568127
  140    1.596026
  141    1.714240
  142    1.714295
  143    1.715753
  144    1.729334
  145    1.735772
  146    1.737952
  147    1.849638
  148    1.891291
  149    2.160540
  150    2.166732
  151    2.166767
  152    2.168281
  153    2.168789
  154    2.171200
  155    2.171204
  156    2.175288
  157    2.175457
  158    2.177622
  159    2.183504
  160    2.186024
  161    2.189936
  162    2.192770
  163    2.196073
  164    2.197022
  165    2.197096
  166    2.201325
  167    2.210455
  168    2.285873
  169    2.286641
  170    2.289607
  171    2.298715
  172    2.298866
  173    2.330008
  174    2.332354
  175    2.333349
  176    2.334791
  177    2.342077
  178    2.342159
  179    2.354155
  180    2.357665
  181    2.366169
  182    2.368752
  183    2.373775
  184    2.377634
  185    2.384258
  186    2.386641
  187    2.386850
  188    2.421201
  189    2.429796
  190    2.461839
  191    2.491929
  192    2.516636
  193    2.518977
  194    2.524763
  195    2.526973
  196    2.542297
  197    2.542327
  198    2.551190
  199    2.569903
  200    2.574871
  201    2.600627
  202    2.640026
  203    2.654448
  204    2.674983
  205    2.675117
  206    2.730293
  207    2.750423
  208    2.750555
  209    2.752671
  210    2.756014
  211    2.781440
  212    2.791096
  213    2.799704
  214    2.799828
  215    2.818668
  216    2.831313
  217    2.832309
  218    2.853602
  219    2.855226
  220    2.870079
  221    2.886578
  222    2.888051
  223    2.898807
  224    2.929254
  225    2.933469
  226    2.939391
  227    3.262886
  228    3.283165
  229    3.283321
  230    3.297797
  231    3.300062
  232    3.318134
  233    3.318272
  234    3.319709
  235    3.319807
  236    3.362321
  237    3.364830
  238    3.397489
  239    3.399443
  240    3.401754
  241    3.401815
  242    3.404871
  243    3.436545
  244    3.443619
  245    4.969166
  246    5.050331
  247    5.413609
  248    5.433831
  249    5.434095
  250    5.514512
  251    5.516265
  252    5.554202
 calc_resp_cispi --> calc_resp_casgvb?
 Mon%NAct          18
 Mon%INAct           0
 Mon%mon0           0          18
 CIPSI One-electron Energy             -2.44329185
 CIPSI Total Energy (w/o ENuc)         -1.85931053
 ABPLUS   64.6574520331312     
 ABMIN    64.7419810732742     
 Solving symmetric eigenvalue equation...

 ERPA EigVec norm 14.82697379
 ERPA EigVal norm   64.69826950
 ERPA Eigenvalues (NDimX =  440):
    1    0.458693
    2    0.484154
    3    0.500001
    4    0.565216
    5    0.570599
    6    0.589620
    7    0.619751
    8    0.715318
    9    0.723763
   10    0.748108
   11    0.749945
   12    0.778230
   13    0.787579
   14    0.822794
   15    0.825622
   16    0.865441
   17    0.866063
   18    0.901342
   19    0.922603
   20    1.040599
   21    1.107852
   22    1.129626
   23    1.157764
   24    1.182874
   25    1.209107
   26    1.248103
   27    1.270373
   28    1.271578
   29    1.274961
   30    1.332829
   31    1.342796
   32    1.355394
   33    1.360022
   34    1.364930
   35    1.371355
   36    1.388474
   37    1.403418
   38    1.408491
   39    1.410423
   40    1.415477
   41    1.422228
   42    1.434709
   43    1.441271
   44    1.456226
   45    1.467026
   46    1.469663
   47    1.471148
   48    1.477316
   49    1.490038
   50    1.495048
   51    1.518724
   52    1.521851
   53    1.524299
   54    1.526171
   55    1.536611
   56    1.538700
   57    1.540779
   58    1.543101
   59    1.544417
   60    1.561846
   61    1.569447
   62    1.592472
   63    1.594127
   64    1.600698
   65    1.606765
   66    1.614082
   67    1.616833
   68    1.619256
   69    1.626026
   70    1.629247
   71    1.631692
   72    1.636549
   73    1.636961
   74    1.636977
   75    1.643083
   76    1.646353
   77    1.651936
   78    1.655179
   79    1.665374
   80    1.665937
   81    1.679012
   82    1.681954
   83    1.685545
   84    1.686795
   85    1.687936
   86    1.694480
   87    1.694905
   88    1.697608
   89    1.699269
   90    1.699806
   91    1.706188
   92    1.708140
   93    1.714538
   94    1.731174
   95    1.754026
   96    1.755180
   97    1.764413
   98    1.776920
   99    1.778469
  100    1.787527
  101    1.788678
  102    1.792927
  103    1.805855
  104    1.807565
  105    1.811853
  106    1.814208
  107    1.814470
  108    1.820397
  109    1.824587
  110    1.838179
  111    1.843909
  112    1.864856
  113    1.869132
  114    1.874060
  115    1.883256
  116    1.885637
  117    1.887775
  118    1.898689
  119    1.898905
  120    1.901652
  121    1.902436
  122    1.913460
  123    1.916238
  124    1.919964
  125    1.922400
  126    1.936068
  127    1.938741
  128    1.942549
  129    1.948463
  130    1.948610
  131    1.949823
  132    1.960232
  133    1.972405
  134    1.974288
  135    1.977044
  136    1.979010
  137    1.980670
  138    1.981890
  139    1.983644
  140    2.000646
  141    2.011069
  142    2.023303
  143    2.036898
  144    2.040721
  145    2.043997
  146    2.044851
  147    2.053690
  148    2.059550
  149    2.065372
  150    2.067663
  151    2.068459
  152    2.092485
  153    2.099480
  154    2.107988
  155    2.117314
  156    2.119495
  157    2.132875
  158    2.159462
  159    2.178002
  160    2.178161
  161    2.181123
  162    2.188107
  163    2.214258
  164    2.221668
  165    2.230161
  166    2.244303
  167    2.264947
  168    2.265485
  169    2.282837
  170    2.305688
  171    2.308700
  172    2.311275
  173    2.316066
  174    2.321956
  175    2.333299
  176    2.334207
  177    2.336021
  178    2.360029
  179    2.373783
  180    2.374418
  181    2.382918
  182    2.385886
  183    2.436108
  184    2.448942
  185    2.461319
  186    2.473439
  187    2.476911
  188    2.477139
  189    2.479962
  190    2.485108
  191    2.514433
  192    2.532038
  193    2.539431
  194    2.540516
  195    2.543901
  196    2.551079
  197    2.555619
  198    2.556293
  199    2.560103
  200    2.570349
  201    2.580117
  202    2.587805
  203    2.590722
  204    2.600662
  205    2.623719
  206    2.624109
  207    2.632863
  208    2.634148
  209    2.640920
  210    2.642484
  211    2.661142
  212    2.664775
  213    2.664893
  214    2.675044
  215    2.675276
  216    2.677046
  217    2.680155
  218    2.697025
  219    2.709939
  220    2.716070
  221    2.725245
  222    2.749007
  223    2.752136
  224    2.782519
  225    2.783915
  226    2.791093
  227    2.794634
  228    2.817634
  229    2.849685
  230    2.851110
  231    2.856975
  232    2.857690
  233    2.857694
  234    2.881562
  235    2.893429
  236    2.896109
  237    2.912297
  238    2.912863
  239    2.921802
  240    2.943843
  241    2.949547
  242    2.951995
  243    2.952380
  244    2.960322
  245    2.966290
  246    2.969023
  247    2.969043
  248    2.970054
  249    2.979828
  250    2.984168
  251    2.988731
  252    3.013201
  253    3.020815
  254    3.021271
  255    3.023918
  256    3.064452
  257    3.064740
  258    3.065102
  259    3.086083
  260    3.097284
  261    3.097827
  262    3.106923
  263    3.109039
  264    3.120097
  265    3.134929
  266    3.141862
  267    3.158936
  268    3.159863
  269    3.161856
  270    3.164519
  271    3.169288
  272    3.169816
  273    3.172146
  274    3.179632
  275    3.182935
  276    3.187322
  277    3.194941
  278    3.200008
  279    3.206918
  280    3.214200
  281    3.225408
  282    3.236253
  283    3.237789
  284    3.239127
  285    3.245652
  286    3.248945
  287    3.252527
  288    3.252858
  289    3.258386
  290    3.258566
  291    3.282068
  292    3.282267
  293    3.285170
  294    3.285933
  295    3.286722
  296    3.293037
  297    3.294698
  298    3.336532
  299    3.355310
  300    3.365574
  301    3.367155
  302    3.368818
  303    3.369237
  304    3.376629
  305    3.382818
  306    3.383699
  307    3.389386
  308    3.399363
  309    3.437032
  310    3.440507
  311    3.443432
  312    3.443758
  313    3.448932
  314    3.456588
  315    3.457187
  316    3.460585
  317    3.461739
  318    3.497434
  319    3.511688
  320    3.512130
  321    3.513921
  322    3.532289
  323    3.555221
  324    3.569048
  325    3.636612
  326    3.649256
  327    3.650746
  328    3.657796
  329    3.663271
  330    3.666065
  331    3.670271
  332    3.674812
  333    3.685506
  334    3.730377
  335    3.730661
  336    3.733710
  337    3.736748
  338    3.737096
  339    3.739658
  340    3.740030
  341    3.744819
  342    3.764001
  343    3.776812
  344    3.782110
  345    3.787009
  346    3.789535
  347    3.795418
  348    3.804643
  349    3.830324
  350    3.857224
  351    3.857620
  352    3.877289
  353    3.897888
  354    3.900831
  355    3.914514
  356    3.922753
  357    3.933917
  358    3.935280
  359    3.944066
  360    3.953518
  361    3.963991
  362    4.023380
  363    4.023786
  364    4.077002
  365    4.081689
  366    4.114969
  367    4.120418
  368    4.143006
  369    4.147365
  370    4.153861
  371    4.170016
  372    4.202522
  373    4.251029
  374    4.259359
  375    4.283725
  376    4.290255
  377    4.305505
  378    4.319382
  379    4.331782
  380    4.334594
  381    4.341972
  382    4.350986
  383    4.355844
  384    4.358710
  385    4.370842
  386    4.382226
  387    4.390510
  388    4.391743
  389    4.392117
  390    4.405807
  391    4.420094
  392    4.432700
  393    4.434703
  394    4.435138
  395    4.439430
  396    4.446417
  397    4.447083
  398    4.449899
  399    4.459854
  400    4.489967
  401    4.491366
  402    4.492406
  403    4.506704
  404    4.515779
  405    4.519219
  406    4.525293
  407    4.643574
  408    4.735807
  409    4.749954
  410    4.763786
  411    4.822823
  412    4.823214
  413    4.830357
  414    4.875843
  415    4.923752
  416    4.933957
  417    4.936080
  418    4.945964
  419    4.952848
  420    4.962703
  421    5.010196
  422    5.010530
  423    5.016075
  424    5.016435
  425    5.064726
  426    5.072304
  427    5.113345
  428    5.319857
  429    5.366335
  430    5.639285
  431    5.706233
  432    5.945555
  433    5.953012
  434    5.955350
  435    6.111652
  436    6.127008
  437    6.141495
  438    6.197162
  439    6.197593
  440    6.252590

 Transforming E2disp integrals...
 Transforming integrals for TWOMOAB

 Transforming E2exch-ind integrals...
 Transforming integrals for FOFOAABB
 Transforming integrals for FOFOBBBA
 Transforming integrals for FOFOAAAB
 Transforming integrals for FFOOABAB
 Transforming integrals for FOFOBBAB
 Transforming integrals for FOFOAABA

 Transforming E2exch-disp integrals...
 Transforming integrals for FOFOABBA
 Transforming integrals for FFOOABBB
 Transforming integrals for FFOOBAAA
 Transforming integrals for TMPOOAB

 V_nucB_elA       =     -0.46880394
 V_nucA_elB       =     -0.46981409
 V_elA_elB        =      0.46972132
 V_nn             =      0.46884943

 Eelst            =     -0.04728433
 Transforming integrals for TWOA3B
 Transforming integrals for TWOB3A

 ExchS2(T1   ) =      -0.00004453
 ExchS2(T2d  ) =      -0.44158305
 ExchS2(T2c-1) =       0.39744204
 ExchS2(T2c-2) =       0.21926817
 ExchS2(T2b-1) =       0.72119865
 ExchS2(T2b-2) =       0.14064432
 ExchS2(T2a-1) =      -0.34844371
 ExchS2(T2a-2) =      -0.09011918
 ExchS2(T2a-3) =      -0.31833008
 ExchS2(T2a-4) =      -0.07000019

 ExchS2           =      0.21003243

 Ind(B<--A)     =      -0.00231798
 Ind(A<--B)     =      -0.00608968
 E2ind          =      -0.00840766

 Thresholds in E2exch-ind:
 SmallE          =     0.1000E-02
 BigE            =     0.1000E+09

 term Z           =     -0.00000792
 term Y           =     -0.04919124
 term X           =      0.05524337

 E2exch-ind       =      0.00604421

 Thresholds in E2disp:
 SmallE      =       0.1000E-03
 BigE        =       0.1000E+09

 E2disp       =      -0.16563764

 Thresholds in E2exch-disp:
 SmallE          =     0.1000E-02
 BigE            =     0.1000E+09

 term Z           =     -0.00015600
 term X           =      0.04243010
 term Y           =     -0.03182774

 E2exch-disp      =      0.01044635

****************************************
 SAPT SUMMARY / milliHartree
****************************************
 Interface   = TREXIO  
 SAPT level  =  2
 E1elst           =     -0.04728433
 E1exch(S2)       =      0.21003243
 E2ind            =     -0.00840766
 E2exch-ind       =      0.00604421
 E2disp           =     -0.16563764
 E2exch-disp      =      0.01044635
 Eint(SAPT2)      =      0.00519337
 WARNING! NOT POSSIBLE TO DELETE rdm2.dat FILE
 WARNING! NOT POSSIBLE TO DELETE XY0_A FILE
 WARNING! NOT POSSIBLE TO DELETE XY0_B FILE
 WARNING! NOT POSSIBLE TO DELETE PROP_AB0 FILE

 CPU  time in SAPT                 is                2.057 s
 Wall time in SAPT                 is                2.079 s
