 
 GIT INFO
********************************************************************************
 Branch:             IntCholesky
 Revision (short):   435bb1b
 Revision (full):    435bb1bf5b6b4ee23902f492453f820b85226bc8
 Latest commit date: Mon Apr 3 19:16:36 2023 +0200
 Latest tag:         v-4.1
 
 
 BUILD INFO
********************************************************************************
 Fortran compiler:   Intel 
 /opt/intel/oneapi/compiler/2023.0.0/linux/bin/intel64/ifort
 C++ compiler:       Intel 
 /opt/intel/oneapi/compiler/2023.0.0/linux/bin/intel64/icpc
 C compiler:         Intel 
 /opt/intel/oneapi/compiler/2023.0.0/linux/bin/intel64/icc
 Compile options:    -assume byterecl -heap-arrays -O3 -g -xHost
 BLAS libraries:     
 /opt/intel/oneapi/mkl/2023.0.0/lib/intel64/libmkl_intel_lp64.so /opt/intel/onea
 pi/mkl/2023.0.0/lib/intel64/libmkl_intel_thread.so /opt/intel/oneapi/mkl/2023.0
 .0/lib/intel64/libmkl_core.so /opt/intel/oneapi/compiler/2023.0.0/linux/compile
 r/lib/intel64_lin/libiomp5.so -lpthread -lm -ldl
 
 NBasis WILL BE READ FROM MOLPRO

 INPUT 
********************************************************************************
 JOB TITLE:     H2-H2 6.6 (QPACKAGE)
 INTERFACE:     TREXIO  
 JOB TYPE:      SAPT     
 RDM TYPE:      CI      
 RDM SOURCE:    DALTON  

 MONOMER:       A       
 ZNUCL:         2
 CHARGE:        0
 NO. OF ATOMS:  1
 NO. OF SYM. EQUIV. ATOMS:  1

 MONOMER:       B       
 ZNUCL:         2
 CHARGE:        0
 NO. OF ATOMS:  2
 NO. OF SYM. EQUIV. ATOMS:  2


 INPUT CHECK PASSED
********************************************************************************

 IDALTON         0
 IRes            0
 IAO             0
 INO             0
 NoSym           1
 IGVB            0
 IFun           13
 IFunSR          0
 IFunSRKer       0
 IModG           1
 NGOcc           0
 ILoc            1
 IFreeze         0
 IAPSG           0
 ISERPA          0
 IA              1
 ICASSCF         0
 IDMRG           0
 IFlAC           0
 IFLSnd          0
 IFlCore         1
 IFlFrag         0
 IFl12           1
 ISAPT           1

 SYSTEM 
********************************************************************************
 MONOMER A
 NUCLEAR CHARGE:   2
 CHARGE:           0
 NO.OF ATOMS:      1
 THRESH ACTIVE:    0.100000E-05

 MONOMER B
 NUCLEAR CHARGE:   2
 CHARGE:           0
 NO.OF ATOMS:      2
 THRESH ACTIVE:    0.100000E-05
 PRINT LEVEL:     11


 IFunSR=0

 IFunSRKer=0


 STARTING SAPT CALCULATIONS
********************************************************************************
 One-electron integrals written to file: ONEEL_A
 Total number of nuclei :           3
 Charges on centers
  1    2.000000
  2    0.000000
  3    0.000000
 Cartesian coordinates (Angstrom)
  1    0.000000    0.000000    0.000000
  2    0.000000    0.000000    0.000000
  3    0.000000    0.000000    0.000000
 
 One-electron integrals written to file: ONEEL_B
 Total number of nuclei :           3
 Charges on centers
  1    1.000000
  2    1.000000
  3    0.000000
 Cartesian coordinates (Angstrom)
  1    0.000000    0.720061   -6.600000
  2    0.000000   -0.720061   -6.600000
  3    0.000000    0.000000    0.000000
 

 Warning! Small occupation: 10    0.8422E-09
 Warning! Small occupation: 11    0.1853E-09
 Warning! Small occupation: 12    0.1995E-11
 Warning! Small occupation: 13    0.1110E-11
 Warning! Small occupation: 14    0.2933E-12
 Warning! Small occupation: 15    0.2040E-12
 Warning! Small occupation: 16    0.1575E-12
 Warning! Small occupation: 17    0.9363E-13
 Warning! Small occupation: 18    0.6997E-13
 Warning! Small occupation: 19    0.4385E-13
 Warning! Small occupation: 20    0.3829E-13
 Warning! Small occupation: 21    0.2249E-13
 Warning! Small occupation: 22    0.1738E-13
 Warning! Small occupation: 23    0.3088E-14
 Warning! Small occupation: 24    0.2120E-14
 Warning! Small occupation: 25    0.1770E-15
 Warning! Small occupation: 26    0.9485E-16
 Warning! Small occupation: 27    0.1552E-29
 Monomoner A:           18 orbitals will be treated as virtual
 Warning! Small occupation: 16    0.4060E-06
 Warning! Small occupation: 17    0.3798E-07
 Warning! Small occupation: 18    0.3839E-08
 Warning! Small occupation: 19    0.8692E-09
 Warning! Small occupation: 20    0.9070E-11
 Warning! Small occupation: 21    0.1139E-11
 Warning! Small occupation: 22    0.1828E-12
 Warning! Small occupation: 23    0.1749E-12
 Warning! Small occupation: 24    0.8295E-13
 Warning! Small occupation: 25    0.7934E-15
 Warning! Small occupation: 26    0.4876E-15
 Warning! Small occupation: 27    0.7488E-18
 Monomoner B:           12 orbitals will be treated as virtual
 ORBITAL OCCUPANCIES
  Orb   Occupancy-A      Gem-A          Occupancy-B      Gem-B
   1    0.991745E+00     1              0.981534E+00     1
   2    0.429399E-02     1              0.107952E-01     1
   3    0.129033E-02     1              0.295261E-02     1
   4    0.128924E-02     1              0.214345E-02     1
   5    0.128878E-02     1              0.213729E-02     1
   6    0.269779E-04     1              0.109595E-03     1
   7    0.269290E-04     1              0.884089E-04     1
   8    0.268501E-04     1              0.800079E-04     1
   9    0.114040E-04     1              0.799670E-04     1
  10    0.421123E-09     1              0.301910E-04     1
  11    0.926455E-10     1              0.299414E-04     1
  12    0.997680E-12     1              0.105643E-04     1
  13    0.555025E-12     1              0.559209E-05     1
  14    0.146658E-12     1              0.131036E-05     1
  15    0.101998E-12     1              0.130907E-05     1
  16    0.787644E-13     1              0.202998E-06     1
  17    0.468128E-13     1              0.189898E-07     1
  18    0.349872E-13     1              0.191940E-08     1
  19    0.219252E-13     1              0.434596E-09     1
  20    0.191430E-13     1              0.453496E-11     1
  21    0.112447E-13     1              0.569537E-12     1
  22    0.868751E-14     1              0.914168E-13     1
  23    0.154405E-14     1              0.874680E-13     1
  24    0.105984E-14     1              0.414742E-13     1
  25    0.884851E-16     1              0.396719E-15     1
  26    0.474236E-16     1              0.243824E-15     1
  27    0.775796E-30     1              0.374378E-18     1


 Number of basis functions:                        27
 Number of independent pairs:                     378
 Number of columns in segment:                    378
 Number of passes:                                  1
 Use TREXIO INTS SORTER

 CPU  time in 2ints                is                0.008 s
 Wall time in 2ints                is                0.008 s
 WIP: do we really need a separate procedure for TREXIO?
      it would maybe make more sense to set RDMType CI?
      or split: select_active_gvb/cas/ci? 

 Monomer A
 Active Orbital:    1    0.9917E+00
 Active Orbital:    2    0.4294E-02
 Active Orbital:    3    0.1290E-02
 Active Orbital:    4    0.1289E-02
 Active Orbital:    5    0.1289E-02
 Active Orbital:    6    0.2698E-04
 Active Orbital:    7    0.2693E-04
 Active Orbital:    8    0.2685E-04
 Active Orbital:    9    0.1140E-04

 TREXIO-num:
 num0 (inactive)   0
 num1   (active)   9
 num2  (virtual)  18

 maybe better call ThrSelAct : Threshold for nearly degenerate pairs?
 Threshold for active orbital pairs:           0.10000E-07
 Threshold for quasi-virtual orbital pairs:    0.10000E-06
 Threshold for selecting active orbitals:      0.10000E-05 < Active <  0.10000E+01
 Warning! For single atom ThrSelAct should probably have larger value!
 WIP: do we really need a separate procedure for TREXIO?
      it would maybe make more sense to set RDMType CI?
      or split: select_active_gvb/cas/ci? 

 Monomer B
 Active Orbital:    1    0.9815E+00
 Active Orbital:    2    0.1080E-01
 Active Orbital:    3    0.2953E-02
 Active Orbital:    4    0.2143E-02
 Active Orbital:    5    0.2137E-02
 Active Orbital:    6    0.1096E-03
 Active Orbital:    7    0.8841E-04
 Active Orbital:    8    0.8001E-04
 Active Orbital:    9    0.7997E-04
 Active Orbital:   10    0.3019E-04
 Active Orbital:   11    0.2994E-04
 Active Orbital:   12    0.1056E-04
 Active Orbital:   13    0.5592E-05
 Active Orbital:   14    0.1310E-05
 Active Orbital:   15    0.1309E-05

 TREXIO-num:
 num0 (inactive)   0
 num1   (active)  15
 num2  (virtual)  12

 maybe better call ThrSelAct : Threshold for nearly degenerate pairs?
 Threshold for active orbital pairs:           0.10000E-07
 Threshold for quasi-virtual orbital pairs:    0.10000E-06
 Threshold for selecting active orbitals:      0.10000E-05 < Active <  0.10000E+01

 WIP1: use 3-ind transformation for 2-RDMs!
 WIP2: can the matrix be read-in and 3-indx transformed in batches? (rw_trexio_rdm2)
 Number of Cholesky 2-RDM vectors     1
 (compared to          729 )

 Monomer A
 2-RDM2 norm =     1.000000 (reference =   1.000)
 FCI RDM2 TRANSFORMATION TO NO IN PROCESS...
 2-RDM dim for monomer 1 truncated from NBasis =  27 to NOccup =   9
 according to the 0.100000E-05 threshold (ThrAct)

 WIP1: use 3-ind transformation for 2-RDMs!
 WIP2: can the matrix be read-in and 3-indx transformed in batches? (rw_trexio_rdm2)
 Number of Cholesky 2-RDM vectors     1
 (compared to          729 )

 Monomer B
 2-RDM2 norm =     1.000000 (reference =   1.000)
 FCI RDM2 TRANSFORMATION TO NO IN PROCESS...
 2-RDM dim for monomer 2 truncated from NBasis =  27 to NOccup =  15
 according to the 0.100000E-05 threshold (ThrAct)

                           Monomer A    Monomer B
 Active orbital:    1    0.9917E+00    0.9815E+00
 Active orbital:    2    0.4294E-02    0.1080E-01
 Active orbital:    3    0.1290E-02    0.2953E-02
 Active orbital:    4    0.1289E-02    0.2143E-02
 Active orbital:    5    0.1289E-02    0.2137E-02
 Active orbital:    6    0.2698E-04    0.1096E-03
 Active orbital:    7    0.2693E-04    0.8841E-04
 Active orbital:    8    0.2685E-04    0.8001E-04
 Active orbital:    9    0.1140E-04    0.7997E-04
 Active orbital:   10                  0.3019E-04
 Active orbital:   11                  0.2994E-04
 Active orbital:   12                  0.1056E-04
 Active orbital:   13                  0.5592E-05
 Active orbital:   14                  0.1310E-05
 Active orbital:   15                  0.1309E-05
 ------------------------------------------------
 Total Active:                 9          15

                          Monomer A     Monomer B
 Total number of pairs:      351           351
 Reduced to:                198           285


  Accepted pairs:
  p  q           Monomer A                            MonomerB
  --------------------------------     --------------------------------
  2  1    0.4294E-02    0.9917E+00     2  1    0.1080E-01    0.9815E+00
  3  1    0.1290E-02    0.9917E+00     3  1    0.2953E-02    0.9815E+00
  3  2    0.1290E-02    0.4294E-02     3  2    0.2953E-02    0.1080E-01
  4  1    0.1289E-02    0.9917E+00     4  1    0.2143E-02    0.9815E+00
  4  2    0.1289E-02    0.4294E-02     4  2    0.2143E-02    0.1080E-01
  4  3    0.1289E-02    0.1290E-02     4  3    0.2143E-02    0.2953E-02
  5  1    0.1289E-02    0.9917E+00     5  1    0.2137E-02    0.9815E+00
  5  2    0.1289E-02    0.4294E-02     5  2    0.2137E-02    0.1080E-01
  5  3    0.1289E-02    0.1290E-02     5  3    0.2137E-02    0.2953E-02
  5  4    0.1289E-02    0.1289E-02     5  4    0.2137E-02    0.2143E-02
  6  1    0.2698E-04    0.9917E+00     6  1    0.1096E-03    0.9815E+00
  6  2    0.2698E-04    0.4294E-02     6  2    0.1096E-03    0.1080E-01
  6  3    0.2698E-04    0.1290E-02     6  3    0.1096E-03    0.2953E-02
  6  4    0.2698E-04    0.1289E-02     6  4    0.1096E-03    0.2143E-02
  6  5    0.2698E-04    0.1289E-02     6  5    0.1096E-03    0.2137E-02
  7  1    0.2693E-04    0.9917E+00     7  1    0.8841E-04    0.9815E+00
  7  2    0.2693E-04    0.4294E-02     7  2    0.8841E-04    0.1080E-01
  7  3    0.2693E-04    0.1290E-02     7  3    0.8841E-04    0.2953E-02
  7  4    0.2693E-04    0.1289E-02     7  4    0.8841E-04    0.2143E-02
  7  5    0.2693E-04    0.1289E-02     7  5    0.8841E-04    0.2137E-02
  7  6    0.2693E-04    0.2698E-04     7  6    0.8841E-04    0.1096E-03
  8  1    0.2685E-04    0.9917E+00     8  1    0.8001E-04    0.9815E+00
  8  2    0.2685E-04    0.4294E-02     8  2    0.8001E-04    0.1080E-01
  8  3    0.2685E-04    0.1290E-02     8  3    0.8001E-04    0.2953E-02
  8  4    0.2685E-04    0.1289E-02     8  4    0.8001E-04    0.2143E-02
  8  5    0.2685E-04    0.1289E-02     8  5    0.8001E-04    0.2137E-02
  8  6    0.2685E-04    0.2698E-04     8  6    0.8001E-04    0.1096E-03
  8  7    0.2685E-04    0.2693E-04     8  7    0.8001E-04    0.8841E-04
  9  1    0.1140E-04    0.9917E+00     9  1    0.7997E-04    0.9815E+00
  9  2    0.1140E-04    0.4294E-02     9  2    0.7997E-04    0.1080E-01
  9  3    0.1140E-04    0.1290E-02     9  3    0.7997E-04    0.2953E-02
  9  4    0.1140E-04    0.1289E-02     9  4    0.7997E-04    0.2143E-02
  9  5    0.1140E-04    0.1289E-02     9  5    0.7997E-04    0.2137E-02
  9  6    0.1140E-04    0.2698E-04     9  6    0.7997E-04    0.1096E-03
  9  7    0.1140E-04    0.2693E-04     9  7    0.7997E-04    0.8841E-04
  9  8    0.1140E-04    0.2685E-04     9  8    0.7997E-04    0.8001E-04
 10  1    0.4211E-09    0.9917E+00    10  1    0.3019E-04    0.9815E+00
 10  2    0.4211E-09    0.4294E-02    10  2    0.3019E-04    0.1080E-01
 10  3    0.4211E-09    0.1290E-02    10  3    0.3019E-04    0.2953E-02
 10  4    0.4211E-09    0.1289E-02    10  4    0.3019E-04    0.2143E-02
 10  5    0.4211E-09    0.1289E-02    10  5    0.3019E-04    0.2137E-02
 10  6    0.4211E-09    0.2698E-04    10  6    0.3019E-04    0.1096E-03
 10  7    0.4211E-09    0.2693E-04    10  7    0.3019E-04    0.8841E-04
 10  8    0.4211E-09    0.2685E-04    10  8    0.3019E-04    0.8001E-04
 10  9    0.4211E-09    0.1140E-04    10  9    0.3019E-04    0.7997E-04
 11  1    0.9265E-10    0.9917E+00    11  1    0.2994E-04    0.9815E+00
 11  2    0.9265E-10    0.4294E-02    11  2    0.2994E-04    0.1080E-01
 11  3    0.9265E-10    0.1290E-02    11  3    0.2994E-04    0.2953E-02
 11  4    0.9265E-10    0.1289E-02    11  4    0.2994E-04    0.2143E-02
 11  5    0.9265E-10    0.1289E-02    11  5    0.2994E-04    0.2137E-02
 11  6    0.9265E-10    0.2698E-04    11  6    0.2994E-04    0.1096E-03
 11  7    0.9265E-10    0.2693E-04    11  7    0.2994E-04    0.8841E-04
 11  8    0.9265E-10    0.2685E-04    11  8    0.2994E-04    0.8001E-04
 11  9    0.9265E-10    0.1140E-04    11  9    0.2994E-04    0.7997E-04
 12  1    0.9977E-12    0.9917E+00    11 10    0.2994E-04    0.3019E-04
 12  2    0.9977E-12    0.4294E-02    12  1    0.1056E-04    0.9815E+00
 12  3    0.9977E-12    0.1290E-02    12  2    0.1056E-04    0.1080E-01
 12  4    0.9977E-12    0.1289E-02    12  3    0.1056E-04    0.2953E-02
 12  5    0.9977E-12    0.1289E-02    12  4    0.1056E-04    0.2143E-02
 12  6    0.9977E-12    0.2698E-04    12  5    0.1056E-04    0.2137E-02
 12  7    0.9977E-12    0.2693E-04    12  6    0.1056E-04    0.1096E-03
 12  8    0.9977E-12    0.2685E-04    12  7    0.1056E-04    0.8841E-04
 12  9    0.9977E-12    0.1140E-04    12  8    0.1056E-04    0.8001E-04
 13  1    0.5550E-12    0.9917E+00    12  9    0.1056E-04    0.7997E-04
 13  2    0.5550E-12    0.4294E-02    12 10    0.1056E-04    0.3019E-04
 13  3    0.5550E-12    0.1290E-02    12 11    0.1056E-04    0.2994E-04
 13  4    0.5550E-12    0.1289E-02    13  1    0.5592E-05    0.9815E+00
 13  5    0.5550E-12    0.1289E-02    13  2    0.5592E-05    0.1080E-01
 13  6    0.5550E-12    0.2698E-04    13  3    0.5592E-05    0.2953E-02
 13  7    0.5550E-12    0.2693E-04    13  4    0.5592E-05    0.2143E-02
 13  8    0.5550E-12    0.2685E-04    13  5    0.5592E-05    0.2137E-02
 13  9    0.5550E-12    0.1140E-04    13  6    0.5592E-05    0.1096E-03
 14  1    0.1467E-12    0.9917E+00    13  7    0.5592E-05    0.8841E-04
 14  2    0.1467E-12    0.4294E-02    13  8    0.5592E-05    0.8001E-04
 14  3    0.1467E-12    0.1290E-02    13  9    0.5592E-05    0.7997E-04
 14  4    0.1467E-12    0.1289E-02    13 10    0.5592E-05    0.3019E-04
 14  5    0.1467E-12    0.1289E-02    13 11    0.5592E-05    0.2994E-04
 14  6    0.1467E-12    0.2698E-04    13 12    0.5592E-05    0.1056E-04
 14  7    0.1467E-12    0.2693E-04    14  1    0.1310E-05    0.9815E+00
 14  8    0.1467E-12    0.2685E-04    14  2    0.1310E-05    0.1080E-01
 14  9    0.1467E-12    0.1140E-04    14  3    0.1310E-05    0.2953E-02
 15  1    0.1020E-12    0.9917E+00    14  4    0.1310E-05    0.2143E-02
 15  2    0.1020E-12    0.4294E-02    14  5    0.1310E-05    0.2137E-02
 15  3    0.1020E-12    0.1290E-02    14  6    0.1310E-05    0.1096E-03
 15  4    0.1020E-12    0.1289E-02    14  7    0.1310E-05    0.8841E-04
 15  5    0.1020E-12    0.1289E-02    14  8    0.1310E-05    0.8001E-04
 15  6    0.1020E-12    0.2698E-04    14  9    0.1310E-05    0.7997E-04
 15  7    0.1020E-12    0.2693E-04    14 10    0.1310E-05    0.3019E-04
 15  8    0.1020E-12    0.2685E-04    14 11    0.1310E-05    0.2994E-04
 15  9    0.1020E-12    0.1140E-04    14 12    0.1310E-05    0.1056E-04
 16  1    0.7876E-13    0.9917E+00    14 13    0.1310E-05    0.5592E-05
 16  2    0.7876E-13    0.4294E-02    15  1    0.1309E-05    0.9815E+00
 16  3    0.7876E-13    0.1290E-02    15  2    0.1309E-05    0.1080E-01
 16  4    0.7876E-13    0.1289E-02    15  3    0.1309E-05    0.2953E-02
 16  5    0.7876E-13    0.1289E-02    15  4    0.1309E-05    0.2143E-02
 16  6    0.7876E-13    0.2698E-04    15  5    0.1309E-05    0.2137E-02
 16  7    0.7876E-13    0.2693E-04    15  6    0.1309E-05    0.1096E-03
 16  8    0.7876E-13    0.2685E-04    15  7    0.1309E-05    0.8841E-04
 16  9    0.7876E-13    0.1140E-04    15  8    0.1309E-05    0.8001E-04
 17  1    0.4681E-13    0.9917E+00    15  9    0.1309E-05    0.7997E-04
 17  2    0.4681E-13    0.4294E-02    15 10    0.1309E-05    0.3019E-04
 17  3    0.4681E-13    0.1290E-02    15 11    0.1309E-05    0.2994E-04
 17  4    0.4681E-13    0.1289E-02    15 12    0.1309E-05    0.1056E-04
 17  5    0.4681E-13    0.1289E-02    15 13    0.1309E-05    0.5592E-05
 17  6    0.4681E-13    0.2698E-04    15 14    0.1309E-05    0.1310E-05
 17  7    0.4681E-13    0.2693E-04    16  1    0.2030E-06    0.9815E+00
 17  8    0.4681E-13    0.2685E-04    16  2    0.2030E-06    0.1080E-01
 17  9    0.4681E-13    0.1140E-04    16  3    0.2030E-06    0.2953E-02
 18  1    0.3499E-13    0.9917E+00    16  4    0.2030E-06    0.2143E-02
 18  2    0.3499E-13    0.4294E-02    16  5    0.2030E-06    0.2137E-02
 18  3    0.3499E-13    0.1290E-02    16  6    0.2030E-06    0.1096E-03
 18  4    0.3499E-13    0.1289E-02    16  7    0.2030E-06    0.8841E-04
 18  5    0.3499E-13    0.1289E-02    16  8    0.2030E-06    0.8001E-04
 18  6    0.3499E-13    0.2698E-04    16  9    0.2030E-06    0.7997E-04
 18  7    0.3499E-13    0.2693E-04    16 10    0.2030E-06    0.3019E-04
 18  8    0.3499E-13    0.2685E-04    16 11    0.2030E-06    0.2994E-04
 18  9    0.3499E-13    0.1140E-04    16 12    0.2030E-06    0.1056E-04
 19  1    0.2193E-13    0.9917E+00    16 13    0.2030E-06    0.5592E-05
 19  2    0.2193E-13    0.4294E-02    16 14    0.2030E-06    0.1310E-05
 19  3    0.2193E-13    0.1290E-02    16 15    0.2030E-06    0.1309E-05
 19  4    0.2193E-13    0.1289E-02    17  1    0.1899E-07    0.9815E+00
 19  5    0.2193E-13    0.1289E-02    17  2    0.1899E-07    0.1080E-01
 19  6    0.2193E-13    0.2698E-04    17  3    0.1899E-07    0.2953E-02
 19  7    0.2193E-13    0.2693E-04    17  4    0.1899E-07    0.2143E-02
 19  8    0.2193E-13    0.2685E-04    17  5    0.1899E-07    0.2137E-02
 19  9    0.2193E-13    0.1140E-04    17  6    0.1899E-07    0.1096E-03
 20  1    0.1914E-13    0.9917E+00    17  7    0.1899E-07    0.8841E-04
 20  2    0.1914E-13    0.4294E-02    17  8    0.1899E-07    0.8001E-04
 20  3    0.1914E-13    0.1290E-02    17  9    0.1899E-07    0.7997E-04
 20  4    0.1914E-13    0.1289E-02    17 10    0.1899E-07    0.3019E-04
 20  5    0.1914E-13    0.1289E-02    17 11    0.1899E-07    0.2994E-04
 20  6    0.1914E-13    0.2698E-04    17 12    0.1899E-07    0.1056E-04
 20  7    0.1914E-13    0.2693E-04    17 13    0.1899E-07    0.5592E-05
 20  8    0.1914E-13    0.2685E-04    17 14    0.1899E-07    0.1310E-05
 20  9    0.1914E-13    0.1140E-04    17 15    0.1899E-07    0.1309E-05
 21  1    0.1124E-13    0.9917E+00    18  1    0.1919E-08    0.9815E+00
 21  2    0.1124E-13    0.4294E-02    18  2    0.1919E-08    0.1080E-01
 21  3    0.1124E-13    0.1290E-02    18  3    0.1919E-08    0.2953E-02
 21  4    0.1124E-13    0.1289E-02    18  4    0.1919E-08    0.2143E-02
 21  5    0.1124E-13    0.1289E-02    18  5    0.1919E-08    0.2137E-02
 21  6    0.1124E-13    0.2698E-04    18  6    0.1919E-08    0.1096E-03
 21  7    0.1124E-13    0.2693E-04    18  7    0.1919E-08    0.8841E-04
 21  8    0.1124E-13    0.2685E-04    18  8    0.1919E-08    0.8001E-04
 21  9    0.1124E-13    0.1140E-04    18  9    0.1919E-08    0.7997E-04
 22  1    0.8688E-14    0.9917E+00    18 10    0.1919E-08    0.3019E-04
 22  2    0.8688E-14    0.4294E-02    18 11    0.1919E-08    0.2994E-04
 22  3    0.8688E-14    0.1290E-02    18 12    0.1919E-08    0.1056E-04
 22  4    0.8688E-14    0.1289E-02    18 13    0.1919E-08    0.5592E-05
 22  5    0.8688E-14    0.1289E-02    18 14    0.1919E-08    0.1310E-05
 22  6    0.8688E-14    0.2698E-04    18 15    0.1919E-08    0.1309E-05
 22  7    0.8688E-14    0.2693E-04    19  1    0.4346E-09    0.9815E+00
 22  8    0.8688E-14    0.2685E-04    19  2    0.4346E-09    0.1080E-01
 22  9    0.8688E-14    0.1140E-04    19  3    0.4346E-09    0.2953E-02
 23  1    0.1544E-14    0.9917E+00    19  4    0.4346E-09    0.2143E-02
 23  2    0.1544E-14    0.4294E-02    19  5    0.4346E-09    0.2137E-02
 23  3    0.1544E-14    0.1290E-02    19  6    0.4346E-09    0.1096E-03
 23  4    0.1544E-14    0.1289E-02    19  7    0.4346E-09    0.8841E-04
 23  5    0.1544E-14    0.1289E-02    19  8    0.4346E-09    0.8001E-04
 23  6    0.1544E-14    0.2698E-04    19  9    0.4346E-09    0.7997E-04
 23  7    0.1544E-14    0.2693E-04    19 10    0.4346E-09    0.3019E-04
 23  8    0.1544E-14    0.2685E-04    19 11    0.4346E-09    0.2994E-04
 23  9    0.1544E-14    0.1140E-04    19 12    0.4346E-09    0.1056E-04
 24  1    0.1060E-14    0.9917E+00    19 13    0.4346E-09    0.5592E-05
 24  2    0.1060E-14    0.4294E-02    19 14    0.4346E-09    0.1310E-05
 24  3    0.1060E-14    0.1290E-02    19 15    0.4346E-09    0.1309E-05
 24  4    0.1060E-14    0.1289E-02    20  1    0.4535E-11    0.9815E+00
 24  5    0.1060E-14    0.1289E-02    20  2    0.4535E-11    0.1080E-01
 24  6    0.1060E-14    0.2698E-04    20  3    0.4535E-11    0.2953E-02
 24  7    0.1060E-14    0.2693E-04    20  4    0.4535E-11    0.2143E-02
 24  8    0.1060E-14    0.2685E-04    20  5    0.4535E-11    0.2137E-02
 24  9    0.1060E-14    0.1140E-04    20  6    0.4535E-11    0.1096E-03
 25  1    0.8849E-16    0.9917E+00    20  7    0.4535E-11    0.8841E-04
 25  2    0.8849E-16    0.4294E-02    20  8    0.4535E-11    0.8001E-04
 25  3    0.8849E-16    0.1290E-02    20  9    0.4535E-11    0.7997E-04
 25  4    0.8849E-16    0.1289E-02    20 10    0.4535E-11    0.3019E-04
 25  5    0.8849E-16    0.1289E-02    20 11    0.4535E-11    0.2994E-04
 25  6    0.8849E-16    0.2698E-04    20 12    0.4535E-11    0.1056E-04
 25  7    0.8849E-16    0.2693E-04    20 13    0.4535E-11    0.5592E-05
 25  8    0.8849E-16    0.2685E-04    20 14    0.4535E-11    0.1310E-05
 25  9    0.8849E-16    0.1140E-04    20 15    0.4535E-11    0.1309E-05
 26  1    0.4742E-16    0.9917E+00    21  1    0.5695E-12    0.9815E+00
 26  2    0.4742E-16    0.4294E-02    21  2    0.5695E-12    0.1080E-01
 26  3    0.4742E-16    0.1290E-02    21  3    0.5695E-12    0.2953E-02
 26  4    0.4742E-16    0.1289E-02    21  4    0.5695E-12    0.2143E-02
 26  5    0.4742E-16    0.1289E-02    21  5    0.5695E-12    0.2137E-02
 26  6    0.4742E-16    0.2698E-04    21  6    0.5695E-12    0.1096E-03
 26  7    0.4742E-16    0.2693E-04    21  7    0.5695E-12    0.8841E-04
 26  8    0.4742E-16    0.2685E-04    21  8    0.5695E-12    0.8001E-04
 26  9    0.4742E-16    0.1140E-04    21  9    0.5695E-12    0.7997E-04
 27  1    0.7758E-30    0.9917E+00    21 10    0.5695E-12    0.3019E-04
 27  2    0.7758E-30    0.4294E-02    21 11    0.5695E-12    0.2994E-04
 27  3    0.7758E-30    0.1290E-02    21 12    0.5695E-12    0.1056E-04
 27  4    0.7758E-30    0.1289E-02    21 13    0.5695E-12    0.5592E-05
 27  5    0.7758E-30    0.1289E-02    21 14    0.5695E-12    0.1310E-05
 27  6    0.7758E-30    0.2698E-04    21 15    0.5695E-12    0.1309E-05
 27  7    0.7758E-30    0.2693E-04    22  1    0.9142E-13    0.9815E+00
 27  8    0.7758E-30    0.2685E-04    22  2    0.9142E-13    0.1080E-01
 27  9    0.7758E-30    0.1140E-04    22  3    0.9142E-13    0.2953E-02
                                      22  4    0.9142E-13    0.2143E-02
                                      22  5    0.9142E-13    0.2137E-02
                                      22  6    0.9142E-13    0.1096E-03
                                      22  7    0.9142E-13    0.8841E-04
                                      22  8    0.9142E-13    0.8001E-04
                                      22  9    0.9142E-13    0.7997E-04
                                      22 10    0.9142E-13    0.3019E-04
                                      22 11    0.9142E-13    0.2994E-04
                                      22 12    0.9142E-13    0.1056E-04
                                      22 13    0.9142E-13    0.5592E-05
                                      22 14    0.9142E-13    0.1310E-05
                                      22 15    0.9142E-13    0.1309E-05
                                      23  1    0.8747E-13    0.9815E+00
                                      23  2    0.8747E-13    0.1080E-01
                                      23  3    0.8747E-13    0.2953E-02
                                      23  4    0.8747E-13    0.2143E-02
                                      23  5    0.8747E-13    0.2137E-02
                                      23  6    0.8747E-13    0.1096E-03
                                      23  7    0.8747E-13    0.8841E-04
                                      23  8    0.8747E-13    0.8001E-04
                                      23  9    0.8747E-13    0.7997E-04
                                      23 10    0.8747E-13    0.3019E-04
                                      23 11    0.8747E-13    0.2994E-04
                                      23 12    0.8747E-13    0.1056E-04
                                      23 13    0.8747E-13    0.5592E-05
                                      23 14    0.8747E-13    0.1310E-05
                                      23 15    0.8747E-13    0.1309E-05
                                      24  1    0.4147E-13    0.9815E+00
                                      24  2    0.4147E-13    0.1080E-01
                                      24  3    0.4147E-13    0.2953E-02
                                      24  4    0.4147E-13    0.2143E-02
                                      24  5    0.4147E-13    0.2137E-02
                                      24  6    0.4147E-13    0.1096E-03
                                      24  7    0.4147E-13    0.8841E-04
                                      24  8    0.4147E-13    0.8001E-04
                                      24  9    0.4147E-13    0.7997E-04
                                      24 10    0.4147E-13    0.3019E-04
                                      24 11    0.4147E-13    0.2994E-04
                                      24 12    0.4147E-13    0.1056E-04
                                      24 13    0.4147E-13    0.5592E-05
                                      24 14    0.4147E-13    0.1310E-05
                                      24 15    0.4147E-13    0.1309E-05
                                      25  1    0.3967E-15    0.9815E+00
                                      25  2    0.3967E-15    0.1080E-01
                                      25  3    0.3967E-15    0.2953E-02
                                      25  4    0.3967E-15    0.2143E-02
                                      25  5    0.3967E-15    0.2137E-02
                                      25  6    0.3967E-15    0.1096E-03
                                      25  7    0.3967E-15    0.8841E-04
                                      25  8    0.3967E-15    0.8001E-04
                                      25  9    0.3967E-15    0.7997E-04
                                      25 10    0.3967E-15    0.3019E-04
                                      25 11    0.3967E-15    0.2994E-04
                                      25 12    0.3967E-15    0.1056E-04
                                      25 13    0.3967E-15    0.5592E-05
                                      25 14    0.3967E-15    0.1310E-05
                                      25 15    0.3967E-15    0.1309E-05
                                      26  1    0.2438E-15    0.9815E+00
                                      26  2    0.2438E-15    0.1080E-01
                                      26  3    0.2438E-15    0.2953E-02
                                      26  4    0.2438E-15    0.2143E-02
                                      26  5    0.2438E-15    0.2137E-02
                                      26  6    0.2438E-15    0.1096E-03
                                      26  7    0.2438E-15    0.8841E-04
                                      26  8    0.2438E-15    0.8001E-04
                                      26  9    0.2438E-15    0.7997E-04
                                      26 10    0.2438E-15    0.3019E-04
                                      26 11    0.2438E-15    0.2994E-04
                                      26 12    0.2438E-15    0.1056E-04
                                      26 13    0.2438E-15    0.5592E-05
                                      26 14    0.2438E-15    0.1310E-05
                                      26 15    0.2438E-15    0.1309E-05
                                      27  1    0.3744E-18    0.9815E+00
                                      27  2    0.3744E-18    0.1080E-01
                                      27  3    0.3744E-18    0.2953E-02
                                      27  4    0.3744E-18    0.2143E-02
                                      27  5    0.3744E-18    0.2137E-02
                                      27  6    0.3744E-18    0.1096E-03
                                      27  7    0.3744E-18    0.8841E-04
                                      27  8    0.3744E-18    0.8001E-04
                                      27  9    0.3744E-18    0.7997E-04
                                      27 10    0.3744E-18    0.3019E-04
                                      27 11    0.3744E-18    0.2994E-04
                                      27 12    0.3744E-18    0.1056E-04
                                      27 13    0.3744E-18    0.5592E-05
                                      27 14    0.3744E-18    0.1310E-05
                                      27 15    0.3744E-18    0.1309E-05
 Transforming integrals for FFOOAA

 CPU  time in FFOO                 is                0.005 s
 Wall time in FFOO                 is                0.005 s
 Transforming integrals for FOFOAA

 CPU  time in FOFO                 is                0.007 s
 Wall time in FOFO                 is                0.007 s
 Transforming integrals for FFOOBB

 CPU  time in FFOO                 is                0.006 s
 Wall time in FFOO                 is                0.005 s
 Transforming integrals for FOFOBB

 CPU  time in FOFO                 is                0.007 s
 Wall time in FOFO                 is                0.008 s
 calc_resp_cispi --> calc_resp_casgvb?
 Mon%NAct           9
 Mon%INAct           0
 Mon%mon0           0           9
 CIPSI One-electron Energy             -3.84016825
 CIPSI Total Energy (w/o ENuc)         -2.88955981
 ABPLUS   60.5725340046517     
 ABMIN    60.5902861344344     
 Solving symmetric eigenvalue equation...

 ERPA EigVec norm  9.94896778
 ERPA EigVal norm   60.58019656
 ERPA Eigenvalues (NDimX =  198):
    1    0.784762
    2    0.839238
    3    0.851044
    4    0.970864
    5    1.003541
    6    1.004962
    7    1.009357
    8    1.057831
    9    1.085613
   10    1.152317
   11    1.229745
   12    1.231110
   13    1.268551
   14    1.420998
   15    2.191903
   16    2.245812
   17    2.273896
   18    2.279333
   19    2.283660
   20    2.318171
   21    2.332719
   22    2.353625
   23    2.364196
   24    2.373692
   25    2.378997
   26    2.381744
   27    2.391252
   28    2.422186
   29    2.427674
   30    2.441484
   31    2.480450
   32    2.523667
   33    2.525086
   34    2.545551
   35    2.553195
   36    2.571905
   37    2.585541
   38    2.589480
   39    2.593353
   40    2.611645
   41    2.613905
   42    2.616234
   43    2.616568
   44    2.640497
   45    2.646451
   46    2.650815
   47    2.675785
   48    2.688869
   49    2.704867
   50    2.714926
   51    2.721307
   52    2.754958
   53    2.755162
   54    2.758519
   55    2.761641
   56    2.764648
   57    2.788521
   58    2.788978
   59    2.796323
   60    2.799749
   61    2.825527
   62    2.908861
   63    2.949314
   64    2.953236
   65    2.979558
   66    3.076804
   67    3.155354
   68    3.180050
   69    3.222416
   70    3.250298
   71    3.250541
   72    3.258556
   73    3.258653
   74    3.267334
   75    3.339592
   76    3.380519
   77    3.389953
   78    3.399505
   79    3.402124
   80    3.429122
   81    3.482628
   82    3.572563
   83    3.576260
   84    3.612158
   85    3.675655
   86    3.719928
   87    3.722793
   88    3.754202
   89    3.765112
   90    4.090182
   91    4.109094
   92    4.118391
   93    4.129871
   94    4.138052
   95    4.143457
   96    4.168992
   97    4.170220
   98    4.178553
   99    4.181289
  100    4.187601
  101    4.190630
  102    4.201909
  103    4.204352
  104    4.205976
  105    4.217995
  106    4.219692
  107    4.223488
  108    4.225053
  109    4.245519
  110    4.250208
  111    4.277215
  112    4.278234
  113    4.287367
  114    4.350565
  115    4.355685
  116    4.358155
  117    4.369159
  118    4.377707
  119    4.385963
  120    4.387797
  121    4.388849
  122    4.413283
  123    4.418771
  124    4.435802
  125    4.438641
  126    4.446345
  127    4.460684
  128    4.461376
  129    4.480579
  130    4.481041
  131    4.535020
  132    4.566800
  133    4.582668
  134    4.587855
  135    4.593035
  136    4.598885
  137    4.606622
  138    4.607016
  139    4.623297
  140    4.628689
  141    4.649217
  142    4.708688
  143    4.741724
  144    4.744977
  145    4.751703
  146    4.754893
  147    4.776311
  148    4.783333
  149    4.785235
  150    4.785745
  151    4.788095
  152    4.789755
  153    4.791032
  154    4.797588
  155    4.820452
  156    4.820609
  157    4.954942
  158    5.032423
  159    5.037169
  160    5.263149
  161    5.270463
  162    5.303612
  163    5.374241
  164    5.548184
  165    5.553375
  166    5.566343
  167    5.572005
  168    5.600875
  169    5.602613
  170    5.967700
  171    5.974075
  172    5.987785
  173    6.045334
  174    6.050093
  175    6.057462
  176    6.063807
  177    6.065922
  178    6.089025
  179    6.464194
  180    6.488421
  181    6.491267
  182    6.578617
  183    6.583897
  184    6.599329
  185    6.614538
  186    6.614929
  187    6.617498
  188    6.620093
  189    6.635532
  190    6.636634
  191    6.859980
  192    6.903422
  193    6.906512
  194    6.936695
  195    7.717992
  196    8.730379
  197    8.735619
  198    8.751283
 calc_resp_cispi --> calc_resp_casgvb?
 Mon%NAct          15
 Mon%INAct           0
 Mon%mon0           0          15
 CIPSI One-electron Energy             -2.44331007
 CIPSI Total Energy (w/o ENuc)         -1.85929177
 ABPLUS   61.3060290908297     
 ABMIN    62.0623961243884     
 Solving symmetric eigenvalue equation...

 ERPA EigVec norm 11.89378401
 ERPA EigVal norm   61.57889275
 ERPA Eigenvalues (NDimX =  285):
    1    0.458725
    2    0.485527
    3    0.527524
    4    0.572021
    5    0.589681
    6    0.623995
    7    0.745948
    8    0.748092
    9    0.748614
   10    0.885744
   11    0.977370
   12    1.049641
   13    1.061904
   14    1.066703
   15    1.111322
   16    1.131337
   17    1.143331
   18    1.158568
   19    1.183175
   20    1.248740
   21    1.271449
   22    1.274722
   23    1.295057
   24    1.340243
   25    1.343156
   26    1.351417
   27    1.391281
   28    1.394521
   29    1.412925
   30    1.417831
   31    1.436911
   32    1.470204
   33    1.472422
   34    1.484225
   35    1.486136
   36    1.490922
   37    1.516426
   38    1.537704
   39    1.538673
   40    1.543403
   41    1.561032
   42    1.562781
   43    1.580001
   44    1.581764
   45    1.638444
   46    1.645865
   47    1.655939
   48    1.660576
   49    1.668083
   50    1.690134
   51    1.691442
   52    1.697455
   53    1.702110
   54    1.705273
   55    1.713108
   56    1.717552
   57    1.738540
   58    1.749667
   59    1.779520
   60    1.780628
   61    1.795248
   62    1.821359
   63    1.829301
   64    1.849957
   65    1.864032
   66    1.865547
   67    1.868873
   68    1.869924
   69    1.877602
   70    1.880711
   71    1.881097
   72    1.884968
   73    1.906562
   74    1.907061
   75    1.928186
   76    1.931538
   77    1.938290
   78    1.939714
   79    1.948751
   80    1.965772
   81    1.966802
   82    1.969277
   83    1.969745
   84    1.988724
   85    2.008489
   86    2.036948
   87    2.046535
   88    2.050124
   89    2.066239
   90    2.118921
   91    2.147545
   92    2.149519
   93    2.151918
   94    2.165244
   95    2.165564
   96    2.170442
   97    2.219852
   98    2.220903
   99    2.231117
  100    2.234076
  101    2.241415
  102    2.241582
  103    2.245583
  104    2.249689
  105    2.254129
  106    2.280074
  107    2.281607
  108    2.294162
  109    2.298375
  110    2.314919
  111    2.325958
  112    2.330634
  113    2.336883
  114    2.345036
  115    2.350503
  116    2.367139
  117    2.372696
  118    2.408452
  119    2.433113
  120    2.440976
  121    2.448067
  122    2.448937
  123    2.468786
  124    2.472211
  125    2.472846
  126    2.475371
  127    2.492107
  128    2.504973
  129    2.512236
  130    2.535400
  131    2.545603
  132    2.560297
  133    2.632203
  134    2.647452
  135    2.662974
  136    2.664622
  137    2.669103
  138    2.706921
  139    2.714701
  140    2.746008
  141    2.746800
  142    2.794908
  143    2.815211
  144    2.821919
  145    2.824865
  146    2.841628
  147    2.847640
  148    2.851626
  149    2.855355
  150    2.860682
  151    2.866765
  152    2.891509
  153    2.893104
  154    2.896218
  155    2.910803
  156    2.916728
  157    2.924251
  158    2.930032
  159    2.949915
  160    2.952120
  161    2.963917
  162    2.972005
  163    2.973552
  164    2.993557
  165    3.017991
  166    3.043780
  167    3.108051
  168    3.131436
  169    3.145624
  170    3.168118
  171    3.170898
  172    3.171943
  173    3.187853
  174    3.215974
  175    3.220115
  176    3.243648
  177    3.252794
  178    3.275093
  179    3.297681
  180    3.302780
  181    3.372238
  182    3.375954
  183    3.434259
  184    3.435109
  185    3.439030
  186    3.442362
  187    3.451081
  188    3.455512
  189    3.511075
  190    3.511150
  191    3.519518
  192    3.541988
  193    3.740029
  194    3.745609
  195    3.761909
  196    3.896055
  197    3.912112
  198    3.922222
  199    4.115007
  200    4.121991
  201    4.132861
  202    4.138809
  203    4.139555
  204    4.143760
  205    4.146446
  206    4.149401
  207    4.170377
  208    4.206887
  209    4.244316
  210    4.286744
  211    4.406403
  212    4.410296
  213    4.467580
  214    4.501889
  215    4.502730
  216    4.507413
  217    4.573399
  218    4.621559
  219    4.641432
  220    4.645644
  221    4.674223
  222    4.707368
  223    4.788040
  224    4.794986
  225    4.803951
  226    4.948163
  227    4.954552
  228    4.960838
  229    4.963696
  230    4.967492
  231    4.976849
  232    5.001976
  233    5.051356
  234    5.058207
  235    5.067464
  236    5.111529
  237    5.234572
  238    5.244691
  239    5.248922
  240    5.249679
  241    5.256180
  242    5.265430
  243    5.316910
  244    5.328982
  245    5.335574
  246    5.345124
  247    5.348749
  248    5.528535
  249    5.535735
  250    5.544223
  251    5.657145
  252    5.817078
  253    5.829994
  254    5.897517
  255    5.904086
  256    5.913331
  257    5.920386
  258    5.925500
  259    5.932143
  260    5.941965
  261    5.952516
  262    5.953866
  263    5.954083
  264    6.103544
  265    6.118537
  266    6.198050
  267    6.253981
  268    6.261050
  269    6.269790
  270    6.397666
  271    6.517123
  272    6.522884
  273    6.524560
  274    6.529617
  275    6.533017
  276    6.539405
  277    6.766496
  278    6.794496
  279    7.123071
  280    7.386152
  281    7.392006
  282    7.704622
  283    7.711164
  284    7.720805
  285    8.573714

 Transforming E2disp integrals...
 Transforming integrals for TWOMOAB

 Transforming E2exch-ind integrals...
 Transforming integrals for FOFOAABB
 Transforming integrals for FOFOBBBA
 Transforming integrals for FOFOAAAB
 Transforming integrals for FFOOABAB
 Transforming integrals for FOFOBBAB
 Transforming integrals for FOFOAABA

 Transforming E2exch-disp integrals...
 Transforming integrals for FOFOABBA
 Transforming integrals for FFOOABBB
 Transforming integrals for FFOOBAAA
 Transforming integrals for TMPOOAB

 V_nucB_elA       =     -0.60250217
 V_nucA_elB       =     -0.60393533
 V_elA_elB        =      0.60394751
 V_nn             =      0.60248557

 Eelst            =     -0.00442265
 Transforming integrals for TWOA3B
 Transforming integrals for TWOB3A

 ExchS2(T1   ) =      -0.00000045
 ExchS2(T2d  ) =      -0.06078707
 ExchS2(T2c-1) =       0.10293050
 ExchS2(T2c-2) =       0.03017476
 ExchS2(T2b-1) =       0.05274402
 ExchS2(T2b-2) =       0.03027363
 ExchS2(T2a-1) =      -0.04095559
 ExchS2(T2a-2) =      -0.04465293
 ExchS2(T2a-3) =      -0.02522434
 ExchS2(T2a-4) =      -0.01502799

 ExchS2           =      0.02947455

 Ind(B<--A)     =      -0.00101334
 Ind(A<--B)     =      -0.00008559
 E2ind          =      -0.00109893

 Thresholds in E2exch-ind:
 SmallE          =     0.1000E-02
 BigE            =     0.1000E+09

 term Z           =     -0.00000011
 term Y           =     -0.00542092
 term X           =      0.00652337

 E2exch-ind       =      0.00110234

 Thresholds in E2disp:
 SmallE      =       0.1000E-03
 BigE        =       0.1000E+09

 E2disp       =      -0.04964598

 Thresholds in E2exch-disp:
 SmallE          =     0.1000E-02
 BigE            =     0.1000E+09

 term Z           =     -0.00000501
 term X           =      0.00447650
 term Y           =     -0.00344561

 E2exch-disp      =      0.00102588

****************************************
 SAPT SUMMARY / milliHartree
****************************************
 Interface   = TREXIO  
 SAPT level  =  2
 E1elst           =     -0.00442265
 E1exch(S2)       =      0.02947455
 E2ind            =     -0.00109893
 E2exch-ind       =      0.00110234
 E2disp           =     -0.04964598
 E2exch-disp      =      0.00102588
 Eint(SAPT2)      =     -0.02356480

 SAPT: CHECK OUTPUT FOR 1 WARNINGS!
********************************************************************************
 WARNING! NOT POSSIBLE TO DELETE rdm2.dat FILE
 WARNING! NOT POSSIBLE TO DELETE XY0_A FILE
 WARNING! NOT POSSIBLE TO DELETE XY0_B FILE
 WARNING! NOT POSSIBLE TO DELETE PROP_AB0 FILE

 CPU  time in SAPT                 is                0.554 s
 Wall time in SAPT                 is                0.575 s
