Date: 11/04/2023 20:09:12
===============
Quantum Package
===============

Git Commit: Dev stable
Git Date  : Tue Apr 11 12:59:43 2023 +0200
Git SHA1  : 06be65745fb201a2002e9a49a96b0101f84f5b14
EZFIO Dir : B_6.6


Task server running : tcp://127.0.1.1:41279
 * mo_label          no_label
.. >>>>> [ IO READ: mo_guess_type ] <<<<< ..
 
.. >>>>> [ RES  MEM :          0.022 GB ] [ VIRT MEM :          0.164 GB ] <<<<< ..
.. >>>>> [ WALL TIME:           0.00  s ] [ CPU  TIME:           0.02  s ] <<<<< ..
 
.. >>>>> [ IO READ: lin_dep_cutoff ] <<<<< ..
 
.. >>>>> [ RES  MEM :          0.022 GB ] [ VIRT MEM :          0.164 GB ] <<<<< ..
.. >>>>> [ WALL TIME:           0.00  s ] [ CPU  TIME:           0.02  s ] <<<<< ..
 
* Linear dependencies cut-off                       0.1000000000000000E-05
.. >>>>> [ IO READ: io_ao_integrals_overlap ] <<<<< ..
 
.. >>>>> [ RES  MEM :          0.022 GB ] [ VIRT MEM :          0.164 GB ] <<<<< ..
.. >>>>> [ WALL TIME:           0.00  s ] [ CPU  TIME:           0.02  s ] <<<<< ..
 
 
.. >>>>> [ RES  MEM :          0.023 GB ] [ VIRT MEM :          0.164 GB ] <<<<< ..
.. >>>>> [ WALL TIME:           0.00  s ] [ CPU  TIME:           0.02  s ] <<<<< ..
 

Nuclear Coordinates (Angstroms)
===============================

================ ============ ============ ============ ============
      Atom          Charge          X            Y            Z 
================ ============ ============ ============ ============
x                    0.000000     0.000000     0.000000     0.000000
H                    1.000000     0.000000     0.381040    -3.492570
H                    1.000000     0.000000    -0.381040    -3.492570
================ ============ ============ ============ ============

Minimal interatomic distance found:       0.7621 Angstrom
* mo_num                                                        27
.. >>>>> [ IO READ: level_shift ] <<<<< ..
 
.. >>>>> [ RES  MEM :          0.028 GB ] [ VIRT MEM :          0.238 GB ] <<<<< ..
.. >>>>> [ WALL TIME:           0.03  s ] [ CPU  TIME:           0.03  s ] <<<<< ..
 
.. >>>>> [ IO READ: elec_alpha_num ] <<<<< ..
 
.. >>>>> [ RES  MEM :          0.028 GB ] [ VIRT MEM :          0.238 GB ] <<<<< ..
.. >>>>> [ WALL TIME:           0.03  s ] [ CPU  TIME:           0.03  s ] <<<<< ..
 
.. >>>>> [ IO READ: elec_beta_num ] <<<<< ..
 
.. >>>>> [ RES  MEM :          0.028 GB ] [ VIRT MEM :          0.238 GB ] <<<<< ..
.. >>>>> [ WALL TIME:           0.03  s ] [ CPU  TIME:           0.03  s ] <<<<< ..
 
.. >>>>> [ IO READ: no_oa_or_av_opt ] <<<<< ..
 
.. >>>>> [ RES  MEM :          0.028 GB ] [ VIRT MEM :          0.238 GB ] <<<<< ..
.. >>>>> [ WALL TIME:           0.03  s ] [ CPU  TIME:           0.03  s ] <<<<< ..
 
.. >>>>> [ IO READ: frozen_orb_scf ] <<<<< ..
 
.. >>>>> [ RES  MEM :          0.028 GB ] [ VIRT MEM :          0.238 GB ] <<<<< ..
.. >>>>> [ WALL TIME:           0.03  s ] [ CPU  TIME:           0.03  s ] <<<<< ..
 
.. >>>>> [ IO READ: io_ao_one_e_integrals ] <<<<< ..
 
.. >>>>> [ RES  MEM :          0.028 GB ] [ VIRT MEM :          0.238 GB ] <<<<< ..
.. >>>>> [ WALL TIME:           0.03  s ] [ CPU  TIME:           0.03  s ] <<<<< ..
 
.. >>>>> [ IO READ: io_ao_integrals_kinetic ] <<<<< ..
 
.. >>>>> [ RES  MEM :          0.028 GB ] [ VIRT MEM :          0.238 GB ] <<<<< ..
.. >>>>> [ WALL TIME:           0.03  s ] [ CPU  TIME:           0.03  s ] <<<<< ..
 
.. >>>>> [ IO READ: io_ao_integrals_n_e ] <<<<< ..
 
.. >>>>> [ RES  MEM :          0.028 GB ] [ VIRT MEM :          0.238 GB ] <<<<< ..
.. >>>>> [ WALL TIME:           0.03  s ] [ CPU  TIME:           0.03  s ] <<<<< ..
 
.. >>>>> [ IO READ: do_pseudo ] <<<<< ..
 
.. >>>>> [ RES  MEM :          0.028 GB ] [ VIRT MEM :          0.238 GB ] <<<<< ..
.. >>>>> [ WALL TIME:           0.03  s ] [ CPU  TIME:           0.03  s ] <<<<< ..
 
 AO map initialized :                  71631
 Providing the AO integrals
 Sorting the map
 AO integrals provided:
  Size of AO map :           0.381711959838867      MB
  Number of AO integrals :                 35369
  cpu  time :  0.105693000000000      s
  wall time :  0.117491006851196      s  ( x   0.899583745450930       )
 Read mo_occ
 
.. >>>>> [ RES  MEM :          0.033 GB ] [ VIRT MEM :          0.450 GB ] <<<<< ..
.. >>>>> [ WALL TIME:           0.17  s ] [ CPU  TIME:           0.17  s ] <<<<< ..
 
* Nuclear repulsion energy                          0.6943856145521005    
.. >>>>> [ IO READ: n_it_scf_max ] <<<<< ..
 
.. >>>>> [ RES  MEM :          0.033 GB ] [ VIRT MEM :          0.450 GB ] <<<<< ..
.. >>>>> [ WALL TIME:           0.17  s ] [ CPU  TIME:           0.17  s ] <<<<< ..
 
.. >>>>> [ IO READ: scf_algorithm ] <<<<< ..
 
.. >>>>> [ RES  MEM :          0.033 GB ] [ VIRT MEM :          0.450 GB ] <<<<< ..
.. >>>>> [ WALL TIME:           0.17  s ] [ CPU  TIME:           0.18  s ] <<<<< ..
 
.. >>>>> [ IO READ: max_dim_diis ] <<<<< ..
 
.. >>>>> [ RES  MEM :          0.033 GB ] [ VIRT MEM :          0.450 GB ] <<<<< ..
.. >>>>> [ WALL TIME:           0.17  s ] [ CPU  TIME:           0.18  s ] <<<<< ..
 
.. >>>>> [ IO READ: threshold_diis ] <<<<< ..
 
.. >>>>> [ RES  MEM :          0.033 GB ] [ VIRT MEM :          0.450 GB ] <<<<< ..
.. >>>>> [ WALL TIME:           0.17  s ] [ CPU  TIME:           0.18  s ] <<<<< ..
 
.. >>>>> [ IO READ: thresh_scf ] <<<<< ..
 
.. >>>>> [ RES  MEM :          0.033 GB ] [ VIRT MEM :          0.450 GB ] <<<<< ..
.. >>>>> [ WALL TIME:           0.17  s ] [ CPU  TIME:           0.18  s ] <<<<< ..
 
 
.. >>>>> [ RES  MEM :          0.033 GB ] [ VIRT MEM :          0.450 GB ] <<<<< ..
.. >>>>> [ WALL TIME:           0.17  s ] [ CPU  TIME:           0.18  s ] <<<<< ..
 
 Energy of the guess =  -0.938110242955163     
==== ================ ================ ================ ================
  N          Energy      Energy diff       DIIS error     Level shift   
==== ================ ================ ================ ================
   1    -1.1249095477    -0.1867993047     0.0536709104     0.0000000000   1
   2    -1.1286777931    -0.0037682454     0.0033525389     0.0000000000   2
   3    -1.1286925264    -0.0000147332     0.0003479256     0.0000000000   3
   4    -1.1286926205    -0.0000000942     0.0000267593     0.0000000000   4
   5    -1.1286926213    -0.0000000008     0.0000054827     0.0000000000   5
   6    -1.1286926213    -0.0000000000     0.0000011800     0.0000000000   6
==== ================ ================ ================ ================
 
 
.. >>>>> [ RES  MEM :          0.034 GB ] [ VIRT MEM :          0.450 GB ] <<<<< ..
.. >>>>> [ WALL TIME:           0.29  s ] [ CPU  TIME:           0.33  s ] <<<<< ..
 
MOs are now **Canonical**

Eigenvalues
-----------

======== ================
       1    -0.5861824093
       2     0.0611969700
       3     0.0662322580
       4     0.1135862687
       5     0.2301470165
       6     0.2837732722
       7     0.2962007497
       8     0.4216908709
       9     0.4509170205
      10     0.4574514798
      11     0.5492908785
      12     0.6038766761
      13     0.6116653023
      14     0.6290753393
      15     0.6682618093
      16     0.7495749842
      17     1.2071381604
      18     1.6042261954
      19     1.6322692266
      20     2.0664082027
      21     2.2297745688
      22     2.2309434552
      23     3.5883007111
      24     3.6894715621
      25     3.6972343665
      26     3.7099770083
      27     4.5582501941
======== ================

 
.. >>>>> [ RES  MEM :          0.034 GB ] [ VIRT MEM :          0.450 GB ] <<<<< ..
.. >>>>> [ WALL TIME:           0.29  s ] [ CPU  TIME:           0.33  s ] <<<<< ..
 
* SCF energy                                        -1.128692621325342    
 
.. >>>>> [ RES  MEM :          0.034 GB ] [ VIRT MEM :          0.450 GB ] <<<<< ..
.. >>>>> [ WALL TIME:           0.31  s ] [ CPU  TIME:           0.36  s ] <<<<< ..
 
Wall time: 0:00:02

Date: 11/04/2023 20:09:15
===============
Quantum Package
===============

Git Commit: Dev stable
Git Date  : Tue Apr 11 12:59:43 2023 +0200
Git SHA1  : 06be65745fb201a2002e9a49a96b0101f84f5b14
EZFIO Dir : B_6.6


Task server running : tcp://127.0.1.1:41279
.. >>>>> [ IO READ: io_mo_two_e_integrals ] <<<<< ..
 
.. >>>>> [ RES  MEM :          0.023 GB ] [ VIRT MEM :          0.166 GB ] <<<<< ..
.. >>>>> [ WALL TIME:           0.00  s ] [ CPU  TIME:           0.02  s ] <<<<< ..
 
* mo_num                                                        27
 MO map initialized:                  71631
.. >>>>> [ IO READ: no_vvvv_integrals ] <<<<< ..
 
.. >>>>> [ RES  MEM :          0.023 GB ] [ VIRT MEM :          0.166 GB ] <<<<< ..
.. >>>>> [ WALL TIME:           0.03  s ] [ CPU  TIME:           0.02  s ] <<<<< ..
 
.. >>>>> [ IO READ: mo_class ] <<<<< ..
* N_int                                                          1
 AO map initialized :                  71631
 Providing the AO integrals
 
.. >>>>> [ RES  MEM :          0.024 GB ] [ VIRT MEM :          0.315 GB ] <<<<< ..
.. >>>>> [ WALL TIME:           0.04  s ] [ CPU  TIME:           0.03  s ] <<<<< ..
 

Nuclear Coordinates (Angstroms)
===============================

================ ============ ============ ============ ============
      Atom          Charge          X            Y            Z 
================ ============ ============ ============ ============
x                    0.000000     0.000000     0.000000     0.000000
H                    1.000000     0.000000     0.381040    -3.492570
H                    1.000000     0.000000    -0.381040    -3.492570
================ ============ ============ ============ ============

Minimal interatomic distance found:       0.7621 Angstrom
 Sorting the map
 AO integrals provided:
  Size of AO map :           0.381711959838867      MB
  Number of AO integrals :                 35369
  cpu  time :  0.115189000000000      s
  wall time :  0.127611160278320      s  ( x   0.902656160705478       )
 
 AO -> MO integrals transformation
 ---------------------------------
 
* Target maximum memory (GB)                                  2000
.. >>>>> [ IO READ: mo_integrals_threshold ] <<<<< ..
 
.. >>>>> [ RES  MEM :          0.026 GB ] [ VIRT MEM :          0.377 GB ] <<<<< ..
.. >>>>> [ WALL TIME:           0.16  s ] [ CPU  TIME:           0.14  s ] <<<<< ..
 
 Read  mo_coef
 Getting AOs
.. >>>>> [ IO READ: io_ao_integrals_overlap ] <<<<< ..
 
.. >>>>> [ RES  MEM :          0.026 GB ] [ VIRT MEM :          0.381 GB ] <<<<< ..
.. >>>>> [ WALL TIME:           0.16  s ] [ CPU  TIME:           0.14  s ] <<<<< ..
 
.. >>>>> [ IO READ: ao_one_e_integrals_threshold ] <<<<< ..
 
.. >>>>> [ RES  MEM :          0.026 GB ] [ VIRT MEM :          0.381 GB ] <<<<< ..
.. >>>>> [ WALL TIME:           0.16  s ] [ CPU  TIME:           0.14  s ] <<<<< ..
 
 1st transformation
 2nd transformation
 3rd transformation
 4th transformation
 Molecular integrals provided:
  Size of MO map              1.28790283203125      MB
  Number of MO integrals:                  48906
  cpu  time :  0.216233000000000      s
  wall time :  0.116707086563110      s  ( x    1.85278380574662      )
.. >>>>> [ IO READ: do_pt2 ] <<<<< ..
 
.. >>>>> [ RES  MEM :          0.044 GB ] [ VIRT MEM :          0.603 GB ] <<<<< ..
.. >>>>> [ WALL TIME:           0.27  s ] [ CPU  TIME:           0.35  s ] <<<<< ..
 
.. >>>>> [ IO READ: read_wf ] <<<<< ..
 
.. >>>>> [ RES  MEM :          0.044 GB ] [ VIRT MEM :          0.603 GB ] <<<<< ..
.. >>>>> [ WALL TIME:           0.27  s ] [ CPU  TIME:           0.35  s ] <<<<< ..
 
 * mo_label          Canonical
* Number of determinants                                         1
.. >>>>> [ IO READ: elec_beta_num ] <<<<< ..
 
.. >>>>> [ RES  MEM :          0.044 GB ] [ VIRT MEM :          0.603 GB ] <<<<< ..
.. >>>>> [ WALL TIME:           0.28  s ] [ CPU  TIME:           0.35  s ] <<<<< ..
 
.. >>>>> [ IO READ: elec_alpha_num ] <<<<< ..
 
.. >>>>> [ RES  MEM :          0.044 GB ] [ VIRT MEM :          0.603 GB ] <<<<< ..
.. >>>>> [ WALL TIME:           0.28  s ] [ CPU  TIME:           0.36  s ] <<<<< ..
 
.. >>>>> [ IO READ: n_states ] <<<<< ..
 
.. >>>>> [ RES  MEM :          0.044 GB ] [ VIRT MEM :          0.603 GB ] <<<<< ..
.. >>>>> [ WALL TIME:           0.28  s ] [ CPU  TIME:           0.36  s ] <<<<< ..
 
.. >>>>> [ IO READ: io_mo_integrals_n_e ] <<<<< ..
 
.. >>>>> [ RES  MEM :          0.056 GB ] [ VIRT MEM :          2.712 GB ] <<<<< ..
.. >>>>> [ WALL TIME:           0.33  s ] [ CPU  TIME:           0.46  s ] <<<<< ..
 
.. >>>>> [ IO READ: io_ao_integrals_n_e ] <<<<< ..
 
.. >>>>> [ RES  MEM :          0.056 GB ] [ VIRT MEM :          2.712 GB ] <<<<< ..
.. >>>>> [ WALL TIME:           0.33  s ] [ CPU  TIME:           0.46  s ] <<<<< ..
 
.. >>>>> [ IO READ: do_pseudo ] <<<<< ..
 
.. >>>>> [ RES  MEM :          0.056 GB ] [ VIRT MEM :          2.712 GB ] <<<<< ..
.. >>>>> [ WALL TIME:           0.33  s ] [ CPU  TIME:           0.46  s ] <<<<< ..
 
.. >>>>> [ IO READ: io_mo_integrals_kinetic ] <<<<< ..
 
.. >>>>> [ RES  MEM :          0.056 GB ] [ VIRT MEM :          2.712 GB ] <<<<< ..
.. >>>>> [ WALL TIME:           0.33  s ] [ CPU  TIME:           0.47  s ] <<<<< ..
 
.. >>>>> [ IO READ: io_ao_integrals_kinetic ] <<<<< ..
 
.. >>>>> [ RES  MEM :          0.056 GB ] [ VIRT MEM :          2.712 GB ] <<<<< ..
.. >>>>> [ WALL TIME:           0.33  s ] [ CPU  TIME:           0.47  s ] <<<<< ..
 
.. >>>>> [ IO READ: io_mo_one_e_integrals ] <<<<< ..
 
.. >>>>> [ RES  MEM :          0.056 GB ] [ VIRT MEM :          2.712 GB ] <<<<< ..
.. >>>>> [ WALL TIME:           0.33  s ] [ CPU  TIME:           0.47  s ] <<<<< ..
 
 Providing the one-electron integrals
 Providing the H_matrix_all_dets ...
 H_matrix_all_dets done 
 
.. >>>>> [ RES  MEM :          0.056 GB ] [ VIRT MEM :          2.712 GB ] <<<<< ..
.. >>>>> [ WALL TIME:           0.33  s ] [ CPU  TIME:           0.47  s ] <<<<< ..
 
* Nuclear repulsion energy                          0.6943856145521005    
.. >>>>> [ IO READ: weight_one_e_dm ] <<<<< ..
 
.. >>>>> [ RES  MEM :          0.057 GB ] [ VIRT MEM :          2.712 GB ] <<<<< ..
.. >>>>> [ WALL TIME:           0.33  s ] [ CPU  TIME:           0.47  s ] <<<<< ..
 
.. >>>>> [ IO READ: save_wf_after_selection ] <<<<< ..
 
.. >>>>> [ RES  MEM :          0.057 GB ] [ VIRT MEM :          2.712 GB ] <<<<< ..
.. >>>>> [ WALL TIME:           0.33  s ] [ CPU  TIME:           0.47  s ] <<<<< ..
 
 
.. >>>>> [ RES  MEM :          0.057 GB ] [ VIRT MEM :          2.712 GB ] <<<<< ..
.. >>>>> [ WALL TIME:           0.34  s ] [ CPU  TIME:           0.47  s ] <<<<< ..
 
.. >>>>> [ IO READ: selection_factor ] <<<<< ..
 
.. >>>>> [ RES  MEM :          0.057 GB ] [ VIRT MEM :          2.712 GB ] <<<<< ..
.. >>>>> [ WALL TIME:           0.34  s ] [ CPU  TIME:           0.47  s ] <<<<< ..
 
.. >>>>> [ IO READ: n_det_max ] <<<<< ..
 
.. >>>>> [ RES  MEM :          0.057 GB ] [ VIRT MEM :          2.712 GB ] <<<<< ..
.. >>>>> [ WALL TIME:           0.34  s ] [ CPU  TIME:           0.47  s ] <<<<< ..
 
.. >>>>> [ IO READ: pt2_max ] <<<<< ..
 
.. >>>>> [ RES  MEM :          0.057 GB ] [ VIRT MEM :          2.712 GB ] <<<<< ..
.. >>>>> [ WALL TIME:           0.34  s ] [ CPU  TIME:           0.47  s ] <<<<< ..
 
.. >>>>> [ IO READ: variance_max ] <<<<< ..
 
.. >>>>> [ RES  MEM :          0.057 GB ] [ VIRT MEM :          2.712 GB ] <<<<< ..
.. >>>>> [ WALL TIME:           0.34  s ] [ CPU  TIME:           0.47  s ] <<<<< ..
 
.. >>>>> [ IO READ: correlation_energy_ratio_max ] <<<<< ..
 
.. >>>>> [ RES  MEM :          0.057 GB ] [ VIRT MEM :          2.712 GB ] <<<<< ..
.. >>>>> [ WALL TIME:           0.34  s ] [ CPU  TIME:           0.47  s ] <<<<< ..
 
.. >>>>> [ IO READ: s2_eig ] <<<<< ..
 
.. >>>>> [ RES  MEM :          0.057 GB ] [ VIRT MEM :          2.712 GB ] <<<<< ..
.. >>>>> [ WALL TIME:           0.34  s ] [ CPU  TIME:           0.47  s ] <<<<< ..
 
.. >>>>> [ IO READ: pt2_relative_error ] <<<<< ..
 
.. >>>>> [ RES  MEM :          0.057 GB ] [ VIRT MEM :          2.712 GB ] <<<<< ..
.. >>>>> [ WALL TIME:           0.34  s ] [ CPU  TIME:           0.47  s ] <<<<< ..
 
.. >>>>> [ IO READ: threshold_generators ] <<<<< ..
 
.. >>>>> [ RES  MEM :          0.057 GB ] [ VIRT MEM :          2.712 GB ] <<<<< ..
.. >>>>> [ WALL TIME:           0.34  s ] [ CPU  TIME:           0.47  s ] <<<<< ..
 
* Number of configurations                                       1
 
.. >>>>> [ RES  MEM :          0.057 GB ] [ VIRT MEM :          2.712 GB ] <<<<< ..
.. >>>>> [ WALL TIME:           0.34  s ] [ CPU  TIME:           0.47  s ] <<<<< ..
 
 Diagonalization of H using Lapack
 
.. >>>>> [ RES  MEM :          0.057 GB ] [ VIRT MEM :          2.712 GB ] <<<<< ..
.. >>>>> [ WALL TIME:           0.34  s ] [ CPU  TIME:           0.47  s ] <<<<< ..
 
* Energy of state    1                              -1.128692621326997    
* S^2 of state    1                                  0.000000000000000    
* Saved determinants                                             1
--------------------------------------------------------------------------------
 
.. >>>>> [ RES  MEM :          0.057 GB ] [ VIRT MEM :          2.712 GB ] <<<<< ..
.. >>>>> [ WALL TIME:           0.34  s ] [ CPU  TIME:           0.47  s ] <<<<< ..
 
* Number of generators                                           1
* Number of comb teeth                                           1
.. >>>>> [ IO READ: h0_type ] <<<<< ..
 
.. >>>>> [ RES  MEM :          0.057 GB ] [ VIRT MEM :          2.712 GB ] <<<<< ..
.. >>>>> [ WALL TIME:           0.34  s ] [ CPU  TIME:           0.47  s ] <<<<< ..
 
.. >>>>> [ IO READ: excitation_beta_max ] <<<<< ..
 
.. >>>>> [ RES  MEM :          0.057 GB ] [ VIRT MEM :          2.712 GB ] <<<<< ..
.. >>>>> [ WALL TIME:           0.34  s ] [ CPU  TIME:           0.47  s ] <<<<< ..
 
.. >>>>> [ IO READ: excitation_alpha_max ] <<<<< ..
 
.. >>>>> [ RES  MEM :          0.057 GB ] [ VIRT MEM :          2.712 GB ] <<<<< ..
.. >>>>> [ WALL TIME:           0.34  s ] [ CPU  TIME:           0.47  s ] <<<<< ..
 
.. >>>>> [ IO READ: excitation_max ] <<<<< ..
 
.. >>>>> [ RES  MEM :          0.057 GB ] [ VIRT MEM :          2.712 GB ] <<<<< ..
.. >>>>> [ WALL TIME:           0.34  s ] [ CPU  TIME:           0.47  s ] <<<<< ..
 
* Number of active   MOs                                        27
* Number of inactive MOs                                         0
* Number of core     MOs                                         0
* Number of virtual  MOs                                         0
* Number of deleted  MOs                                         0
.. >>>>> [ IO READ: seniority_max ] <<<<< ..
 
.. >>>>> [ RES  MEM :          0.057 GB ] [ VIRT MEM :          2.712 GB ] <<<<< ..
.. >>>>> [ WALL TIME:           0.34  s ] [ CPU  TIME:           0.47  s ] <<<<< ..
 
.. >>>>> [ IO READ: weight_selection ] <<<<< ..
 
.. >>>>> [ RES  MEM :          0.057 GB ] [ VIRT MEM :          2.712 GB ] <<<<< ..
.. >>>>> [ WALL TIME:           0.34  s ] [ CPU  TIME:           0.47  s ] <<<<< ..
 
 Using 1/c_max^2 weight in selection
 # Total weight    1.000000    
.. >>>>> [ IO READ: pseudo_sym ] <<<<< ..
 
.. >>>>> [ RES  MEM :          0.057 GB ] [ VIRT MEM :          2.712 GB ] <<<<< ..
.. >>>>> [ WALL TIME:           0.34  s ] [ CPU  TIME:           0.47  s ] <<<<< ..
 
* Number of unique beta determinants                             1
* Number of unique alpha determinants                            1
 
.. >>>>> [ RES  MEM :          0.057 GB ] [ VIRT MEM :          2.712 GB ] <<<<< ..
.. >>>>> [ WALL TIME:           0.34  s ] [ CPU  TIME:           0.47  s ] <<<<< ..
 
* Number of selectors                                            1
.. >>>>> [ IO READ: pt2_min_parallel_tasks ] <<<<< ..
 
.. >>>>> [ RES  MEM :          0.057 GB ] [ VIRT MEM :          2.713 GB ] <<<<< ..
.. >>>>> [ WALL TIME:           0.34  s ] [ CPU  TIME:           0.47  s ] <<<<< ..
 
* pt2_n_tasks_max                                                1
* PT2 Energy denominator                            -1.128692621326997    
* Estimated memory/thread (Gb)                      0.1043081283569336E-06
 Active MOs:
           1           2           3           4           5           6
           7           8           9          10          11          12
          13          14          15          16          17          18
          19          20          21          22          23          24
          25          26          27
.. >>>>> [ IO READ: twice_hierarchy_max ] <<<<< ..
 
.. >>>>> [ RES  MEM :          0.059 GB ] [ VIRT MEM :          2.713 GB ] <<<<< ..
.. >>>>> [ WALL TIME:           0.34  s ] [ CPU  TIME:           0.47  s ] <<<<< ..
 
 Overlap of perturbed states:
  1.538622966710418E-002
 -------
 Using 1/c_max^2 weight in selection
 # Total weight    1.000000    
* Correlation ratio                                -0.9203076246174326E-13
 
Summary at N_det =            1
-----------------------------------
 
# ============ =============================
                     State      1
# ============ =============================
# E              -1.12869262
# PT2            -0.03429782     0.00000000
# rPT2           -0.03377810     0.00000000
#
# E+PT2          -1.16299044     0.00000000
# E+rPT2         -1.16247072     0.00000000
# ============ =============================
 
 N_det             =            1
 N_states          =            1
 N_cfg             =            1
 N_csf             =            1
 
 * State            1
 < S^2 >         =   0.000000000000000E+000
 E               =   -1.12869262132700     
 Variance        =   8.867592005995337E-002  +/-   0.000000000000000E+000
 PT norm         =   0.124041241799267       +/-   0.000000000000000E+000
 PT2             =  -3.429781949585498E-002  +/-   0.000000000000000E+000
 rPT2            =  -3.377810186287396E-002  +/-   0.000000000000000E+000
 E+PT2           =   -1.16299044082285       +/-   0.000000000000000E+000
 E+rPT2          =   -1.16247072318987       +/-   0.000000000000000E+000
 
 -----
.. >>>>> [ IO READ: n_det_iterations ] <<<<< ..
 
.. >>>>> [ RES  MEM :          0.059 GB ] [ VIRT MEM :          2.713 GB ] <<<<< ..
.. >>>>> [ WALL TIME:           0.34  s ] [ CPU  TIME:           0.48  s ] <<<<< ..
 
.. >>>>> [ IO READ: pt2_iterations ] <<<<< ..
 
.. >>>>> [ RES  MEM :          0.059 GB ] [ VIRT MEM :          2.713 GB ] <<<<< ..
.. >>>>> [ WALL TIME:           0.34  s ] [ CPU  TIME:           0.48  s ] <<<<< ..
 
.. >>>>> [ IO READ: energy_iterations ] <<<<< ..
 
.. >>>>> [ RES  MEM :          0.059 GB ] [ VIRT MEM :          2.713 GB ] <<<<< ..
.. >>>>> [ WALL TIME:           0.34  s ] [ CPU  TIME:           0.48  s ] <<<<< ..
 
.. >>>>> [ IO READ: pruning ] <<<<< ..
 
.. >>>>> [ RES  MEM :          0.059 GB ] [ VIRT MEM :          2.713 GB ] <<<<< ..
.. >>>>> [ WALL TIME:           0.34  s ] [ CPU  TIME:           0.48  s ] <<<<< ..
 
 Providing the H_matrix_all_dets ...
 H_matrix_all_dets done 
 Diagonalization of H using Lapack
 
.. >>>>> [ RES  MEM :          0.059 GB ] [ VIRT MEM :          2.713 GB ] <<<<< ..
.. >>>>> [ WALL TIME:           0.35  s ] [ CPU  TIME:           0.48  s ] <<<<< ..
 
* Energy of state    1                              -1.138528314893161    
* S^2 of state    1                                  0.000000000000000    
* Saved determinants                                             5
--------------------------------------------------------------------------------
 
.. >>>>> [ RES  MEM :          0.059 GB ] [ VIRT MEM :          2.713 GB ] <<<<< ..
.. >>>>> [ WALL TIME:           0.35  s ] [ CPU  TIME:           0.48  s ] <<<<< ..
 
* Number of generators                                           5
* Number of comb teeth                                           1
 Using 1/c_max^2 weight in selection
 # Total weight    1.000000    
* Number of unique beta determinants                             5
* Number of unique alpha determinants                            5
 
.. >>>>> [ RES  MEM :          0.059 GB ] [ VIRT MEM :          2.713 GB ] <<<<< ..
.. >>>>> [ WALL TIME:           0.35  s ] [ CPU  TIME:           0.48  s ] <<<<< ..
 
* Number of selectors                                            5
* pt2_n_tasks_max                                                1
* PT2 Energy denominator                            -1.138528314893161    
* Estimated memory/thread (Gb)                      0.5215406417846680E-06
 Overlap of perturbed states:
  1.134830330894069E-002
 -------
 Using 1/c_max^2 weight in selection
 # Total weight    1.000000    
* Correlation ratio                                 0.2914959997479857    
 
Summary at N_det =            5
-----------------------------------
 
# ============ =============================
                     State      1
# ============ =============================
# E              -1.13852831
# PT2            -0.02417773     0.00000000
# rPT2           -0.02390643     0.00000000
#
# E+PT2          -1.16270604     0.00000000
# E+rPT2         -1.16243474     0.00000000
# ============ =============================
 
 N_det             =            5
 N_states          =            1
 N_cfg             =            5
 N_csf             =            5
 
 * State            1
 < S^2 >         =   0.000000000000000E+000
 E               =   -1.13852831489316     
 Variance        =   5.906333721304753E-002  +/-   0.000000000000000E+000
 PT norm         =   0.106528415500000       +/-   0.000000000000000E+000
 PT2             =  -2.417772576587918E-002  +/-   0.000000000000000E+000
 rPT2            =  -2.390642836575117E-002  +/-   0.000000000000000E+000
 E+PT2           =   -1.16270604065904       +/-   0.000000000000000E+000
 E+rPT2          =   -1.16243474325891       +/-   0.000000000000000E+000
 
 -----

Extrapolated energies
------------------------

 
 State            1
 
 =========== ===================
 minimum PT2 Extrapolated energy
 =========== ===================
    -0.0338         -1.16234761
 =========== ===================
 
 Providing the H_matrix_all_dets ...
 H_matrix_all_dets done 
 Diagonalization of H using Lapack
 
.. >>>>> [ RES  MEM :          0.059 GB ] [ VIRT MEM :          2.713 GB ] <<<<< ..
.. >>>>> [ WALL TIME:           0.35  s ] [ CPU  TIME:           0.49  s ] <<<<< ..
 
* Energy of state    1                              -1.145542156004302    
* S^2 of state    1                                 0.2388153131040171E-31
* Saved determinants                                            10
--------------------------------------------------------------------------------
 
.. >>>>> [ RES  MEM :          0.059 GB ] [ VIRT MEM :          2.713 GB ] <<<<< ..
.. >>>>> [ WALL TIME:           0.35  s ] [ CPU  TIME:           0.49  s ] <<<<< ..
 
* Number of generators                                          10
* Number of comb teeth                                           1
 Using 1/c_max^2 weight in selection
 # Total weight    1.000000    
* Number of unique beta determinants                             7
* Number of unique alpha determinants                            7
 
.. >>>>> [ RES  MEM :          0.059 GB ] [ VIRT MEM :          2.713 GB ] <<<<< ..
.. >>>>> [ WALL TIME:           0.35  s ] [ CPU  TIME:           0.49  s ] <<<<< ..
 
* Number of selectors                                           10
* pt2_n_tasks_max                                                1
* PT2 Energy denominator                            -1.145542156004302    
* Estimated memory/thread (Gb)                      0.1043081283569336E-05
 Overlap of perturbed states:
  8.324609771525555E-003
 -------
 Using 1/c_max^2 weight in selection
 # Total weight    1.000000    
* Correlation ratio                                 0.4871744663442950    
 
Summary at N_det =           10
-----------------------------------
 
# ============ =============================
                     State      1
# ============ =============================
# E              -1.14554216
# PT2            -0.01788436     0.00000000
# rPT2           -0.01773671     0.00000000
#
# E+PT2          -1.16342652     0.00000000
# E+rPT2         -1.16327886     0.00000000
# ============ =============================
 
 N_det             =           10
 N_states          =            1
 N_cfg             =            8
 N_csf             =            6
 
 * State            1
 < S^2 >         =   2.388153131040171E-032
 E               =   -1.14554215600430     
 Variance        =   4.422646752458084E-002  +/-   0.000000000000000E+000
 PT norm         =   9.123929949054604E-002  +/-   0.000000000000000E+000
 PT2             =  -1.788435991397364E-002  +/-   0.000000000000000E+000
 rPT2            =  -1.773670873512253E-002  +/-   0.000000000000000E+000
 E+PT2           =   -1.16342651591828       +/-   0.000000000000000E+000
 E+rPT2          =   -1.16327886473942       +/-   0.000000000000000E+000
 
 -----

Extrapolated energies
------------------------

 
 State            1
 
 =========== ===================
 minimum PT2 Extrapolated energy
 =========== ===================
    -0.0239         -1.16570554
    -0.0338         -1.16386830
 =========== ===================
 
 Providing the H_matrix_all_dets ...
 H_matrix_all_dets done 
 Diagonalization of H using Lapack
 
.. >>>>> [ RES  MEM :          0.059 GB ] [ VIRT MEM :          2.713 GB ] <<<<< ..
.. >>>>> [ WALL TIME:           0.36  s ] [ CPU  TIME:           0.50  s ] <<<<< ..
 
* Energy of state    1                              -1.155086261102823    
* S^2 of state    1                                 0.1217187724852732E-30
* Saved determinants                                            20
--------------------------------------------------------------------------------
 
.. >>>>> [ RES  MEM :          0.059 GB ] [ VIRT MEM :          2.713 GB ] <<<<< ..
.. >>>>> [ WALL TIME:           0.36  s ] [ CPU  TIME:           0.50  s ] <<<<< ..
 
* Number of generators                                          20
* Number of comb teeth                                           1
 Using 1/c_max^2 weight in selection
 # Total weight    1.000000    
* Number of unique beta determinants                            10
* Number of unique alpha determinants                           10
 
.. >>>>> [ RES  MEM :          0.059 GB ] [ VIRT MEM :          2.713 GB ] <<<<< ..
.. >>>>> [ WALL TIME:           0.36  s ] [ CPU  TIME:           0.50  s ] <<<<< ..
 
* Number of selectors                                           20
* pt2_n_tasks_max                                                1
* PT2 Energy denominator                            -1.155086261102823    
* Estimated memory/thread (Gb)                      0.2086162567138672E-05
 Overlap of perturbed states:
  3.935691639946383E-003
 -------
 Using 1/c_max^2 weight in selection
 # Total weight    1.000000    
* Correlation ratio                                 0.7489029915733199    
 
Summary at N_det =           20
-----------------------------------
 
# ============ =============================
                     State      1
# ============ =============================
# E              -1.15508626
# PT2            -0.00888426     0.00000000
# rPT2           -0.00884943     0.00000000
#
# E+PT2          -1.16397052     0.00000000
# E+rPT2         -1.16393569     0.00000000
# ============ =============================
 
 N_det             =           20
 N_states          =            1
 N_cfg             =           15
 N_csf             =           10
 
 * State            1
 < S^2 >         =   1.217187724852732E-031
 E               =   -1.15508626110282     
 Variance        =   2.471812689370229E-002  +/-   0.000000000000000E+000
 PT norm         =   6.273509097742971E-002  +/-   0.000000000000000E+000
 PT2             =  -8.884257807903917E-003  +/-   0.000000000000000E+000
 rPT2            =  -8.849429183448321E-003  +/-   0.000000000000000E+000
 E+PT2           =   -1.16397051891073       +/-   0.000000000000000E+000
 E+rPT2          =   -1.16393569028627       +/-   0.000000000000000E+000
 
 -----

Extrapolated energies
------------------------

 
 State            1
 
 =========== ===================
 minimum PT2 Extrapolated energy
 =========== ===================
    -0.0177         -1.16458972
    -0.0239         -1.16486372
    -0.0338         -1.16435112
 =========== ===================
 
 Providing the H_matrix_all_dets ...
 H_matrix_all_dets done 
 Diagonalization of H using Lapack
 
.. >>>>> [ RES  MEM :          0.061 GB ] [ VIRT MEM :          2.713 GB ] <<<<< ..
.. >>>>> [ WALL TIME:           0.36  s ] [ CPU  TIME:           0.51  s ] <<<<< ..
 
* Energy of state    1                              -1.160379117518158    
* S^2 of state    1                                 0.1810374147724000E-30
* Saved determinants                                            40
--------------------------------------------------------------------------------
 
.. >>>>> [ RES  MEM :          0.061 GB ] [ VIRT MEM :          2.713 GB ] <<<<< ..
.. >>>>> [ WALL TIME:           0.36  s ] [ CPU  TIME:           0.51  s ] <<<<< ..
 
* Number of generators                                          40
* Number of comb teeth                                           1
 Using 1/c_max^2 weight in selection
 # Total weight    1.000000    
* Number of unique beta determinants                            17
* Number of unique alpha determinants                           17
 
.. >>>>> [ RES  MEM :          0.061 GB ] [ VIRT MEM :          2.713 GB ] <<<<< ..
.. >>>>> [ WALL TIME:           0.36  s ] [ CPU  TIME:           0.51  s ] <<<<< ..
 
* Number of selectors                                           40
* pt2_n_tasks_max                                                1
* PT2 Energy denominator                            -1.160379117518158    
* Estimated memory/thread (Gb)                      0.4172325134277344E-05
 Overlap of perturbed states:
  1.997861686341582E-003
 -------
 Using 1/c_max^2 weight in selection
 # Total weight    1.000000    
* Correlation ratio                                 0.8839940897393054    
 
Summary at N_det =           40
-----------------------------------
 
# ============ =============================
                     State      1
# ============ =============================
# E              -1.16037912
# PT2            -0.00416650     0.00000000
# rPT2           -0.00415820     0.00000000
#
# E+PT2          -1.16454562     0.00000000
# E+rPT2         -1.16453731     0.00000000
# ============ =============================
 
 N_det             =           40
 N_states          =            1
 N_cfg             =           27
 N_csf             =           14
 
 * State            1
 < S^2 >         =   1.810374147724000E-031
 E               =   -1.16037911751816     
 Variance        =   9.861132785024297E-003  +/-   0.000000000000000E+000
 PT norm         =   4.469744608298758E-002  +/-   0.000000000000000E+000
 PT2             =  -4.166503665565147E-003  +/-   0.000000000000000E+000
 rPT2            =  -4.158196164763274E-003  +/-   0.000000000000000E+000
 E+PT2           =   -1.16454562118372       +/-   0.000000000000000E+000
 E+rPT2          =   -1.16453731368292       +/-   0.000000000000000E+000
 
 -----

Extrapolated energies
------------------------

 
 State            1
 
 =========== ===================
 minimum PT2 Extrapolated energy
 =========== ===================
    -0.0088         -1.16507058
    -0.0177         -1.16484194
    -0.0239         -1.16492838
    -0.0338         -1.16463189
 =========== ===================
 
 Providing the H_matrix_all_dets ...
 H_matrix_all_dets done 
 Diagonalization of H using Lapack
 
.. >>>>> [ RES  MEM :          0.063 GB ] [ VIRT MEM :          2.717 GB ] <<<<< ..
.. >>>>> [ WALL TIME:           0.37  s ] [ CPU  TIME:           0.52  s ] <<<<< ..
 
* Energy of state    1                              -1.163904121031926    
* S^2 of state    1                                 0.4868750899410914E-30
* Saved determinants                                            80
--------------------------------------------------------------------------------
 
.. >>>>> [ RES  MEM :          0.063 GB ] [ VIRT MEM :          2.717 GB ] <<<<< ..
.. >>>>> [ WALL TIME:           0.38  s ] [ CPU  TIME:           0.52  s ] <<<<< ..
 
* Number of generators                                          80
* Number of comb teeth                                           1
 Using 1/c_max^2 weight in selection
 # Total weight    1.000000    
* Number of unique beta determinants                            20
* Number of unique alpha determinants                           20
 
.. >>>>> [ RES  MEM :          0.063 GB ] [ VIRT MEM :          2.717 GB ] <<<<< ..
.. >>>>> [ WALL TIME:           0.38  s ] [ CPU  TIME:           0.53  s ] <<<<< ..
 
* Number of selectors                                           80
* pt2_n_tasks_max                                                1
* PT2 Energy denominator                            -1.163904121031926    
* Estimated memory/thread (Gb)                      0.8344650268554688E-05
 Overlap of perturbed states:
  4.247601372162392E-004
 -------
 Using 1/c_max^2 weight in selection
 # Total weight    1.000000    
* Correlation ratio                                 0.9739196465158314    
 
Summary at N_det =           80
-----------------------------------
 
# ============ =============================
                     State      1
# ============ =============================
# E              -1.16390412
# PT2            -0.00094332     0.00000000
# rPT2           -0.00094292     0.00000000
#
# E+PT2          -1.16484744     0.00000000
# E+rPT2         -1.16484704     0.00000000
# ============ =============================
 
 N_det             =           80
 N_states          =            1
 N_cfg             =           48
 N_csf             =           16
 
 * State            1
 < S^2 >         =   4.868750899410914E-031
 E               =   -1.16390412103193     
 Variance        =   2.471126118995842E-003  +/-   0.000000000000000E+000
 PT norm         =   2.060970978000998E-002  +/-   0.000000000000000E+000
 PT2             =  -9.433205619977514E-004  +/-   0.000000000000000E+000
 rPT2            =  -9.429200471491404E-004  +/-   0.000000000000000E+000
 E+PT2           =   -1.16484744159392       +/-   0.000000000000000E+000
 E+rPT2          =   -1.16484704107908       +/-   0.000000000000000E+000
 
 -----

Extrapolated energies
------------------------

 
 State            1
 
 =========== ===================
 minimum PT2 Extrapolated energy
 =========== ===================
    -0.0042         -1.16493787
    -0.0088         -1.16498043
    -0.0177         -1.16489563
    -0.0239         -1.16493554
    -0.0338         -1.16475392
 =========== ===================
 
 Providing the H_matrix_all_dets ...
 H_matrix_all_dets done 
 Diagonalization of H using Lapack
 
.. >>>>> [ RES  MEM :          0.064 GB ] [ VIRT MEM :          2.718 GB ] <<<<< ..
.. >>>>> [ WALL TIME:           0.40  s ] [ CPU  TIME:           0.56  s ] <<<<< ..
 
* Energy of state    1                              -1.164898770154662    
* S^2 of state    1                                 0.3834911705263872E-29
* Saved determinants                                           160
--------------------------------------------------------------------------------
 
.. >>>>> [ RES  MEM :          0.064 GB ] [ VIRT MEM :          2.718 GB ] <<<<< ..
.. >>>>> [ WALL TIME:           0.40  s ] [ CPU  TIME:           0.57  s ] <<<<< ..
 
* Number of generators                                         160
* Number of comb teeth                                           1
 Using 1/c_max^2 weight in selection
 # Total weight    1.000000    
* Number of unique beta determinants                            25
* Number of unique alpha determinants                           25
 
.. >>>>> [ RES  MEM :          0.064 GB ] [ VIRT MEM :          2.718 GB ] <<<<< ..
.. >>>>> [ WALL TIME:           0.41  s ] [ CPU  TIME:           0.57  s ] <<<<< ..
 
* Number of selectors                                          160
* pt2_n_tasks_max                                                1
* PT2 Energy denominator                            -1.164898770154662    
* Estimated memory/thread (Gb)                      0.1668930053710938E-04
 Overlap of perturbed states:
  3.107586465842500E-006
 -------
 Using 1/c_max^2 weight in selection
 # Total weight    1.000000    
* Correlation ratio                                 0.9997776078128584    
 
Summary at N_det =          160
-----------------------------------
 
# ============ =============================
                     State      1
# ============ =============================
# E              -1.16489877
# PT2            -0.00000805     0.00000000
# rPT2           -0.00000805     0.00000000
#
# E+PT2          -1.16490682     0.00000000
# E+rPT2         -1.16490682     0.00000000
# ============ =============================
 
 N_det             =          160
 N_states          =            1
 N_cfg             =           91
 N_csf             =           22
 
 * State            1
 < S^2 >         =   3.834911705263872E-030
 E               =   -1.16489877015466     
 Variance        =   2.535565898229145E-005  +/-   0.000000000000000E+000
 PT norm         =   1.762834781209657E-003  +/-   0.000000000000000E+000
 PT2             =  -8.053780745753691E-006  +/-   0.000000000000000E+000
 rPT2            =  -8.053755718011423E-006  +/-   0.000000000000000E+000
 E+PT2           =   -1.16490682393541       +/-   0.000000000000000E+000
 E+rPT2          =   -1.16490682391038       +/-   0.000000000000000E+000
 
 -----

Extrapolated energies
------------------------

 
 State            1
 
 =========== ===================
 minimum PT2 Extrapolated energy
 =========== ===================
    -0.0009         -1.16490734
    -0.0042         -1.16491856
    -0.0088         -1.16494378
    -0.0177         -1.16490030
    -0.0239         -1.16492577
    -0.0338         -1.16480132
 =========== ===================
 
 Providing the H_matrix_all_dets ...
 H_matrix_all_dets done 
 Diagonalization of H using Lapack
 
.. >>>>> [ RES  MEM :          0.069 GB ] [ VIRT MEM :          2.721 GB ] <<<<< ..
.. >>>>> [ WALL TIME:           0.50  s ] [ CPU  TIME:           0.74  s ] <<<<< ..
 
* Energy of state    1                              -1.164906989755055    
* S^2 of state    1                                 0.1882018741655224E-29
* Saved determinants                                           321
* Saved determinants                                           321
 
.. >>>>> [ RES  MEM :          0.069 GB ] [ VIRT MEM :          2.721 GB ] <<<<< ..
.. >>>>> [ WALL TIME:           0.51  s ] [ CPU  TIME:           0.76  s ] <<<<< ..
 
* Number of generators                                         231
* Number of comb teeth                                           1
 Using 1/c_max^2 weight in selection
 # Total weight    1.000000    
* Number of unique beta determinants                            27
* Number of unique alpha determinants                           27
 
.. >>>>> [ RES  MEM :          0.069 GB ] [ VIRT MEM :          2.721 GB ] <<<<< ..
.. >>>>> [ WALL TIME:           0.51  s ] [ CPU  TIME:           0.76  s ] <<<<< ..
 
* Number of selectors                                          231
* pt2_n_tasks_max                                                1
* PT2 Energy denominator                            -1.164906989755055    
* Estimated memory/thread (Gb)                      0.3348290920257568E-04
 Overlap of perturbed states:
  1.139356537071243E-022
 -------
 Using 1/c_max^2 weight in selection
 # Total weight    1.000000    
 
Summary at N_det =          321
-----------------------------------
 
# ============ =============================
                     State      1
# ============ =============================
# E              -1.16490699
# PT2             0.00000000     0.00000000
# rPT2            0.00000000     0.00000000
#
# E+PT2          -1.16490699     0.00000000
# E+rPT2         -1.16490699     0.00000000
# ============ =============================
 
 N_det             =          321
 N_states          =            1
 N_cfg             =          174
 N_csf             =           27
 
 * State            1
 < S^2 >         =   1.882018741655224E-030
 E               =   -1.16490698975506     
 Variance        =   2.051156974686919E-021  +/-   0.000000000000000E+000
 PT norm         =   1.067406453545810E-011  +/-   0.000000000000000E+000
 PT2             =   0.000000000000000E+000  +/-   0.000000000000000E+000
 rPT2            =   0.000000000000000E+000  +/-   0.000000000000000E+000
 E+PT2           =   -1.16490698975506       +/-   0.000000000000000E+000
 E+rPT2          =   -1.16490698975506       +/-   0.000000000000000E+000
 
 -----

Extrapolated energies
------------------------

 
 State            1
 
 =========== ===================
 minimum PT2 Extrapolated energy
 =========== ===================
    -0.0000         -1.16490699
    -0.0009         -1.16490716
    -0.0042         -1.16491405
    -0.0088         -1.16493144
    -0.0177         -1.16490218
    -0.0239         -1.16492089
    -0.0338         -1.16482625
 =========== ===================
 
Wall time: 0:00:02

