Date: 11/04/2023 20:09:06
===============
Quantum Package
===============

Git Commit: Dev stable
Git Date  : Tue Apr 11 12:59:43 2023 +0200
Git SHA1  : 06be65745fb201a2002e9a49a96b0101f84f5b14
EZFIO Dir : A_6.6


Task server running : tcp://127.0.1.1:41279
.. >>>>> [ IO READ: read_wf ] <<<<< ..
 
.. >>>>> [ RES  MEM :          0.022 GB ] [ VIRT MEM :          0.165 GB ] <<<<< ..
.. >>>>> [ WALL TIME:           0.00  s ] [ CPU  TIME:           0.02  s ] <<<<< ..
 
* Dimension of the psi arrays                                  463
.. >>>>> [ IO READ: n_states ] <<<<< ..
 
.. >>>>> [ RES  MEM :          0.022 GB ] [ VIRT MEM :          0.165 GB ] <<<<< ..
.. >>>>> [ WALL TIME:           0.00  s ] [ CPU  TIME:           0.02  s ] <<<<< ..
 
 * mo_label          Canonical
* Number of determinants                                       463
 Read psi_coef         463           1
* mo_num                                                        27
* N_int                                                          1
.. >>>>> [ IO READ: elec_beta_num ] <<<<< ..
 
.. >>>>> [ RES  MEM :          0.022 GB ] [ VIRT MEM :          0.165 GB ] <<<<< ..
.. >>>>> [ WALL TIME:           0.00  s ] [ CPU  TIME:           0.02  s ] <<<<< ..
 
.. >>>>> [ IO READ: elec_alpha_num ] <<<<< ..
 
.. >>>>> [ RES  MEM :          0.022 GB ] [ VIRT MEM :          0.165 GB ] <<<<< ..
.. >>>>> [ WALL TIME:           0.00  s ] [ CPU  TIME:           0.02  s ] <<<<< ..
 
 Read  mo_coef
 Read psi_det
* Number of unique beta determinants                            27
* Number of unique alpha determinants                           27
.. >>>>> [ IO READ: weight_one_e_dm ] <<<<< ..
 
.. >>>>> [ RES  MEM :          0.024 GB ] [ VIRT MEM :          0.166 GB ] <<<<< ..
.. >>>>> [ WALL TIME:           0.01  s ] [ CPU  TIME:           0.03  s ] <<<<< ..
 
.. >>>>> [ IO READ: do_pseudo ] <<<<< ..
 
.. >>>>> [ RES  MEM :          0.024 GB ] [ VIRT MEM :          0.166 GB ] <<<<< ..
.. >>>>> [ WALL TIME:           0.01  s ] [ CPU  TIME:           0.03  s ] <<<<< ..
 
 
.. >>>>> [ RES  MEM :          0.024 GB ] [ VIRT MEM :          0.166 GB ] <<<<< ..
.. >>>>> [ WALL TIME:           0.01  s ] [ CPU  TIME:           0.03  s ] <<<<< ..
 

Nuclear Coordinates (Angstroms)
===============================

================ ============ ============ ============ ============
      Atom          Charge          X            Y            Z 
================ ============ ============ ============ ============
He                   2.000000     0.000000     0.000000     0.000000
x                    0.000000     0.000000     0.381040    -3.492570
x                    0.000000     0.000000    -0.381040    -3.492570
================ ============ ============ ============ ============

Minimal interatomic distance found:       0.7621 Angstrom
 
.. >>>>> [ RES  MEM :          0.024 GB ] [ VIRT MEM :          0.166 GB ] <<<<< ..
.. >>>>> [ WALL TIME:           0.01  s ] [ CPU  TIME:           0.03  s ] <<<<< ..
 
* Nuclear repulsion energy                           0.000000000000000    
 TREXIO file : A.h5
 
 Electrons
 Nuclei
 Basis
 
.. >>>>> [ RES  MEM :          0.028 GB ] [ VIRT MEM :          0.166 GB ] <<<<< ..
.. >>>>> [ WALL TIME:           0.02  s ] [ CPU  TIME:           0.03  s ] <<<<< ..
 
 
.. >>>>> [ RES  MEM :          0.028 GB ] [ VIRT MEM :          0.166 GB ] <<<<< ..
.. >>>>> [ WALL TIME:           0.02  s ] [ CPU  TIME:           0.03  s ] <<<<< ..
 
 AOs
.. >>>>> [ IO READ: io_ao_one_e_integrals ] <<<<< ..
 
.. >>>>> [ RES  MEM :          0.028 GB ] [ VIRT MEM :          0.166 GB ] <<<<< ..
.. >>>>> [ WALL TIME:           0.02  s ] [ CPU  TIME:           0.03  s ] <<<<< ..
 
.. >>>>> [ IO READ: io_ao_integrals_kinetic ] <<<<< ..
 
.. >>>>> [ RES  MEM :          0.028 GB ] [ VIRT MEM :          0.166 GB ] <<<<< ..
.. >>>>> [ WALL TIME:           0.02  s ] [ CPU  TIME:           0.03  s ] <<<<< ..
 
.. >>>>> [ IO READ: io_ao_integrals_n_e ] <<<<< ..
 
.. >>>>> [ RES  MEM :          0.028 GB ] [ VIRT MEM :          0.166 GB ] <<<<< ..
.. >>>>> [ WALL TIME:           0.02  s ] [ CPU  TIME:           0.04  s ] <<<<< ..
 
.. >>>>> [ IO READ: io_ao_integrals_overlap ] <<<<< ..
 
.. >>>>> [ RES  MEM :          0.028 GB ] [ VIRT MEM :          0.166 GB ] <<<<< ..
.. >>>>> [ WALL TIME:           0.03  s ] [ CPU  TIME:           0.04  s ] <<<<< ..
 
 AO one-e integrals
 AO map initialized :                  71631
 Providing the AO integrals
 Sorting the map
 AO integrals provided:
  Size of AO map :           0.381711959838867      MB
  Number of AO integrals :                 35369
  cpu  time :  0.107866000000000      s
  wall time :  0.119544029235840      s  ( x   0.902311898716404       )
 AO two-e integrals
 MOs
.. >>>>> [ IO READ: io_mo_one_e_integrals ] <<<<< ..
 
.. >>>>> [ RES  MEM :          0.042 GB ] [ VIRT MEM :          0.518 GB ] <<<<< ..
.. >>>>> [ WALL TIME:           0.21  s ] [ CPU  TIME:           0.28  s ] <<<<< ..
 
 Providing the one-electron integrals
.. >>>>> [ IO READ: io_mo_integrals_kinetic ] <<<<< ..
 
.. >>>>> [ RES  MEM :          0.042 GB ] [ VIRT MEM :          0.518 GB ] <<<<< ..
.. >>>>> [ WALL TIME:           0.21  s ] [ CPU  TIME:           0.28  s ] <<<<< ..
 
.. >>>>> [ IO READ: io_mo_integrals_n_e ] <<<<< ..
 
.. >>>>> [ RES  MEM :          0.044 GB ] [ VIRT MEM :          0.593 GB ] <<<<< ..
.. >>>>> [ WALL TIME:           0.24  s ] [ CPU  TIME:           0.31  s ] <<<<< ..
 
 MO one-e integrals
.. >>>>> [ IO READ: io_mo_two_e_integrals ] <<<<< ..
 
.. >>>>> [ RES  MEM :          0.044 GB ] [ VIRT MEM :          0.593 GB ] <<<<< ..
.. >>>>> [ WALL TIME:           0.24  s ] [ CPU  TIME:           0.31  s ] <<<<< ..
 
 MO map initialized:                  71631
.. >>>>> [ IO READ: no_vvvv_integrals ] <<<<< ..
 
.. >>>>> [ RES  MEM :          0.044 GB ] [ VIRT MEM :          0.593 GB ] <<<<< ..
.. >>>>> [ WALL TIME:           0.24  s ] [ CPU  TIME:           0.31  s ] <<<<< ..
 
.. >>>>> [ IO READ: mo_class ] <<<<< ..
 
 AO -> MO integrals transformation
 ---------------------------------
 
* Target maximum memory (GB)                                  2000
.. >>>>> [ IO READ: mo_integrals_threshold ] <<<<< ..
 
.. >>>>> [ RES  MEM :          0.044 GB ] [ VIRT MEM :          0.593 GB ] <<<<< ..
.. >>>>> [ WALL TIME:           0.24  s ] [ CPU  TIME:           0.31  s ] <<<<< ..
 
 Getting AOs
.. >>>>> [ IO READ: ao_one_e_integrals_threshold ] <<<<< ..
 
.. >>>>> [ RES  MEM :          0.044 GB ] [ VIRT MEM :          0.597 GB ] <<<<< ..
.. >>>>> [ WALL TIME:           0.24  s ] [ CPU  TIME:           0.31  s ] <<<<< ..
 
 1st transformation
 2nd transformation
 3rd transformation
 4th transformation
 Molecular integrals provided:
  Size of MO map              1.28790283203125      MB
  Number of MO integrals:                  48461
  cpu  time :  8.724199999999999E-002 s
  wall time :  4.368400573730469E-002 s  ( x    1.99711538645592      )
 MO two-e integrals
.. >>>>> [ IO READ: no_core_density ] <<<<< ..
 
.. >>>>> [ RES  MEM :          0.062 GB ] [ VIRT MEM :          2.713 GB ] <<<<< ..
.. >>>>> [ WALL TIME:           0.35  s ] [ CPU  TIME:           0.52  s ] <<<<< ..
 
* Number of inactive MOs                                         0
 Inactive MOs:
 
* Number of active   MOs                                        27
 Active MOs:
           1           2           3           4           5           6
           7           8           9          10          11          12
          13          14          15          16          17          18
          19          20          21          22          23          24
          25          26          27
 
 
 
 providint state_av_act_2_rdm_ab_mo 
 ispin =            3
 Wall time to provide state_av_act_2_rdm_ab_mo  2.084803581237793E-002
 Wall time to provide state_av_act_2_rdm_aa_mo  4.112958908081055E-003
 Wall time to provide state_av_act_2_rdm_bb_mo  3.713130950927734E-003
 providing state_av_act_2_rdm_spin_trace_mo 
 Time to provide state_av_act_2_rdm_spin_trace_mo  1.234054565429688E-003
* Number of core     MOs                                         0
 Core MOs:
 
 Core, Inactive and Active MOs:
           1           2           3           4           5           6
           7           8           9          10          11          12
          13          14          15          16          17          18
          19          20          21          22          23          24
          25          26          27
 Two-e RDM

  ******    CHOLESKY DECOMPOSITION OF 2-RDM    ******
  Estimated number of Chol vectors  166
  Estimated error in norm     -0.0000

  Cholesky decomposition of active 2-RDM completed. Tol:   0.10E-07
  Number of Cholesky vectors:    1
  Number of orbitals and the NChol/mo_num ratio:  27    0.04
Wall time: 0:00:02

Date: 11/04/2023 20:09:09
===============
Quantum Package
===============

Git Commit: Dev stable
Git Date  : Tue Apr 11 12:59:43 2023 +0200
Git SHA1  : 06be65745fb201a2002e9a49a96b0101f84f5b14
EZFIO Dir : A_6.6


Task server running : tcp://127.0.1.1:41279
.. >>>>> [ IO READ: read_wf ] <<<<< ..
 
.. >>>>> [ RES  MEM :          0.022 GB ] [ VIRT MEM :          0.165 GB ] <<<<< ..
.. >>>>> [ WALL TIME:           0.00  s ] [ CPU  TIME:           0.02  s ] <<<<< ..
 
 
.. >>>>> [ RES  MEM :          0.022 GB ] [ VIRT MEM :          0.165 GB ] <<<<< ..
.. >>>>> [ WALL TIME:           0.00  s ] [ CPU  TIME:           0.02  s ] <<<<< ..
 

Nuclear Coordinates (Angstroms)
===============================

================ ============ ============ ============ ============
      Atom          Charge          X            Y            Z 
================ ============ ============ ============ ============
He                   2.000000     0.000000     0.000000     0.000000
x                    0.000000     0.000000     0.381040    -3.492570
x                    0.000000     0.000000    -0.381040    -3.492570
================ ============ ============ ============ ============

Minimal interatomic distance found:       0.7621 Angstrom
 
.. >>>>> [ RES  MEM :          0.022 GB ] [ VIRT MEM :          0.165 GB ] <<<<< ..
.. >>>>> [ WALL TIME:           0.00  s ] [ CPU  TIME:           0.02  s ] <<<<< ..
 
* Nuclear repulsion energy                           0.000000000000000    
 nuclear_repulsion:   0.000000000000000E+000
 * mo_label          Canonical
* Number of determinants                                       463
.. >>>>> [ IO READ: n_states ] <<<<< ..
 
.. >>>>> [ RES  MEM :          0.022 GB ] [ VIRT MEM :          0.165 GB ] <<<<< ..
.. >>>>> [ WALL TIME:           0.00  s ] [ CPU  TIME:           0.02  s ] <<<<< ..
 
* mo_num                                                        27
* N_int                                                          1
* Dimension of the psi arrays                                  463
.. >>>>> [ IO READ: elec_beta_num ] <<<<< ..
 
.. >>>>> [ RES  MEM :          0.022 GB ] [ VIRT MEM :          0.165 GB ] <<<<< ..
.. >>>>> [ WALL TIME:           0.00  s ] [ CPU  TIME:           0.02  s ] <<<<< ..
 
.. >>>>> [ IO READ: elec_alpha_num ] <<<<< ..
 
.. >>>>> [ RES  MEM :          0.022 GB ] [ VIRT MEM :          0.165 GB ] <<<<< ..
.. >>>>> [ WALL TIME:           0.00  s ] [ CPU  TIME:           0.02  s ] <<<<< ..
 
 Read  mo_coef
 Read psi_det
 Read psi_coef         463           1
.. >>>>> [ IO READ: io_mo_two_e_integrals ] <<<<< ..
 
.. >>>>> [ RES  MEM :          0.025 GB ] [ VIRT MEM :          0.168 GB ] <<<<< ..
.. >>>>> [ WALL TIME:           0.02  s ] [ CPU  TIME:           0.03  s ] <<<<< ..
 
 MO map initialized:                  71631
.. >>>>> [ IO READ: no_vvvv_integrals ] <<<<< ..
 
.. >>>>> [ RES  MEM :          0.026 GB ] [ VIRT MEM :          0.168 GB ] <<<<< ..
.. >>>>> [ WALL TIME:           0.02  s ] [ CPU  TIME:           0.03  s ] <<<<< ..
 
.. >>>>> [ IO READ: mo_class ] <<<<< ..
 AO map initialized :                  71631
 Providing the AO integrals
 Sorting the map
 AO integrals provided:
  Size of AO map :           0.381711959838867      MB
  Number of AO integrals :                 35369
  cpu  time :  0.105894000000000      s
  wall time :  0.117400169372559      s  ( x   0.901991884389495       )
 
 AO -> MO integrals transformation
 ---------------------------------
 
* Target maximum memory (GB)                                  2000
.. >>>>> [ IO READ: mo_integrals_threshold ] <<<<< ..
 
.. >>>>> [ RES  MEM :          0.028 GB ] [ VIRT MEM :          0.379 GB ] <<<<< ..
.. >>>>> [ WALL TIME:           0.13  s ] [ CPU  TIME:           0.14  s ] <<<<< ..
 
 Getting AOs
.. >>>>> [ IO READ: io_ao_integrals_overlap ] <<<<< ..
 
.. >>>>> [ RES  MEM :          0.028 GB ] [ VIRT MEM :          0.383 GB ] <<<<< ..
.. >>>>> [ WALL TIME:           0.13  s ] [ CPU  TIME:           0.14  s ] <<<<< ..
 
.. >>>>> [ IO READ: ao_one_e_integrals_threshold ] <<<<< ..
 
.. >>>>> [ RES  MEM :          0.028 GB ] [ VIRT MEM :          0.383 GB ] <<<<< ..
.. >>>>> [ WALL TIME:           0.13  s ] [ CPU  TIME:           0.14  s ] <<<<< ..
 
 1st transformation
 2nd transformation
 3rd transformation
 4th transformation
 Molecular integrals provided:
  Size of MO map              1.28790283203125      MB
  Number of MO integrals:                  48461
  cpu  time :  0.229366000000000      s
  wall time :  0.130742788314819      s  ( x    1.75433003193800      )
.. >>>>> [ IO READ: io_mo_integrals_n_e ] <<<<< ..
 
.. >>>>> [ RES  MEM :          0.057 GB ] [ VIRT MEM :          2.714 GB ] <<<<< ..
.. >>>>> [ WALL TIME:           0.32  s ] [ CPU  TIME:           0.49  s ] <<<<< ..
 
.. >>>>> [ IO READ: io_ao_integrals_n_e ] <<<<< ..
 
.. >>>>> [ RES  MEM :          0.057 GB ] [ VIRT MEM :          2.714 GB ] <<<<< ..
.. >>>>> [ WALL TIME:           0.32  s ] [ CPU  TIME:           0.49  s ] <<<<< ..
 
.. >>>>> [ IO READ: do_pseudo ] <<<<< ..
 
.. >>>>> [ RES  MEM :          0.057 GB ] [ VIRT MEM :          2.714 GB ] <<<<< ..
.. >>>>> [ WALL TIME:           0.32  s ] [ CPU  TIME:           0.49  s ] <<<<< ..
 
.. >>>>> [ IO READ: io_mo_integrals_kinetic ] <<<<< ..
 
.. >>>>> [ RES  MEM :          0.057 GB ] [ VIRT MEM :          2.714 GB ] <<<<< ..
.. >>>>> [ WALL TIME:           0.33  s ] [ CPU  TIME:           0.49  s ] <<<<< ..
 
.. >>>>> [ IO READ: io_ao_integrals_kinetic ] <<<<< ..
 
.. >>>>> [ RES  MEM :          0.057 GB ] [ VIRT MEM :          2.714 GB ] <<<<< ..
.. >>>>> [ WALL TIME:           0.33  s ] [ CPU  TIME:           0.49  s ] <<<<< ..
 
.. >>>>> [ IO READ: io_mo_one_e_integrals ] <<<<< ..
 
.. >>>>> [ RES  MEM :          0.057 GB ] [ VIRT MEM :          2.714 GB ] <<<<< ..
.. >>>>> [ WALL TIME:           0.33  s ] [ CPU  TIME:           0.50  s ] <<<<< ..
 
 Providing the one-electron integrals
 Providing the H_matrix_all_dets ...
 H_matrix_all_dets done 
.. >>>>> [ IO READ: io_mo_integrals_pseudo ] <<<<< ..
 
.. >>>>> [ RES  MEM :          0.060 GB ] [ VIRT MEM :          2.714 GB ] <<<<< ..
.. >>>>> [ WALL TIME:           0.34  s ] [ CPU  TIME:           0.52  s ] <<<<< ..
 
* Number of unique beta determinants                            27
* Number of unique alpha determinants                           27
 Energy components
 =================
 
 Vnn  : Nucleus-Nucleus   potential energy
 Ven  : Electron-Nucleus  potential energy
 Vee  : Electron-Electron potential energy
 Vecp : Potential energy of the pseudo-potentials
 T    : Electronic kinetic energy
 
 State            1
 ---------
 
 Vnn  =   0.000000000000000E+000
 One-e    -2.38963335685847     
 Vee  =   0.273380338744694     
 Eele =   -2.11625301811378     
 ETot =   -2.11625301811378     
 
 
Wall time: 0:00:01

