Date: 07/04/2023 16:48:51
===============
Quantum Package
===============

Git Commit: Fixed SCF tests
Git Date  : Fri Feb 3 11:35:59 2023 +0100
Git SHA1  : 6be30d297b750c8e2eb4de1f5159cd84b499f3cb
EZFIO Dir : A_5.0


Task server running : tcp://127.0.1.1:41279
 * mo_label          no_label
.. >>>>> [ IO READ: mo_guess_type ] <<<<< ..
 
.. >>>>> [ RES  MEM :          0.022 GB ] [ VIRT MEM :          0.165 GB ] <<<<< ..
.. >>>>> [ WALL TIME:           0.00  s ] [ CPU  TIME:           0.02  s ] <<<<< ..
 
.. >>>>> [ IO READ: ao_num ] <<<<< ..
 
.. >>>>> [ RES  MEM :          0.022 GB ] [ VIRT MEM :          0.165 GB ] <<<<< ..
.. >>>>> [ WALL TIME:           0.00  s ] [ CPU  TIME:           0.02  s ] <<<<< ..
 
.. >>>>> [ IO READ: ao_cartesian ] <<<<< ..
 
.. >>>>> [ RES  MEM :          0.022 GB ] [ VIRT MEM :          0.165 GB ] <<<<< ..
.. >>>>> [ WALL TIME:           0.00  s ] [ CPU  TIME:           0.02  s ] <<<<< ..
 
.. >>>>> [ IO READ: lin_dep_cutoff ] <<<<< ..
 
.. >>>>> [ RES  MEM :          0.022 GB ] [ VIRT MEM :          0.165 GB ] <<<<< ..
.. >>>>> [ WALL TIME:           0.00  s ] [ CPU  TIME:           0.02  s ] <<<<< ..
 
* Linear dependencies cut-off                       0.1000000000000000E-05
.. >>>>> [ IO READ: ao_power ] <<<<< ..
 
.. >>>>> [ RES  MEM :          0.022 GB ] [ VIRT MEM :          0.165 GB ] <<<<< ..
.. >>>>> [ WALL TIME:           0.00  s ] [ CPU  TIME:           0.02  s ] <<<<< ..
 
.. >>>>> [ IO READ: io_ao_integrals_overlap ] <<<<< ..
 
.. >>>>> [ RES  MEM :          0.022 GB ] [ VIRT MEM :          0.165 GB ] <<<<< ..
.. >>>>> [ WALL TIME:           0.00  s ] [ CPU  TIME:           0.02  s ] <<<<< ..
 
.. >>>>> [ IO READ: use_cosgtos ] <<<<< ..
 
.. >>>>> [ RES  MEM :          0.022 GB ] [ VIRT MEM :          0.165 GB ] <<<<< ..
.. >>>>> [ WALL TIME:           0.00  s ] [ CPU  TIME:           0.02  s ] <<<<< ..
 
.. >>>>> [ IO READ: ao_prim_num ] <<<<< ..
 
.. >>>>> [ RES  MEM :          0.022 GB ] [ VIRT MEM :          0.165 GB ] <<<<< ..
.. >>>>> [ WALL TIME:           0.00  s ] [ CPU  TIME:           0.02  s ] <<<<< ..
 
.. >>>>> [ IO READ: ao_normalized ] <<<<< ..
 
.. >>>>> [ RES  MEM :          0.022 GB ] [ VIRT MEM :          0.165 GB ] <<<<< ..
.. >>>>> [ WALL TIME:           0.00  s ] [ CPU  TIME:           0.02  s ] <<<<< ..
 
.. >>>>> [ IO READ: primitives_normalized ] <<<<< ..
 
.. >>>>> [ RES  MEM :          0.022 GB ] [ VIRT MEM :          0.165 GB ] <<<<< ..
.. >>>>> [ WALL TIME:           0.00  s ] [ CPU  TIME:           0.02  s ] <<<<< ..
 
.. >>>>> [ IO READ: prim_num ] <<<<< ..
 
.. >>>>> [ RES  MEM :          0.022 GB ] [ VIRT MEM :          0.165 GB ] <<<<< ..
.. >>>>> [ WALL TIME:           0.00  s ] [ CPU  TIME:           0.02  s ] <<<<< ..
 
.. >>>>> [ IO READ: prim_expo ] <<<<< ..
 
.. >>>>> [ RES  MEM :          0.022 GB ] [ VIRT MEM :          0.165 GB ] <<<<< ..
.. >>>>> [ WALL TIME:           0.00  s ] [ CPU  TIME:           0.02  s ] <<<<< ..
 
.. >>>>> [ IO READ: prim_coef ] <<<<< ..
 
.. >>>>> [ RES  MEM :          0.022 GB ] [ VIRT MEM :          0.165 GB ] <<<<< ..
.. >>>>> [ WALL TIME:           0.00  s ] [ CPU  TIME:           0.02  s ] <<<<< ..
 
.. >>>>> [ IO READ: shell_index ] <<<<< ..
 
.. >>>>> [ RES  MEM :          0.022 GB ] [ VIRT MEM :          0.165 GB ] <<<<< ..
.. >>>>> [ WALL TIME:           0.00  s ] [ CPU  TIME:           0.02  s ] <<<<< ..
 
.. >>>>> [ IO READ: shell_num ] <<<<< ..
 
.. >>>>> [ RES  MEM :          0.022 GB ] [ VIRT MEM :          0.165 GB ] <<<<< ..
.. >>>>> [ WALL TIME:           0.00  s ] [ CPU  TIME:           0.02  s ] <<<<< ..
 
.. >>>>> [ IO READ: shell_prim_num ] <<<<< ..
 
.. >>>>> [ RES  MEM :          0.022 GB ] [ VIRT MEM :          0.165 GB ] <<<<< ..
.. >>>>> [ WALL TIME:           0.01  s ] [ CPU  TIME:           0.02  s ] <<<<< ..
 
.. >>>>> [ IO READ: shell_ang_mom ] <<<<< ..
 
.. >>>>> [ RES  MEM :          0.022 GB ] [ VIRT MEM :          0.165 GB ] <<<<< ..
.. >>>>> [ WALL TIME:           0.01  s ] [ CPU  TIME:           0.02  s ] <<<<< ..
 
.. >>>>> [ IO READ: ao_nucl ] <<<<< ..
 
.. >>>>> [ RES  MEM :          0.023 GB ] [ VIRT MEM :          0.165 GB ] <<<<< ..
.. >>>>> [ WALL TIME:           0.01  s ] [ CPU  TIME:           0.02  s ] <<<<< ..
 
.. >>>>> [ IO READ: nucl_num ] <<<<< ..
 
.. >>>>> [ RES  MEM :          0.023 GB ] [ VIRT MEM :          0.165 GB ] <<<<< ..
.. >>>>> [ WALL TIME:           0.01  s ] [ CPU  TIME:           0.02  s ] <<<<< ..
 
.. >>>>> [ IO READ: nucl_label ] <<<<< ..
 
.. >>>>> [ RES  MEM :          0.023 GB ] [ VIRT MEM :          0.165 GB ] <<<<< ..
.. >>>>> [ WALL TIME:           0.01  s ] [ CPU  TIME:           0.02  s ] <<<<< ..
 
.. >>>>> [ IO READ: nucl_charge ] <<<<< ..
 
.. >>>>> [ RES  MEM :          0.023 GB ] [ VIRT MEM :          0.165 GB ] <<<<< ..
.. >>>>> [ WALL TIME:           0.01  s ] [ CPU  TIME:           0.02  s ] <<<<< ..
 
 
.. >>>>> [ RES  MEM :          0.023 GB ] [ VIRT MEM :          0.165 GB ] <<<<< ..
.. >>>>> [ WALL TIME:           0.01  s ] [ CPU  TIME:           0.02  s ] <<<<< ..
 

Nuclear Coordinates (Angstroms)
===============================

================ ============ ============ ============ ============
      Atom          Charge          X            Y            Z 
================ ============ ============ ============ ============
H                    1.000000     0.000000     0.000000     3.429036
H                    1.000000     0.000000     0.000000    -0.381040
x                    0.000000     0.000000     0.381040    -3.667198
x                    0.000000     0.000000    -0.381040    -3.667198
================ ============ ============ ============ ============

Minimal interatomic distance found:       0.7621 Angstrom
* mo_num                                                        36
.. >>>>> [ IO READ: level_shift ] <<<<< ..
 
.. >>>>> [ RES  MEM :          0.028 GB ] [ VIRT MEM :          0.239 GB ] <<<<< ..
.. >>>>> [ WALL TIME:           0.04  s ] [ CPU  TIME:           0.03  s ] <<<<< ..
 
.. >>>>> [ IO READ: elec_alpha_num ] <<<<< ..
 
.. >>>>> [ RES  MEM :          0.028 GB ] [ VIRT MEM :          0.239 GB ] <<<<< ..
.. >>>>> [ WALL TIME:           0.04  s ] [ CPU  TIME:           0.03  s ] <<<<< ..
 
.. >>>>> [ IO READ: elec_beta_num ] <<<<< ..
 
.. >>>>> [ RES  MEM :          0.028 GB ] [ VIRT MEM :          0.239 GB ] <<<<< ..
.. >>>>> [ WALL TIME:           0.04  s ] [ CPU  TIME:           0.03  s ] <<<<< ..
 
.. >>>>> [ IO READ: no_oa_or_av_opt ] <<<<< ..
 
.. >>>>> [ RES  MEM :          0.028 GB ] [ VIRT MEM :          0.239 GB ] <<<<< ..
.. >>>>> [ WALL TIME:           0.04  s ] [ CPU  TIME:           0.03  s ] <<<<< ..
 
.. >>>>> [ IO READ: frozen_orb_scf ] <<<<< ..
 
.. >>>>> [ RES  MEM :          0.028 GB ] [ VIRT MEM :          0.239 GB ] <<<<< ..
.. >>>>> [ WALL TIME:           0.04  s ] [ CPU  TIME:           0.03  s ] <<<<< ..
 
.. >>>>> [ IO READ: io_ao_one_e_integrals ] <<<<< ..
 
.. >>>>> [ RES  MEM :          0.028 GB ] [ VIRT MEM :          0.239 GB ] <<<<< ..
.. >>>>> [ WALL TIME:           0.04  s ] [ CPU  TIME:           0.03  s ] <<<<< ..
 
.. >>>>> [ IO READ: io_ao_integrals_kinetic ] <<<<< ..
 
.. >>>>> [ RES  MEM :          0.028 GB ] [ VIRT MEM :          0.239 GB ] <<<<< ..
.. >>>>> [ WALL TIME:           0.04  s ] [ CPU  TIME:           0.03  s ] <<<<< ..
 
.. >>>>> [ IO READ: io_ao_integrals_n_e ] <<<<< ..
 
.. >>>>> [ RES  MEM :          0.028 GB ] [ VIRT MEM :          0.239 GB ] <<<<< ..
.. >>>>> [ WALL TIME:           0.04  s ] [ CPU  TIME:           0.03  s ] <<<<< ..
 
.. >>>>> [ IO READ: point_charges ] <<<<< ..
 
.. >>>>> [ RES  MEM :          0.028 GB ] [ VIRT MEM :          0.239 GB ] <<<<< ..
.. >>>>> [ WALL TIME:           0.04  s ] [ CPU  TIME:           0.03  s ] <<<<< ..
 
.. >>>>> [ IO READ: do_pseudo ] <<<<< ..
 
.. >>>>> [ RES  MEM :          0.028 GB ] [ VIRT MEM :          0.239 GB ] <<<<< ..
.. >>>>> [ WALL TIME:           0.04  s ] [ CPU  TIME:           0.03  s ] <<<<< ..
 
.. >>>>> [ IO READ: do_direct_integrals ] <<<<< ..
 
.. >>>>> [ RES  MEM :          0.028 GB ] [ VIRT MEM :          0.239 GB ] <<<<< ..
.. >>>>> [ WALL TIME:           0.04  s ] [ CPU  TIME:           0.04  s ] <<<<< ..
 
 AO map initialized :                 222111
.. >>>>> [ IO READ: io_ao_two_e_integrals ] <<<<< ..
 
.. >>>>> [ RES  MEM :          0.030 GB ] [ VIRT MEM :          0.239 GB ] <<<<< ..
.. >>>>> [ WALL TIME:           0.04  s ] [ CPU  TIME:           0.04  s ] <<<<< ..
 
 Providing the AO integrals
.. >>>>> [ IO READ: ao_integrals_threshold ] <<<<< ..
 
.. >>>>> [ RES  MEM :          0.030 GB ] [ VIRT MEM :          0.387 GB ] <<<<< ..
.. >>>>> [ WALL TIME:           0.05  s ] [ CPU  TIME:           0.04  s ] <<<<< ..
 
.. >>>>> [ IO READ: is_periodic ] <<<<< ..
 
.. >>>>> [ RES  MEM :          0.030 GB ] [ VIRT MEM :          0.387 GB ] <<<<< ..
.. >>>>> [ WALL TIME:           0.05  s ] [ CPU  TIME:           0.04  s ] <<<<< ..
 
 Sorting the map
 AO integrals provided:
  Size of AO map :            1.30253601074219      MB
  Number of AO integrals :                105754
  cpu  time :  0.328393000000000      s
  wall time :  0.347949981689453      s  ( x   0.943793698178988       )
 
.. >>>>> [ RES  MEM :          0.034 GB ] [ VIRT MEM :          0.450 GB ] <<<<< ..
.. >>>>> [ WALL TIME:           0.41  s ] [ CPU  TIME:           0.41  s ] <<<<< ..
 
 Read mo_occ
.. >>>>> [ IO READ: ao_md5 ] <<<<< ..
 
.. >>>>> [ RES  MEM :          0.034 GB ] [ VIRT MEM :          0.450 GB ] <<<<< ..
.. >>>>> [ WALL TIME:           0.42  s ] [ CPU  TIME:           0.41  s ] <<<<< ..
 
.. >>>>> [ IO READ: io_nuclear_repulsion ] <<<<< ..
 
.. >>>>> [ RES  MEM :          0.035 GB ] [ VIRT MEM :          0.450 GB ] <<<<< ..
.. >>>>> [ WALL TIME:           0.44  s ] [ CPU  TIME:           0.45  s ] <<<<< ..
 
 
.. >>>>> [ RES  MEM :          0.035 GB ] [ VIRT MEM :          0.450 GB ] <<<<< ..
.. >>>>> [ WALL TIME:           0.44  s ] [ CPU  TIME:           0.45  s ] <<<<< ..
 
* Nuclear repulsion energy                          0.1388888888888889    
.. >>>>> [ IO READ: scf_algorithm ] <<<<< ..
 
.. >>>>> [ RES  MEM :          0.035 GB ] [ VIRT MEM :          0.450 GB ] <<<<< ..
.. >>>>> [ WALL TIME:           0.44  s ] [ CPU  TIME:           0.45  s ] <<<<< ..
 
.. >>>>> [ IO READ: n_it_scf_max ] <<<<< ..
 
.. >>>>> [ RES  MEM :          0.035 GB ] [ VIRT MEM :          0.450 GB ] <<<<< ..
.. >>>>> [ WALL TIME:           0.44  s ] [ CPU  TIME:           0.45  s ] <<<<< ..
 
.. >>>>> [ IO READ: max_dim_diis ] <<<<< ..
 
.. >>>>> [ RES  MEM :          0.035 GB ] [ VIRT MEM :          0.450 GB ] <<<<< ..
.. >>>>> [ WALL TIME:           0.44  s ] [ CPU  TIME:           0.45  s ] <<<<< ..
 
.. >>>>> [ IO READ: threshold_diis ] <<<<< ..
 
.. >>>>> [ RES  MEM :          0.035 GB ] [ VIRT MEM :          0.450 GB ] <<<<< ..
.. >>>>> [ WALL TIME:           0.44  s ] [ CPU  TIME:           0.45  s ] <<<<< ..
 
.. >>>>> [ IO READ: thresh_scf ] <<<<< ..
 
.. >>>>> [ RES  MEM :          0.035 GB ] [ VIRT MEM :          0.450 GB ] <<<<< ..
.. >>>>> [ WALL TIME:           0.44  s ] [ CPU  TIME:           0.45  s ] <<<<< ..
 
 
.. >>>>> [ RES  MEM :          0.035 GB ] [ VIRT MEM :          0.450 GB ] <<<<< ..
.. >>>>> [ WALL TIME:           0.44  s ] [ CPU  TIME:           0.45  s ] <<<<< ..
 
 energy of the guess =  -0.627536416604001     
==== ================ ================ ================ ================
  N          energy      energy diff       DIIS error     Level shift   
==== ================ ================ ================ ================
   1    -0.5440508357     0.0834855809     0.2938750322     0.0000000000   0
   2    -0.5863084921    -0.0422576564     0.1636659197     0.5000000000   0
   3    -0.6728655703    -0.0865570782     0.1838925409     0.2500000000   1
   4    -0.7895235238    -0.1166579535     0.0628495721     0.1250000000   0
   5    -0.7955379227    -0.0060143988     0.0192042172     0.0625000000   1
   6    -0.7965158461    -0.0009779235     0.0111022264     0.0312500000   0
   7    -0.7966205615    -0.0001047154     0.0114497070     0.0156250000   1
   8    -0.7966864788    -0.0000659172     0.0093610560     0.5000000000   0
   9    -0.7967872046    -0.0001007258     0.0033338219     0.2500000000   1
  10    -0.7968026095    -0.0000154049     0.0011239433     0.1250000000   0
  11    -0.7968034403    -0.0000008307     0.0002938758     0.0625000000   1
  12    -0.7968035264    -0.0000000861     0.0001106643     0.0312500000   2
  13    -0.7968035379    -0.0000000116     0.0000237238     0.0156250000   3
  14    -0.7968035391    -0.0000000012     0.0000216890     0.0078125000   4
  15    -0.7968035395    -0.0000000003     0.0000207371     0.5000000000   0
  16    -0.7968035398    -0.0000000003     0.0000134252     0.2500000000   1
  17    -0.7968035400    -0.0000000002     0.0000054322     0.1250000000   2
  18    -0.7968035400    -0.0000000000     0.0000021685     0.0625000000   3
==== ================ ================ ================ ================
 
 
.. >>>>> [ RES  MEM :          0.036 GB ] [ VIRT MEM :          0.450 GB ] <<<<< ..
.. >>>>> [ WALL TIME:           1.33  s ] [ CPU  TIME:           1.20  s ] <<<<< ..
 
MOs are now **Canonical**

Eigenvalues
-----------

======== ================
       1    -0.3061687046
       2    -0.1535636102
       3     0.0451698202
       4     0.0663869323
       5     0.0909116638
       6     0.1113157802
       7     0.2185256038
       8     0.2575145302
       9     0.2674507524
      10     0.2742731818
      11     0.2943181487
      12     0.2948465759
      13     0.3101172984
      14     0.3436717452
      15     0.3463189503
      16     0.4529114398
      17     0.4727614194
      18     0.4931018604
      19     0.5167253784
      20     0.6698555578
      21     0.7416486160
      22     0.7730476477
      23     1.4601204934
      24     1.7276247076
      25     1.7310186965
      26     1.7348116891
      27     1.7498083968
      28     1.7578634057
      29     1.8342553143
      30     1.8645983968
      31     1.9428242937
      32     2.0091620435
      33     2.4738411102
      34     2.5085602679
      35     2.5146353737
      36     4.6257018184
======== ================

 
.. >>>>> [ RES  MEM :          0.036 GB ] [ VIRT MEM :          0.450 GB ] <<<<< ..
.. >>>>> [ WALL TIME:           1.33  s ] [ CPU  TIME:           1.20  s ] <<<<< ..
 
* SCF energy                                       -0.7968035400161372    
 
.. >>>>> [ RES  MEM :          0.036 GB ] [ VIRT MEM :          0.450 GB ] <<<<< ..
.. >>>>> [ WALL TIME:           1.38  s ] [ CPU  TIME:           1.23  s ] <<<<< ..
 
Wall time: 0:00:02

Date: 07/04/2023 16:48:54
===============
Quantum Package
===============

Git Commit: Fixed SCF tests
Git Date  : Fri Feb 3 11:35:59 2023 +0100
Git SHA1  : 6be30d297b750c8e2eb4de1f5159cd84b499f3cb
EZFIO Dir : A_5.0


Task server running : tcp://127.0.1.1:41279
.. >>>>> [ IO READ: read_wf ] <<<<< ..
 
.. >>>>> [ RES  MEM :          0.022 GB ] [ VIRT MEM :          0.166 GB ] <<<<< ..
.. >>>>> [ WALL TIME:           0.00  s ] [ CPU  TIME:           0.02  s ] <<<<< ..
 
.. >>>>> [ IO READ: n_states ] <<<<< ..
 
.. >>>>> [ RES  MEM :          0.022 GB ] [ VIRT MEM :          0.166 GB ] <<<<< ..
.. >>>>> [ WALL TIME:           0.00  s ] [ CPU  TIME:           0.02  s ] <<<<< ..
 
.. >>>>> [ IO READ: elec_alpha_num ] <<<<< ..
 
.. >>>>> [ RES  MEM :          0.022 GB ] [ VIRT MEM :          0.166 GB ] <<<<< ..
.. >>>>> [ WALL TIME:           0.00  s ] [ CPU  TIME:           0.02  s ] <<<<< ..
 
.. >>>>> [ IO READ: elec_beta_num ] <<<<< ..
 
.. >>>>> [ RES  MEM :          0.022 GB ] [ VIRT MEM :          0.166 GB ] <<<<< ..
.. >>>>> [ WALL TIME:           0.00  s ] [ CPU  TIME:           0.02  s ] <<<<< ..
 
 * mo_label          Canonical
* Number of determinants                                         1
.. >>>>> [ IO READ: n_det_max_full ] <<<<< ..
 
.. >>>>> [ RES  MEM :          0.022 GB ] [ VIRT MEM :          0.166 GB ] <<<<< ..
.. >>>>> [ WALL TIME:           0.00  s ] [ CPU  TIME:           0.02  s ] <<<<< ..
 
.. >>>>> [ IO READ: csf_based ] <<<<< ..
 
.. >>>>> [ RES  MEM :          0.022 GB ] [ VIRT MEM :          0.166 GB ] <<<<< ..
.. >>>>> [ WALL TIME:           0.00  s ] [ CPU  TIME:           0.02  s ] <<<<< ..
 
.. >>>>> [ IO READ: only_expected_s2 ] <<<<< ..
 
.. >>>>> [ RES  MEM :          0.022 GB ] [ VIRT MEM :          0.166 GB ] <<<<< ..
.. >>>>> [ WALL TIME:           0.00  s ] [ CPU  TIME:           0.02  s ] <<<<< ..
 
.. >>>>> [ IO READ: s2_eig ] <<<<< ..
 
.. >>>>> [ RES  MEM :          0.022 GB ] [ VIRT MEM :          0.166 GB ] <<<<< ..
.. >>>>> [ WALL TIME:           0.00  s ] [ CPU  TIME:           0.02  s ] <<<<< ..
 
 
.. >>>>> [ RES  MEM :          0.022 GB ] [ VIRT MEM :          0.166 GB ] <<<<< ..
.. >>>>> [ WALL TIME:           0.00  s ] [ CPU  TIME:           0.02  s ] <<<<< ..
 
 Read  n_states_diag
.. >>>>> [ IO READ: threshold_davidson ] <<<<< ..
 
.. >>>>> [ RES  MEM :          0.022 GB ] [ VIRT MEM :          0.166 GB ] <<<<< ..
.. >>>>> [ WALL TIME:           0.00  s ] [ CPU  TIME:           0.02  s ] <<<<< ..
 
.. >>>>> [ IO READ: distributed_davidson ] <<<<< ..
 
.. >>>>> [ RES  MEM :          0.022 GB ] [ VIRT MEM :          0.166 GB ] <<<<< ..
.. >>>>> [ WALL TIME:           0.00  s ] [ CPU  TIME:           0.02  s ] <<<<< ..
 
* mo_num                                                        36
* N_int                                                          1
.. >>>>> [ IO READ: ao_num ] <<<<< ..
 
.. >>>>> [ RES  MEM :          0.022 GB ] [ VIRT MEM :          0.166 GB ] <<<<< ..
.. >>>>> [ WALL TIME:           0.00  s ] [ CPU  TIME:           0.02  s ] <<<<< ..
 
 Read  mo_coef
.. >>>>> [ IO READ: io_mo_two_e_integrals ] <<<<< ..
 
.. >>>>> [ RES  MEM :          0.024 GB ] [ VIRT MEM :          0.166 GB ] <<<<< ..
.. >>>>> [ WALL TIME:           0.01  s ] [ CPU  TIME:           0.02  s ] <<<<< ..
 
 MO map initialized:                 222111
.. >>>>> [ IO READ: no_vvvv_integrals ] <<<<< ..
 
.. >>>>> [ RES  MEM :          0.024 GB ] [ VIRT MEM :          0.166 GB ] <<<<< ..
.. >>>>> [ WALL TIME:           0.01  s ] [ CPU  TIME:           0.02  s ] <<<<< ..
 
.. >>>>> [ IO READ: mo_class ] <<<<< ..
 
.. >>>>> [ RES  MEM :          0.024 GB ] [ VIRT MEM :          0.166 GB ] <<<<< ..
.. >>>>> [ WALL TIME:           0.01  s ] [ CPU  TIME:           0.02  s ] <<<<< ..
 
.. >>>>> [ IO READ: io_ao_two_e_integrals ] <<<<< ..
 
.. >>>>> [ RES  MEM :          0.024 GB ] [ VIRT MEM :          0.166 GB ] <<<<< ..
.. >>>>> [ WALL TIME:           0.01  s ] [ CPU  TIME:           0.02  s ] <<<<< ..
 
 AO map initialized :                 222111
 Providing the AO integrals
.. >>>>> [ IO READ: use_cosgtos ] <<<<< ..
 
.. >>>>> [ RES  MEM :          0.024 GB ] [ VIRT MEM :          0.166 GB ] <<<<< ..
.. >>>>> [ WALL TIME:           0.01  s ] [ CPU  TIME:           0.02  s ] <<<<< ..
 
.. >>>>> [ IO READ: ao_prim_num ] <<<<< ..
 
.. >>>>> [ RES  MEM :          0.024 GB ] [ VIRT MEM :          0.166 GB ] <<<<< ..
.. >>>>> [ WALL TIME:           0.01  s ] [ CPU  TIME:           0.02  s ] <<<<< ..
 
.. >>>>> [ IO READ: ao_normalized ] <<<<< ..
 
.. >>>>> [ RES  MEM :          0.024 GB ] [ VIRT MEM :          0.166 GB ] <<<<< ..
.. >>>>> [ WALL TIME:           0.01  s ] [ CPU  TIME:           0.02  s ] <<<<< ..
 
.. >>>>> [ IO READ: primitives_normalized ] <<<<< ..
 
.. >>>>> [ RES  MEM :          0.024 GB ] [ VIRT MEM :          0.166 GB ] <<<<< ..
.. >>>>> [ WALL TIME:           0.01  s ] [ CPU  TIME:           0.02  s ] <<<<< ..
 
.. >>>>> [ IO READ: ao_power ] <<<<< ..
 
.. >>>>> [ RES  MEM :          0.024 GB ] [ VIRT MEM :          0.166 GB ] <<<<< ..
.. >>>>> [ WALL TIME:           0.01  s ] [ CPU  TIME:           0.02  s ] <<<<< ..
 
.. >>>>> [ IO READ: prim_num ] <<<<< ..
 
.. >>>>> [ RES  MEM :          0.024 GB ] [ VIRT MEM :          0.166 GB ] <<<<< ..
.. >>>>> [ WALL TIME:           0.01  s ] [ CPU  TIME:           0.02  s ] <<<<< ..
 
.. >>>>> [ IO READ: prim_expo ] <<<<< ..
 
.. >>>>> [ RES  MEM :          0.024 GB ] [ VIRT MEM :          0.166 GB ] <<<<< ..
.. >>>>> [ WALL TIME:           0.01  s ] [ CPU  TIME:           0.02  s ] <<<<< ..
 
.. >>>>> [ IO READ: prim_coef ] <<<<< ..
 
.. >>>>> [ RES  MEM :          0.024 GB ] [ VIRT MEM :          0.166 GB ] <<<<< ..
.. >>>>> [ WALL TIME:           0.01  s ] [ CPU  TIME:           0.02  s ] <<<<< ..
 
.. >>>>> [ IO READ: shell_index ] <<<<< ..
 
.. >>>>> [ RES  MEM :          0.024 GB ] [ VIRT MEM :          0.166 GB ] <<<<< ..
.. >>>>> [ WALL TIME:           0.01  s ] [ CPU  TIME:           0.02  s ] <<<<< ..
 
.. >>>>> [ IO READ: shell_num ] <<<<< ..
 
.. >>>>> [ RES  MEM :          0.024 GB ] [ VIRT MEM :          0.166 GB ] <<<<< ..
.. >>>>> [ WALL TIME:           0.01  s ] [ CPU  TIME:           0.03  s ] <<<<< ..
 
.. >>>>> [ IO READ: shell_prim_num ] <<<<< ..
 
.. >>>>> [ RES  MEM :          0.024 GB ] [ VIRT MEM :          0.166 GB ] <<<<< ..
.. >>>>> [ WALL TIME:           0.01  s ] [ CPU  TIME:           0.03  s ] <<<<< ..
 
.. >>>>> [ IO READ: shell_ang_mom ] <<<<< ..
 
.. >>>>> [ RES  MEM :          0.024 GB ] [ VIRT MEM :          0.166 GB ] <<<<< ..
.. >>>>> [ WALL TIME:           0.01  s ] [ CPU  TIME:           0.03  s ] <<<<< ..
 
.. >>>>> [ IO READ: ao_nucl ] <<<<< ..
 
.. >>>>> [ RES  MEM :          0.024 GB ] [ VIRT MEM :          0.166 GB ] <<<<< ..
.. >>>>> [ WALL TIME:           0.01  s ] [ CPU  TIME:           0.03  s ] <<<<< ..
 
.. >>>>> [ IO READ: ao_integrals_threshold ] <<<<< ..
 
.. >>>>> [ RES  MEM :          0.024 GB ] [ VIRT MEM :          0.315 GB ] <<<<< ..
.. >>>>> [ WALL TIME:           0.02  s ] [ CPU  TIME:           0.03  s ] <<<<< ..
 
.. >>>>> [ IO READ: is_periodic ] <<<<< ..
 
.. >>>>> [ RES  MEM :          0.024 GB ] [ VIRT MEM :          0.315 GB ] <<<<< ..
.. >>>>> [ WALL TIME:           0.02  s ] [ CPU  TIME:           0.03  s ] <<<<< ..
 
.. >>>>> [ IO READ: nucl_num ] <<<<< ..
 
.. >>>>> [ RES  MEM :          0.024 GB ] [ VIRT MEM :          0.315 GB ] <<<<< ..
.. >>>>> [ WALL TIME:           0.02  s ] [ CPU  TIME:           0.03  s ] <<<<< ..
 
.. >>>>> [ IO READ: nucl_label ] <<<<< ..
 
.. >>>>> [ RES  MEM :          0.024 GB ] [ VIRT MEM :          0.315 GB ] <<<<< ..
.. >>>>> [ WALL TIME:           0.02  s ] [ CPU  TIME:           0.03  s ] <<<<< ..
 
.. >>>>> [ IO READ: nucl_charge ] <<<<< ..
 
.. >>>>> [ RES  MEM :          0.024 GB ] [ VIRT MEM :          0.315 GB ] <<<<< ..
.. >>>>> [ WALL TIME:           0.02  s ] [ CPU  TIME:           0.03  s ] <<<<< ..
 
 
.. >>>>> [ RES  MEM :          0.024 GB ] [ VIRT MEM :          0.315 GB ] <<<<< ..
.. >>>>> [ WALL TIME:           0.02  s ] [ CPU  TIME:           0.03  s ] <<<<< ..
 

Nuclear Coordinates (Angstroms)
===============================

================ ============ ============ ============ ============
      Atom          Charge          X            Y            Z 
================ ============ ============ ============ ============
H                    1.000000     0.000000     0.000000     3.429036
H                    1.000000     0.000000     0.000000    -0.381040
x                    0.000000     0.000000     0.381040    -3.667198
x                    0.000000     0.000000    -0.381040    -3.667198
================ ============ ============ ============ ============

Minimal interatomic distance found:       0.7621 Angstrom
 Sorting the map
 AO integrals provided:
  Size of AO map :            1.30253601074219      MB
  Number of AO integrals :                105754
  cpu  time :  0.332205000000000      s
  wall time :  0.357941865921021      s  ( x   0.928097637154578       )
 
 AO -> MO integrals transformation
 ---------------------------------
 
* Target maximum memory (GB)                                  2000
.. >>>>> [ IO READ: mo_integrals_threshold ] <<<<< ..
 
.. >>>>> [ RES  MEM :          0.027 GB ] [ VIRT MEM :          0.377 GB ] <<<<< ..
.. >>>>> [ WALL TIME:           0.37  s ] [ CPU  TIME:           0.36  s ] <<<<< ..
 
 Getting AOs
.. >>>>> [ IO READ: io_ao_integrals_overlap ] <<<<< ..
 
.. >>>>> [ RES  MEM :          0.027 GB ] [ VIRT MEM :          0.390 GB ] <<<<< ..
.. >>>>> [ WALL TIME:           0.37  s ] [ CPU  TIME:           0.36  s ] <<<<< ..
 
.. >>>>> [ IO READ: ao_one_e_integrals_threshold ] <<<<< ..
 
.. >>>>> [ RES  MEM :          0.027 GB ] [ VIRT MEM :          0.390 GB ] <<<<< ..
.. >>>>> [ WALL TIME:           0.37  s ] [ CPU  TIME:           0.36  s ] <<<<< ..
 
 1st transformation
 2nd transformation
 3rd transformation
 4th transformation
 Molecular integrals provided:
  Size of MO map              5.27429389953613      MB
  Number of MO integrals:                 213166
  cpu  time :  0.474501000000000      s
  wall time :  0.299294948577881      s  ( x    1.58539595223582      )
.. >>>>> [ IO READ: io_mo_integrals_n_e ] <<<<< ..
 
.. >>>>> [ RES  MEM :          0.086 GB ] [ VIRT MEM :          2.721 GB ] <<<<< ..
.. >>>>> [ WALL TIME:           0.83  s ] [ CPU  TIME:           0.99  s ] <<<<< ..
 
.. >>>>> [ IO READ: io_ao_integrals_n_e ] <<<<< ..
 
.. >>>>> [ RES  MEM :          0.086 GB ] [ VIRT MEM :          2.721 GB ] <<<<< ..
.. >>>>> [ WALL TIME:           0.83  s ] [ CPU  TIME:           0.99  s ] <<<<< ..
 
.. >>>>> [ IO READ: point_charges ] <<<<< ..
 
.. >>>>> [ RES  MEM :          0.086 GB ] [ VIRT MEM :          2.721 GB ] <<<<< ..
.. >>>>> [ WALL TIME:           0.83  s ] [ CPU  TIME:           0.99  s ] <<<<< ..
 
.. >>>>> [ IO READ: do_pseudo ] <<<<< ..
 
.. >>>>> [ RES  MEM :          0.086 GB ] [ VIRT MEM :          2.721 GB ] <<<<< ..
.. >>>>> [ WALL TIME:           0.83  s ] [ CPU  TIME:           0.99  s ] <<<<< ..
 
.. >>>>> [ IO READ: io_mo_integrals_kinetic ] <<<<< ..
 
.. >>>>> [ RES  MEM :          0.087 GB ] [ VIRT MEM :          2.721 GB ] <<<<< ..
.. >>>>> [ WALL TIME:           0.83  s ] [ CPU  TIME:           1.00  s ] <<<<< ..
 
.. >>>>> [ IO READ: io_ao_integrals_kinetic ] <<<<< ..
 
.. >>>>> [ RES  MEM :          0.087 GB ] [ VIRT MEM :          2.721 GB ] <<<<< ..
.. >>>>> [ WALL TIME:           0.83  s ] [ CPU  TIME:           1.00  s ] <<<<< ..
 
.. >>>>> [ IO READ: io_mo_one_e_integrals ] <<<<< ..
 
.. >>>>> [ RES  MEM :          0.087 GB ] [ VIRT MEM :          2.721 GB ] <<<<< ..
.. >>>>> [ WALL TIME:           0.83  s ] [ CPU  TIME:           1.00  s ] <<<<< ..
 
 Providing the one-electron integrals
 Providing the H_matrix_all_dets ...
 H_matrix_all_dets done 
 Diagonalization of H using Lapack
.. >>>>> [ IO READ: io_nuclear_repulsion ] <<<<< ..
 
.. >>>>> [ RES  MEM :          0.087 GB ] [ VIRT MEM :          2.721 GB ] <<<<< ..
.. >>>>> [ WALL TIME:           0.83  s ] [ CPU  TIME:           1.00  s ] <<<<< ..
 
 
.. >>>>> [ RES  MEM :          0.087 GB ] [ VIRT MEM :          2.721 GB ] <<<<< ..
.. >>>>> [ WALL TIME:           0.83  s ] [ CPU  TIME:           1.00  s ] <<<<< ..
 
* Nuclear repulsion energy                          0.1388888888888889    
 
.. >>>>> [ RES  MEM :          0.087 GB ] [ VIRT MEM :          2.721 GB ] <<<<< ..
.. >>>>> [ WALL TIME:           0.83  s ] [ CPU  TIME:           1.00  s ] <<<<< ..
 
* Energy of state    1                             -0.7968035400259277    
* S^2 of state    1                                  0.000000000000000    
.. >>>>> [ IO READ: weight_one_e_dm ] <<<<< ..
 
.. >>>>> [ RES  MEM :          0.087 GB ] [ VIRT MEM :          2.721 GB ] <<<<< ..
.. >>>>> [ WALL TIME:           0.83  s ] [ CPU  TIME:           1.00  s ] <<<<< ..
 
.. >>>>> [ IO READ: save_threshold ] <<<<< ..
 
.. >>>>> [ RES  MEM :          0.087 GB ] [ VIRT MEM :          2.721 GB ] <<<<< ..
.. >>>>> [ WALL TIME:           0.83  s ] [ CPU  TIME:           1.00  s ] <<<<< ..
 
.. >>>>> [ IO READ: pseudo_sym ] <<<<< ..
 
.. >>>>> [ RES  MEM :          0.087 GB ] [ VIRT MEM :          2.721 GB ] <<<<< ..
.. >>>>> [ WALL TIME:           0.83  s ] [ CPU  TIME:           1.00  s ] <<<<< ..
 
* Number of active   MOs                                        36
 Active MOs:
           1           2           3           4           5           6
           7           8           9          10          11          12
          13          14          15          16          17          18
          19          20          21          22          23          24
          25          26          27          28          29          30
          31          32          33          34          35          36
* Number of virtual  MOs                                         0
* Number of inactive MOs                                         0
.. >>>>> [ IO READ: pruning ] <<<<< ..
 
.. >>>>> [ RES  MEM :          0.087 GB ] [ VIRT MEM :          2.721 GB ] <<<<< ..
.. >>>>> [ WALL TIME:           0.83  s ] [ CPU  TIME:           1.00  s ] <<<<< ..
 
* Number of configurations                                     666
 
.. >>>>> [ RES  MEM :          0.087 GB ] [ VIRT MEM :          2.721 GB ] <<<<< ..
.. >>>>> [ WALL TIME:           0.83  s ] [ CPU  TIME:           1.00  s ] <<<<< ..
 
.. >>>>> [ IO READ: davidson_sze_max ] <<<<< ..
 
.. >>>>> [ RES  MEM :          0.087 GB ] [ VIRT MEM :          2.721 GB ] <<<<< ..
.. >>>>> [ WALL TIME:           0.83  s ] [ CPU  TIME:           1.00  s ] <<<<< ..
 
.. >>>>> [ IO READ: state_following ] <<<<< ..
 
.. >>>>> [ RES  MEM :          0.088 GB ] [ VIRT MEM :          2.721 GB ] <<<<< ..
.. >>>>> [ WALL TIME:           0.84  s ] [ CPU  TIME:           1.00  s ] <<<<< ..
 
.. >>>>> [ IO READ: disk_based_davidson ] <<<<< ..
 
.. >>>>> [ RES  MEM :          0.088 GB ] [ VIRT MEM :          2.721 GB ] <<<<< ..
.. >>>>> [ WALL TIME:           0.84  s ] [ CPU  TIME:           1.00  s ] <<<<< ..
 
* Number of unique alpha determinants                           36
* Number of unique beta determinants                            36
.. >>>>> [ IO READ: threshold_davidson_from_pt2 ] <<<<< ..
 
.. >>>>> [ RES  MEM :          0.088 GB ] [ VIRT MEM :          2.721 GB ] <<<<< ..
.. >>>>> [ WALL TIME:           0.84  s ] [ CPU  TIME:           1.00  s ] <<<<< ..
 
 
.. >>>>> [ RES  MEM :          0.088 GB ] [ VIRT MEM :          2.721 GB ] <<<<< ..
.. >>>>> [ WALL TIME:           0.84  s ] [ CPU  TIME:           1.00  s ] <<<<< ..
 

Davidson Diagonalization
------------------------

* Number of states                                               1
* Number of states in diagonalization                            4
* Number of determinants                                      1296
* Number of threads for diagonalization                          1
* Memory(Gb)                                        0.1955009996891022E-02

===== ================ =========== =========== 
Iter       Energy          S^2       Residual  
===== ================ =========== =========== 
   0     -0.9693456692    0.000898   0.433E-01
   1     -0.9973400727    0.000032   0.148E-02
   2     -0.9987600249    0.000002   0.392E-04
   3     -0.9988006099    0.000003   0.437E-06
   4     -0.9988010860    0.000002   0.601E-08
   5     -0.9988010932    0.000002   0.189E-09
   6     -0.9988010934    0.000001   0.965E-11
====== ================ =========== ===========

 
.. >>>>> [ RES  MEM :          0.092 GB ] [ VIRT MEM :          2.721 GB ] <<<<< ..
.. >>>>> [ WALL TIME:           2.52  s ] [ CPU  TIME:           2.68  s ] <<<<< ..
 
 
.. >>>>> [ RES  MEM :          0.092 GB ] [ VIRT MEM :          2.721 GB ] <<<<< ..
.. >>>>> [ WALL TIME:           2.52  s ] [ CPU  TIME:           2.68  s ] <<<<< ..
 
* Energy of state    1                             -0.9988010933802793    
* S^2 of state    1                                 0.1490416010248708E-05
* Saved determinants                                           434
 
.. >>>>> [ RES  MEM :          0.092 GB ] [ VIRT MEM :          2.721 GB ] <<<<< ..
.. >>>>> [ WALL TIME:           2.53  s ] [ CPU  TIME:           2.69  s ] <<<<< ..
 

Davidson Diagonalization
------------------------

* Number of states                                               1
* Number of states in diagonalization                            4
* Number of determinants                                      1296
* Number of threads for diagonalization                          1
* Memory(Gb)                                        0.1955009996891022E-02

===== ================ =========== =========== 
Iter       Energy          S^2       Residual  
===== ================ =========== =========== 
   0     -0.9988010934    0.000001   0.965E-11
   1     -0.9988010934    0.000001   0.103E-11
====== ================ =========== ===========

 
.. >>>>> [ RES  MEM :          0.093 GB ] [ VIRT MEM :          2.721 GB ] <<<<< ..
.. >>>>> [ WALL TIME:           3.17  s ] [ CPU  TIME:           3.34  s ] <<<<< ..
 
 
.. >>>>> [ RES  MEM :          0.093 GB ] [ VIRT MEM :          2.721 GB ] <<<<< ..
.. >>>>> [ WALL TIME:           3.17  s ] [ CPU  TIME:           3.34  s ] <<<<< ..
 
* Energy of state    1                             -0.9988010933906761    
* S^2 of state    1                                 0.1490128019632628E-05
 N_det =         1296
 
 ******************************
 CISD Energies
           1 -0.998801093390676     
Wall time: 0:00:05

