Date: 07/04/2023 16:48:21
===============
Quantum Package
===============

Git Commit: Fixed SCF tests
Git Date  : Fri Feb 3 11:35:59 2023 +0100
Git SHA1  : 6be30d297b750c8e2eb4de1f5159cd84b499f3cb
EZFIO Dir : A_1.0


Task server running : tcp://127.0.1.1:41279
 * mo_label          no_label
.. >>>>> [ IO READ: mo_guess_type ] <<<<< ..
 
.. >>>>> [ RES  MEM :          0.022 GB ] [ VIRT MEM :          0.165 GB ] <<<<< ..
.. >>>>> [ WALL TIME:           0.00  s ] [ CPU  TIME:           0.03  s ] <<<<< ..
 
.. >>>>> [ IO READ: ao_num ] <<<<< ..
 
.. >>>>> [ RES  MEM :          0.022 GB ] [ VIRT MEM :          0.165 GB ] <<<<< ..
.. >>>>> [ WALL TIME:           0.00  s ] [ CPU  TIME:           0.03  s ] <<<<< ..
 
.. >>>>> [ IO READ: ao_cartesian ] <<<<< ..
 
.. >>>>> [ RES  MEM :          0.022 GB ] [ VIRT MEM :          0.165 GB ] <<<<< ..
.. >>>>> [ WALL TIME:           0.00  s ] [ CPU  TIME:           0.03  s ] <<<<< ..
 
.. >>>>> [ IO READ: lin_dep_cutoff ] <<<<< ..
 
.. >>>>> [ RES  MEM :          0.022 GB ] [ VIRT MEM :          0.165 GB ] <<<<< ..
.. >>>>> [ WALL TIME:           0.00  s ] [ CPU  TIME:           0.03  s ] <<<<< ..
 
* Linear dependencies cut-off                       0.1000000000000000E-05
.. >>>>> [ IO READ: ao_power ] <<<<< ..
 
.. >>>>> [ RES  MEM :          0.023 GB ] [ VIRT MEM :          0.657 GB ] <<<<< ..
.. >>>>> [ WALL TIME:           0.01  s ] [ CPU  TIME:           0.03  s ] <<<<< ..
 
.. >>>>> [ IO READ: io_ao_integrals_overlap ] <<<<< ..
 
.. >>>>> [ RES  MEM :          0.023 GB ] [ VIRT MEM :          0.657 GB ] <<<<< ..
.. >>>>> [ WALL TIME:           0.01  s ] [ CPU  TIME:           0.03  s ] <<<<< ..
 
.. >>>>> [ IO READ: use_cosgtos ] <<<<< ..
 
.. >>>>> [ RES  MEM :          0.023 GB ] [ VIRT MEM :          0.657 GB ] <<<<< ..
.. >>>>> [ WALL TIME:           0.01  s ] [ CPU  TIME:           0.04  s ] <<<<< ..
 
.. >>>>> [ IO READ: ao_prim_num ] <<<<< ..
 
.. >>>>> [ RES  MEM :          0.023 GB ] [ VIRT MEM :          0.657 GB ] <<<<< ..
.. >>>>> [ WALL TIME:           0.02  s ] [ CPU  TIME:           0.08  s ] <<<<< ..
 
.. >>>>> [ IO READ: ao_normalized ] <<<<< ..
 
.. >>>>> [ RES  MEM :          0.023 GB ] [ VIRT MEM :          0.657 GB ] <<<<< ..
.. >>>>> [ WALL TIME:           0.02  s ] [ CPU  TIME:           0.08  s ] <<<<< ..
 
.. >>>>> [ IO READ: primitives_normalized ] <<<<< ..
 
.. >>>>> [ RES  MEM :          0.023 GB ] [ VIRT MEM :          0.657 GB ] <<<<< ..
.. >>>>> [ WALL TIME:           0.02  s ] [ CPU  TIME:           0.08  s ] <<<<< ..
 
.. >>>>> [ IO READ: prim_num ] <<<<< ..
 
.. >>>>> [ RES  MEM :          0.023 GB ] [ VIRT MEM :          0.657 GB ] <<<<< ..
.. >>>>> [ WALL TIME:           0.02  s ] [ CPU  TIME:           0.08  s ] <<<<< ..
 
.. >>>>> [ IO READ: prim_expo ] <<<<< ..
 
.. >>>>> [ RES  MEM :          0.023 GB ] [ VIRT MEM :          0.657 GB ] <<<<< ..
.. >>>>> [ WALL TIME:           0.02  s ] [ CPU  TIME:           0.09  s ] <<<<< ..
 
.. >>>>> [ IO READ: prim_coef ] <<<<< ..
 
.. >>>>> [ RES  MEM :          0.023 GB ] [ VIRT MEM :          0.657 GB ] <<<<< ..
.. >>>>> [ WALL TIME:           0.02  s ] [ CPU  TIME:           0.09  s ] <<<<< ..
 
.. >>>>> [ IO READ: shell_index ] <<<<< ..
 
.. >>>>> [ RES  MEM :          0.023 GB ] [ VIRT MEM :          0.657 GB ] <<<<< ..
.. >>>>> [ WALL TIME:           0.02  s ] [ CPU  TIME:           0.09  s ] <<<<< ..
 
.. >>>>> [ IO READ: shell_num ] <<<<< ..
 
.. >>>>> [ RES  MEM :          0.023 GB ] [ VIRT MEM :          0.657 GB ] <<<<< ..
.. >>>>> [ WALL TIME:           0.02  s ] [ CPU  TIME:           0.09  s ] <<<<< ..
 
.. >>>>> [ IO READ: shell_prim_num ] <<<<< ..
 
.. >>>>> [ RES  MEM :          0.023 GB ] [ VIRT MEM :          0.657 GB ] <<<<< ..
.. >>>>> [ WALL TIME:           0.02  s ] [ CPU  TIME:           0.09  s ] <<<<< ..
 
.. >>>>> [ IO READ: shell_ang_mom ] <<<<< ..
 
.. >>>>> [ RES  MEM :          0.023 GB ] [ VIRT MEM :          0.657 GB ] <<<<< ..
.. >>>>> [ WALL TIME:           0.02  s ] [ CPU  TIME:           0.09  s ] <<<<< ..
 
.. >>>>> [ IO READ: ao_nucl ] <<<<< ..
 
.. >>>>> [ RES  MEM :          0.023 GB ] [ VIRT MEM :          0.657 GB ] <<<<< ..
.. >>>>> [ WALL TIME:           0.02  s ] [ CPU  TIME:           0.10  s ] <<<<< ..
 
.. >>>>> [ IO READ: nucl_num ] <<<<< ..
 
.. >>>>> [ RES  MEM :          0.023 GB ] [ VIRT MEM :          0.657 GB ] <<<<< ..
.. >>>>> [ WALL TIME:           0.02  s ] [ CPU  TIME:           0.10  s ] <<<<< ..
 
.. >>>>> [ IO READ: nucl_label ] <<<<< ..
 
.. >>>>> [ RES  MEM :          0.023 GB ] [ VIRT MEM :          0.657 GB ] <<<<< ..
.. >>>>> [ WALL TIME:           0.02  s ] [ CPU  TIME:           0.10  s ] <<<<< ..
 
.. >>>>> [ IO READ: nucl_charge ] <<<<< ..
 
.. >>>>> [ RES  MEM :          0.023 GB ] [ VIRT MEM :          0.657 GB ] <<<<< ..
.. >>>>> [ WALL TIME:           0.02  s ] [ CPU  TIME:           0.12  s ] <<<<< ..
 
 
.. >>>>> [ RES  MEM :          0.023 GB ] [ VIRT MEM :          0.657 GB ] <<<<< ..
.. >>>>> [ WALL TIME:           0.02  s ] [ CPU  TIME:           0.12  s ] <<<<< ..
 

Nuclear Coordinates (Angstroms)
===============================

================ ============ ============ ============ ============
      Atom          Charge          X            Y            Z 
================ ============ ============ ============ ============
H                    1.000000     0.000000     0.000000     0.381040
H                    1.000000     0.000000     0.000000    -0.381040
x                    0.000000     0.000000     0.381040    -3.667198
x                    0.000000     0.000000    -0.381040    -3.667198
================ ============ ============ ============ ============

Minimal interatomic distance found:       0.7621 Angstrom
* mo_num                                                        36
.. >>>>> [ IO READ: level_shift ] <<<<< ..
 
.. >>>>> [ RES  MEM :          0.030 GB ] [ VIRT MEM :          0.731 GB ] <<<<< ..
.. >>>>> [ WALL TIME:           0.09  s ] [ CPU  TIME:           0.56  s ] <<<<< ..
 
.. >>>>> [ IO READ: elec_alpha_num ] <<<<< ..
 
.. >>>>> [ RES  MEM :          0.030 GB ] [ VIRT MEM :          0.731 GB ] <<<<< ..
.. >>>>> [ WALL TIME:           0.09  s ] [ CPU  TIME:           0.56  s ] <<<<< ..
 
.. >>>>> [ IO READ: elec_beta_num ] <<<<< ..
 
.. >>>>> [ RES  MEM :          0.030 GB ] [ VIRT MEM :          0.731 GB ] <<<<< ..
.. >>>>> [ WALL TIME:           0.09  s ] [ CPU  TIME:           0.56  s ] <<<<< ..
 
.. >>>>> [ IO READ: no_oa_or_av_opt ] <<<<< ..
 
.. >>>>> [ RES  MEM :          0.030 GB ] [ VIRT MEM :          0.731 GB ] <<<<< ..
.. >>>>> [ WALL TIME:           0.09  s ] [ CPU  TIME:           0.56  s ] <<<<< ..
 
.. >>>>> [ IO READ: frozen_orb_scf ] <<<<< ..
 
.. >>>>> [ RES  MEM :          0.030 GB ] [ VIRT MEM :          0.731 GB ] <<<<< ..
.. >>>>> [ WALL TIME:           0.09  s ] [ CPU  TIME:           0.56  s ] <<<<< ..
 
.. >>>>> [ IO READ: io_ao_one_e_integrals ] <<<<< ..
 
.. >>>>> [ RES  MEM :          0.030 GB ] [ VIRT MEM :          0.731 GB ] <<<<< ..
.. >>>>> [ WALL TIME:           0.09  s ] [ CPU  TIME:           0.56  s ] <<<<< ..
 
.. >>>>> [ IO READ: io_ao_integrals_kinetic ] <<<<< ..
 
.. >>>>> [ RES  MEM :          0.030 GB ] [ VIRT MEM :          0.731 GB ] <<<<< ..
.. >>>>> [ WALL TIME:           0.09  s ] [ CPU  TIME:           0.56  s ] <<<<< ..
 
.. >>>>> [ IO READ: io_ao_integrals_n_e ] <<<<< ..
 
.. >>>>> [ RES  MEM :          0.030 GB ] [ VIRT MEM :          0.731 GB ] <<<<< ..
.. >>>>> [ WALL TIME:           0.09  s ] [ CPU  TIME:           0.57  s ] <<<<< ..
 
.. >>>>> [ IO READ: point_charges ] <<<<< ..
 
.. >>>>> [ RES  MEM :          0.030 GB ] [ VIRT MEM :          0.731 GB ] <<<<< ..
.. >>>>> [ WALL TIME:           0.09  s ] [ CPU  TIME:           0.57  s ] <<<<< ..
 
.. >>>>> [ IO READ: do_pseudo ] <<<<< ..
 
.. >>>>> [ RES  MEM :          0.030 GB ] [ VIRT MEM :          0.731 GB ] <<<<< ..
.. >>>>> [ WALL TIME:           0.09  s ] [ CPU  TIME:           0.57  s ] <<<<< ..
 
.. >>>>> [ IO READ: do_direct_integrals ] <<<<< ..
 
.. >>>>> [ RES  MEM :          0.030 GB ] [ VIRT MEM :          0.731 GB ] <<<<< ..
.. >>>>> [ WALL TIME:           0.09  s ] [ CPU  TIME:           0.58  s ] <<<<< ..
 
 AO map initialized :                 222111
.. >>>>> [ IO READ: io_ao_two_e_integrals ] <<<<< ..
 
.. >>>>> [ RES  MEM :          0.030 GB ] [ VIRT MEM :          0.731 GB ] <<<<< ..
.. >>>>> [ WALL TIME:           0.09  s ] [ CPU  TIME:           0.58  s ] <<<<< ..
 
 Providing the AO integrals
.. >>>>> [ IO READ: ao_integrals_threshold ] <<<<< ..
 
.. >>>>> [ RES  MEM :          0.031 GB ] [ VIRT MEM :          0.880 GB ] <<<<< ..
.. >>>>> [ WALL TIME:           0.10  s ] [ CPU  TIME:           0.61  s ] <<<<< ..
 
.. >>>>> [ IO READ: is_periodic ] <<<<< ..
 
.. >>>>> [ RES  MEM :          0.031 GB ] [ VIRT MEM :          0.880 GB ] <<<<< ..
.. >>>>> [ WALL TIME:           0.10  s ] [ CPU  TIME:           0.61  s ] <<<<< ..
 
 Sorting the map
 AO integrals provided:
  Size of AO map :            1.30253601074219      MB
  Number of AO integrals :                114642
  cpu  time :   2.03355600000000      s
  wall time :  0.312719106674194      s  ( x    6.50281980409549       )
 
.. >>>>> [ RES  MEM :          0.037 GB ] [ VIRT MEM :          1.437 GB ] <<<<< ..
.. >>>>> [ WALL TIME:           0.43  s ] [ CPU  TIME:           2.77  s ] <<<<< ..
 
 Read mo_occ
.. >>>>> [ IO READ: ao_md5 ] <<<<< ..
 
.. >>>>> [ RES  MEM :          0.037 GB ] [ VIRT MEM :          1.437 GB ] <<<<< ..
.. >>>>> [ WALL TIME:           0.43  s ] [ CPU  TIME:           2.78  s ] <<<<< ..
 
.. >>>>> [ IO READ: io_nuclear_repulsion ] <<<<< ..
 
.. >>>>> [ RES  MEM :          0.038 GB ] [ VIRT MEM :          1.437 GB ] <<<<< ..
.. >>>>> [ WALL TIME:           0.47  s ] [ CPU  TIME:           3.09  s ] <<<<< ..
 
 
.. >>>>> [ RES  MEM :          0.038 GB ] [ VIRT MEM :          1.437 GB ] <<<<< ..
.. >>>>> [ WALL TIME:           0.48  s ] [ CPU  TIME:           3.09  s ] <<<<< ..
 
* Nuclear repulsion energy                          0.6943854306616276    
.. >>>>> [ IO READ: scf_algorithm ] <<<<< ..
 
.. >>>>> [ RES  MEM :          0.038 GB ] [ VIRT MEM :          1.437 GB ] <<<<< ..
.. >>>>> [ WALL TIME:           0.48  s ] [ CPU  TIME:           3.09  s ] <<<<< ..
 
.. >>>>> [ IO READ: n_it_scf_max ] <<<<< ..
 
.. >>>>> [ RES  MEM :          0.038 GB ] [ VIRT MEM :          1.437 GB ] <<<<< ..
.. >>>>> [ WALL TIME:           0.48  s ] [ CPU  TIME:           3.10  s ] <<<<< ..
 
.. >>>>> [ IO READ: max_dim_diis ] <<<<< ..
 
.. >>>>> [ RES  MEM :          0.038 GB ] [ VIRT MEM :          1.437 GB ] <<<<< ..
.. >>>>> [ WALL TIME:           0.48  s ] [ CPU  TIME:           3.11  s ] <<<<< ..
 
.. >>>>> [ IO READ: threshold_diis ] <<<<< ..
 
.. >>>>> [ RES  MEM :          0.038 GB ] [ VIRT MEM :          1.437 GB ] <<<<< ..
.. >>>>> [ WALL TIME:           0.48  s ] [ CPU  TIME:           3.11  s ] <<<<< ..
 
.. >>>>> [ IO READ: thresh_scf ] <<<<< ..
 
.. >>>>> [ RES  MEM :          0.038 GB ] [ VIRT MEM :          1.437 GB ] <<<<< ..
.. >>>>> [ WALL TIME:           0.48  s ] [ CPU  TIME:           3.11  s ] <<<<< ..
 
 
.. >>>>> [ RES  MEM :          0.038 GB ] [ VIRT MEM :          1.437 GB ] <<<<< ..
.. >>>>> [ WALL TIME:           0.48  s ] [ CPU  TIME:           3.11  s ] <<<<< ..
 
 energy of the guess =  -0.935583401778784     
==== ================ ================ ================ ================
  N          energy      energy diff       DIIS error     Level shift   
==== ================ ================ ================ ================
   1    -1.1249507147    -0.1893673129     0.0548700493     0.0000000000   1
   2    -1.1286897375    -0.0037390228     0.0024425412     0.0000000000   2
   3    -1.1287010353    -0.0000112978     0.0002852277     0.0000000000   3
   4    -1.1287011048    -0.0000000695     0.0000248449     0.0000000000   4
   5    -1.1287011053    -0.0000000005     0.0000035837     0.0000000000   5
   6    -1.1287011053    -0.0000000000     0.0000009905     0.0000000000   6
==== ================ ================ ================ ================
 
 
.. >>>>> [ RES  MEM :          0.039 GB ] [ VIRT MEM :          1.437 GB ] <<<<< ..
.. >>>>> [ WALL TIME:           0.76  s ] [ CPU  TIME:           5.00  s ] <<<<< ..
 
MOs are now **Canonical**

Eigenvalues
-----------

======== ================
       1    -0.5862067578
       2     0.0419083629
       3     0.0629235801
       4     0.0677170680
       5     0.0983319207
       6     0.2148698369
       7     0.2484235075
       8     0.2786977931
       9     0.2868398417
      10     0.3032263018
      11     0.3312157365
      12     0.3612407036
      13     0.4249972898
      14     0.4717726724
      15     0.4743523218
      16     0.4827986788
      17     0.5317876391
      18     0.5540371092
      19     0.5675680572
      20     0.6903177357
      21     0.7792009803
      22     1.2131872615
      23     1.4998801171
      24     1.6043404736
      25     1.6134159831
      26     1.8692466575
      27     1.9445303686
      28     2.0004351383
      29     2.1097302191
      30     2.2337635155
      31     2.2436818235
      32     2.4772094222
      33     2.5103302082
      34     2.5266340761
      35     3.5926000707
      36     4.6287171373
======== ================

 
.. >>>>> [ RES  MEM :          0.039 GB ] [ VIRT MEM :          1.437 GB ] <<<<< ..
.. >>>>> [ WALL TIME:           0.77  s ] [ CPU  TIME:           5.00  s ] <<<<< ..
 
* SCF energy                                        -1.128701105345077    
 
.. >>>>> [ RES  MEM :          0.039 GB ] [ VIRT MEM :          1.437 GB ] <<<<< ..
.. >>>>> [ WALL TIME:           0.81  s ] [ CPU  TIME:           5.26  s ] <<<<< ..
 
Wall time: 0:00:02

Date: 07/04/2023 16:48:24
===============
Quantum Package
===============

Git Commit: Fixed SCF tests
Git Date  : Fri Feb 3 11:35:59 2023 +0100
Git SHA1  : 6be30d297b750c8e2eb4de1f5159cd84b499f3cb
EZFIO Dir : A_1.0


Task server running : tcp://127.0.1.1:41279
.. >>>>> [ IO READ: read_wf ] <<<<< ..
 
.. >>>>> [ RES  MEM :          0.022 GB ] [ VIRT MEM :          0.166 GB ] <<<<< ..
.. >>>>> [ WALL TIME:           0.00  s ] [ CPU  TIME:           0.02  s ] <<<<< ..
 
.. >>>>> [ IO READ: n_states ] <<<<< ..
 
.. >>>>> [ RES  MEM :          0.022 GB ] [ VIRT MEM :          0.166 GB ] <<<<< ..
.. >>>>> [ WALL TIME:           0.00  s ] [ CPU  TIME:           0.02  s ] <<<<< ..
 
.. >>>>> [ IO READ: elec_alpha_num ] <<<<< ..
 
.. >>>>> [ RES  MEM :          0.022 GB ] [ VIRT MEM :          0.166 GB ] <<<<< ..
.. >>>>> [ WALL TIME:           0.00  s ] [ CPU  TIME:           0.02  s ] <<<<< ..
 
.. >>>>> [ IO READ: elec_beta_num ] <<<<< ..
 
.. >>>>> [ RES  MEM :          0.022 GB ] [ VIRT MEM :          0.166 GB ] <<<<< ..
.. >>>>> [ WALL TIME:           0.00  s ] [ CPU  TIME:           0.02  s ] <<<<< ..
 
 * mo_label          Canonical
* Number of determinants                                         1
.. >>>>> [ IO READ: n_det_max_full ] <<<<< ..
 
.. >>>>> [ RES  MEM :          0.023 GB ] [ VIRT MEM :          0.658 GB ] <<<<< ..
.. >>>>> [ WALL TIME:           0.00  s ] [ CPU  TIME:           0.02  s ] <<<<< ..
 
.. >>>>> [ IO READ: csf_based ] <<<<< ..
 
.. >>>>> [ RES  MEM :          0.023 GB ] [ VIRT MEM :          0.658 GB ] <<<<< ..
.. >>>>> [ WALL TIME:           0.00  s ] [ CPU  TIME:           0.02  s ] <<<<< ..
 
.. >>>>> [ IO READ: only_expected_s2 ] <<<<< ..
 
.. >>>>> [ RES  MEM :          0.023 GB ] [ VIRT MEM :          0.658 GB ] <<<<< ..
.. >>>>> [ WALL TIME:           0.00  s ] [ CPU  TIME:           0.03  s ] <<<<< ..
 
.. >>>>> [ IO READ: s2_eig ] <<<<< ..
 
.. >>>>> [ RES  MEM :          0.023 GB ] [ VIRT MEM :          0.658 GB ] <<<<< ..
.. >>>>> [ WALL TIME:           0.00  s ] [ CPU  TIME:           0.03  s ] <<<<< ..
 
 
.. >>>>> [ RES  MEM :          0.023 GB ] [ VIRT MEM :          0.658 GB ] <<<<< ..
.. >>>>> [ WALL TIME:           0.00  s ] [ CPU  TIME:           0.03  s ] <<<<< ..
 
 Read  n_states_diag
.. >>>>> [ IO READ: threshold_davidson ] <<<<< ..
 
.. >>>>> [ RES  MEM :          0.023 GB ] [ VIRT MEM :          0.658 GB ] <<<<< ..
.. >>>>> [ WALL TIME:           0.01  s ] [ CPU  TIME:           0.03  s ] <<<<< ..
 
.. >>>>> [ IO READ: distributed_davidson ] <<<<< ..
 
.. >>>>> [ RES  MEM :          0.023 GB ] [ VIRT MEM :          0.658 GB ] <<<<< ..
.. >>>>> [ WALL TIME:           0.01  s ] [ CPU  TIME:           0.03  s ] <<<<< ..
 
* mo_num                                                        36
* N_int                                                          1
.. >>>>> [ IO READ: ao_num ] <<<<< ..
 
.. >>>>> [ RES  MEM :          0.023 GB ] [ VIRT MEM :          0.658 GB ] <<<<< ..
.. >>>>> [ WALL TIME:           0.01  s ] [ CPU  TIME:           0.04  s ] <<<<< ..
 
 Read  mo_coef
.. >>>>> [ IO READ: io_mo_two_e_integrals ] <<<<< ..
 
.. >>>>> [ RES  MEM :          0.024 GB ] [ VIRT MEM :          0.658 GB ] <<<<< ..
.. >>>>> [ WALL TIME:           0.01  s ] [ CPU  TIME:           0.07  s ] <<<<< ..
 
 MO map initialized:                 222111
.. >>>>> [ IO READ: no_vvvv_integrals ] <<<<< ..
 
.. >>>>> [ RES  MEM :          0.024 GB ] [ VIRT MEM :          0.658 GB ] <<<<< ..
.. >>>>> [ WALL TIME:           0.01  s ] [ CPU  TIME:           0.07  s ] <<<<< ..
 
.. >>>>> [ IO READ: mo_class ] <<<<< ..
 
.. >>>>> [ RES  MEM :          0.024 GB ] [ VIRT MEM :          0.658 GB ] <<<<< ..
.. >>>>> [ WALL TIME:           0.01  s ] [ CPU  TIME:           0.10  s ] <<<<< ..
 
.. >>>>> [ IO READ: io_ao_two_e_integrals ] <<<<< ..
 
.. >>>>> [ RES  MEM :          0.024 GB ] [ VIRT MEM :          0.658 GB ] <<<<< ..
.. >>>>> [ WALL TIME:           0.02  s ] [ CPU  TIME:           0.10  s ] <<<<< ..
 
 AO map initialized :                 222111
 Providing the AO integrals
.. >>>>> [ IO READ: use_cosgtos ] <<<<< ..
 
.. >>>>> [ RES  MEM :          0.024 GB ] [ VIRT MEM :          0.658 GB ] <<<<< ..
.. >>>>> [ WALL TIME:           0.02  s ] [ CPU  TIME:           0.11  s ] <<<<< ..
 
.. >>>>> [ IO READ: ao_prim_num ] <<<<< ..
 
.. >>>>> [ RES  MEM :          0.024 GB ] [ VIRT MEM :          0.658 GB ] <<<<< ..
.. >>>>> [ WALL TIME:           0.02  s ] [ CPU  TIME:           0.11  s ] <<<<< ..
 
.. >>>>> [ IO READ: ao_normalized ] <<<<< ..
 
.. >>>>> [ RES  MEM :          0.024 GB ] [ VIRT MEM :          0.658 GB ] <<<<< ..
.. >>>>> [ WALL TIME:           0.02  s ] [ CPU  TIME:           0.11  s ] <<<<< ..
 
.. >>>>> [ IO READ: primitives_normalized ] <<<<< ..
 
.. >>>>> [ RES  MEM :          0.024 GB ] [ VIRT MEM :          0.658 GB ] <<<<< ..
.. >>>>> [ WALL TIME:           0.02  s ] [ CPU  TIME:           0.12  s ] <<<<< ..
 
.. >>>>> [ IO READ: ao_power ] <<<<< ..
 
.. >>>>> [ RES  MEM :          0.024 GB ] [ VIRT MEM :          0.658 GB ] <<<<< ..
.. >>>>> [ WALL TIME:           0.02  s ] [ CPU  TIME:           0.12  s ] <<<<< ..
 
.. >>>>> [ IO READ: prim_num ] <<<<< ..
 
.. >>>>> [ RES  MEM :          0.024 GB ] [ VIRT MEM :          0.658 GB ] <<<<< ..
.. >>>>> [ WALL TIME:           0.02  s ] [ CPU  TIME:           0.12  s ] <<<<< ..
 
.. >>>>> [ IO READ: prim_expo ] <<<<< ..
 
.. >>>>> [ RES  MEM :          0.024 GB ] [ VIRT MEM :          0.658 GB ] <<<<< ..
.. >>>>> [ WALL TIME:           0.02  s ] [ CPU  TIME:           0.13  s ] <<<<< ..
 
.. >>>>> [ IO READ: prim_coef ] <<<<< ..
 
.. >>>>> [ RES  MEM :          0.024 GB ] [ VIRT MEM :          0.658 GB ] <<<<< ..
.. >>>>> [ WALL TIME:           0.02  s ] [ CPU  TIME:           0.13  s ] <<<<< ..
 
.. >>>>> [ IO READ: shell_index ] <<<<< ..
 
.. >>>>> [ RES  MEM :          0.024 GB ] [ VIRT MEM :          0.658 GB ] <<<<< ..
.. >>>>> [ WALL TIME:           0.02  s ] [ CPU  TIME:           0.13  s ] <<<<< ..
 
.. >>>>> [ IO READ: shell_num ] <<<<< ..
 
.. >>>>> [ RES  MEM :          0.024 GB ] [ VIRT MEM :          0.658 GB ] <<<<< ..
.. >>>>> [ WALL TIME:           0.02  s ] [ CPU  TIME:           0.14  s ] <<<<< ..
 
.. >>>>> [ IO READ: shell_prim_num ] <<<<< ..
 
.. >>>>> [ RES  MEM :          0.024 GB ] [ VIRT MEM :          0.658 GB ] <<<<< ..
.. >>>>> [ WALL TIME:           0.02  s ] [ CPU  TIME:           0.14  s ] <<<<< ..
 
.. >>>>> [ IO READ: shell_ang_mom ] <<<<< ..
 
.. >>>>> [ RES  MEM :          0.024 GB ] [ VIRT MEM :          0.658 GB ] <<<<< ..
.. >>>>> [ WALL TIME:           0.02  s ] [ CPU  TIME:           0.14  s ] <<<<< ..
 
.. >>>>> [ IO READ: ao_nucl ] <<<<< ..
 
.. >>>>> [ RES  MEM :          0.024 GB ] [ VIRT MEM :          0.658 GB ] <<<<< ..
.. >>>>> [ WALL TIME:           0.02  s ] [ CPU  TIME:           0.17  s ] <<<<< ..
 
.. >>>>> [ IO READ: ao_integrals_threshold ] <<<<< ..
 
.. >>>>> [ RES  MEM :          0.024 GB ] [ VIRT MEM :          0.807 GB ] <<<<< ..
.. >>>>> [ WALL TIME:           0.04  s ] [ CPU  TIME:           0.24  s ] <<<<< ..
 
.. >>>>> [ IO READ: is_periodic ] <<<<< ..
 
.. >>>>> [ RES  MEM :          0.024 GB ] [ VIRT MEM :          0.807 GB ] <<<<< ..
.. >>>>> [ WALL TIME:           0.04  s ] [ CPU  TIME:           0.24  s ] <<<<< ..
 
.. >>>>> [ IO READ: nucl_num ] <<<<< ..
 
.. >>>>> [ RES  MEM :          0.025 GB ] [ VIRT MEM :          0.987 GB ] <<<<< ..
.. >>>>> [ WALL TIME:           0.04  s ] [ CPU  TIME:           0.25  s ] <<<<< ..
 
.. >>>>> [ IO READ: nucl_label ] <<<<< ..
 
.. >>>>> [ RES  MEM :          0.025 GB ] [ VIRT MEM :          1.729 GB ] <<<<< ..
.. >>>>> [ WALL TIME:           0.04  s ] [ CPU  TIME:           0.31  s ] <<<<< ..
 
.. >>>>> [ IO READ: nucl_charge ] <<<<< ..
 
.. >>>>> [ RES  MEM :          0.025 GB ] [ VIRT MEM :          1.791 GB ] <<<<< ..
.. >>>>> [ WALL TIME:           0.05  s ] [ CPU  TIME:           0.33  s ] <<<<< ..
 
 
.. >>>>> [ RES  MEM :          0.025 GB ] [ VIRT MEM :          1.791 GB ] <<<<< ..
.. >>>>> [ WALL TIME:           0.05  s ] [ CPU  TIME:           0.33  s ] <<<<< ..
 

Nuclear Coordinates (Angstroms)
===============================

================ ============ ============ ============ ============
      Atom          Charge          X            Y            Z 
================ ============ ============ ============ ============
H                    1.000000     0.000000     0.000000     0.381040
H                    1.000000     0.000000     0.000000    -0.381040
x                    0.000000     0.000000     0.381040    -3.667198
x                    0.000000     0.000000    -0.381040    -3.667198
================ ============ ============ ============ ============

Minimal interatomic distance found:       0.7621 Angstrom
 Sorting the map
 AO integrals provided:
  Size of AO map :            1.30253601074219      MB
  Number of AO integrals :                114642
  cpu  time :   2.16779300000000      s
  wall time :  0.298922061920166      s  ( x    7.25203414587365       )
 
 AO -> MO integrals transformation
 ---------------------------------
 
* Target maximum memory (GB)                                  2000
.. >>>>> [ IO READ: mo_integrals_threshold ] <<<<< ..
 
.. >>>>> [ RES  MEM :          0.029 GB ] [ VIRT MEM :          1.854 GB ] <<<<< ..
.. >>>>> [ WALL TIME:           0.31  s ] [ CPU  TIME:           2.27  s ] <<<<< ..
 
 Getting AOs
.. >>>>> [ IO READ: io_ao_integrals_overlap ] <<<<< ..
 
.. >>>>> [ RES  MEM :          0.029 GB ] [ VIRT MEM :          1.867 GB ] <<<<< ..
.. >>>>> [ WALL TIME:           0.31  s ] [ CPU  TIME:           2.27  s ] <<<<< ..
 
.. >>>>> [ IO READ: ao_one_e_integrals_threshold ] <<<<< ..
 
.. >>>>> [ RES  MEM :          0.029 GB ] [ VIRT MEM :          1.867 GB ] <<<<< ..
.. >>>>> [ WALL TIME:           0.31  s ] [ CPU  TIME:           2.27  s ] <<<<< ..
 
 1st transformation
 2nd transformation
 3rd transformation
 4th transformation
 Molecular integrals provided:
  Size of MO map              3.90697288513184      MB
  Number of MO integrals:                 169646
  cpu  time :   2.57642500000000      s
  wall time :  0.333530902862549      s  ( x    7.72469650604391      )
.. >>>>> [ IO READ: io_mo_integrals_n_e ] <<<<< ..
 
.. >>>>> [ RES  MEM :          0.094 GB ] [ VIRT MEM :          4.196 GB ] <<<<< ..
.. >>>>> [ WALL TIME:           0.69  s ] [ CPU  TIME:           5.16  s ] <<<<< ..
 
.. >>>>> [ IO READ: io_ao_integrals_n_e ] <<<<< ..
 
.. >>>>> [ RES  MEM :          0.094 GB ] [ VIRT MEM :          4.196 GB ] <<<<< ..
.. >>>>> [ WALL TIME:           0.69  s ] [ CPU  TIME:           5.16  s ] <<<<< ..
 
.. >>>>> [ IO READ: point_charges ] <<<<< ..
 
.. >>>>> [ RES  MEM :          0.094 GB ] [ VIRT MEM :          4.196 GB ] <<<<< ..
.. >>>>> [ WALL TIME:           0.69  s ] [ CPU  TIME:           5.16  s ] <<<<< ..
 
.. >>>>> [ IO READ: do_pseudo ] <<<<< ..
 
.. >>>>> [ RES  MEM :          0.094 GB ] [ VIRT MEM :          4.196 GB ] <<<<< ..
.. >>>>> [ WALL TIME:           0.69  s ] [ CPU  TIME:           5.17  s ] <<<<< ..
 
.. >>>>> [ IO READ: io_mo_integrals_kinetic ] <<<<< ..
 
.. >>>>> [ RES  MEM :          0.094 GB ] [ VIRT MEM :          4.196 GB ] <<<<< ..
.. >>>>> [ WALL TIME:           0.69  s ] [ CPU  TIME:           5.18  s ] <<<<< ..
 
.. >>>>> [ IO READ: io_ao_integrals_kinetic ] <<<<< ..
 
.. >>>>> [ RES  MEM :          0.094 GB ] [ VIRT MEM :          4.196 GB ] <<<<< ..
.. >>>>> [ WALL TIME:           0.69  s ] [ CPU  TIME:           5.18  s ] <<<<< ..
 
.. >>>>> [ IO READ: io_mo_one_e_integrals ] <<<<< ..
 
.. >>>>> [ RES  MEM :          0.094 GB ] [ VIRT MEM :          4.196 GB ] <<<<< ..
.. >>>>> [ WALL TIME:           0.69  s ] [ CPU  TIME:           5.19  s ] <<<<< ..
 
 Providing the one-electron integrals
 Providing the H_matrix_all_dets ...
 H_matrix_all_dets done 
 Diagonalization of H using Lapack
.. >>>>> [ IO READ: io_nuclear_repulsion ] <<<<< ..
 
.. >>>>> [ RES  MEM :          0.095 GB ] [ VIRT MEM :          4.219 GB ] <<<<< ..
.. >>>>> [ WALL TIME:           0.69  s ] [ CPU  TIME:           5.20  s ] <<<<< ..
 
 
.. >>>>> [ RES  MEM :          0.095 GB ] [ VIRT MEM :          4.219 GB ] <<<<< ..
.. >>>>> [ WALL TIME:           0.69  s ] [ CPU  TIME:           5.20  s ] <<<<< ..
 
* Nuclear repulsion energy                          0.6943854306616276    
 
.. >>>>> [ RES  MEM :          0.095 GB ] [ VIRT MEM :          4.219 GB ] <<<<< ..
.. >>>>> [ WALL TIME:           0.69  s ] [ CPU  TIME:           5.20  s ] <<<<< ..
 
* Energy of state    1                              -1.128701105347040    
* S^2 of state    1                                  0.000000000000000    
.. >>>>> [ IO READ: weight_one_e_dm ] <<<<< ..
 
.. >>>>> [ RES  MEM :          0.095 GB ] [ VIRT MEM :          4.219 GB ] <<<<< ..
.. >>>>> [ WALL TIME:           0.69  s ] [ CPU  TIME:           5.20  s ] <<<<< ..
 
.. >>>>> [ IO READ: save_threshold ] <<<<< ..
 
.. >>>>> [ RES  MEM :          0.095 GB ] [ VIRT MEM :          4.219 GB ] <<<<< ..
.. >>>>> [ WALL TIME:           0.69  s ] [ CPU  TIME:           5.20  s ] <<<<< ..
 
.. >>>>> [ IO READ: pseudo_sym ] <<<<< ..
 
.. >>>>> [ RES  MEM :          0.095 GB ] [ VIRT MEM :          4.219 GB ] <<<<< ..
.. >>>>> [ WALL TIME:           0.69  s ] [ CPU  TIME:           5.20  s ] <<<<< ..
 
* Number of active   MOs                                        36
 Active MOs:
           1           2           3           4           5           6
           7           8           9          10          11          12
          13          14          15          16          17          18
          19          20          21          22          23          24
          25          26          27          28          29          30
          31          32          33          34          35          36
* Number of virtual  MOs                                         0
* Number of inactive MOs                                         0
.. >>>>> [ IO READ: pruning ] <<<<< ..
 
.. >>>>> [ RES  MEM :          0.098 GB ] [ VIRT MEM :          4.237 GB ] <<<<< ..
.. >>>>> [ WALL TIME:           0.69  s ] [ CPU  TIME:           5.21  s ] <<<<< ..
 
* Number of configurations                                     666
 
.. >>>>> [ RES  MEM :          0.098 GB ] [ VIRT MEM :          4.237 GB ] <<<<< ..
.. >>>>> [ WALL TIME:           0.70  s ] [ CPU  TIME:           5.23  s ] <<<<< ..
 
.. >>>>> [ IO READ: davidson_sze_max ] <<<<< ..
 
.. >>>>> [ RES  MEM :          0.098 GB ] [ VIRT MEM :          4.237 GB ] <<<<< ..
.. >>>>> [ WALL TIME:           0.70  s ] [ CPU  TIME:           5.23  s ] <<<<< ..
 
.. >>>>> [ IO READ: state_following ] <<<<< ..
 
.. >>>>> [ RES  MEM :          0.098 GB ] [ VIRT MEM :          4.237 GB ] <<<<< ..
.. >>>>> [ WALL TIME:           0.70  s ] [ CPU  TIME:           5.23  s ] <<<<< ..
 
.. >>>>> [ IO READ: disk_based_davidson ] <<<<< ..
 
.. >>>>> [ RES  MEM :          0.098 GB ] [ VIRT MEM :          4.237 GB ] <<<<< ..
.. >>>>> [ WALL TIME:           0.70  s ] [ CPU  TIME:           5.23  s ] <<<<< ..
 
* Number of unique alpha determinants                           36
* Number of unique beta determinants                            36
.. >>>>> [ IO READ: threshold_davidson_from_pt2 ] <<<<< ..
 
.. >>>>> [ RES  MEM :          0.099 GB ] [ VIRT MEM :          4.237 GB ] <<<<< ..
.. >>>>> [ WALL TIME:           0.70  s ] [ CPU  TIME:           5.24  s ] <<<<< ..
 
 
.. >>>>> [ RES  MEM :          0.099 GB ] [ VIRT MEM :          4.237 GB ] <<<<< ..
.. >>>>> [ WALL TIME:           0.70  s ] [ CPU  TIME:           5.24  s ] <<<<< ..
 

Davidson Diagonalization
------------------------

* Number of states                                               1
* Number of states in diagonalization                            4
* Number of determinants                                      1296
* Number of threads for diagonalization                          8
* Memory(Gb)                                        0.1963693648576736E-02

===== ================ =========== =========== 
Iter       Energy          S^2       Residual  
===== ================ =========== =========== 
   0     -1.1287057452    0.000000   0.140E-01
   1     -1.1636752733    0.000002   0.421E-03
   2     -1.1649011506    0.000000   0.246E-04
   3     -1.1649420559    0.000000   0.331E-06
   4     -1.1649426397    0.000000   0.611E-08
   5     -1.1649426530    0.000000   0.209E-09
   6     -1.1649426534    0.000000   0.790E-11
====== ================ =========== ===========

 
.. >>>>> [ RES  MEM :          0.103 GB ] [ VIRT MEM :          4.253 GB ] <<<<< ..
.. >>>>> [ WALL TIME:           1.01  s ] [ CPU  TIME:           7.73  s ] <<<<< ..
 
 
.. >>>>> [ RES  MEM :          0.104 GB ] [ VIRT MEM :          4.252 GB ] <<<<< ..
.. >>>>> [ WALL TIME:           1.03  s ] [ CPU  TIME:           7.89  s ] <<<<< ..
 
* Energy of state    1                              -1.164942653414603    
* S^2 of state    1                                 0.1303897513039587E-10
* Saved determinants                                           442
 
.. >>>>> [ RES  MEM :          0.104 GB ] [ VIRT MEM :          4.252 GB ] <<<<< ..
.. >>>>> [ WALL TIME:           1.04  s ] [ CPU  TIME:           7.95  s ] <<<<< ..
 

Davidson Diagonalization
------------------------

* Number of states                                               1
* Number of states in diagonalization                            4
* Number of determinants                                      1296
* Number of threads for diagonalization                          8
* Memory(Gb)                                        0.1963693648576736E-02

===== ================ =========== =========== 
Iter       Energy          S^2       Residual  
===== ================ =========== =========== 
   0     -1.1649426534    0.000000   0.790E-11
   1     -1.1649426534    0.000000   0.809E-12
====== ================ =========== ===========

 
.. >>>>> [ RES  MEM :          0.104 GB ] [ VIRT MEM :          4.252 GB ] <<<<< ..
.. >>>>> [ WALL TIME:           1.18  s ] [ CPU  TIME:           8.93  s ] <<<<< ..
 
 
.. >>>>> [ RES  MEM :          0.104 GB ] [ VIRT MEM :          4.252 GB ] <<<<< ..
.. >>>>> [ WALL TIME:           1.18  s ] [ CPU  TIME:           8.95  s ] <<<<< ..
 
* Energy of state    1                              -1.164942653428854    
* S^2 of state    1                                 0.2801490338095657E-11
 N_det =         1296
 
 ******************************
 CISD Energies
           1  -1.16494265342885     
Wall time: 0:00:02

