Date: 11/04/2023 20:45:34
===============
Quantum Package
===============

Git Commit: Dev stable
Git Date  : Tue Apr 11 12:59:43 2023 +0200
Git SHA1  : 06be65745fb201a2002e9a49a96b0101f84f5b14
EZFIO Dir : B_4.0


Task server running : tcp://127.0.1.1:41279
.. >>>>> [ IO READ: io_mo_two_e_integrals ] <<<<< ..
 
.. >>>>> [ RES  MEM :          0.023 GB ] [ VIRT MEM :          0.166 GB ] <<<<< ..
.. >>>>> [ WALL TIME:           0.00  s ] [ CPU  TIME:           0.02  s ] <<<<< ..
 
* mo_num                                                        27
 MO map initialized:                  71631
.. >>>>> [ IO READ: no_vvvv_integrals ] <<<<< ..
 
.. >>>>> [ RES  MEM :          0.023 GB ] [ VIRT MEM :          0.166 GB ] <<<<< ..
.. >>>>> [ WALL TIME:           0.00  s ] [ CPU  TIME:           0.02  s ] <<<<< ..
 
.. >>>>> [ IO READ: mo_class ] <<<<< ..
* N_int                                                          1
 AO map initialized :                  71631
 Providing the AO integrals
 
.. >>>>> [ RES  MEM :          0.024 GB ] [ VIRT MEM :          0.315 GB ] <<<<< ..
.. >>>>> [ WALL TIME:           0.01  s ] [ CPU  TIME:           0.03  s ] <<<<< ..
 

Nuclear Coordinates (Angstroms)
===============================

================ ============ ============ ============ ============
      Atom          Charge          X            Y            Z 
================ ============ ============ ============ ============
x                    0.000000     0.000000     0.000000     0.000000
H                    1.000000     0.000000     0.381040    -2.116709
H                    1.000000     0.000000    -0.381040    -2.116709
================ ============ ============ ============ ============

Minimal interatomic distance found:       0.7621 Angstrom
 Sorting the map
 AO integrals provided:
  Size of AO map :           0.381711959838867      MB
  Number of AO integrals :                 35469
  cpu  time :  0.110092000000000      s
  wall time :  0.121577024459839      s  ( x   0.905532936746344       )
 
 AO -> MO integrals transformation
 ---------------------------------
 
* Target maximum memory (GB)                                  2000
.. >>>>> [ IO READ: mo_integrals_threshold ] <<<<< ..
 
.. >>>>> [ RES  MEM :          0.026 GB ] [ VIRT MEM :          0.377 GB ] <<<<< ..
.. >>>>> [ WALL TIME:           0.12  s ] [ CPU  TIME:           0.13  s ] <<<<< ..
 
 Read  mo_coef
 Getting AOs
.. >>>>> [ IO READ: io_ao_integrals_overlap ] <<<<< ..
 
.. >>>>> [ RES  MEM :          0.026 GB ] [ VIRT MEM :          0.381 GB ] <<<<< ..
.. >>>>> [ WALL TIME:           0.12  s ] [ CPU  TIME:           0.13  s ] <<<<< ..
 
.. >>>>> [ IO READ: ao_one_e_integrals_threshold ] <<<<< ..
 
.. >>>>> [ RES  MEM :          0.026 GB ] [ VIRT MEM :          0.381 GB ] <<<<< ..
.. >>>>> [ WALL TIME:           0.12  s ] [ CPU  TIME:           0.13  s ] <<<<< ..
 
 1st transformation
 2nd transformation
 3rd transformation
 4th transformation
 Molecular integrals provided:
  Size of MO map             0.572484970092773      MB
  Number of MO integrals:                  27640
  cpu  time :  0.215802000000000      s
  wall time :  0.117973089218140      s  ( x    1.82924768207916      )
.. >>>>> [ IO READ: do_pt2 ] <<<<< ..
 
.. >>>>> [ RES  MEM :          0.051 GB ] [ VIRT MEM :          0.609 GB ] <<<<< ..
.. >>>>> [ WALL TIME:           0.24  s ] [ CPU  TIME:           0.35  s ] <<<<< ..
 
.. >>>>> [ IO READ: read_wf ] <<<<< ..
 
.. >>>>> [ RES  MEM :          0.051 GB ] [ VIRT MEM :          0.609 GB ] <<<<< ..
.. >>>>> [ WALL TIME:           0.24  s ] [ CPU  TIME:           0.35  s ] <<<<< ..
 
 * mo_label          Canonical
* Number of determinants                                         1
.. >>>>> [ IO READ: elec_beta_num ] <<<<< ..
 
.. >>>>> [ RES  MEM :          0.051 GB ] [ VIRT MEM :          0.609 GB ] <<<<< ..
.. >>>>> [ WALL TIME:           0.24  s ] [ CPU  TIME:           0.35  s ] <<<<< ..
 
.. >>>>> [ IO READ: elec_alpha_num ] <<<<< ..
 
.. >>>>> [ RES  MEM :          0.051 GB ] [ VIRT MEM :          0.609 GB ] <<<<< ..
.. >>>>> [ WALL TIME:           0.24  s ] [ CPU  TIME:           0.35  s ] <<<<< ..
 
.. >>>>> [ IO READ: n_states ] <<<<< ..
 
.. >>>>> [ RES  MEM :          0.051 GB ] [ VIRT MEM :          0.609 GB ] <<<<< ..
.. >>>>> [ WALL TIME:           0.24  s ] [ CPU  TIME:           0.35  s ] <<<<< ..
 
.. >>>>> [ IO READ: io_mo_integrals_n_e ] <<<<< ..
 
.. >>>>> [ RES  MEM :          0.052 GB ] [ VIRT MEM :          2.710 GB ] <<<<< ..
.. >>>>> [ WALL TIME:           0.29  s ] [ CPU  TIME:           0.42  s ] <<<<< ..
 
.. >>>>> [ IO READ: io_ao_integrals_n_e ] <<<<< ..
 
.. >>>>> [ RES  MEM :          0.052 GB ] [ VIRT MEM :          2.710 GB ] <<<<< ..
.. >>>>> [ WALL TIME:           0.29  s ] [ CPU  TIME:           0.42  s ] <<<<< ..
 
.. >>>>> [ IO READ: do_pseudo ] <<<<< ..
 
.. >>>>> [ RES  MEM :          0.052 GB ] [ VIRT MEM :          2.710 GB ] <<<<< ..
.. >>>>> [ WALL TIME:           0.30  s ] [ CPU  TIME:           0.42  s ] <<<<< ..
 
.. >>>>> [ IO READ: io_mo_integrals_kinetic ] <<<<< ..
 
.. >>>>> [ RES  MEM :          0.052 GB ] [ VIRT MEM :          2.710 GB ] <<<<< ..
.. >>>>> [ WALL TIME:           0.30  s ] [ CPU  TIME:           0.43  s ] <<<<< ..
 
.. >>>>> [ IO READ: io_ao_integrals_kinetic ] <<<<< ..
 
.. >>>>> [ RES  MEM :          0.052 GB ] [ VIRT MEM :          2.710 GB ] <<<<< ..
.. >>>>> [ WALL TIME:           0.30  s ] [ CPU  TIME:           0.43  s ] <<<<< ..
 
.. >>>>> [ IO READ: io_mo_one_e_integrals ] <<<<< ..
 
.. >>>>> [ RES  MEM :          0.052 GB ] [ VIRT MEM :          2.710 GB ] <<<<< ..
.. >>>>> [ WALL TIME:           0.30  s ] [ CPU  TIME:           0.43  s ] <<<<< ..
 
 Providing the one-electron integrals
 Providing the H_matrix_all_dets ...
 H_matrix_all_dets done 
 
.. >>>>> [ RES  MEM :          0.052 GB ] [ VIRT MEM :          2.710 GB ] <<<<< ..
.. >>>>> [ WALL TIME:           0.30  s ] [ CPU  TIME:           0.43  s ] <<<<< ..
 
* Nuclear repulsion energy                          0.6943856145521005    
.. >>>>> [ IO READ: weight_one_e_dm ] <<<<< ..
 
.. >>>>> [ RES  MEM :          0.052 GB ] [ VIRT MEM :          2.710 GB ] <<<<< ..
.. >>>>> [ WALL TIME:           0.30  s ] [ CPU  TIME:           0.43  s ] <<<<< ..
 
.. >>>>> [ IO READ: save_wf_after_selection ] <<<<< ..
 
.. >>>>> [ RES  MEM :          0.052 GB ] [ VIRT MEM :          2.710 GB ] <<<<< ..
.. >>>>> [ WALL TIME:           0.30  s ] [ CPU  TIME:           0.43  s ] <<<<< ..
 
 
.. >>>>> [ RES  MEM :          0.053 GB ] [ VIRT MEM :          2.710 GB ] <<<<< ..
.. >>>>> [ WALL TIME:           0.30  s ] [ CPU  TIME:           0.43  s ] <<<<< ..
 
.. >>>>> [ IO READ: selection_factor ] <<<<< ..
 
.. >>>>> [ RES  MEM :          0.053 GB ] [ VIRT MEM :          2.710 GB ] <<<<< ..
.. >>>>> [ WALL TIME:           0.30  s ] [ CPU  TIME:           0.43  s ] <<<<< ..
 
.. >>>>> [ IO READ: n_det_max ] <<<<< ..
 
.. >>>>> [ RES  MEM :          0.053 GB ] [ VIRT MEM :          2.710 GB ] <<<<< ..
.. >>>>> [ WALL TIME:           0.30  s ] [ CPU  TIME:           0.43  s ] <<<<< ..
 
.. >>>>> [ IO READ: pt2_max ] <<<<< ..
 
.. >>>>> [ RES  MEM :          0.053 GB ] [ VIRT MEM :          2.710 GB ] <<<<< ..
.. >>>>> [ WALL TIME:           0.30  s ] [ CPU  TIME:           0.43  s ] <<<<< ..
 
.. >>>>> [ IO READ: variance_max ] <<<<< ..
 
.. >>>>> [ RES  MEM :          0.053 GB ] [ VIRT MEM :          2.710 GB ] <<<<< ..
.. >>>>> [ WALL TIME:           0.30  s ] [ CPU  TIME:           0.43  s ] <<<<< ..
 
.. >>>>> [ IO READ: correlation_energy_ratio_max ] <<<<< ..
 
.. >>>>> [ RES  MEM :          0.053 GB ] [ VIRT MEM :          2.710 GB ] <<<<< ..
.. >>>>> [ WALL TIME:           0.30  s ] [ CPU  TIME:           0.43  s ] <<<<< ..
 
.. >>>>> [ IO READ: s2_eig ] <<<<< ..
 
.. >>>>> [ RES  MEM :          0.053 GB ] [ VIRT MEM :          2.710 GB ] <<<<< ..
.. >>>>> [ WALL TIME:           0.30  s ] [ CPU  TIME:           0.43  s ] <<<<< ..
 
.. >>>>> [ IO READ: pt2_relative_error ] <<<<< ..
 
.. >>>>> [ RES  MEM :          0.053 GB ] [ VIRT MEM :          2.710 GB ] <<<<< ..
.. >>>>> [ WALL TIME:           0.30  s ] [ CPU  TIME:           0.43  s ] <<<<< ..
 
.. >>>>> [ IO READ: threshold_generators ] <<<<< ..
 
.. >>>>> [ RES  MEM :          0.053 GB ] [ VIRT MEM :          2.710 GB ] <<<<< ..
.. >>>>> [ WALL TIME:           0.30  s ] [ CPU  TIME:           0.43  s ] <<<<< ..
 
* Number of configurations                                       1
 
.. >>>>> [ RES  MEM :          0.053 GB ] [ VIRT MEM :          2.710 GB ] <<<<< ..
.. >>>>> [ WALL TIME:           0.30  s ] [ CPU  TIME:           0.43  s ] <<<<< ..
 
 Diagonalization of H using Lapack
 
.. >>>>> [ RES  MEM :          0.053 GB ] [ VIRT MEM :          2.710 GB ] <<<<< ..
.. >>>>> [ WALL TIME:           0.30  s ] [ CPU  TIME:           0.43  s ] <<<<< ..
 
* Energy of state    1                              -1.128771550196555    
* S^2 of state    1                                  0.000000000000000    
--------------------------------------------------------------------------------
 
.. >>>>> [ RES  MEM :          0.053 GB ] [ VIRT MEM :          2.711 GB ] <<<<< ..
.. >>>>> [ WALL TIME:           0.30  s ] [ CPU  TIME:           0.43  s ] <<<<< ..
 
* Number of generators                                           1
* Number of comb teeth                                           1
.. >>>>> [ IO READ: h0_type ] <<<<< ..
 
.. >>>>> [ RES  MEM :          0.053 GB ] [ VIRT MEM :          2.711 GB ] <<<<< ..
.. >>>>> [ WALL TIME:           0.30  s ] [ CPU  TIME:           0.43  s ] <<<<< ..
 
.. >>>>> [ IO READ: excitation_beta_max ] <<<<< ..
 
.. >>>>> [ RES  MEM :          0.053 GB ] [ VIRT MEM :          2.711 GB ] <<<<< ..
.. >>>>> [ WALL TIME:           0.30  s ] [ CPU  TIME:           0.43  s ] <<<<< ..
 
.. >>>>> [ IO READ: excitation_alpha_max ] <<<<< ..
 
.. >>>>> [ RES  MEM :          0.053 GB ] [ VIRT MEM :          2.711 GB ] <<<<< ..
.. >>>>> [ WALL TIME:           0.30  s ] [ CPU  TIME:           0.43  s ] <<<<< ..
 
.. >>>>> [ IO READ: excitation_max ] <<<<< ..
 
.. >>>>> [ RES  MEM :          0.053 GB ] [ VIRT MEM :          2.711 GB ] <<<<< ..
.. >>>>> [ WALL TIME:           0.30  s ] [ CPU  TIME:           0.43  s ] <<<<< ..
 
* Number of active   MOs                                        27
* Number of inactive MOs                                         0
* Number of core     MOs                                         0
* Number of virtual  MOs                                         0
* Number of deleted  MOs                                         0
.. >>>>> [ IO READ: seniority_max ] <<<<< ..
 
.. >>>>> [ RES  MEM :          0.053 GB ] [ VIRT MEM :          2.711 GB ] <<<<< ..
.. >>>>> [ WALL TIME:           0.30  s ] [ CPU  TIME:           0.43  s ] <<<<< ..
 
.. >>>>> [ IO READ: weight_selection ] <<<<< ..
 
.. >>>>> [ RES  MEM :          0.053 GB ] [ VIRT MEM :          2.711 GB ] <<<<< ..
.. >>>>> [ WALL TIME:           0.30  s ] [ CPU  TIME:           0.43  s ] <<<<< ..
 
 Using 1/c_max^2 weight in selection
 # Total weight   3.3333333E-21  0.3333333      0.3333333      0.3333333    
.. >>>>> [ IO READ: pseudo_sym ] <<<<< ..
 
.. >>>>> [ RES  MEM :          0.053 GB ] [ VIRT MEM :          2.711 GB ] <<<<< ..
.. >>>>> [ WALL TIME:           0.30  s ] [ CPU  TIME:           0.43  s ] <<<<< ..
 
* Number of unique beta determinants                             1
* Number of unique alpha determinants                            1
 
.. >>>>> [ RES  MEM :          0.053 GB ] [ VIRT MEM :          2.711 GB ] <<<<< ..
.. >>>>> [ WALL TIME:           0.30  s ] [ CPU  TIME:           0.43  s ] <<<<< ..
 
* Number of selectors                                            1
.. >>>>> [ IO READ: pt2_min_parallel_tasks ] <<<<< ..
 
.. >>>>> [ RES  MEM :          0.053 GB ] [ VIRT MEM :          2.711 GB ] <<<<< ..
.. >>>>> [ WALL TIME:           0.30  s ] [ CPU  TIME:           0.43  s ] <<<<< ..
 
* pt2_n_tasks_max                                                1
* PT2 Energy denominator                            -1.128771550196555    
* PT2 Energy denominator                            0.6943856145521005    
* PT2 Energy denominator                            0.6943856145521005    
* PT2 Energy denominator                            0.6943856145521005    
* Estimated memory/thread (Gb)                      0.1043081283569336E-06
 Active MOs:
           1           2           3           4           5           6
           7           8           9          10          11          12
          13          14          15          16          17          18
          19          20          21          22          23          24
          25          26          27
.. >>>>> [ IO READ: twice_hierarchy_max ] <<<<< ..
 
.. >>>>> [ RES  MEM :          0.055 GB ] [ VIRT MEM :          2.711 GB ] <<<<< ..
.. >>>>> [ WALL TIME:           0.31  s ] [ CPU  TIME:           0.43  s ] <<<<< ..
 
 Overlap of perturbed states:
  1.536223380484866E-002  0.000000000000000E+000  0.000000000000000E+000
  0.000000000000000E+000
  0.000000000000000E+000  0.000000000000000E+000  0.000000000000000E+000
  0.000000000000000E+000
  0.000000000000000E+000  0.000000000000000E+000  0.000000000000000E+000
  0.000000000000000E+000
  0.000000000000000E+000  0.000000000000000E+000  0.000000000000000E+000
  0.000000000000000E+000
 -------
 Using 1/c_max^2 weight in selection
 # Total weight   3.3333333E-21  0.3333333      0.3333333      0.3333333    
* Correlation ratio                                 0.1313839208081480E-12
 
Summary at N_det =            1
-----------------------------------
 
# ============ =============================
                     State      1
# ============ =============================
# E              -1.12877155
# PT2            -0.03432014     0.00000000
# rPT2           -0.03380088     0.00000000
#
# E+PT2          -1.16309169     0.00000000
# E+rPT2         -1.16257243     0.00000000
# ============ =============================
 
 N_det             =            1
 N_states          =            4
 N_cfg             =            1
 N_csf             =            1
 
 * State            1
 < S^2 >         =   0.000000000000000E+000
 E               =   -1.12877155019655     
 Variance        =   8.901985472327069E-002  +/-   0.000000000000000E+000
 PT norm         =   0.123944478718693       +/-   0.000000000000000E+000
 PT2             =  -3.432013669164047E-002  +/-   0.000000000000000E+000
 rPT2            =  -3.380087967525957E-002  +/-   0.000000000000000E+000
 E+PT2           =   -1.16309168688819       +/-   0.000000000000000E+000
 E+rPT2          =   -1.16257242987181       +/-   0.000000000000000E+000
 
 -----
 Variational Energy difference (au | eV)
 -----
 Variational + perturbative Energy difference (au | eV)
 -----
 Variational + renormalized perturbative Energy difference (au | eV)
.. >>>>> [ IO READ: n_det_iterations ] <<<<< ..
 
.. >>>>> [ RES  MEM :          0.055 GB ] [ VIRT MEM :          2.711 GB ] <<<<< ..
.. >>>>> [ WALL TIME:           0.31  s ] [ CPU  TIME:           0.43  s ] <<<<< ..
 
.. >>>>> [ IO READ: pt2_iterations ] <<<<< ..
 
.. >>>>> [ RES  MEM :          0.055 GB ] [ VIRT MEM :          2.711 GB ] <<<<< ..
.. >>>>> [ WALL TIME:           0.31  s ] [ CPU  TIME:           0.44  s ] <<<<< ..
 
.. >>>>> [ IO READ: energy_iterations ] <<<<< ..
 
.. >>>>> [ RES  MEM :          0.055 GB ] [ VIRT MEM :          2.711 GB ] <<<<< ..
.. >>>>> [ WALL TIME:           0.31  s ] [ CPU  TIME:           0.44  s ] <<<<< ..
 
.. >>>>> [ IO READ: pruning ] <<<<< ..
 
.. >>>>> [ RES  MEM :          0.055 GB ] [ VIRT MEM :          2.711 GB ] <<<<< ..
.. >>>>> [ WALL TIME:           0.31  s ] [ CPU  TIME:           0.44  s ] <<<<< ..
 
 Providing the H_matrix_all_dets ...
 H_matrix_all_dets done 
 Diagonalization of H using Lapack
 
.. >>>>> [ RES  MEM :          0.055 GB ] [ VIRT MEM :          2.711 GB ] <<<<< ..
.. >>>>> [ WALL TIME:           0.31  s ] [ CPU  TIME:           0.44  s ] <<<<< ..
 
* Energy of state    1                              -1.153150711262288    
* S^2 of state    1                                 0.1386669559958809E-31
* Energy of state    2                              0.1827484803798485E-01
* S^2 of state    2                                 0.3081487911019578E-32
* Energy of state    3                              0.1637601174235294    
* S^2 of state    3                                 0.6471124613141120E-31
* Energy of state    4                              0.3661608688665565    
* S^2 of state    4                                 0.1348150961071065E-32
* Saved determinants                                            17
--------------------------------------------------------------------------------
 
.. >>>>> [ RES  MEM :          0.055 GB ] [ VIRT MEM :          2.711 GB ] <<<<< ..
.. >>>>> [ WALL TIME:           0.31  s ] [ CPU  TIME:           0.44  s ] <<<<< ..
 
* Number of generators                                          17
* Number of comb teeth                                           1
 Using 1/c_max^2 weight in selection
 # Total weight   0.2300975      0.2991527      0.2407203      0.2300294    
* Number of unique beta determinants                             9
* Number of unique alpha determinants                            9
 
.. >>>>> [ RES  MEM :          0.055 GB ] [ VIRT MEM :          2.711 GB ] <<<<< ..
.. >>>>> [ WALL TIME:           0.31  s ] [ CPU  TIME:           0.44  s ] <<<<< ..
 
* Number of selectors                                           17
* pt2_n_tasks_max                                                1
* PT2 Energy denominator                            -1.153150711262288    
* PT2 Energy denominator                            0.1827484803798485E-01
* PT2 Energy denominator                            0.1637601174235294    
* PT2 Energy denominator                            0.3661608688665565    
* Estimated memory/thread (Gb)                      0.1773238182067871E-05
 Overlap of perturbed states:
  4.686566514872145E-003 -9.948545780361870E-003  2.135745299112634E-002
  1.950161155066109E-003
 -9.948545780361870E-003  0.541846436679424      -0.824953526306221     
  2.659492146777407E-002
  2.135745299112634E-002 -0.824953526306221        1.80767075961273     
 -0.198139407016374     
  1.950161155066109E-003  2.659492146777407E-002 -0.198139407016374     
   1.99955942672315     
 -------
 Using 1/c_max^2 weight in selection
 # Total weight   0.2300975      0.2991527      0.2407203      0.2300294    
* Correlation ratio                                 0.6937449455054022    
 
Summary at N_det =           17
-----------------------------------
 
# ============ ============================= ============================= ============================= =============================
                     State      1                  State      2                  State      3                  State      4
# ============ ============================= ============================= ============================= =============================
# E              -1.15315071                    0.01827485                    0.16376012                    0.36616087
# Excit. (au)     0.00000000                    1.17142556                    1.31691083                    1.51931158
# Excit. (eV)     0.00000000                   31.87612553                   35.83498290                   41.34259003
# PT2            -0.01081267     0.00000000     4.08018145     0.00000000    -6.54515317     0.00000000    -4.72557078     0.00000000
# rPT2           -0.01076223     0.00000000     2.64629561     0.00000000    -2.33116833     0.00000000    -1.57542162     0.00000000
#
# E+PT2          -1.16396338     0.00000000     4.09845630     0.00000000    -6.38139305     0.00000000    -4.35940991     0.00000000
# E+rPT2         -1.16391294     0.00000000     2.66457046     0.00000000    -2.16740822     0.00000000    -1.20926075     0.00000000
# Excit. (au)     0.00000000     0.00000000     5.26241968     0.00000000    -5.21742967     0.00000000    -3.19544654     0.00000000
# Excit. (eV)     0.00000000     0.00000000   143.19778918     0.00000000  -141.97354822     0.00000000   -86.95256316     0.00000000
# ============ ============================= ============================= ============================= =============================
 
 N_det             =           17
 N_states          =            4
 N_cfg             =           13
 N_csf             =            9
 
 * State            1
 < S^2 >         =   1.386669559958809E-032
 E               =   -1.15315071126229     
 Variance        =   2.971820384178303E-002  +/-   0.000000000000000E+000
 PT norm         =   6.845850213722285E-002  +/-   0.000000000000000E+000
 PT2             =  -1.081266593117647E-002  +/-   0.000000000000000E+000
 rPT2            =  -1.076222803364855E-002  +/-   0.000000000000000E+000
 E+PT2           =   -1.16396337719346       +/-   0.000000000000000E+000
 E+rPT2          =   -1.16391293929594       +/-   0.000000000000000E+000
 
 * State            2
 < S^2 >         =   3.081487911019578E-033
 E               =   1.827484803798485E-002
 Variance        =   5.325172565145529E-002  +/-   0.000000000000000E+000
 PT norm         =   0.736102191736599       +/-   0.000000000000000E+000
 PT2             =    4.08018145399577       +/-   0.000000000000000E+000
 rPT2            =    2.64629560825979       +/-   0.000000000000000E+000
 E+PT2           =    4.09845630203375       +/-   0.000000000000000E+000
 E+rPT2          =    2.66457045629778       +/-   0.000000000000000E+000
 
 * State            3
 < S^2 >         =   6.471124613141120E-032
 E               =   0.163760117423529     
 Variance        =   1.813263819897162E-002  +/-   0.000000000000000E+000
 PT norm         =    1.34449647065834       +/-   0.000000000000000E+000
 PT2             =   -6.54515316544983       +/-   0.000000000000000E+000
 rPT2            =   -2.33116833340980       +/-   0.000000000000000E+000
 E+PT2           =   -6.38139304802630       +/-   0.000000000000000E+000
 E+rPT2          =   -2.16740821598627       +/-   0.000000000000000E+000
 
 * State            4
 < S^2 >         =   1.348150961071065E-033
 E               =   0.366160868866556     
 Variance        =   6.554736661148407E-002  +/-   0.000000000000000E+000
 PT norm         =    1.41405778761801       +/-   0.000000000000000E+000
 PT2             =   -4.72557078286087       +/-   0.000000000000000E+000
 rPT2            =   -1.57542162384270       +/-   0.000000000000000E+000
 E+PT2           =   -4.35940991399431       +/-   0.000000000000000E+000
 E+rPT2          =   -1.20926075497614       +/-   0.000000000000000E+000
 
 -----
 Variational Energy difference (au | eV)
 Delta E =    1.17142555930027        31.8761255298858     
 Delta E =    1.31691082868582        35.8349829006034     
 Delta E =    1.51931158012884        41.3425900286184     
 -----
 Variational + perturbative Energy difference (au | eV)
 Delta E =    5.26241967922722        143.197789184477     
 Delta E =   -5.21742967083284       -141.973548221161     
 Delta E =   -3.19544653680085       -86.9525631589819     
 -----
 Variational + renormalized perturbative Energy difference (au | eV)
 Delta E =    3.82848339559371        104.178380212162     
 Delta E =   -1.00349527669033       -27.3065080016997     
 Delta E =  -4.534781568020652E-002  -1.23397739929103     

Extrapolated energies
------------------------

 
 State            1
 
 =========== ===================
 minimum PT2 Extrapolated energy
 =========== ===================
    -0.0338         -1.16453914
 =========== ===================
 
 State            2
 
 =========== =================== =================== ===================
 minimum PT2 Extrapolated energy   Excitation (a.u)    Excitation (eV)  
 =========== =================== =================== ===================
     0.0000          0.69438561         1.85892476        50.58393888
 =========== =================== =================== ===================
 
 State            3
 
 =========== =================== =================== ===================
 minimum PT2 Extrapolated energy   Excitation (a.u)    Excitation (eV)  
 =========== =================== =================== ===================
     0.0000          0.69438561         1.85892476        50.58393888
 =========== =================== =================== ===================
 
 State            4
 
 =========== =================== =================== ===================
 minimum PT2 Extrapolated energy   Excitation (a.u)    Excitation (eV)  
 =========== =================== =================== ===================
    -0.4569          0.82847774         1.99301688        54.23277286
 =========== =================== =================== ===================
 
 Providing the H_matrix_all_dets ...
 H_matrix_all_dets done 
 Diagonalization of H using Lapack
 
.. >>>>> [ RES  MEM :          0.056 GB ] [ VIRT MEM :          2.715 GB ] <<<<< ..
.. >>>>> [ WALL TIME:           0.32  s ] [ CPU  TIME:           0.45  s ] <<<<< ..
 
* Energy of state    1                              -1.156696536501349    
* S^2 of state    1                                 0.9675872040601475E-30
* Energy of state    2                             -0.6735088075041687    
* S^2 of state    2                                 0.4930380657631320E-29
* Energy of state    3                             -0.6292899950829628    
* S^2 of state    3                                 0.3944304526105058E-29
* Energy of state    4                             -0.4643370317761285    
* S^2 of state    4                                 0.1239836907517758E-24
* Saved determinants                                            51
--------------------------------------------------------------------------------
 
.. >>>>> [ RES  MEM :          0.056 GB ] [ VIRT MEM :          2.715 GB ] <<<<< ..
.. >>>>> [ WALL TIME:           0.32  s ] [ CPU  TIME:           0.46  s ] <<<<< ..
 
* Number of generators                                          51
* Number of comb teeth                                           1
 Using 1/c_max^2 weight in selection
 # Total weight   0.1354503      0.2763450      0.2930847      0.2951200    
* Number of unique beta determinants                            18
* Number of unique alpha determinants                           18
 
.. >>>>> [ RES  MEM :          0.056 GB ] [ VIRT MEM :          2.715 GB ] <<<<< ..
.. >>>>> [ WALL TIME:           0.32  s ] [ CPU  TIME:           0.46  s ] <<<<< ..
 
* Number of selectors                                           51
* pt2_n_tasks_max                                                1
* PT2 Energy denominator                            -1.156696536501349    
* PT2 Energy denominator                           -0.6735088075041687    
* PT2 Energy denominator                           -0.6292899950829628    
* PT2 Energy denominator                           -0.4643370317761285    
* Estimated memory/thread (Gb)                      0.5319714546203613E-05
 Overlap of perturbed states:
  2.859706968228277E-003  1.086710937335931E-003 -5.982018725427330E-005
 -1.666069866553282E-004
  1.086710937335931E-003  8.904528431913887E-003 -6.419841499593644E-005
 -6.260931960490627E-004
 -5.982018725427330E-005 -6.419841499593644E-005  1.769917399151482E-002
 -2.945071741590698E-003
 -1.666069866553282E-004 -6.260931960490627E-004 -2.945071741590698E-003
  2.402436957709500E-002
 -------
 Using 1/c_max^2 weight in selection
 # Total weight   0.1354503      0.2763450      0.2930847      0.2951200    
* Correlation ratio                                 0.7866821293862422    
 
Summary at N_det =           51
-----------------------------------
 
# ============ ============================= ============================= ============================= =============================
                     State      1                  State      2                  State      3                  State      4
# ============ ============================= ============================= ============================= =============================
# E              -1.15669654                   -0.67350881                   -0.62929000                   -0.46433703
# Excit. (au)     0.00000000                    0.48318773                    0.52740654                    0.69235950
# Excit. (eV)     0.00000000                   13.14821295                   14.35146859                   18.84006910
# PT2            -0.00759383     0.00000000    -0.01302989     0.00000000    -0.02297393     0.00000000    -0.02745383     0.00000000
# rPT2           -0.00757218     0.00000000    -0.01291488     0.00000000    -0.02257438     0.00000000    -0.02680975     0.00000000
#
# E+PT2          -1.16429037     0.00000000    -0.68653869     0.00000000    -0.65226393     0.00000000    -0.49179086     0.00000000
# E+rPT2         -1.16426872     0.00000000    -0.68642369     0.00000000    -0.65186438     0.00000000    -0.49114678     0.00000000
# Excit. (au)     0.00000000     0.00000000     0.47775168     0.00000000     0.51202645     0.00000000     0.67249951     0.00000000
# Excit. (eV)     0.00000000     0.00000000    13.00029039     0.00000000    13.93295469     0.00000000    18.29965081     0.00000000
# ============ ============================= ============================= ============================= =============================
 
 N_det             =           51
 N_states          =            4
 N_cfg             =           33
 N_csf             =           15
 
 * State            1
 < S^2 >         =   9.675872040601475E-031
 E               =   -1.15669653650135     
 Variance        =   2.337827628377363E-002  +/-   0.000000000000000E+000
 PT norm         =   5.347622806657438E-002  +/-   0.000000000000000E+000
 PT2             =  -7.593834125351862E-003  +/-   0.000000000000000E+000
 rPT2            =  -7.572179909699416E-003  +/-   0.000000000000000E+000
 E+PT2           =   -1.16429037062670       +/-   0.000000000000000E+000
 E+rPT2          =   -1.16426871641105       +/-   0.000000000000000E+000
 
 * State            2
 < S^2 >         =   4.930380657631320E-030
 E               =  -0.673508807504169     
 Variance        =   2.028673345941514E-002  +/-   0.000000000000000E+000
 PT norm         =   9.436380890952785E-002  +/-   0.000000000000000E+000
 PT2             =  -1.302988587435494E-002  +/-   0.000000000000000E+000
 rPT2            =  -1.291488491443942E-002  +/-   0.000000000000000E+000
 E+PT2           =  -0.686538693378524       +/-   0.000000000000000E+000
 E+rPT2          =  -0.686423692418608       +/-   0.000000000000000E+000
 
 * State            3
 < S^2 >         =   3.944304526105058E-030
 E               =  -0.629289995082963     
 Variance        =   3.140742553132994E-002  +/-   0.000000000000000E+000
 PT norm         =   0.133038242590297       +/-   0.000000000000000E+000
 PT2             =  -2.297393021416472E-002  +/-   0.000000000000000E+000
 rPT2            =  -2.257438229418890E-002  +/-   0.000000000000000E+000
 E+PT2           =  -0.652263925297128       +/-   0.000000000000000E+000
 E+rPT2          =  -0.651864377377152       +/-   0.000000000000000E+000
 
 * State            4
 < S^2 >         =   1.239836907517758E-025
 E               =  -0.464337031776129     
 Variance        =   3.424262244715023E-002  +/-   0.000000000000000E+000
 PT norm         =   0.154997966364385       +/-   0.000000000000000E+000
 PT2             =  -2.745383228713782E-002  +/-   0.000000000000000E+000
 rPT2            =  -2.680974506346543E-002  +/-   0.000000000000000E+000
 E+PT2           =  -0.491790864063266       +/-   0.000000000000000E+000
 E+rPT2          =  -0.491146776839594       +/-   0.000000000000000E+000
 
 -----
 Variational Energy difference (au | eV)
 Delta E =   0.483187728997181        13.1482129459551     
 Delta E =   0.527406541418386        14.3514685897562     
 Delta E =   0.692359504725221        18.8400691014575     
 -----
 Variational + perturbative Energy difference (au | eV)
 Delta E =   0.477751677248177        13.0002903856503     
 Delta E =   0.512026445329574        13.9329546947020     
 Delta E =   0.672499506563435        18.2996508141815     
 -----
 Variational + renormalized perturbative Energy difference (au | eV)
 Delta E =   0.477845023992440        13.0028304809336     
 Delta E =   0.512404339033897        13.9432377101786     
 Delta E =   0.673121939571455        18.3165880856454     

Extrapolated energies
------------------------

 
 State            1
 
 =========== ===================
 minimum PT2 Extrapolated energy
 =========== ===================
    -0.0108         -1.16511322
    -0.0338         -1.16466666
 =========== ===================
 
 State            2
 
 =========== =================== =================== ===================
 minimum PT2 Extrapolated energy   Excitation (a.u)    Excitation (eV)  
 =========== =================== =================== ===================
     2.6463         -0.67014905         0.49496417        13.46866640
     0.0000          0.00880482         1.17347148        31.93179776
 =========== =================== =================== ===================
 
 State            3
 
 =========== =================== =================== ===================
 minimum PT2 Extrapolated energy   Excitation (a.u)    Excitation (eV)  
 =========== =================== =================== ===================
    -2.3312         -0.63704477         0.52806845        14.36948018
     0.0000          0.03517945         1.19984610        32.64948815
 =========== =================== =================== ===================
 
 State            4
 
 =========== =================== =================== ===================
 minimum PT2 Extrapolated energy   Excitation (a.u)    Excitation (eV)  
 =========== =================== =================== ===================
    -1.5754         -0.47871471         0.68639851        18.67786223
    -0.4569         -0.05500459         1.10966207        30.19545471
 =========== =================== =================== ===================
 
 Providing the H_matrix_all_dets ...
 H_matrix_all_dets done 
 Diagonalization of H using Lapack
 
.. >>>>> [ RES  MEM :          0.058 GB ] [ VIRT MEM :          2.717 GB ] <<<<< ..
.. >>>>> [ WALL TIME:           0.34  s ] [ CPU  TIME:           0.49  s ] <<<<< ..
 
* Energy of state    1                              -1.164835880657868    
* S^2 of state    1                                 0.1546136559354076E-29
* Energy of state    2                             -0.6887303995137487    
* S^2 of state    2                                 0.7494178599599600E-29
* Energy of state    3                             -0.6572381612948875    
* S^2 of state    3                                 0.2662405555120895E-29
* Energy of state    4                             -0.4941542742516859    
* S^2 of state    4                                 0.3310060358307366E-26
* Saved determinants                                           153
--------------------------------------------------------------------------------
 
.. >>>>> [ RES  MEM :          0.058 GB ] [ VIRT MEM :          2.717 GB ] <<<<< ..
.. >>>>> [ WALL TIME:           0.35  s ] [ CPU  TIME:           0.50  s ] <<<<< ..
 
* Number of generators                                         153
* Number of comb teeth                                           1
 Using 1/c_max^2 weight in selection
 # Total weight   0.1318620      0.2725509      0.2971212      0.2984659    
* Number of unique beta determinants                            23
* Number of unique alpha determinants                           23
 
.. >>>>> [ RES  MEM :          0.058 GB ] [ VIRT MEM :          2.717 GB ] <<<<< ..
.. >>>>> [ WALL TIME:           0.35  s ] [ CPU  TIME:           0.50  s ] <<<<< ..
 
* Number of selectors                                          153
* pt2_n_tasks_max                                                1
* PT2 Energy denominator                            -1.164835880657868    
* PT2 Energy denominator                           -0.6887303995137487    
* PT2 Energy denominator                           -0.6572381612948875    
* PT2 Energy denominator                           -0.4941542742516859    
* Estimated memory/thread (Gb)                      0.1595914363861084E-04
 Overlap of perturbed states:
  7.103137623426262E-005  9.970445980878381E-007 -2.187594500911329E-005
 -2.203008900098266E-005
  9.970445980878381E-007  4.754451189971075E-006 -5.025406640191449E-006
 -7.983024136657967E-006
 -2.187594500911329E-005 -5.025406640191449E-006  8.523738660406544E-005
  8.859530847103012E-005
 -2.203008900098266E-005 -7.983024136657967E-006  8.859530847103012E-005
  1.205329987599081E-004
 -------
 Using 1/c_max^2 weight in selection
 # Total weight   0.1318620      0.2725509      0.2971212      0.2984659    
* Correlation ratio                                 0.9940368577775365    
 
Summary at N_det =          153
-----------------------------------
 
# ============ ============================= ============================= ============================= =============================
                     State      1                  State      2                  State      3                  State      4
# ============ ============================= ============================= ============================= =============================
# E              -1.16483588                   -0.68873040                   -0.65723816                   -0.49415427
# Excit. (au)     0.00000000                    0.47610548                    0.50759772                    0.67068161
# Excit. (eV)     0.00000000                   12.95549509                   13.81244288                   18.25018321
# PT2            -0.00021636     0.00000000    -0.00001331     0.00000000    -0.00020669     0.00000000    -0.00028888     0.00000000
# rPT2           -0.00021635     0.00000000    -0.00001331     0.00000000    -0.00020667     0.00000000    -0.00028884     0.00000000
#
# E+PT2          -1.16505224     0.00000000    -0.68874371     0.00000000    -0.65744485     0.00000000    -0.49444315     0.00000000
# E+rPT2         -1.16505223     0.00000000    -0.68874370     0.00000000    -0.65744483     0.00000000    -0.49444312     0.00000000
# Excit. (au)     0.00000000     0.00000000     0.47630854     0.00000000     0.50760740     0.00000000     0.67060909     0.00000000
# Excit. (eV)     0.00000000     0.00000000    12.96102055     0.00000000    13.81270620     0.00000000    18.24820998     0.00000000
# ============ ============================= ============================= ============================= =============================
 
 N_det             =          153
 N_states          =            4
 N_cfg             =           87
 N_csf             =           21
 
 * State            1
 < S^2 >         =   1.546136559354076E-030
 E               =   -1.16483588065787     
 Variance        =   6.985287075686611E-004  +/-   0.000000000000000E+000
 PT norm         =   8.428011404492914E-003  +/-   0.000000000000000E+000
 PT2             =  -2.163622060809001E-004  +/-   0.000000000000000E+000
 rPT2            =  -2.163468386672056E-004  +/-   0.000000000000000E+000
 E+PT2           =   -1.16505224286395       +/-   0.000000000000000E+000
 E+rPT2          =   -1.16505222749653       +/-   0.000000000000000E+000
 
 * State            2
 < S^2 >         =   7.494178599599600E-030
 E               =  -0.688730399513749     
 Variance        =   4.397404393588226E-005  +/-   0.000000000000000E+000
 PT norm         =   2.180470405662749E-003  +/-   0.000000000000000E+000
 PT2             =  -1.330554467360301E-005  +/-   0.000000000000000E+000
 rPT2            =  -1.330548141334107E-005  +/-   0.000000000000000E+000
 E+PT2           =  -0.688743705058422       +/-   0.000000000000000E+000
 E+rPT2          =  -0.688743704995162       +/-   0.000000000000000E+000
 
 * State            3
 < S^2 >         =   2.662405555120895E-030
 E               =  -0.657238161294888     
 Variance        =   5.731935021421000E-004  +/-   0.000000000000000E+000
 PT norm         =   9.232409577356576E-003  +/-   0.000000000000000E+000
 PT2             =  -2.066851878277376E-004  +/-   0.000000000000000E+000
 rPT2            =  -2.066675720240025E-004  +/-   0.000000000000000E+000
 E+PT2           =  -0.657444846482715       +/-   0.000000000000000E+000
 E+rPT2          =  -0.657444828866912       +/-   0.000000000000000E+000
 
 * State            4
 < S^2 >         =   3.310060358307366E-027
 E               =  -0.494154274251686     
 Variance        =   8.196564212783258E-004  +/-   0.000000000000000E+000
 PT norm         =   1.097875214948895E-002  +/-   0.000000000000000E+000
 PT2             =  -2.888769630737809E-004  +/-   0.000000000000000E+000
 rPT2            =  -2.888421480635065E-004  +/-   0.000000000000000E+000
 E+PT2           =  -0.494443151214760       +/-   0.000000000000000E+000
 E+rPT2          =  -0.494443116399749       +/-   0.000000000000000E+000
 
 -----
 Variational Energy difference (au | eV)
 Delta E =   0.476105481144119        12.9554950905134     
 Delta E =   0.507597719362980        13.8124428758094     
 Delta E =   0.670681606406182        18.2501832119482     
 -----
 Variational + perturbative Energy difference (au | eV)
 Delta E =   0.476308537805526        12.9610205458676     
 Delta E =   0.507607396381233        13.8127062009914     
 Delta E =   0.670609091649189        18.2482099841333     
 -----
 Variational + renormalized perturbative Energy difference (au | eV)
 Delta E =   0.476308522501373        12.9610201294202     
 Delta E =   0.507607398629623        13.8127062621732     
 Delta E =   0.670609111096785        18.2482105133296     

Extrapolated energies
------------------------

 
 State            1
 
 =========== ===================
 minimum PT2 Extrapolated energy
 =========== ===================
    -0.0076         -1.16507527
    -0.0108         -1.16507768
    -0.0338         -1.16487303
 =========== ===================
 
 State            2
 
 =========== =================== =================== ===================
 minimum PT2 Extrapolated energy   Excitation (a.u)    Excitation (eV)  
 =========== =================== =================== ===================
    -0.0129         -0.68874610         0.47632917        12.96158209
     2.6463         -0.67939288         0.48568480        13.21616170
     0.0000         -0.22295326         0.94191976        25.63095232
 =========== =================== =================== ===================
 
 State            3
 
 =========== =================== =================== ===================
 minimum PT2 Extrapolated energy   Excitation (a.u)    Excitation (eV)  
 =========== =================== =================== ===================
    -0.0226         -0.65749639         0.50757888        13.81193029
    -2.3312         -0.64727604         0.51780164        14.09010589
     0.0000         -0.19712279         0.96775024        26.33383550
 =========== =================== =================== ===================
 
 State            4
 
 =========== =================== =================== ===================
 minimum PT2 Extrapolated energy   Excitation (a.u)    Excitation (eV)  
 =========== =================== =================== ===================
    -0.0268         -0.49447902         0.67059625        18.24786067
    -1.5754         -0.48664691         0.67843077        18.46104869
    -0.4569         -0.23616564         0.92870739        25.27142515
 =========== =================== =================== ===================
 
 Providing the H_matrix_all_dets ...
 H_matrix_all_dets done 
 Diagonalization of H using Lapack
 
.. >>>>> [ RES  MEM :          0.069 GB ] [ VIRT MEM :          2.724 GB ] <<<<< ..
.. >>>>> [ WALL TIME:           0.59  s ] [ CPU  TIME:           0.88  s ] <<<<< ..
 
* Energy of state    1                              -1.165053530133120    
* S^2 of state    1                                 0.1991122673004730E-29
* Energy of state    2                             -0.7063617944250454    
* S^2 of state    2                                 0.8480254731125878E-29
* Energy of state    3                             -0.6887436563758734    
* S^2 of state    3                                 0.5213877545445074E-29
* Energy of state    4                             -0.6574528632423410    
* S^2 of state    4                                 0.6027390353954216E-29
* Saved determinants                                           461
--------------------------------------------------------------------------------
 
.. >>>>> [ RES  MEM :          0.069 GB ] [ VIRT MEM :          2.724 GB ] <<<<< ..
.. >>>>> [ WALL TIME:           0.60  s ] [ CPU  TIME:           0.89  s ] <<<<< ..
 
* Number of generators                                         449
* Number of comb teeth                                           1
 Using 1/c_max^2 weight in selection
 # Total weight   0.1280472      0.3184858      0.2646598      0.2888072    
* Number of unique beta determinants                            27
* Number of unique alpha determinants                           27
 
.. >>>>> [ RES  MEM :          0.069 GB ] [ VIRT MEM :          2.724 GB ] <<<<< ..
.. >>>>> [ WALL TIME:           0.60  s ] [ CPU  TIME:           0.89  s ] <<<<< ..
 
* Number of selectors                                          449
* pt2_n_tasks_max                                                1
* PT2 Energy denominator                            -1.165053530133120    
* PT2 Energy denominator                           -0.7063617944250454    
* PT2 Energy denominator                           -0.6887436563758734    
* PT2 Energy denominator                           -0.6574528632423410    
* Estimated memory/thread (Gb)                      0.4808604717254639E-04
 Overlap of perturbed states:
  3.937817110926916E-030 -1.688442051617812E-019  1.785944848212478E-030
 -1.911536776014720E-030
 -1.688442051617812E-019  6.855562052790956E-008 -7.357535431319006E-020
 -6.380205381918589E-020
  1.785944848212478E-030 -7.357535431319006E-020  8.366611021571493E-031
 -1.077204565199891E-030
 -1.911536776014720E-030 -6.380205381918589E-020 -1.077204565199891E-030
  3.426673935084067E-030
 -------
 Using 1/c_max^2 weight in selection
 # Total weight   0.1280472      0.3184858      0.2646598      0.2888072    
* Correlation ratio                                  1.000000000000000    
 
Summary at N_det =          461
-----------------------------------
 
# ============ ============================= ============================= ============================= =============================
                     State      1                  State      2                  State      3                  State      4
# ============ ============================= ============================= ============================= =============================
# E              -1.16505353                   -0.70636179                   -0.68874366                   -0.65745286
# Excit. (au)     0.00000000                    0.45869174                    0.47630987                    0.50760067
# Excit. (eV)     0.00000000                   12.48164276                   12.96105690                   13.81252308
# PT2             0.00000000     0.00000000    -0.00000042     0.00000000     0.00000000     0.00000000     0.00000000     0.00000000
# rPT2            0.00000000     0.00000000    -0.00000042     0.00000000     0.00000000     0.00000000     0.00000000     0.00000000
#
# E+PT2          -1.16505353     0.00000000    -0.70636221     0.00000000    -0.68874366     0.00000000    -0.65745286     0.00000000
# E+rPT2         -1.16505353     0.00000000    -0.70636221     0.00000000    -0.68874366     0.00000000    -0.65745286     0.00000000
# Excit. (au)     0.00000000     0.00000000     0.45869132     0.00000000     0.47630987     0.00000000     0.50760067     0.00000000
# Excit. (eV)     0.00000000     0.00000000    12.48163136     0.00000000    12.96105690     0.00000000    13.81252308     0.00000000
# ============ ============================= ============================= ============================= =============================
 
 N_det             =          461
 N_states          =            4
 N_cfg             =          244
 N_csf             =           27
 
 * State            1
 < S^2 >         =   1.991122673004730E-030
 E               =   -1.16505353013312     
 Variance        =   1.585365389158114E-028  +/-   0.000000000000000E+000
 PT norm         =   1.984393386132628E-015  +/-   0.000000000000000E+000
 PT2             =   0.000000000000000E+000  +/-   0.000000000000000E+000
 rPT2            =   0.000000000000000E+000  +/-   0.000000000000000E+000
 E+PT2           =   -1.16505353013312       +/-   0.000000000000000E+000
 E+rPT2          =   -1.16505353013312       +/-   0.000000000000000E+000
 
 * State            2
 < S^2 >         =   8.480254731125878E-030
 E               =  -0.706361794425045     
 Variance        =   2.573961332257369E-006  +/-   0.000000000000000E+000
 PT norm         =   2.618312825617091E-004  +/-   0.000000000000000E+000
 PT2             =  -4.187207705008689E-007  +/-   0.000000000000000E+000
 rPT2            =  -4.187207417952086E-007  +/-   0.000000000000000E+000
 E+PT2           =  -0.706362213145816       +/-   0.000000000000000E+000
 E+rPT2          =  -0.706362213145787       +/-   0.000000000000000E+000
 
 * State            3
 < S^2 >         =   5.213877545445074E-030
 E               =  -0.688743656375873     
 Variance        =   3.048472010705905E-029  +/-   0.000000000000000E+000
 PT norm         =   9.146918071990966E-016  +/-   0.000000000000000E+000
 PT2             =   0.000000000000000E+000  +/-   0.000000000000000E+000
 rPT2            =   0.000000000000000E+000  +/-   0.000000000000000E+000
 E+PT2           =  -0.688743656375873       +/-   0.000000000000000E+000
 E+rPT2          =  -0.688743656375873       +/-   0.000000000000000E+000
 
 * State            4
 < S^2 >         =   6.027390353954216E-030
 E               =  -0.657452863242341     
 Variance        =   1.245506813283229E-028  +/-   0.000000000000000E+000
 PT norm         =   1.851127746830042E-015  +/-   0.000000000000000E+000
 PT2             =   0.000000000000000E+000  +/-   0.000000000000000E+000
 rPT2            =   0.000000000000000E+000  +/-   0.000000000000000E+000
 E+PT2           =  -0.657452863242341       +/-   0.000000000000000E+000
 E+rPT2          =  -0.657452863242341       +/-   0.000000000000000E+000
 
 -----
 Variational Energy difference (au | eV)
 Delta E =   0.458691735708075        12.4816427564424     
 Delta E =   0.476309873757247        12.9610568989798     
 Delta E =   0.507600666890779        13.8125230821574     
 -----
 Variational + perturbative Energy difference (au | eV)
 Delta E =   0.458691316987304        12.4816313624655     
 Delta E =   0.476309873757247        12.9610568989798     
 Delta E =   0.507600666890779        13.8125230821574     
 -----
 Variational + renormalized perturbative Energy difference (au | eV)
 Delta E =   0.458691316987333        12.4816313624662     
 Delta E =   0.476309873757247        12.9610568989798     
 Delta E =   0.507600666890779        13.8125230821574     

Extrapolated energies
------------------------

 
 State            1
 
 =========== ===================
 minimum PT2 Extrapolated energy
 =========== ===================
    -0.0002         -1.16505353
    -0.0076         -1.16506408
    -0.0108         -1.16506568
    -0.0338         -1.16493491
 =========== ===================
 
 State            2
 
 =========== =================== =================== ===================
 minimum PT2 Extrapolated energy   Excitation (a.u)    Excitation (eV)  
 =========== =================== =================== ===================
    -0.0000         -0.70693468         0.45811885        12.46605376
    -0.0129         -0.69756328         0.46750080        12.72134982
     2.6463         -0.68835330         0.47671238        12.97200977
     0.0000         -0.34351092         0.82142399        22.35209399
 =========== =================== =================== ===================
 
 State            3
 
 =========== =================== =================== ===================
 minimum PT2 Extrapolated energy   Excitation (a.u)    Excitation (eV)  
 =========== =================== =================== ===================
    -0.0002         -0.68874366         0.47630987        12.96105690
    -0.0226         -0.67326437         0.49179972        13.38255712
    -2.3312         -0.66118922         0.50387646        13.71118234
     0.0000         -0.32063149         0.84430342        22.97467516
 =========== =================== =================== ===================
 
 State            4
 
 =========== =================== =================== ===================
 minimum PT2 Extrapolated energy   Excitation (a.u)    Excitation (eV)  
 =========== =================== =================== ===================
    -0.0003         -0.65745286         0.50760067        13.81252308
    -0.0268         -0.57685332         0.58821076        16.00603636
    -1.5754         -0.54424262         0.62082306        16.89346260
    -0.4569         -0.35920018         0.80573473        21.92516743
 =========== =================== =================== ===================
 
 Providing the H_matrix_all_dets ...
 H_matrix_all_dets done 
 Diagonalization of H using Lapack
 
.. >>>>> [ RES  MEM :          0.069 GB ] [ VIRT MEM :          2.723 GB ] <<<<< ..
.. >>>>> [ WALL TIME:           0.96  s ] [ CPU  TIME:           1.38  s ] <<<<< ..
 
* Energy of state    1                              -1.165053530133099    
* S^2 of state    1                                 0.5076751333404782E-29
* Energy of state    2                             -0.7063622257383012    
* S^2 of state    2                                 0.5719241562852308E-29
* Energy of state    3                             -0.6887436563758563    
* S^2 of state    3                                 0.6705317694378623E-28
* Energy of state    4                             -0.6574528632423219    
* S^2 of state    4                                 0.7612507735382792E-28
* Saved determinants                                           481
* Saved determinants                                           481
 
.. >>>>> [ RES  MEM :          0.069 GB ] [ VIRT MEM :          2.723 GB ] <<<<< ..
.. >>>>> [ WALL TIME:           0.97  s ] [ CPU  TIME:           1.39  s ] <<<<< ..
 
* Number of generators                                         463
* Number of comb teeth                                           1
 Using 1/c_max^2 weight in selection
 # Total weight   0.1280470      0.3184866      0.2646595      0.2888069    
* Number of unique beta determinants                            27
* Number of unique alpha determinants                           27
 
.. >>>>> [ RES  MEM :          0.069 GB ] [ VIRT MEM :          2.723 GB ] <<<<< ..
.. >>>>> [ WALL TIME:           0.97  s ] [ CPU  TIME:           1.39  s ] <<<<< ..
 
* Number of selectors                                          463
* pt2_n_tasks_max                                                1
* PT2 Energy denominator                            -1.165053530133099    
* PT2 Energy denominator                           -0.7063622257383012    
* PT2 Energy denominator                           -0.6887436563758563    
* PT2 Energy denominator                           -0.6574528632423219    
* Estimated memory/thread (Gb)                      0.5017220973968506E-04
 Overlap of perturbed states:
  0.000000000000000E+000  0.000000000000000E+000  0.000000000000000E+000
  0.000000000000000E+000
  0.000000000000000E+000  0.000000000000000E+000  0.000000000000000E+000
  0.000000000000000E+000
  0.000000000000000E+000  0.000000000000000E+000  0.000000000000000E+000
  0.000000000000000E+000
  0.000000000000000E+000  0.000000000000000E+000  0.000000000000000E+000
  0.000000000000000E+000
 -------
 Using 1/c_max^2 weight in selection
 # Total weight   0.1280470      0.3184866      0.2646595      0.2888069    
 
Summary at N_det =          481
-----------------------------------
 
# ============ ============================= ============================= ============================= =============================
                     State      1                  State      2                  State      3                  State      4
# ============ ============================= ============================= ============================= =============================
# E              -1.16505353                   -0.70636223                   -0.68874366                   -0.65745286
# Excit. (au)     0.00000000                    0.45869130                    0.47630987                    0.50760067
# Excit. (eV)     0.00000000                   12.48163102                   12.96105690                   13.81252308
# PT2             0.00000000     0.00000000     0.00000000     0.00000000     0.00000000     0.00000000     0.00000000     0.00000000
# rPT2            0.00000000     0.00000000     0.00000000     0.00000000     0.00000000     0.00000000     0.00000000     0.00000000
#
# E+PT2          -1.16505353     0.00000000    -0.70636223     0.00000000    -0.68874366     0.00000000    -0.65745286     0.00000000
# E+rPT2         -1.16505353     0.00000000    -0.70636223     0.00000000    -0.68874366     0.00000000    -0.65745286     0.00000000
# Excit. (au)     0.00000000     0.00000000     0.45869130     0.00000000     0.47630987     0.00000000     0.50760067     0.00000000
# Excit. (eV)     0.00000000     0.00000000    12.48163102     0.00000000    12.96105690     0.00000000    13.81252308     0.00000000
# ============ ============================= ============================= ============================= =============================
 
 N_det             =          481
 N_states          =            4
 N_cfg             =          254
 N_csf             =           27
 
 * State            1
 < S^2 >         =   5.076751333404782E-030
 E               =   -1.16505353013310     
 Variance        =   0.000000000000000E+000  +/-   0.000000000000000E+000
 PT norm         =   0.000000000000000E+000  +/-                      NaN
 PT2             =   0.000000000000000E+000  +/-   0.000000000000000E+000
 rPT2            =   0.000000000000000E+000  +/-   0.000000000000000E+000
 E+PT2           =   -1.16505353013310       +/-   0.000000000000000E+000
 E+rPT2          =   -1.16505353013310       +/-   0.000000000000000E+000
 
 * State            2
 < S^2 >         =   5.719241562852308E-030
 E               =  -0.706362225738301     
 Variance        =   0.000000000000000E+000  +/-   0.000000000000000E+000
 PT norm         =   0.000000000000000E+000  +/-                      NaN
 PT2             =   0.000000000000000E+000  +/-   0.000000000000000E+000
 rPT2            =   0.000000000000000E+000  +/-   0.000000000000000E+000
 E+PT2           =  -0.706362225738301       +/-   0.000000000000000E+000
 E+rPT2          =  -0.706362225738301       +/-   0.000000000000000E+000
 
 * State            3
 < S^2 >         =   6.705317694378623E-029
 E               =  -0.688743656375856     
 Variance        =   0.000000000000000E+000  +/-   0.000000000000000E+000
 PT norm         =   0.000000000000000E+000  +/-                      NaN
 PT2             =   0.000000000000000E+000  +/-   0.000000000000000E+000
 rPT2            =   0.000000000000000E+000  +/-   0.000000000000000E+000
 E+PT2           =  -0.688743656375856       +/-   0.000000000000000E+000
 E+rPT2          =  -0.688743656375856       +/-   0.000000000000000E+000
 
 * State            4
 < S^2 >         =   7.612507735382792E-029
 E               =  -0.657452863242322     
 Variance        =   0.000000000000000E+000  +/-   0.000000000000000E+000
 PT norm         =   0.000000000000000E+000  +/-                      NaN
 PT2             =   0.000000000000000E+000  +/-   0.000000000000000E+000
 rPT2            =   0.000000000000000E+000  +/-   0.000000000000000E+000
 E+PT2           =  -0.657452863242322       +/-   0.000000000000000E+000
 E+rPT2          =  -0.657452863242322       +/-   0.000000000000000E+000
 
 -----
 Variational Energy difference (au | eV)
 Delta E =   0.458691304394797        12.4816310198058     
 Delta E =   0.476309873757242        12.9610568989797     
 Delta E =   0.507600666890777        13.8125230821574     
 -----
 Variational + perturbative Energy difference (au | eV)
 Delta E =   0.458691304394797        12.4816310198058     
 Delta E =   0.476309873757242        12.9610568989797     
 Delta E =   0.507600666890777        13.8125230821574     
 -----
 Variational + renormalized perturbative Energy difference (au | eV)
 Delta E =   0.458691304394797        12.4816310198058     
 Delta E =   0.476309873757242        12.9610568989797     
 Delta E =   0.507600666890777        13.8125230821574     

Extrapolated energies
------------------------

 
 State            1
 
 =========== ===================
 minimum PT2 Extrapolated energy
 =========== ===================
     0.0000         -1.16505353
    -0.0002         -1.16505353
    -0.0076         -1.16506050
    -0.0108         -1.16506165
    -0.0338         -1.16496519
 =========== ===================
 
 State            2
 
 =========== =================== =================== ===================
 minimum PT2 Extrapolated energy   Excitation (a.u)    Excitation (eV)  
 =========== =================== =================== ===================
    -0.0000         -0.70636223         0.45869130        12.48163102
    -0.0000         -0.70663916         0.45841437        12.47409520
    -0.0129         -0.70049834         0.46456216        12.64138511
     2.6463         -0.69284456         0.47221709        12.84968654
     0.0000         -0.41593964         0.74902555        20.38203133
 =========== =================== =================== ===================
 
 State            3
 
 =========== =================== =================== ===================
 minimum PT2 Extrapolated energy   Excitation (a.u)    Excitation (eV)  
 =========== =================== =================== ===================
     0.0000         -0.68874366         0.47630987        12.96105690
    -0.0002         -0.68874366         0.47630987        12.96105690
    -0.0226         -0.67845581         0.48660468        13.24119307
    -2.3312         -0.66811165         0.49695000        13.52270350
     0.0000         -0.39454284         0.77042235        20.96426826
 =========== =================== =================== ===================
 
 State            4
 
 =========== =================== =================== ===================
 minimum PT2 Extrapolated energy   Excitation (a.u)    Excitation (eV)  
 =========== =================== =================== ===================
     0.0000         -0.65745286         0.50760067        13.81252308
    -0.0003         -0.65745286         0.50760067        13.81252308
    -0.0268         -0.60391418         0.56114632        15.26957508
    -1.5754         -0.57279068         0.59227097        16.11652028
    -0.4569         -0.42661505         0.73835015        20.09153871
 =========== =================== =================== ===================
 
Wall time: 0:00:03

