Date: 11/04/2023 20:36:19
===============
Quantum Package
===============

Git Commit: Dev stable
Git Date  : Tue Apr 11 12:59:43 2023 +0200
Git SHA1  : 06be65745fb201a2002e9a49a96b0101f84f5b14
EZFIO Dir : A_6.6


Task server running : tcp://127.0.1.1:41279
.. >>>>> [ IO READ: read_wf ] <<<<< ..
 
.. >>>>> [ RES  MEM :          0.022 GB ] [ VIRT MEM :          0.166 GB ] <<<<< ..
.. >>>>> [ WALL TIME:           0.00  s ] [ CPU  TIME:           0.02  s ] <<<<< ..
 
.. >>>>> [ IO READ: n_states ] <<<<< ..
 
.. >>>>> [ RES  MEM :          0.022 GB ] [ VIRT MEM :          0.166 GB ] <<<<< ..
.. >>>>> [ WALL TIME:           0.00  s ] [ CPU  TIME:           0.02  s ] <<<<< ..
 
.. >>>>> [ IO READ: elec_alpha_num ] <<<<< ..
 
.. >>>>> [ RES  MEM :          0.022 GB ] [ VIRT MEM :          0.166 GB ] <<<<< ..
.. >>>>> [ WALL TIME:           0.00  s ] [ CPU  TIME:           0.02  s ] <<<<< ..
 
.. >>>>> [ IO READ: elec_beta_num ] <<<<< ..
 
.. >>>>> [ RES  MEM :          0.022 GB ] [ VIRT MEM :          0.166 GB ] <<<<< ..
.. >>>>> [ WALL TIME:           0.00  s ] [ CPU  TIME:           0.02  s ] <<<<< ..
 
 * mo_label          Canonical
* Number of determinants                                         1
.. >>>>> [ IO READ: s2_eig ] <<<<< ..
 
.. >>>>> [ RES  MEM :          0.022 GB ] [ VIRT MEM :          0.166 GB ] <<<<< ..
.. >>>>> [ WALL TIME:           0.00  s ] [ CPU  TIME:           0.02  s ] <<<<< ..
 
* mo_num                                                        27
* N_int                                                          1
 Read  mo_coef
.. >>>>> [ IO READ: io_mo_two_e_integrals ] <<<<< ..
 
.. >>>>> [ RES  MEM :          0.024 GB ] [ VIRT MEM :          0.166 GB ] <<<<< ..
.. >>>>> [ WALL TIME:           0.00  s ] [ CPU  TIME:           0.02  s ] <<<<< ..
 
 MO map initialized:                  71631
.. >>>>> [ IO READ: no_vvvv_integrals ] <<<<< ..
 
.. >>>>> [ RES  MEM :          0.024 GB ] [ VIRT MEM :          0.166 GB ] <<<<< ..
.. >>>>> [ WALL TIME:           0.00  s ] [ CPU  TIME:           0.02  s ] <<<<< ..
 
.. >>>>> [ IO READ: mo_class ] <<<<< ..
 AO map initialized :                  71631
 Providing the AO integrals
 
.. >>>>> [ RES  MEM :          0.025 GB ] [ VIRT MEM :          0.314 GB ] <<<<< ..
.. >>>>> [ WALL TIME:           0.01  s ] [ CPU  TIME:           0.03  s ] <<<<< ..
 

Nuclear Coordinates (Angstroms)
===============================

================ ============ ============ ============ ============
      Atom          Charge          X            Y            Z 
================ ============ ============ ============ ============
He                   2.000000     0.000000     0.000000     0.000000
x                    0.000000     0.000000     0.381040    -3.492570
x                    0.000000     0.000000    -0.381040    -3.492570
================ ============ ============ ============ ============

Minimal interatomic distance found:       0.7621 Angstrom
 Sorting the map
 AO integrals provided:
  Size of AO map :           0.381711959838867      MB
  Number of AO integrals :                 35369
  cpu  time :  0.106683000000000      s
  wall time :  0.119185924530029      s  ( x   0.895097306336042       )
 
 AO -> MO integrals transformation
 ---------------------------------
 
* Target maximum memory (GB)                                  2000
.. >>>>> [ IO READ: mo_integrals_threshold ] <<<<< ..
 
.. >>>>> [ RES  MEM :          0.026 GB ] [ VIRT MEM :          0.377 GB ] <<<<< ..
.. >>>>> [ WALL TIME:           0.12  s ] [ CPU  TIME:           0.13  s ] <<<<< ..
 
 Getting AOs
.. >>>>> [ IO READ: io_ao_integrals_overlap ] <<<<< ..
 
.. >>>>> [ RES  MEM :          0.026 GB ] [ VIRT MEM :          0.381 GB ] <<<<< ..
.. >>>>> [ WALL TIME:           0.12  s ] [ CPU  TIME:           0.13  s ] <<<<< ..
 
.. >>>>> [ IO READ: ao_one_e_integrals_threshold ] <<<<< ..
 
.. >>>>> [ RES  MEM :          0.026 GB ] [ VIRT MEM :          0.381 GB ] <<<<< ..
.. >>>>> [ WALL TIME:           0.12  s ] [ CPU  TIME:           0.13  s ] <<<<< ..
 
 1st transformation
 2nd transformation
 3rd transformation
 4th transformation
 Molecular integrals provided:
  Size of MO map              1.28790283203125      MB
  Number of MO integrals:                  48461
  cpu  time :  0.186170000000000      s
  wall time :  0.102838993072510      s  ( x    1.81030555082093      )
.. >>>>> [ IO READ: io_mo_integrals_n_e ] <<<<< ..
 
.. >>>>> [ RES  MEM :          0.055 GB ] [ VIRT MEM :          2.712 GB ] <<<<< ..
.. >>>>> [ WALL TIME:           0.28  s ] [ CPU  TIME:           0.43  s ] <<<<< ..
 
.. >>>>> [ IO READ: io_ao_integrals_n_e ] <<<<< ..
 
.. >>>>> [ RES  MEM :          0.055 GB ] [ VIRT MEM :          2.712 GB ] <<<<< ..
.. >>>>> [ WALL TIME:           0.28  s ] [ CPU  TIME:           0.43  s ] <<<<< ..
 
.. >>>>> [ IO READ: do_pseudo ] <<<<< ..
 
.. >>>>> [ RES  MEM :          0.055 GB ] [ VIRT MEM :          2.712 GB ] <<<<< ..
.. >>>>> [ WALL TIME:           0.28  s ] [ CPU  TIME:           0.43  s ] <<<<< ..
 
.. >>>>> [ IO READ: io_mo_integrals_kinetic ] <<<<< ..
 
.. >>>>> [ RES  MEM :          0.055 GB ] [ VIRT MEM :          2.712 GB ] <<<<< ..
.. >>>>> [ WALL TIME:           0.28  s ] [ CPU  TIME:           0.43  s ] <<<<< ..
 
.. >>>>> [ IO READ: io_ao_integrals_kinetic ] <<<<< ..
 
.. >>>>> [ RES  MEM :          0.055 GB ] [ VIRT MEM :          2.712 GB ] <<<<< ..
.. >>>>> [ WALL TIME:           0.28  s ] [ CPU  TIME:           0.43  s ] <<<<< ..
 
.. >>>>> [ IO READ: io_mo_one_e_integrals ] <<<<< ..
 
.. >>>>> [ RES  MEM :          0.055 GB ] [ VIRT MEM :          2.712 GB ] <<<<< ..
.. >>>>> [ WALL TIME:           0.28  s ] [ CPU  TIME:           0.43  s ] <<<<< ..
 
 Providing the one-electron integrals
 Providing the H_matrix_all_dets ...
 H_matrix_all_dets done 
 Diagonalization of H using Lapack
 
.. >>>>> [ RES  MEM :          0.056 GB ] [ VIRT MEM :          2.712 GB ] <<<<< ..
.. >>>>> [ WALL TIME:           0.28  s ] [ CPU  TIME:           0.43  s ] <<<<< ..
 
* Nuclear repulsion energy                           0.000000000000000    
 
.. >>>>> [ RES  MEM :          0.056 GB ] [ VIRT MEM :          2.712 GB ] <<<<< ..
.. >>>>> [ WALL TIME:           0.28  s ] [ CPU  TIME:           0.43  s ] <<<<< ..
 
* Energy of state    1                              -2.855709609668881    
* S^2 of state    1                                  0.000000000000000    
.. >>>>> [ IO READ: weight_one_e_dm ] <<<<< ..
 
.. >>>>> [ RES  MEM :          0.056 GB ] [ VIRT MEM :          2.712 GB ] <<<<< ..
.. >>>>> [ WALL TIME:           0.28  s ] [ CPU  TIME:           0.43  s ] <<<<< ..
 
.. >>>>> [ IO READ: save_threshold ] <<<<< ..
 
.. >>>>> [ RES  MEM :          0.056 GB ] [ VIRT MEM :          2.712 GB ] <<<<< ..
.. >>>>> [ WALL TIME:           0.28  s ] [ CPU  TIME:           0.43  s ] <<<<< ..
 
.. >>>>> [ IO READ: pseudo_sym ] <<<<< ..
 
.. >>>>> [ RES  MEM :          0.056 GB ] [ VIRT MEM :          2.712 GB ] <<<<< ..
.. >>>>> [ WALL TIME:           0.28  s ] [ CPU  TIME:           0.43  s ] <<<<< ..
 
* Number of active   MOs                                        27
 Active MOs:
           1           2           3           4           5           6
           7           8           9          10          11          12
          13          14          15          16          17          18
          19          20          21          22          23          24
          25          26          27
* Number of virtual  MOs                                         0
* Number of inactive MOs                                         0
.. >>>>> [ IO READ: pruning ] <<<<< ..
 
.. >>>>> [ RES  MEM :          0.057 GB ] [ VIRT MEM :          2.712 GB ] <<<<< ..
.. >>>>> [ WALL TIME:           0.29  s ] [ CPU  TIME:           0.43  s ] <<<<< ..
 
* Number of configurations                                     378
 
.. >>>>> [ RES  MEM :          0.057 GB ] [ VIRT MEM :          2.712 GB ] <<<<< ..
.. >>>>> [ WALL TIME:           0.29  s ] [ CPU  TIME:           0.43  s ] <<<<< ..
 
 Providing the H_matrix_all_dets ...
 H_matrix_all_dets done 
 Diagonalization of H using Lapack
 
.. >>>>> [ RES  MEM :          0.085 GB ] [ VIRT MEM :          2.740 GB ] <<<<< ..
.. >>>>> [ WALL TIME:           1.34  s ] [ CPU  TIME:           1.51  s ] <<<<< ..
 
* Energy of state    1                              -2.889559810160522    
* S^2 of state    1                                 0.2259115824766220E-30
* Saved determinants                                           241
 Diagonalization of H using Lapack
 
.. >>>>> [ RES  MEM :          0.086 GB ] [ VIRT MEM :          2.740 GB ] <<<<< ..
.. >>>>> [ WALL TIME:           2.10  s ] [ CPU  TIME:           2.27  s ] <<<<< ..
 
* Energy of state    1                              -2.889559810160522    
* S^2 of state    1                                 0.2259115824766220E-30
 N_det =          729
 
 ******************************
 CISD Energies
           1  -2.88955981016052     
Wall time: 0:00:04

